[run_gui] DISPLAY=:0  XAUTHORITY=/run/user/1000/gdm/Xauthority
[run_gui] 시도 1/5 ...
Loading user config located at: '/home/robotics/isaac-sim-5.1/lib/python3.11/site-packages/isaacsim/kit/data/Kit/Isaac-Sim Full/5.1/user.config.json'
[Info] [carb] Logging to file: /home/robotics/isaac-sim-5.1/lib/python3.11/site-packages/isaacsim/kit/logs/Kit/Isaac-Sim Full/5.1/kit_20260623_180518.log
2026-06-23T09:05:18Z [1ms] [Warning] [carb.crashreporter-breakpad.plugin] [previous crash] preventing upload of minidump due to user opt-out: '/home/robotics/isaac-sim-5.1/lib/python3.11/site-packages/isaacsim/kit/data/Kit/Isaac-Sim Full/5.1/fb8ae0e9-7260-4fc1-ad115cbd-67efa459.dmp'
2026-06-23T09:05:18Z [3ms] [Warning] [carb.crashreporter-breakpad.plugin] [previous crash] preventing upload of minidump due to user opt-out: '/home/robotics/isaac-sim-5.1/lib/python3.11/site-packages/isaacsim/kit/data/Kit/Isaac-Sim Full/5.1/8e2d15ff-c11f-46b2-9b12aa91-fede97c9.dmp'
2026-06-23T09:05:18Z [3ms] [Warning] [carb.crashreporter-breakpad.plugin] [previous crash] preventing upload of minidump due to user opt-out: '/home/robotics/isaac-sim-5.1/lib/python3.11/site-packages/isaacsim/kit/data/Kit/Isaac-Sim Full/5.1/e19b91f0-5466-4e57-009c328b-71d2de40.dmp'
[0.101s] [ext: omni.kit.async_engine-0.0.3] startup
[0.384s] [ext: omni.metrics.core-0.0.3] startup
[0.384s] [ext: omni.client.lib-1.1.0] startup
[0.401s] [ext: omni.blobkey-1.1.2] startup
[0.401s] [ext: omni.stats-1.0.1] startup
[0.402s] [ext: omni.datastore-0.0.0] startup
[0.409s] [ext: omni.client-1.3.0] startup
[0.415s] [ext: omni.ujitso.default-1.0.0] startup
[0.418s] [ext: omni.hsscclient-1.1.2] startup
[0.423s] [ext: omni.gpu_foundation.shadercache.vulkan-1.0.0] startup
[0.427s] [ext: omni.assets.plugins-0.0.0] startup
[0.429s] [ext: omni.gpu_foundation-0.0.0] startup
[0.440s] [ext: carb.windowing.plugins-1.0.0] startup
[0.453s] [ext: omni.kit.renderer.init-0.0.0] startup

|---------------------------------------------------------------------------------------------|
| Driver Version: 580.159.03    | Graphics API: Vulkan
|=============================================================================================|
| GPU | Name                             | Active | LDA | GPU Memory | Vendor-ID | LUID       |
|     |                                  |        |     |            | Device-ID | UUID       |
|     |                                  |        |     |            | Bus-ID    |            |
|---------------------------------------------------------------------------------------------|
| 0   | NVIDIA GeForce RTX 2070          | Yes: 0 |     | 8438    MB | 10de      | 0          |
|     |                                  |        |     |            | 1f07      | cfe4294b.. |
|     |                                  |        |     |            | 7         |            |
|=============================================================================================|
| OS: 22.04.5 LTS (Jammy Jellyfish) ubuntu, Version: 22.04.5, Kernel: 6.8.0-106-generic
| XServer Vendor: The X.Org Foundation, XServer Version: 12101004 (1.21.1.4)
| Processor: AMD Ryzen 7 2700 Eight-Core Processor
| Cores: 8 | Logical Cores: 16
|---------------------------------------------------------------------------------------------|
| Total Memory (MB): 31990 | Free Memory: 23830
| Total Page/Swap (MB): 26688 | Free Page/Swap: 26687
|---------------------------------------------------------------------------------------------|
2026-06-23T09:05:19Z [1,383ms] [Warning] [gpu.foundation.plugin] IOMMU is enabled.
[1.684s] [ext: omni.kit.telemetry-0.5.2] startup
[1.744s] [ext: omni.materialx.libs-1.0.7] startup
[1.763s] [ext: omni.services.pip_archive-0.16.0] startup
[1.764s] [ext: omni.kit.loop-isaac-1.3.7] startup
[1.766s] [ext: omni.kit.test-2.0.1] startup
[1.836s] [ext: omni.usd.config-1.0.6] startup
[1.841s] [ext: omni.gpucompute.plugins-0.0.0] startup
[1.842s] [ext: omni.usd.libs-1.0.1] startup
[1.943s] [ext: omni.kit.pipapi-0.0.0] startup
[1.944s] [ext: omni.mdl-56.0.3] startup
[2.059s] [ext: omni.iray.libs-0.0.0] startup
[2.067s] [ext: omni.mdl.neuraylib-0.2.12] startup
[2.070s] [ext: omni.kit.usd.mdl-1.1.5] startup
[2.187s] [ext: omni.appwindow-1.1.10] startup
[3.459s] [ext: omni.kit.renderer.core-1.1.0] startup
[9.355s] [ext: omni.kit.renderer.capture-0.0.0] startup
[9.359s] [ext: omni.kit.renderer.imgui-2.0.5] startup
[9.470s] [ext: omni.ui-2.27.1] startup
[9.483s] [ext: omni.kit.mainwindow-1.0.3] startup
[9.484s] [ext: carb.audio-0.1.0] startup
[9.491s] [ext: omni.uiaudio-1.0.0] startup
[9.493s] [ext: omni.kit.uiapp-0.0.0] startup
[9.493s] [ext: omni.usd.schema.metrics.assembler-107.3.1] startup
[9.496s] [ext: omni.anim.navigation.schema-107.3.3] startup
[9.500s] [ext: omni.usd.schema.flow-107.1.1] startup
[9.501s] [ext: omni.usd.schema.anim-0.0.0] startup
[9.524s] [ext: omni.usd.schema.omniscripting-1.0.0] startup
[9.528s] [ext: omni.usd.schema.semantics-0.0.0] startup
[9.532s] [ext: omni.usd.schema.scene.visualization-2.0.2] startup
[9.533s] [ext: omni.anim.graph.schema-107.3.3] startup
[9.541s] [ext: isaacsim.robot.schema-3.6.0] startup
[9.550s] [ext: omni.usd.schema.omnigraph-1.0.0] startup
[9.557s] [ext: omni.usd.schema.audio-0.0.0] startup
[9.560s] [ext: omni.usd.schema.geospatial-0.0.0] startup
[9.563s] [ext: omni.usd.schema.isaac-3.0.5] startup
[9.563s] [ext: omni.usd_resolver-1.0.0] startup
[9.568s] [ext: omni.usd.core-1.5.3] startup
[9.571s] [ext: omni.usd.schema.render_settings.rtx-0.0.0] startup
[9.590s] [ext: omni.graph.exec-0.9.6] startup
[9.591s] [ext: omni.kit.audiodeviceenum-1.0.2] startup
[9.593s] [ext: omni.kit.window.popup_dialog-2.0.24] startup
[9.598s] [ext: omni.kit.exec.core-0.13.4] startup
[9.600s] [ext: omni.activity.core-1.0.3] startup
[9.602s] [ext: omni.kit.widget.nucleus_connector-2.0.1] startup
[9.604s] [ext: omni.kit.usd_undo-0.1.8] startup
[9.605s] [ext: omni.kit.actions.core-1.0.0] startup
[9.608s] [ext: usdrt.scenegraph-7.6.1] startup
[9.659s] [ext: omni.resourcemonitor-107.0.1] startup
[9.661s] [ext: omni.kit.commands-1.4.10] startup
[9.666s] [ext: omni.hydra.usdrt_delegate-7.5.1] startup
[9.673s] [ext: omni.timeline-1.0.14] startup
[9.676s] [ext: omni.hydra.scene_delegate-0.3.4] startup
[9.681s] [ext: omni.usd-1.13.10] startup
[9.712s] [ext: omni.inspect-1.0.2] startup
[9.714s] [ext: omni.kit.notification_manager-1.0.10] startup
[9.716s] [ext: omni.graph.core-2.184.5] startup
[9.720s] [ext: isaacsim.core.deprecation_manager-0.2.7] startup
[9.721s] [ext: omni.usd.schema.omni_sensors-0.0.0] startup
[9.722s] [ext: omni.kit.asset_converter-5.0.17] startup
[9.737s] [ext: omni.usd.schema.omni_lens_distortion-0.0.0] startup
[9.738s] [ext: omni.usd.schema.physx-107.3.26] startup
[9.780s] [ext: omni.kit.collaboration.telemetry-1.1.0] startup
[9.781s] [ext: omni.volume-0.5.2] startup
[9.784s] [ext: omni.kit.manipulator.selector-1.1.3] startup
[9.786s] [ext: omni.kit.collaboration.channel_manager-1.0.14] startup
[9.787s] [ext: omni.kit.menu.core-1.1.2] startup
[9.787s] [ext: omni.kit.usd.layers-2.2.11] startup
[9.797s] [ext: omni.kit.menu.utils-2.0.5] startup
[9.805s] [ext: omni.ui.scene-1.11.5] startup
[9.811s] [ext: omni.kit.primitive.mesh-1.0.17] startup
[9.815s] [ext: omni.kit.manipulator.viewport-107.0.1] startup
[9.816s] [ext: omni.fabric.commands-1.1.6] startup
[9.819s] [ext: omni.kit.helper.file_utils-0.1.9] startup
[9.820s] [ext: omni.kit.widget.nucleus_info-2.0.2] startup
[9.821s] [ext: omni.kit.widget.filebrowser-2.12.3] startup
[9.826s] [ext: omni.kit.search_core-1.0.8] startup
[9.827s] [ext: omni.kit.widget.options_menu-1.1.6] startup
[9.830s] [ext: omni.kit.widget.search_delegate-1.0.7] startup
[9.832s] [ext: omni.kit.widget.path_field-2.0.11] startup
[9.832s] [ext: omni.kit.widget.options_button-1.0.3] startup
[9.833s] [ext: omni.index.libs-380600.8087.0] startup
[9.833s] [ext: omni.kit.widget.browser_bar-2.0.10] startup
[9.834s] [ext: omni.kit.widget.context_menu-1.2.5] startup
[9.835s] [ext: omni.index-1.0.1] startup
[9.836s] [ext: omni.ujitso.client-0.0.0] startup
[9.837s] [ext: omni.hydra.rtx.shadercache.vulkan-1.0.0] startup
[9.838s] [ext: omni.kit.widget.versioning-1.4.10] startup
[9.840s] [ext: omni.kit.clipboard-1.0.5] startup
[9.841s] [ext: omni.hydra.rtx-1.0.0] startup
2026-06-23T09:05:28Z [9,834ms] [Warning] [omni.log] Source: omni.hydra was already registered.
[9.888s] [ext: omni.kit.window.filepicker-2.13.4] startup
[9.904s] [ext: omni.kit.context_menu-1.8.6] startup
[9.906s] [ext: omni.kit.viewport.scene_camera_model-1.0.6] startup
[9.911s] [ext: omni.kit.hydra_texture-1.4.6] startup
[9.915s] [ext: omni.kit.window.file_importer-1.1.18] startup
[9.918s] [ext: omni.kit.viewport.legacy_gizmos-1.0.19] startup
[9.921s] [ext: omni.kit.raycast.query-1.1.0] startup
[9.927s] [ext: omni.kit.material.library-2.0.7] startup
[9.933s] [ext: omni.kit.widget.viewport-107.1.3] startup
[9.937s] [ext: omni.kit.widget.searchable_combobox-1.0.6] startup
[9.938s] [ext: omni.kit.window.drop_support-1.0.5] startup
[9.938s] [ext: omni.kit.viewport.registry-104.0.6] startup
[9.939s] [ext: omni.hydra.engine.stats-1.0.3] startup
[9.942s] [ext: omni.kit.widget.settings-1.2.6] startup
[9.944s] [ext: omni.kit.viewport.window-107.2.0] startup
[9.965s] [ext: omni.kit.window.preferences-1.8.0] startup
[9.973s] [ext: omni.kit.widget.toolbar-2.0.1] startup
[9.980s] [ext: omni.kit.viewport.utility-1.1.2] startup
[9.981s] [ext: omni.kit.manipulator.transform-107.0.0] startup
[9.986s] [ext: omni.kit.widget.prompt-1.0.7] startup
[9.987s] [ext: omni.kit.manipulator.tool.snap-1.5.13] startup
[9.992s] [ext: omni.kit.widget.live_session_management.ui-1.0.3] startup
[9.995s] [ext: omni.kit.viewport.manipulator.transform-107.0.4] startup
[9.997s] [ext: omni.kit.collaboration.presence_layer-1.1.2] startup
[10.000s] [ext: omni.kit.manipulator.prim.core-107.0.8] startup
[10.008s] [ext: omni.kit.property.adapter.core-1.0.2] startup
[10.010s] [ext: omni.kit.manipulator.prim.fabric-107.0.4] startup
[10.012s] [ext: omni.kit.widget.live_session_management-1.2.23] startup
[10.015s] [ext: omni.kit.property.adapter.usd-1.0.2] startup
[10.016s] [ext: omni.kit.manipulator.prim.usd-107.0.3] startup
[10.017s] [ext: omni.kit.property.adapter.fabric-1.0.3] startup
[10.018s] [ext: omni.kit.manipulator.prim-107.0.0] startup
[10.018s] [ext: omni.kit.window.content_browser_registry-0.0.6] startup
[10.019s] [ext: omni.kit.widget.filter-1.1.4] startup
[10.020s] [ext: omni.kit.window.file_exporter-1.0.33] startup
[10.021s] [ext: omni.kit.stage_template.core-1.1.22] startup
[10.021s] [ext: omni.kit.widget.searchfield-1.1.8] startup
[10.023s] [ext: omni.kit.widget.highlight_label-1.0.3] startup
[10.023s] [ext: omni.kit.window.file-2.0.5] startup
[10.026s] [ext: omni.kit.hotkeys.core-1.3.10] startup
[10.029s] [ext: omni.kit.window.property-1.12.1] startup
[10.032s] [ext: omni.kit.window.content_browser-3.1.3] startup
[10.047s] [ext: omni.kit.widget.stage-3.1.4] startup
[10.060s] [ext: omni.convexdecomposition-107.3.26] startup
[10.064s] [ext: omni.kit.property.usd-4.5.12] startup
[10.076s] [ext: omni.kit.manipulator.selection-106.0.1] startup
[10.077s] [ext: omni.kvdb-107.3.26] startup
[10.079s] [ext: omni.usdphysics-107.3.26] startup
[10.082s] [ext: omni.physx.foundation-107.3.26] startup
[10.085s] [ext: omni.localcache-107.3.26] startup
[10.086s] [ext: omni.debugdraw-0.1.4] startup
[10.090s] [ext: omni.physx.cooking-107.3.26] startup
[10.094s] [ext: omni.physics-107.3.26] startup
[10.098s] [ext: omni.physx-107.3.26] startup
[10.110s] [ext: omni.physics.stageupdate-107.3.26] startup
[10.113s] [ext: omni.physics.physx-107.3.26] startup
2026-06-23T09:05:28Z [10,083ms] [Warning] [carb] Acquiring non optional plugin interface which is not listed as dependency: [omni::physx::IPhysxBenchmarks v1.0] (plugin: <default plugin>), by client: omni.physics.physx.plugin. Add it to CARB_PLUGIN_IMPL_DEPS() macro of a client.
[10.115s] [ext: omni.kit.numpy.common-0.1.3] startup
[10.117s] [ext: omni.kit.window.cursor-1.1.4] startup
[10.118s] [ext: omni.isaac.dynamic_control-2.0.7] startup
2026-06-23T09:05:28Z [10,092ms] [Warning] [omni.isaac.dynamic_control] omni.isaac.dynamic_control is deprecated as of Isaac Sim 4.5. No action is needed from end-users.
[10.124s] [ext: omni.kit.viewport.menubar.core-107.2.1] startup
[10.142s] [ext: omni.kit.viewport.actions-107.0.2] startup
[10.148s] [ext: omni.kit.widget.layers-1.8.6] startup
[10.162s] [ext: omni.kit.viewport.menubar.display-107.0.3] startup
[10.163s] [ext: isaacsim.core.version-2.0.6] startup
[10.164s] [ext: omni.usdphysics.ui-107.3.26] startup
[10.193s] [ext: omni.physx.commands-107.3.26] startup
[10.201s] [ext: isaacsim.storage.native-1.5.1] startup
[10.203s] [ext: omni.usd.metrics.assembler-107.3.1] startup
[10.212s] [ext: omni.physx.ui-107.3.26] startup
[10.254s] [ext: omni.physics.tensors-107.3.26] startup
[10.260s] [ext: omni.warp.core-1.8.2] startup
[10.553s] [ext: omni.usd.metrics.assembler.physics-107.3.26] startup
[10.556s] [ext: omni.graph.tools-1.79.2] startup
[10.582s] [ext: omni.physx.tensors-107.3.26] startup
[10.587s] [ext: isaacsim.core.utils-3.5.1] startup
[10.590s] [ext: omni.kit.widget.text_editor-1.1.1] startup
[10.592s] [ext: omni.graph-1.141.2] startup
[10.644s] [ext: omni.ui_query-1.1.8] startup
[10.645s] [ext: omni.kit.window.extensions-1.4.27] startup
[10.654s] [ext: isaacsim.core.simulation_manager-1.4.4] startup
[12.643s] [ext: omni.kit.widget.graph-2.0.0] startup
[12.656s] [ext: omni.graph.image.core-0.6.1] startup
[12.657s] [ext: isaacsim.core.prims-0.6.1] startup
[12.692s] [ext: omni.kit.stage_templates-2.0.0] startup
[12.701s] [ext: omni.kit.graph.delegate.default-1.2.3] startup
[12.703s] [ext: omni.graph.image.nodes-1.3.1] startup
[12.705s] [ext: omni.graph.action_core-1.1.7] startup
[12.707s] [ext: isaacsim.core.api-4.8.0] startup
[12.718s] [ext: omni.kit.graph.editor.core-1.5.3] startup
[12.726s] [ext: omni.syntheticdata-0.6.13] startup
[12.760s] [ext: omni.graph.ui-1.101.6] startup
[12.808s] [ext: omni.kit.widget.material_preview-1.0.16] startup
[12.816s] [ext: omni.kit.graph.usd.commands-1.3.1] startup
[12.818s] [ext: omni.videoencoding-0.1.2] startup
[12.821s] [ext: omni.graph.action_nodes-1.50.4] startup
[12.826s] [ext: omni.kit.window.material_graph-1.9.1] startup
[12.843s] [ext: omni.graph.nodes-1.170.10] startup
[12.860s] [ext: omni.graph.action-1.130.0] startup
[12.863s] [ext: omni.kit.ui_test-1.3.7] startup
[12.867s] [ext: omni.graph.visualization.nodes-2.1.3] startup
[12.886s] [ext: omni.graph.ui_nodes-1.50.5] startup
[12.892s] [ext: omni.kit.selection-0.1.6] startup
[12.901s] [ext: omni.warp-1.8.2] startup
[12.911s] [ext: isaacsim.gui.components-1.2.1] startup
[12.931s] [ext: isaacsim.gui.menu-2.4.4] startup
[12.966s] [ext: omni.graph.scriptnode-1.50.0] startup
[12.977s] [ext: isaacsim.test.docstring-1.1.0] startup
[12.988s] [ext: isaacsim.core.experimental.utils-0.3.0] startup
[13.006s] [ext: omni.replicator.core-1.12.27] startup
2026-06-23T09:05:31Z [13,035ms] [Warning] [pxr.Semantics] pxr.Semantics is deprecated - please use Semantics instead
2026-06-23T09:05:31Z [13,399ms] [Warning] [omni.graph.core.plugin] Found duplicate of category 'Replicator' - was 'Annotators', adding 'Fabric Reader'
2026-06-23T09:05:31Z [13,399ms] [Warning] [omni.graph.core.plugin] Category 'Replicator' not accepted on node type 'omni.replicator.core.FabricReader' in extension 'omni.replicator.core'
2026-06-23T09:05:31Z [13,400ms] [Warning] [omni.replicator.core.scripts.extension] No material configuration file, adding configuration to material settings directly.
[13.436s] [ext: isaacsim.core.experimental.prims-0.8.1] startup
[13.508s] [ext: isaacsim.core.nodes-3.4.3] startup
[13.524s] [ext: isaacsim.robot.surface_gripper-3.3.1] startup
[13.534s] [ext: isaacsim.sensors.camera-1.3.6] startup
[13.552s] [ext: isaacsim.robot.surface_gripper.ui-3.0.2] startup
[13.567s] [ext: isaacsim.sensors.camera.ui-0.2.2] startup
[13.579s] [ext: omni.kit.core.collection-0.2.3] startup
[13.584s] [ext: isaacsim.core.experimental.materials-0.4.0] startup
[13.602s] [ext: omni.kit.widget.zoombar-1.0.6] startup
[13.611s] [ext: omni.kit.widget.stage_icons-1.0.8] startup
[13.624s] [ext: omni.kit.browser.core-2.3.13] startup
[13.669s] [ext: isaacsim.core.experimental.objects-0.4.0] startup
[13.712s] [ext: omni.kit.usd.collect-2.4.5] startup
[13.732s] [ext: omni.kit.window.stage-2.6.1] startup
[13.799s] [ext: omni.kit.browser.folder.core-1.10.9] startup
[13.851s] [ext: isaacsim.util.debug_draw-3.1.0] startup
[13.871s] [ext: isaacsim.robot_motion.lula-4.0.8] startup
[13.894s] [ext: omni.kit.tool.collect-2.2.18] startup
[13.905s] [ext: omni.kit.menu.stage-1.2.7] startup
[13.910s] [ext: omni.kit.usdz_export-1.0.9] startup
[13.917s] [ext: isaacsim.robot.manipulators-3.3.6] startup
[13.925s] [ext: isaacsim.sensors.physx-2.3.2] startup
[13.943s] [ext: isaacsim.robot_motion.motion_generation-8.0.26] startup
[14.031s] [ext: isaacsim.asset.browser-1.3.23] startup
[14.303s] [ext: omni.kit.tool.asset_importer-4.3.2] startup
[14.454s] [ext: omni.isaac.nucleus-1.0.6] startup
2026-06-23T09:05:32Z [14,473ms] [Warning] [omni.isaac.nucleus] omni.isaac.nucleus has been deprecated in favor of isaacsim.storage.native. Please update your code accordingly.
2026-06-23T09:05:32Z [14,502ms] [Warning] [omni.isaac.nucleus.nucleus] omni.isaac.nucleus.nucleus has been deprecated in favor of isaacsim.storage.native. Please update your code accordingly.
[14.536s] [ext: omni.isaac.range_sensor-4.0.6] startup
2026-06-23T09:05:32Z [14,521ms] [Warning] [omni.isaac.range_sensor] omni.isaac.range_sensor has been deprecated in favor of isaacsim.sensors.physx. Please update your code accordingly.
2026-06-23T09:05:32Z [14,538ms] [Warning] [omni.isaac.range_sensor.commands] omni.isaac.range_sensor.commands has been deprecated in favor of isaacsim.sensors.physx.commands. Please update your code accordingly.
[14.584s] [ext: isaacsim.robot.manipulators.examples-1.1.2] startup
[14.644s] [ext: omni.isaac.asset_browser-1.0.6] startup
2026-06-23T09:05:32Z [14,653ms] [Warning] [omni.isaac.asset_browser] omni.isaac.asset_browser has been deprecated in favor of isaacsim.asset.browser. Please update your code accordingly.
[14.741s] [ext: isaacsim.asset.importer.mjcf-2.5.13] startup
[15.022s] [ext: isaacsim.core.cloner-1.4.10] startup
[15.040s] [ext: omni.isaac.assets_check-0.3.13] startup
2026-06-23T09:05:33Z [15,011ms] [Warning] [omni.isaac.assets_check] omni.isaac.assets_check has been deprecated in favor of isaacsim.asset.browser. Please update your code accordingly.
[15.044s] [ext: isaacsim.cortex.framework-1.0.12] startup
[15.050s] [ext: isaacsim.examples.browser-0.2.1] startup
[15.059s] [ext: isaacsim.asset.importer.urdf-2.4.30] startup
[15.145s] [ext: omni.isaac.cloner-1.0.7] startup
2026-06-23T09:05:33Z [15,119ms] [Warning] [omni.isaac.cloner] omni.isaac.cloner has been deprecated in favor of isaacsim.core.cloner. Please update your code accordingly.
[15.152s] [ext: omni.importer.onshape-1.0.1] startup
[15.185s] [ext: omni.kit.widget.collection-0.3.1] startup
[15.220s] [ext: omni.isaac.core_nodes-2.0.6] startup
2026-06-23T09:05:33Z [15,194ms] [Warning] [omni.isaac.core_nodes] omni.isaac.core_nodes has been deprecated in favor of isaacsim.core.nodes. Please update your code accordingly.
[15.229s] [ext: omni.isaac.cortex-1.0.5] startup
2026-06-23T09:05:33Z [15,204ms] [Warning] [omni.isaac.cortex] omni.isaac.cortex has been deprecated in favor of isaacsim.cortex.framework. Please update your code accordingly.
[15.237s] [ext: isaacsim.core.throttling-2.2.2] startup
[15.256s] [ext: omni.kit.window.collection-0.3.1] startup
2026-06-23T09:05:33Z [15,234ms] [Warning] [omni.kit.window.collection.collection_watch] Get collection from usdrt stage failed: Attach(): incompatible function arguments. The following argument types are supported:
    1. (stageId: int) -> usdrt.Usd._Usd.Stage
    2. (fabricId: usdrt.helpers._helpers.FabricId) -> usdrt.Usd._Usd.Stage

Invoked with: -1
[15.266s] [ext: omni.anim.shared.core-107.0.1] startup
[15.286s] [ext: omni.sensors.nv.common-3.0.0] startup
[15.316s] [ext: omni.kit.viewport.menubar.lighting-107.3.1] startup
[15.332s] [ext: omni.isaac.franka-1.0.7] startup
2026-06-23T09:05:33Z [15,304ms] [Warning] [omni.isaac.franka] omni.isaac.franka has been deprecated in favor of isaacsim.robot.manipulators.examples.franka. Please update your code accordingly.
2026-06-23T09:05:33Z [15,304ms] [Warning] [omni.isaac.franka.franka] omni.isaac.franka has been deprecated in favor of isaacsim.robot.manipulators.examples.franka. Please update your code accordingly.
2026-06-23T09:05:33Z [15,339ms] [Warning] [omni.isaac.franka.kinematics_solver] omni.isaac.franka has been deprecated in favor of isaacsim.robot.manipulators.examples.franka. Please update your code accordingly.
[15.371s] [ext: isaacsim.cortex.behaviors-2.0.14] startup
[15.372s] [ext: omni.sensors.nv.materials-2.0.0] startup
[15.384s] [ext: omni.sensors.nv.wpm-3.0.0] startup
[15.389s] [ext: omni.sensors.net-1.0.0] startup
[15.395s] [ext: omni.isaac.cortex.sample_behaviors-2.0.5] startup
2026-06-23T09:05:33Z [15,364ms] [Warning] [omni.isaac.cortex.sample_behaviors] omni.isaac.cortex.sample_behaviors has been deprecated in favor of isaacsim.cortex.behaviors. Please update your code accordingly.
[15.396s] [ext: isaacsim.sensors.physics-0.4.3] startup
[15.410s] [ext: omni.sensors.nv.radar-3.0.0] startup
[15.422s] [ext: omni.sensors.nv.lidar-3.0.0] startup
[15.434s] [ext: omni.sensors.nv.ids-2.0.0] startup
[15.438s] [ext: isaacsim.simulation_app-2.12.2] startup
[15.440s] [ext: isaacsim.robot.policy.examples-4.1.11] startup
[15.443s] [ext: isaacsim.sensors.rtx-15.8.4] startup
[15.458s] [ext: omni.isaac.kit-2.0.6] startup
2026-06-23T09:05:33Z [15,432ms] [Warning] [omni.isaac.kit] omni.isaac.kit has been deprecated in favor of isaacsim.simulation_app. Please update your code accordingly.
[15.464s] [ext: omni.isaac.quadruped-3.0.7] startup
2026-06-23T09:05:33Z [15,433ms] [Warning] [omni.isaac.quadruped] omni.isaac.quadruped has been deprecated in favor of isaacsim.robot.policy.examples. Please update your code accordingly.
[15.466s] [ext: omni.isaac.lula-4.0.6] startup
2026-06-23T09:05:33Z [15,439ms] [Warning] [omni.isaac.lula] omni.isaac.lula has been deprecated in favor of isaacsim.robot_motion.lula. Please update your code accordingly.
[15.471s] [ext: isaacsim.gui.sensors.icon-2.0.3] startup
[15.529s] [ext: isaacsim.gui.content_browser-0.1.11] startup
[15.546s] [ext: omni.isaac.sensor-13.0.7] startup
2026-06-23T09:05:33Z [15,519ms] [Warning] [omni.isaac.sensor] omni.isaac.sensor has been deprecated in favor of isaacsim.sensors.camera, isaacsim.sensors.physics, isaacsim.sensors.physx, and isaacsim.sensors.rtx. Please update your code accordingly.
2026-06-23T09:05:33Z [15,519ms] [Warning] [omni.isaac.sensor.camera] omni.isaac.sensor.camera has been deprecated in favor of isaacsim.sensors.camera.camera. Please update your code accordingly.
2026-06-23T09:05:33Z [15,520ms] [Warning] [omni.isaac.sensor.camera_view] omni.isaac.sensor.camera_view has been deprecated in favor of isaacsim.sensors.camera.camera_view. Please update your code accordingly.
2026-06-23T09:05:33Z [15,521ms] [Warning] [omni.isaac.sensor.commands] omni.isaac.sensor.commands has been deprecated in favor of isaacsim.sensors.physics.commands, isaacsim.sensors.physx.commands, and isaacsim.sensors.rtx.commands. Please update your code accordingly.
2026-06-23T09:05:33Z [15,522ms] [Warning] [omni.isaac.sensor.contact_sensor] omni.isaac.sensor.contact_sensor has been deprecated in favor of isaacsim.sensors.physics.contact_sensor. Please update your code accordingly.
2026-06-23T09:05:33Z [15,522ms] [Warning] [omni.isaac.sensor.imu_sensor] omni.isaac.sensor.imu_sensor has been deprecated in favor of isaacsim.sensors.physics.imu_sensor. Please update your code accordingly.
2026-06-23T09:05:33Z [15,522ms] [Warning] [omni.isaac.sensor.lidar_rtx] omni.isaac.sensor.lidar_rtx has been deprecated in favor of isaacsim.sensors.rtx.lidar_rtx. Please update your code accordingly.
2026-06-23T09:05:33Z [15,523ms] [Warning] [omni.isaac.sensor.rotating_lidar_physX] omni.isaac.sensor.imu_sensor has been deprecated in favor of isaacsim.sensors.physix.rotating_lidar_physX. Please update your code accordingly.
2026-06-23T09:05:33Z [15,524ms] [Warning] [omni.isaac.sensor.scripts.samples.contact_sensor] omni.isaac.sensor.scripts.samples.contact_sensor has been deprecated in favor of isaacsim.sensors.physics.scripts.samples.contact_sensor. Please update your code accordingly.
2026-06-23T09:05:33Z [15,524ms] [Warning] [omni.isaac.sensor.scripts.samples.imu_sensor] omni.isaac.sensor.scripts.samples.imu_sensor has been deprecated in favor of isaacsim.sensors.physics.scripts.samples.imu_sensor. Please update your code accordingly.
2026-06-23T09:05:33Z [15,525ms] [Warning] [omni.isaac.sensor.scripts.samples.lightbeam_sensor] omni.isaac.sensor.scripts.samples.lightbeam_sensor has been deprecated in favor of isaacsim.sensors.physx.scripts.samples.lightbeam_sensor. Please update your code accordingly.
[15.558s] [ext: omni.isaac.surface_gripper-2.0.6] startup
2026-06-23T09:05:33Z [15,533ms] [Warning] [omni.isaac.surface_gripper] omni.isaac.surface_gripper has been deprecated in favor of isaacsim.robot.surface_gripper. Please update your code accordingly.
[15.571s] [ext: omni.isaac.universal_robots-1.0.6] startup
2026-06-23T09:05:33Z [15,540ms] [Warning] [omni.isaac.universal_robots] omni.isaac.universal_robots has been deprecated in favor of isaacsim.robot.manipulators.examples.universal_robots. Please update your code accordingly.
2026-06-23T09:05:33Z [15,540ms] [Warning] [omni.isaac.universal_robots.kinematics_solver] omni.isaac.franka has been deprecated in favor of isaacsim.robot.manipulators.examples.universal_robots. Please update your code accordingly.
2026-06-23T09:05:33Z [15,544ms] [Warning] [omni.isaac.universal_robots.ur10] omni.isaac.franka has been deprecated in favor of isaacsim.robot.manipulators.examples.universal_robots. Please update your code accordingly.
[15.583s] [ext: isaacsim.robot.wheeled_robots-4.0.24] startup
[15.642s] [ext: omni.isaac.utils-2.0.6] startup
[15.656s] [ext: isaacsim.app.about-2.0.11] startup
[15.670s] [ext: omni.isaac.version-2.0.7] startup
2026-06-23T09:05:33Z [15,642ms] [Warning] [omni.isaac.version] omni.isaac.version has been deprecated in favor of isaacsim.core.version. Please update your code accordingly.
[15.676s] [ext: omni.isaac.wheeled_robots-3.0.7] startup
2026-06-23T09:05:33Z [15,649ms] [Warning] [omni.isaac.wheeled_robots] omni.isaac.wheeled_robots has been deprecated in favor of isaacsim.robot.wheeled_robots. Please update your code accordingly.
2026-06-23T09:05:33Z [15,650ms] [Warning] [omni.isaac.wheeled_robots.controllers] omni.isaac.wheeled_robots has been deprecated in favor of isaacsim.robot.wheeled_robots. Please update your code accordingly.
2026-06-23T09:05:33Z [15,651ms] [Warning] [omni.isaac.wheeled_robots.controllers.ackermann_controller] omni.isaac.wheeled_robots has been deprecated in favor of isaacsim.robot.wheeled_robots. Please update your code accordingly.
2026-06-23T09:05:33Z [15,654ms] [Warning] [omni.isaac.wheeled_robots.controllers.differential_controller] omni.isaac.wheeled_robots has been deprecated in favor of isaacsim.robot.wheeled_robots. Please update your code accordingly.
2026-06-23T09:05:33Z [15,656ms] [Warning] [omni.isaac.wheeled_robots.controllers.holonomic_controller] omni.isaac.wheeled_robots has been deprecated in favor of isaacsim.robot.wheeled_robots. Please update your code accordingly.
2026-06-23T09:05:33Z [15,657ms] [Warning] [omni.isaac.wheeled_robots.controllers.quintic_path_planner] omni.isaac.wheeled_robots has been deprecated in favor of isaacsim.robot.wheeled_robots. Please update your code accordingly.
2026-06-23T09:05:33Z [15,661ms] [Warning] [omni.isaac.wheeled_robots.controllers.stanley_control] omni.isaac.wheeled_robots has been deprecated in favor of isaacsim.robot.wheeled_robots. Please update your code accordingly.
2026-06-23T09:05:33Z [15,663ms] [Warning] [omni.isaac.wheeled_robots.controllers.wheel_base_pose_controller] omni.isaac.wheeled_robots has been deprecated in favor of isaacsim.robot.wheeled_robots. Please update your code accordingly.
2026-06-23T09:05:33Z [15,664ms] [Warning] [omni.isaac.wheeled_robots.impl] omni.isaac.wheeled_robots has been deprecated in favor of isaacsim.robot.wheeled_robots. Please update your code accordingly.
2026-06-23T09:05:33Z [15,665ms] [Warning] [omni.isaac.wheeled_robots.robots] omni.isaac.wheeled_robots has been deprecated in favor of isaacsim.robot.wheeled_robots. Please update your code accordingly.
2026-06-23T09:05:33Z [15,667ms] [Warning] [omni.isaac.wheeled_robots.robots.holonomic_robot_usd_setup] omni.isaac.wheeled_robots has been deprecated in favor of isaacsim.robot.wheeled_robots. Please update your code accordingly.
2026-06-23T09:05:33Z [15,672ms] [Warning] [omni.isaac.wheeled_robots.robots.wheeled_robot] omni.isaac.wheeled_robots has been deprecated in favor of isaacsim.robot.wheeled_robots. Please update your code accordingly.
[15.706s] [ext: omni.kit.widget.imageview-1.0.4] startup
[15.716s] [ext: omni.isaac.window.about-2.0.7] startup
2026-06-23T09:05:33Z [15,703ms] [Warning] [omni.isaac.window.about] omni.isaac.window.about has been deprecated in favor of isaacsim.app.about. Please update your code accordingly.
2026-06-23T09:05:33Z [15,704ms] [Warning] [omni.isaac.window.about.about] omni.isaac.window.about.about has been deprecated in favor of isaacsim.app.about.about. Please update your code accordingly.
[15.738s] [ext: omni.kit.property.audio-1.0.16] startup
[15.754s] [ext: omni.kit.property.camera-1.0.10] startup
[15.762s] [ext: omni.kit.window.quicksearch-2.4.4] startup
[15.788s] [ext: omni.kit.property.geometry-2.0.4] startup
[15.804s] [ext: omni.hydra.scene_api-0.1.2] startup
[15.832s] [ext: omni.kit.property.light-1.0.12] startup
[15.872s] [ext: omni.kit.property.material-1.11.9] startup
[15.885s] [ext: omni.kit.property.render-1.2.1] startup
[15.889s] [ext: omni.kit.property.transform-1.5.13] startup
[15.898s] [ext: isaacsim.gui.property-1.1.3] startup
[15.904s] [ext: omni.kit.manipulator.camera-106.0.4] startup
[15.913s] [ext: omni.isaac.core-4.0.7] startup
2026-06-23T09:05:34Z [15,885ms] [Warning] [omni.isaac.core.physics_context.physics_context] omni.isaac.core.physics_context.physics_context has been deprecated in favor of isaacsim.core.api.physics_context.physics_context. Please update your code accordingly.
2026-06-23T09:05:34Z [15,885ms] [Warning] [omni.isaac.core.simulation_context.simulation_context] omni.isaac.core.simulation_context.simulation_context has been deprecated in favor of isaacsim.core.api.simulation_context.simulation_context. Please update your code accordingly.
2026-06-23T09:05:34Z [15,886ms] [Warning] [omni.isaac.core.world.world] omni.isaac.core.world.world has been deprecated in favor of isaacsim.core.api.world.world. Please update your code accordingly.
2026-06-23T09:05:34Z [15,886ms] [Warning] [omni.isaac.core] omni.isaac.core has been deprecated in favor of isaacsim.core.api. Please update your code accordingly.
[15.918s] [ext: omni.kit.property.bundle-1.4.1] startup
[15.928s] [ext: omni.kit.property.isaac-1.0.6] startup
2026-06-23T09:05:34Z [15,901ms] [Warning] [omni.kit.property.isaac] omni.kit.property.isaac has been deprecated in favor of isaacsim.gui.property. Please update your code accordingly.
2026-06-23T09:05:34Z [15,901ms] [Warning] [omni.kit.property.isaac.widgets] omni.kit.property.isaac.widgets has been deprecated in favor of isaacsim.gui.property.widgets. Please update your code accordingly.
[15.934s] [ext: omni.kit.viewport.menubar.camera-107.0.6] startup
[15.950s] [ext: isaacsim.replicator.writers-1.0.17] startup
[15.992s] [ext: omni.kit.viewport.menubar.render-107.0.10] startup
[16.012s] [ext: omni.kit.viewport.menubar.settings-107.0.3] startup
[16.028s] [ext: omni.kit.window.console-1.1.4] startup
[16.040s] [ext: isaacsim.replicator.domain_randomization-1.0.16] startup
[16.048s] [ext: isaacsim.replicator.examples-1.3.6] startup
[16.057s] [ext: omni.ocio-0.1.1] startup
[16.068s] [ext: omni.rtx.window.settings-0.6.19] startup
[16.098s] [ext: omni.kit.window.status_bar-0.1.9] startup
[16.119s] [ext: omni.kit.window.toolbar-2.0.0] startup
[16.137s] [ext: isaacsim.robot_motion.lula_test_widget-1.0.12] startup
[16.144s] [ext: omni.replicator.isaac-2.0.8] startup
2026-06-23T09:05:34Z [16,115ms] [Warning] [omni.replicator.isaac] omni.replicator.isaac has been deprecated in favor of isaacsim.replicator.domain_randomization, isaacsim.replicator.examples, isaacsim.replicator.writers. Please update your code accordingly.
[16.148s] [ext: omni.kit.menu.create-2.0.1] startup
[16.162s] [ext: omni.rtx.settings.core-0.6.5] startup
[16.191s] [ext: omni.replicator.replicator_yaml-2.0.11] startup
[16.208s] [ext: omni.isaac.manipulators-3.0.7] startup
2026-06-23T09:05:34Z [16,184ms] [Warning] [omni.isaac.manipulators] omni.isaac.manipulators has been deprecated in favor of isaacsim.robot.manipulators. Please update your code accordingly.
2026-06-23T09:05:34Z [16,185ms] [Warning] [omni.isaac.manipulators.controllers] omni.isaac.manipulators has been deprecated in favor of isaacsim.robot.manipulators. Please update your code accordingly.
2026-06-23T09:05:34Z [16,186ms] [Warning] [omni.isaac.manipulators.controllers.pick_place_controller] omni.isaac.manipulators has been deprecated in favor of isaacsim.robot.manipulators. Please update your code accordingly.
2026-06-23T09:05:34Z [16,190ms] [Warning] [omni.isaac.manipulators.controllers.stacking_controller] omni.isaac.manipulators has been deprecated in favor of isaacsim.robot.manipulators. Please update your code accordingly.
2026-06-23T09:05:34Z [16,191ms] [Warning] [omni.isaac.manipulators.grippers] omni.isaac.manipulators has been deprecated in favor of isaacsim.robot.manipulators. Please update your code accordingly.
2026-06-23T09:05:34Z [16,193ms] [Warning] [omni.isaac.manipulators.grippers.gripper] omni.isaac.manipulators has been deprecated in favor of isaacsim.robot.manipulators. Please update your code accordingly.
2026-06-23T09:05:34Z [16,194ms] [Warning] [omni.isaac.manipulators.grippers.parallel_gripper] omni.isaac.manipulators has been deprecated in favor of isaacsim.robot.manipulators. Please update your code accordingly.
2026-06-23T09:05:34Z [16,195ms] [Warning] [omni.isaac.manipulators.grippers.surface_gripper] omni.isaac.manipulators has been deprecated in favor of isaacsim.robot.manipulators. Please update your code accordingly.
2026-06-23T09:05:34Z [16,196ms] [Warning] [omni.isaac.manipulators.manipulators] omni.isaac.manipulators has been deprecated in favor of isaacsim.robot.manipulators. Please update your code accordingly.
2026-06-23T09:05:34Z [16,198ms] [Warning] [omni.isaac.manipulators.manipulators.single_manipulator] omni.isaac.manipulators has been deprecated in favor of isaacsim.robot.manipulators. Please update your code accordingly.
[16.231s] [ext: omni.isaac.lula_test_widget-1.0.6] startup
2026-06-23T09:05:34Z [16,210ms] [Warning] [omni.isaac.lula_test_widget] omni.isaac.lula_test_widget has been deprecated in favor of isaacsim.robot_motion.lula_test_widget. Please update your code accordingly.
[16.242s] [ext: omni.usd.metrics.assembler.ui-107.3.1] startup
[16.313s] [ext: omni.isaac.menu-1.0.6] startup
2026-06-23T09:05:34Z [16,285ms] [Warning] [omni.isaac.menu] omni.isaac.menu has been deprecated in favor of isaacsim.gui.menu. Please update your code accordingly.
[16.318s] [ext: omni.kit.scripting-107.3.2] startup
[16.349s] [ext: semantics.schema.editor-2.0.2] startup
[16.368s] [ext: omni.kit.ui.actions-1.0.5] startup
[16.377s] [ext: semantics.schema.property-2.0.1] startup
[16.385s] [ext: omni.isaac.motion_generation-8.0.7] startup
2026-06-23T09:05:34Z [16,358ms] [Warning] [omni.isaac.motion_generation] omni.isaac.motion_generation has been deprecated in favor of isaacsim.robot_motion.motion_generation. Please update your code accordingly.
2026-06-23T09:05:34Z [16,359ms] [Warning] [omni.isaac.motion_generation.articulation_kinematics_solver] omni.isaac.motion_generation has been deprecated in favor of isaacsim.robot_motion.motion_generation. Please update your code accordingly.
2026-06-23T09:05:34Z [16,359ms] [Warning] [omni.isaac.motion_generation.articulation_motion_policy] omni.isaac.motion_generation has been deprecated in favor of isaacsim.robot_motion.motion_generation. Please update your code accordingly.
2026-06-23T09:05:34Z [16,360ms] [Warning] [omni.isaac.motion_generation.articulation_trajectory] omni.isaac.motion_generation has been deprecated in favor of isaacsim.robot_motion.motion_generation. Please update your code accordingly.
2026-06-23T09:05:34Z [16,361ms] [Warning] [omni.isaac.motion_generation.kinematics_interface] omni.isaac.motion_generation has been deprecated in favor of isaacsim.robot_motion.motion_generation. Please update your code accordingly.
2026-06-23T09:05:34Z [16,362ms] [Warning] [omni.isaac.motion_generation.lula] omni.isaac.motion_generation has been deprecated in favor of isaacsim.robot_motion.motion_generation. Please update your code accordingly.
2026-06-23T09:05:34Z [16,363ms] [Warning] [omni.isaac.motion_generation.lula.kinematics] omni.isaac.motion_generation has been deprecated in favor of isaacsim.robot_motion.motion_generation. Please update your code accordingly.
2026-06-23T09:05:34Z [16,365ms] [Warning] [omni.isaac.motion_generation.lula.motion_policies] omni.isaac.motion_generation has been deprecated in favor of isaacsim.robot_motion.motion_generation. Please update your code accordingly.
2026-06-23T09:05:34Z [16,366ms] [Warning] [omni.isaac.motion_generation.lula.path_planners] omni.isaac.motion_generation has been deprecated in favor of isaacsim.robot_motion.motion_generation. Please update your code accordingly.
2026-06-23T09:05:34Z [16,366ms] [Warning] [omni.isaac.motion_generation.lula.trajectory_generator] omni.isaac.motion_generation has been deprecated in favor of isaacsim.robot_motion.motion_generation. Please update your code accordingly.
2026-06-23T09:05:34Z [16,367ms] [Warning] [omni.isaac.motion_generation.motion_policy_controller] omni.isaac.motion_generation has been deprecated in favor of isaacsim.robot_motion.motion_generation. Please update your code accordingly.
2026-06-23T09:05:34Z [16,367ms] [Warning] [omni.isaac.motion_generation.motion_policy_interface] omni.isaac.motion_generation has been deprecated in favor of isaacsim.robot_motion.motion_generation. Please update your code accordingly.
2026-06-23T09:05:34Z [16,368ms] [Warning] [omni.isaac.motion_generation.path_planner_visualizer] omni.isaac.motion_generation has been deprecated in favor of isaacsim.robot_motion.motion_generation. Please update your code accordingly.
2026-06-23T09:05:34Z [16,368ms] [Warning] [omni.isaac.motion_generation.path_planning_interface] omni.isaac.motion_generation has been deprecated in favor of isaacsim.robot_motion.motion_generation. Please update your code accordingly.
2026-06-23T09:05:34Z [16,369ms] [Warning] [omni.isaac.motion_generation.trajectory] omni.isaac.motion_generation has been deprecated in favor of isaacsim.robot_motion.motion_generation. Please update your code accordingly.
2026-06-23T09:05:34Z [16,369ms] [Warning] [omni.isaac.motion_generation.world_interface] omni.isaac.motion_generation has been deprecated in favor of isaacsim.robot_motion.motion_generation. Please update your code accordingly.
[16.401s] [ext: omni.anim.curve.core-1.3.1] startup
[16.425s] [ext: isaacsim.replicator.behavior-1.1.16] startup
[16.428s] [ext: omni.mdl.usd_converter-1.0.30] startup
[16.435s] [ext: omni.kit.menu.common-2.0.1] startup
[16.441s] [ext: isaacsim.exp.base-5.1.0] startup
[16.443s] [ext: omni.kit.stage.mdl_converter-1.0.8] startup
[16.445s] [ext: isaacsim.examples.extension-2.0.12] startup
[16.451s] [ext: isaacsim.sensors.physics.examples-0.1.15] startup
[16.466s] [ext: isaacsim.sensors.physics.ui-0.1.12] startup
[16.475s] [ext: isaacsim.replicator.behavior.ui-1.0.5] startup
[16.494s] [ext: isaacsim.examples.interactive-4.7.4] startup
[16.615s] [ext: omni.kit.graph.delegate.modern-1.10.9] startup
[16.677s] [ext: omni.anim.curve.ui-1.4.1] startup
[16.732s] [ext: omni.kit.actions.window-1.1.3] startup
[16.756s] [ext: omni.kit.graph.widget.variables-2.1.0] startup
[16.764s] [ext: isaacsim.util.physics-1.1.5] startup
[16.811s] [ext: omni.anim.curve.bundle-1.2.3] startup
[16.814s] [ext: omni.kit.hotkeys.window-1.4.9] startup
[16.862s] [ext: omni.graph.window.core-2.0.0] startup
[16.906s] [ext: omni.graph.bundle.action-2.30.0] startup
[16.915s] [ext: isaacsim.asset.importer.heightmap-2.0.6] startup
[16.934s] [ext: isaacsim.robot.wheeled_robots.ui-2.1.23] startup
[16.948s] [ext: omni.graph.window.generic-1.50.2] startup
[16.982s] [ext: omni.simready.explorer-1.1.3] startup
[17.028s] [ext: omni.isaac.block_world-2.0.6] startup
2026-06-23T09:05:35Z [17,004ms] [Warning] [omni.isaac.block_world] ['omni.isaac.block_world'] has been deprecated in favor of ['isaacsim.asset.importer.heightmap']. Please update your code accordingly.
[17.037s] [ext: isaacsim.asset.gen.omap-2.0.29] startup
[17.078s] [ext: isaacsim.robot_setup.gain_tuner-3.0.6] startup
[17.109s] [ext: isaacsim.robot_setup.grasp_editor-2.0.20] startup
[17.128s] [ext: omni.isaac.extension_templates-2.0.7] startup
2026-06-23T09:05:35Z [17,102ms] [Warning] [omni.isaac.extension_templates] omni.isaac.extension_templates has been deprecated in favor of isaacsim.examples.extension. Please update your code accordingly.
[17.135s] [ext: isaacsim.asset.gen.omap.ui-2.2.3] startup
[17.145s] [ext: omni.isaac.gain_tuner-2.0.5] startup
[17.152s] [ext: omni.isaac.grasp_editor-2.0.7] startup
2026-06-23T09:05:35Z [17,123ms] [Warning] [omni.isaac.grasp_editor] omni.isaac.grasp_editor has been deprecated in favor of isaacsim.robot_setup.grasp_editor. Please update your code accordingly.
[17.158s] [ext: omni.isaac.occupancy_map-2.0.8] startup
2026-06-23T09:05:35Z [17,143ms] [Warning] [omni.isaac.occupancy_map] omni.isaac.occupancy_map has been deprecated in favor of isaacsim.asset.gen.omap. Please update your code accordingly.
[17.184s] [ext: omni.isaac.occupancy_map.ui-2.0.8] startup
2026-06-23T09:05:35Z [17,161ms] [Warning] [omni.isaac.occupancy_map.ui] omni.isaac.occupancy_map.ui has been deprecated in favor of isaacsim.asset.gen.omap.ui. Please update your code accordingly.
[17.198s] [ext: isaacsim.sensors.rtx.ui-1.1.6] startup
[17.215s] [ext: isaacsim.robot_setup.assembler-3.0.11] startup
[17.232s] [ext: isaacsim.robot_setup.xrdf_editor-3.1.11] startup
[17.242s] [ext: isaacsim.replicator.scene_blox-1.0.8] startup
2026-06-23T09:05:35Z [17,215ms] [Warning] [isaacsim.replicator.scene_blox] isacsim.replicator.scene_blox has been deprecated since Isaac Sim 5.0.0.
[17.247s] [ext: isaacsim.replicator.synthetic_recorder-2.2.17] startup
[17.256s] [ext: isaacsim.robot.manipulators.ui-2.1.23] startup
[17.269s] [ext: omni.isaac.robot_assembler-2.0.8] startup
2026-06-23T09:05:35Z [17,248ms] [Warning] [omni.isaac.robot_assembler] omni.isaac.robot_assembler has been deprecated in favor of isaacsim.robot_setup.assembler. Please update your code accordingly.
[17.282s] [ext: omni.isaac.robot_description_editor-3.0.5] startup
[17.282s] [ext: omni.isaac.scene_blox-1.0.6] startup
2026-06-23T09:05:35Z [17,259ms] [Warning] [omni.isaac.scene_blox] omni.isaac.scene_blox has been deprecated in favor of isaacsim.replicator.scene_blox. Please update your code accordingly.
[17.293s] [ext: omni.isaac.synthetic_recorder-2.0.6] startup
2026-06-23T09:05:35Z [17,265ms] [Warning] [omni.isaac.synthetic_recorder] omni.isaac.synthetic_recorder has been deprecated in favor of isaacsim.replicator.synthetic_recorder. Please update your code accordingly.
[17.298s] [ext: omni.isaac.throttling-2.0.7] startup
2026-06-23T09:05:35Z [17,272ms] [Warning] [omni.isaac.throttling] omni.isaac.throttling has been deprecated in favor of isaacsim.core.throttling. Please update your code accordingly.
2026-06-23T09:05:35Z [17,275ms] [Warning] [omni.isaac.throttling.throttling] omni.isaac.throttling.throttling has been deprecated in favor of isaacsim.core.throttling.extension. Please update your code accordingly.
[17.315s] [ext: omni.kit.browser.asset-1.3.12] startup
[17.331s] [ext: omni.kit.mesh.raycast-107.0.1] startup
[17.345s] [ext: omni.kit.preferences.animation-1.2.0] startup
[17.360s] [ext: omni.graph.window.action-1.50.2] startup
[17.390s] [ext: omni.kit.property.collection-0.2.3] startup
[17.402s] [ext: omni.kit.property.layer-1.1.9] startup
[17.417s] [ext: omni.kit.stagerecorder.core-107.0.3] startup
[17.423s] [ext: omni.kit.search.files-1.0.4] startup
[17.438s] [ext: omni.kit.stage.copypaste-1.2.4] startup
[17.461s] [ext: omni.kit.browser.material-1.6.2] startup
[17.479s] [ext: omni.kit.window.title-1.1.7] startup
[17.485s] [ext: omni.kit.widgets.custom-1.0.13] startup
[17.747s] [ext: omni.kit.stagerecorder.ui-107.0.1] startup
[18.000s] [ext: omni.kit.stage_column.payload-2.0.3] startup
[18.071s] [ext: omni.kit.tool.remove_unused.core-0.1.3] startup
[18.154s] [ext: omni.kit.window.material-1.7.2] startup
[18.170s] [ext: omni.kit.stage_column.variant-1.0.17] startup
[18.181s] [ext: omni.kit.variant.editor-107.5.3] startup
[18.215s] [ext: omni.kit.stagerecorder.bundle-105.0.2] Starting kit application with the following args:  ['/home/robotics/isaac-sim-5.1/lib/python3.11/site-packages/isaacsim/exts/isaacsim.simulation_app/isaacsim/simulation_app/simulation_app.py', '/home/robotics/isaac-sim-5.1/lib/python3.11/site-packages/isaacsim/apps/isaacsim.exp.full.kit', '--/app/tokens/exe-path=/home/robotics/isaac-sim-5.1/lib/python3.11/site-packages/isaacsim/kit', '--/persistent/app/viewport/displayOptions=3286', '--/rtx/materialDb/syncLoads=True', '--/rtx/hydra/materialSyncLoads=True', '--/omni.kit.plugin/syncUsdLoads=True', '--/app/renderer/resolution/width=1920', '--/app/renderer/resolution/height=1080', '--/app/window/width=1920', '--/app/window/height=1080', '--/renderer/multiGpu/enabled=True', '--/app/fastShutdown=True', '--/app/installSignalHandlers=0', '--ext-folder', '/home/robotics/isaac-sim-5.1/lib/python3.11/site-packages/isaacsim/exts', '--ext-folder', '/home/robotics/isaac-sim-5.1/lib/python3.11/site-packages/isaacsim/apps', '--/physics/cudaDevice=0', '--/plugins/carb.tasking.plugin/threadCount=16', '--/plugins/omni.tbb.globalcontrol/maxThreadCount=16', '--portable', '--/app/window/hideUi=False']
Passing the following args to the base kit application:  ['--config', 'config/sim_config_gui.yaml']
Warp 1.8.2 initialized:
   CUDA Toolkit 12.8, Driver 13.0
   Devices:
     "cpu"      : "x86_64"
     "cuda:0"   : "NVIDIA GeForce RTX 2070" (8 GiB, sm_75, mempool enabled)
   Kernel cache:
     /home/robotics/.cache/warp/1.8.2
Warp DeprecationWarning: The `warp.sim` module is deprecated and will be removed in v1.10. Please transition to using the forthcoming Newton library instead.
startup
[18.219s] [ext: omni.kit.tool.asset_exporter-4.0.5] startup
[18.221s] [ext: omni.services.facilities.base-1.0.4] startup
[18.225s] [ext: omni.kit.tool.remove_unused.controller-0.1.4] startup
[18.228s] [ext: omni.kit.usda_edit-1.1.18] startup
[18.245s] [ext: omni.kit.variant.presenter-107.0.0] startup
[18.250s] [ext: omni.kit.viewport.bundle-104.0.1] startup
[18.253s] [ext: omni.kit.viewport.rtx-104.0.1] startup
[18.253s] [ext: omni.services.core-1.9.0] startup
[18.805s] [ext: omni.kit.widget.live-2.1.11] startup
[18.810s] [ext: omni.kit.widget.calendar-1.0.9] startup
[18.814s] [ext: omni.services.transport.client.base-1.2.4] startup
[18.817s] [ext: omni.kit.viewport_widgets_manager-1.0.9] startup
[18.819s] [ext: omni.usdex.libs-1.2.2] startup
[18.831s] [ext: omni.scene.optimizer.core-107.3.12] startup
[18.875s] [ext: omni.kit.widget.cache_indicator-3.0.7] startup
2026-06-23T09:05:37Z [18,847ms] [Warning] [omni.kit.pipapi.pipapi] extension omni.kit.widget.cache_indicator-3.0.7 has a [python.pipapi] entry, but use_online_index=true is not set. It doesn't do anything and can be removed.
[18.946s] [ext: omni.kit.widget.extended_searchfield-1.0.31] startup
2026-06-23T09:05:37Z [18,917ms] [Warning] [omni.kit.widget.cache_indicator.cache_state_menu] Unable to detect Omniverse Cache Server. File /home/robotics/.nvidia-omniverse/config/omniverse.toml is not found. Consider installing it for better IO performance.
[18.960s] [ext: omni.services.client-0.5.3] startup
[18.966s] [ext: omni.kit.widget.schema_api-1.0.3] startup
[18.969s] [ext: omni.isaac.physics_inspector-0.1.11] startup
2026-06-23T09:05:37Z [18,939ms] [Warning] [omni.isaac.physics_inspector] omni.isaac.physics_inspector has been deprecated.Replaced by Physics Visualization tools
[18.971s] [ext: omni.kit.converter.common-507.1.2] startup
[18.975s] [ext: omni.services.transport.server.base-1.1.1] startup
[18.978s] [ext: omni.physx.demos-107.3.26] startup
[19.011s] [ext: omni.asset_validator.core-1.1.6] startup
[19.073s] [ext: omni.kit.property.physx-107.3.26] startup
[19.109s] [ext: omni.services.facilities.monitoring.progress-0.2.4] startup
[19.119s] [ext: isaacsim.util.merge_mesh-2.0.15] startup
[19.122s] [ext: omni.services.transport.server.http-1.3.1] startup
[19.152s] [ext: omni.services.transport.client.http_async-1.4.0] startup
[19.156s] [ext: omni.kit.widget.timeline-107.0.1] startup
[19.162s] [ext: omni.physx.vehicle-107.3.26] startup
[19.187s] [ext: omni.kit.window.script_editor-2.0.1] startup
[19.195s] [ext: omni.asset_validator.ui-1.1.6] startup
[19.213s] [ext: omni.physx.asset_validator-107.3.26] startup
[19.236s] [ext: omni.services.convert.cad-507.0.2] startup
[19.246s] [ext: isaacsim.sensors.physx.ui-2.3.0] startup
[19.250s] [ext: omni.physx.camera-107.3.26] startup
[19.271s] [ext: omni.physx.cct-107.3.26] startup
[19.292s] [ext: omni.physx.graph-107.3.26] startup
[19.319s] [ext: omni.physx.supportui-107.3.26] startup
[19.355s] [ext: omni.physx.telemetry-107.3.26] startup
[19.368s] [ext: omni.kit.converter.dgn_core-510.1.0] startup
[19.468s] [ext: omni.isaac.range_sensor.ui-2.0.5] startup
2026-06-23T09:05:37Z [19,444ms] [Warning] [omni.isaac.range_sensor.ui] omni.isaac.range_sensor.ui has been deprecated in favor of isaacsim.sensors.physx.ui. Please update your code accordingly.
2026-06-23T09:05:37Z [19,445ms] [Warning] [omni.isaac.range_sensor.ui.menu] omni.isaac.range_sensor.ui.menu has been deprecated in favor of isaacsim.sensors.physx.ui.menu. Please update your code accordingly.
[19.483s] [ext: omni.kit.converter.hoops_core-509.1.0] startup
[19.496s] [ext: omni.kit.window.usd_paths-1.0.8] startup
[19.500s] [ext: omni.kit.converter.jt_core-508.1.0] startup
[19.530s] [ext: omni.services.facilities.monitoring.metrics-0.3.0] startup
[19.551s] [ext: omni.physx.bundle-107.3.26] startup
[19.553s] [ext: omni.kit.converter.dgn-509.1.0] startup
[19.559s] [ext: isaacsim.sensors.physx.examples-2.2.15] startup
[19.570s] [ext: omni.kit.converter.hoops-509.1.0] startup
[19.576s] [ext: isaacsim.replicator.grasping-1.0.9] startup
[20.149s] [ext: omni.kit.converter.jt-508.1.0] startup
[20.155s] [ext: omni.services.convert.asset-508.0.2] startup
[20.169s] [ext: omni.kit.quicklayout-1.0.8] startup
[20.174s] [ext: omni.kit.window.commands-0.2.9] startup
[20.180s] [ext: omni.isaac.range_sensor.examples-2.0.6] startup
2026-06-23T09:05:38Z [20,151ms] [Warning] [omni.isaac.range_sensor.examples] omni.isaac.range_sensor.examples has been deprecated in favor of isaacsim.sensors.physx.examples. Please update your code accordingly.
2026-06-23T09:05:38Z [20,151ms] [Warning] [omni.isaac.range_sensor.examples.lidar_info] omni.isaac.range_sensor.examples.lidar_info has been deprecated in favor of isaacsim.sensors.physx.examples.lidar_info. Please update your code accordingly.
2026-06-23T09:05:38Z [20,151ms] [Warning] [omni.isaac.range_sensor.examples.generic_info] omni.isaac.range_sensor.examples.generic_info has been deprecated in favor of isaacsim.sensors.physx.examples.generic_info. Please update your code accordingly.
[20.183s] [ext: isaacsim.util.camera_inspector-1.0.16] startup
[20.198s] [ext: isaacsim.replicator.grasping.ui-1.0.8] startup
[20.218s] [ext: isaacsim.asset.validation-1.1.0] startup
[20.286s] [ext: omni.kit.converter.cad-205.0.0] startup
[20.290s] [ext: omni.kit.window.stats-0.1.7] startup
[20.292s] [ext: isaacsim.app.setup-1.6.0] startup
[20.295s] Isaac Sim Full Version: 5.1.0-rc.19
[20.295s] Writing Isaac Sim icon file
[20.296s] [ext: omni.kit.profiler.window-2.3.5] startup
[20.587s] [ext: isaacsim.exp.full-5.1.0] startup
[20.597s] Simulation App Starting
2026-06-23T09:05:39Z [21,544ms] [Warning] [omni.fabric.plugin] Warning: attribute viewportHandle not found for bucket id 9

2026-06-23T09:05:39Z [21,691ms] [Warning] [usdrt.population.plugin] [UsdNoticeHandler] Unhandled attribute type VtArray<std::string> (prim attribute: omni:rtx:material:db:flattener:reflection_roughness_constant)
2026-06-23T09:05:39Z [21,691ms] [Warning] [usdrt.population.plugin] [UsdNoticeHandler] Unhandled attribute type VtArray<std::string> (prim attribute: omni:rtx:material:db:flattener:ior_constant)
2026-06-23T09:05:39Z [21,691ms] [Warning] [usdrt.population.plugin] [UsdNoticeHandler] Unhandled attribute type VtArray<std::string> (prim attribute: omni:rtx:material:db:flattener:transmittance_color)
[21.751s] [ext: isaacsim.ros2.bridge-4.12.4] startup
[21.783s] Using backup internal ROS2 humble distro
[21.803s] To use the internal libraries included with the extension please set the following environment variables to use with FastDDS (default) or CycloneDDS before starting Isaac Sim:

FastDDS (default):
export ROS_DISTRO=humble
export RMW_IMPLEMENTATION=rmw_fastrtps_cpp
export LD_LIBRARY_PATH=$LD_LIBRARY_PATH:/home/robotics/isaac-sim-5.1/lib/python3.11/site-packages/isaacsim/exts/isaacsim.ros2.bridge/humble/lib

OR

CycloneDDS:
export ROS_DISTRO=humble
export RMW_IMPLEMENTATION=rmw_cyclonedds_cpp
export LD_LIBRARY_PATH=$LD_LIBRARY_PATH:/home/robotics/isaac-sim-5.1/lib/python3.11/site-packages/isaacsim/exts/isaacsim.ros2.bridge/humble/lib


2026-06-23T09:05:40Z [21,771ms] [Error] [isaacsim.ros2.bridge.impl.extension] ROS2 Bridge startup failed
[22.038s] [ext: isaacsim.ros2.bridge-4.12.4] shutdown
[25.424s] app ready
Checking to see if RMW can be loaded:
failed to get symbol 'rmw_init_options_init' due to Environment variable 'AMENT_PREFIX_PATH' is not set or empty, at /workspace/humble_ws/src/rmw_implementation/src/functions.cpp:171, at /workspace/humble_ws/src/rcl/rcl/src/rcl/init_options.c:75
RMW was not loaded

[simulator] Config     : config/sim_config_gui.yaml
[simulator] Input dir  : /home/robotics/Documents/assignment2/palletizing_simulator/algorithm_results
[simulator] Output dir : /home/robotics/Documents/assignment2/palletizing_simulator/sim_results
[simulator] Found 2 input file(s)
  - box_sequence_0.json
  - box_sequence_1.json
[simulator] drop_offset=0.02m  settle_steps(max)=10  settle_vel=0.05m/s  final_steps=100
[simulator] auto_start : False
[simulator] Waiting for Isaac Sim PLAY button...
[simulator] PLAY detected. Starting simulation.

[simulator] ══ Processing: box_sequence_0.json ══
[simulator] plan=96  buffer_size=0  source_boxes=250
[simulator] initial buffer ids = []
[simulator] Final settle 100 steps …
[simulator] All steps done  (total 52.7s)
[evaluator] [SUCCESS]  ok=96/96  stacking=68.8% [68.8%]  collapse=0  oob=0  drop=0  buffer=0  score=88.8 (stacking=68.8 + buffer_bonus=20)
[simulator] Screenshot → /home/robotics/Documents/assignment2/palletizing_simulator/sim_results/box_sequence_0_result.png

[simulator] ══ Processing: box_sequence_1.json ══
[simulator] plan=77  buffer_size=0  source_boxes=250
[simulator] initial buffer ids = []
[simulator] Final settle 100 steps …
[simulator] All steps done  (total 48.0s)
[evaluator] [SUCCESS]  ok=77/77  stacking=64.7% [64.7%]  collapse=0  oob=0  drop=0  buffer=0  score=84.7 (stacking=64.7 + buffer_bonus=20)
[simulator] Screenshot → /home/robotics/Documents/assignment2/palletizing_simulator/sim_results/box_sequence_1_result.png

[evaluator] ══ Result ══
  ✓ box_sequence_0.json  stacking=68.8% [68.8%]  ok=96/96  time=0.0s  buffer=0  score=88.8 (stacking=68.8 + bonus=20)
  ✓ box_sequence_1.json  stacking=64.7% [64.7%]  ok=77/77  time=0.0s  buffer=0  score=84.7 (stacking=64.7 + bonus=20)
  ───────────────────────────────────────────────────────
  summary : episodes 2 success / 0 failure / 0 height_overflow
            avg stacking rate  66.8% [66.8%]
            avg success rate   100.0%
            avg score          86.75
            total processing time 122.5s
[evaluator] Saved → /home/robotics/Documents/assignment2/palletizing_simulator/sim_results/result.json

[simulator] All files processed.
[25.949s] Isaac Sim Full App is loaded.
[25.951s] Simulation App Startup Complete
2026-06-23T09:06:43Z [85,080ms] [Warning] [omni.syntheticdata.plugin] OgnSdPostRenderVarToHost : rendervar copy from texture directly to host buffer is counter-performant. Please use copy from texture to device buffer first.
2026-06-23T09:06:50Z [92,052ms] [Warning] [omni.physx.tensors.plugin] prim '/World/box_000' was deleted while being used by a shape in a tensor view class. The physics.tensors simulationView was invalidated.
2026-06-23T09:06:51Z [92,905ms] [Warning] [omni.syntheticdata.plugin] SdRenderVarPtr missing valid input renderVar LdrColorSDhost
2026-06-23T09:07:46Z [148,176ms] [Warning] [omni.physx.tensors.plugin] prim '/World/box_000' was deleted while being used by a shape in a tensor view class. The physics.tensors simulationView was invalidated.
[150.106s] Simulation App Shutting Down
[run_gui] 정상 종료.
