[run_gui] DISPLAY=:0  XAUTHORITY=/run/user/1000/gdm/Xauthority
[run_gui] 시도 1/5 ...
Loading user config located at: '/home/robotics/isaac-sim-5.1/lib/python3.11/site-packages/isaacsim/kit/data/Kit/Isaac-Sim Full/5.1/user.config.json'
[Info] [carb] Logging to file: /home/robotics/isaac-sim-5.1/lib/python3.11/site-packages/isaacsim/kit/logs/Kit/Isaac-Sim Full/5.1/kit_20260624_114050.log
2026-06-24T02:40:50Z [1ms] [Warning] [carb.crashreporter-breakpad.plugin] [previous crash] preventing upload of minidump due to user opt-out: '/home/robotics/isaac-sim-5.1/lib/python3.11/site-packages/isaacsim/kit/data/Kit/Isaac-Sim Full/5.1/fb8ae0e9-7260-4fc1-ad115cbd-67efa459.dmp'
2026-06-24T02:40:50Z [2ms] [Warning] [carb.crashreporter-breakpad.plugin] [previous crash] preventing upload of minidump due to user opt-out: '/home/robotics/isaac-sim-5.1/lib/python3.11/site-packages/isaacsim/kit/data/Kit/Isaac-Sim Full/5.1/8e2d15ff-c11f-46b2-9b12aa91-fede97c9.dmp'
2026-06-24T02:40:50Z [2ms] [Warning] [carb.crashreporter-breakpad.plugin] [previous crash] preventing upload of minidump due to user opt-out: '/home/robotics/isaac-sim-5.1/lib/python3.11/site-packages/isaacsim/kit/data/Kit/Isaac-Sim Full/5.1/e19b91f0-5466-4e57-009c328b-71d2de40.dmp'
[0.101s] [ext: omni.kit.async_engine-0.0.3] startup
[0.387s] [ext: omni.metrics.core-0.0.3] startup
[0.387s] [ext: omni.client.lib-1.1.0] startup
[0.405s] [ext: omni.blobkey-1.1.2] startup
[0.405s] [ext: omni.stats-1.0.1] startup
[0.406s] [ext: omni.datastore-0.0.0] startup
[0.414s] [ext: omni.client-1.3.0] startup
[0.420s] [ext: omni.ujitso.default-1.0.0] startup
[0.423s] [ext: omni.hsscclient-1.1.2] startup
[0.428s] [ext: omni.gpu_foundation.shadercache.vulkan-1.0.0] startup
[0.430s] [ext: omni.assets.plugins-0.0.0] startup
[0.432s] [ext: omni.gpu_foundation-0.0.0] startup
[0.443s] [ext: carb.windowing.plugins-1.0.0] startup
[0.454s] [ext: omni.kit.renderer.init-0.0.0] startup

|---------------------------------------------------------------------------------------------|
| Driver Version: 580.159.03    | Graphics API: Vulkan
|=============================================================================================|
| GPU | Name                             | Active | LDA | GPU Memory | Vendor-ID | LUID       |
|     |                                  |        |     |            | Device-ID | UUID       |
|     |                                  |        |     |            | Bus-ID    |            |
|---------------------------------------------------------------------------------------------|
| 0   | NVIDIA GeForce RTX 2070          | Yes: 0 |     | 8438    MB | 10de      | 0          |
|     |                                  |        |     |            | 1f07      | cfe4294b.. |
|     |                                  |        |     |            | 7         |            |
|=============================================================================================|
| OS: 22.04.5 LTS (Jammy Jellyfish) ubuntu, Version: 22.04.5, Kernel: 6.8.0-106-generic
| XServer Vendor: The X.Org Foundation, XServer Version: 12101004 (1.21.1.4)
| Processor: AMD Ryzen 7 2700 Eight-Core Processor
| Cores: 8 | Logical Cores: 16
|---------------------------------------------------------------------------------------------|
| Total Memory (MB): 31990 | Free Memory: 24676
| Total Page/Swap (MB): 26688 | Free Page/Swap: 26687
|---------------------------------------------------------------------------------------------|
2026-06-24T02:40:51Z [1,369ms] [Warning] [gpu.foundation.plugin] IOMMU is enabled.
[1.663s] [ext: omni.kit.telemetry-0.5.2] startup
[1.719s] [ext: omni.materialx.libs-1.0.7] startup
[1.731s] [ext: omni.services.pip_archive-0.16.0] startup
[1.732s] [ext: omni.kit.loop-isaac-1.3.7] startup
[1.734s] [ext: omni.kit.test-2.0.1] startup
[1.806s] [ext: omni.usd.config-1.0.6] startup
[1.811s] [ext: omni.gpucompute.plugins-0.0.0] startup
[1.812s] [ext: omni.usd.libs-1.0.1] startup
[1.916s] [ext: omni.kit.pipapi-0.0.0] startup
[1.917s] [ext: omni.mdl-56.0.3] startup
[2.030s] [ext: omni.iray.libs-0.0.0] startup
[2.038s] [ext: omni.mdl.neuraylib-0.2.12] startup
[2.041s] [ext: omni.kit.usd.mdl-1.1.5] startup
[2.166s] [ext: omni.appwindow-1.1.10] startup
[3.720s] [ext: omni.kit.renderer.core-1.1.0] startup
[9.295s] [ext: omni.kit.renderer.capture-0.0.0] startup
[9.299s] [ext: omni.kit.renderer.imgui-2.0.5] startup
[9.405s] [ext: omni.ui-2.27.1] startup
[9.420s] [ext: omni.kit.mainwindow-1.0.3] startup
[9.421s] [ext: carb.audio-0.1.0] startup
[9.430s] [ext: omni.uiaudio-1.0.0] startup
[9.432s] [ext: omni.kit.uiapp-0.0.0] startup
[9.432s] [ext: omni.usd.schema.metrics.assembler-107.3.1] startup
[9.435s] [ext: omni.anim.navigation.schema-107.3.3] startup
[9.439s] [ext: omni.usd.schema.flow-107.1.1] startup
[9.440s] [ext: omni.usd.schema.anim-0.0.0] startup
[9.465s] [ext: omni.usd.schema.omniscripting-1.0.0] startup
[9.470s] [ext: omni.usd.schema.semantics-0.0.0] startup
[9.472s] [ext: omni.usd.schema.scene.visualization-2.0.2] startup
[9.474s] [ext: omni.anim.graph.schema-107.3.3] startup
[9.482s] [ext: isaacsim.robot.schema-3.6.0] startup
[9.491s] [ext: omni.usd.schema.omnigraph-1.0.0] startup
[9.499s] [ext: omni.usd.schema.audio-0.0.0] startup
[9.503s] [ext: omni.usd.schema.geospatial-0.0.0] startup
[9.506s] [ext: omni.usd.schema.isaac-3.0.5] startup
[9.506s] [ext: omni.usd_resolver-1.0.0] startup
[9.510s] [ext: omni.usd.core-1.5.3] startup
[9.514s] [ext: omni.usd.schema.render_settings.rtx-0.0.0] startup
[9.536s] [ext: omni.graph.exec-0.9.6] startup
[9.536s] [ext: omni.kit.audiodeviceenum-1.0.2] startup
[9.538s] [ext: omni.kit.window.popup_dialog-2.0.24] startup
[9.544s] [ext: omni.kit.exec.core-0.13.4] startup
[9.546s] [ext: omni.activity.core-1.0.3] startup
[9.548s] [ext: omni.kit.widget.nucleus_connector-2.0.1] startup
[9.550s] [ext: omni.kit.usd_undo-0.1.8] startup
[9.551s] [ext: omni.kit.actions.core-1.0.0] startup
[9.554s] [ext: usdrt.scenegraph-7.6.1] startup
[9.604s] [ext: omni.resourcemonitor-107.0.1] startup
[9.607s] [ext: omni.kit.commands-1.4.10] startup
[9.611s] [ext: omni.hydra.usdrt_delegate-7.5.1] startup
[9.619s] [ext: omni.timeline-1.0.14] startup
[9.621s] [ext: omni.hydra.scene_delegate-0.3.4] startup
[9.626s] [ext: omni.usd-1.13.10] startup
[9.658s] [ext: omni.inspect-1.0.2] startup
[9.660s] [ext: omni.kit.notification_manager-1.0.10] startup
[9.662s] [ext: omni.graph.core-2.184.5] startup
[9.666s] [ext: isaacsim.core.deprecation_manager-0.2.7] startup
[9.667s] [ext: omni.usd.schema.omni_sensors-0.0.0] startup
[9.668s] [ext: omni.kit.asset_converter-5.0.17] startup
[9.684s] [ext: omni.usd.schema.omni_lens_distortion-0.0.0] startup
[9.684s] [ext: omni.usd.schema.physx-107.3.26] startup
[9.726s] [ext: omni.kit.collaboration.telemetry-1.1.0] startup
[9.727s] [ext: omni.volume-0.5.2] startup
[9.730s] [ext: omni.kit.manipulator.selector-1.1.3] startup
[9.732s] [ext: omni.kit.collaboration.channel_manager-1.0.14] startup
[9.733s] [ext: omni.kit.menu.core-1.1.2] startup
[9.734s] [ext: omni.kit.usd.layers-2.2.11] startup
[9.744s] [ext: omni.kit.menu.utils-2.0.5] startup
[9.753s] [ext: omni.ui.scene-1.11.5] startup
[9.760s] [ext: omni.kit.primitive.mesh-1.0.17] startup
[9.765s] [ext: omni.kit.manipulator.viewport-107.0.1] startup
[9.766s] [ext: omni.fabric.commands-1.1.6] startup
[9.770s] [ext: omni.kit.helper.file_utils-0.1.9] startup
[9.772s] [ext: omni.kit.widget.nucleus_info-2.0.2] startup
[9.773s] [ext: omni.kit.widget.filebrowser-2.12.3] startup
[9.778s] [ext: omni.kit.search_core-1.0.8] startup
[9.780s] [ext: omni.kit.widget.options_menu-1.1.6] startup
[9.784s] [ext: omni.kit.widget.search_delegate-1.0.7] startup
[9.785s] [ext: omni.kit.widget.path_field-2.0.11] startup
[9.786s] [ext: omni.kit.widget.options_button-1.0.3] startup
[9.786s] [ext: omni.index.libs-380600.8087.0] startup
[9.786s] [ext: omni.kit.widget.browser_bar-2.0.10] startup
[9.787s] [ext: omni.kit.widget.context_menu-1.2.5] startup
[9.788s] [ext: omni.index-1.0.1] startup
[9.789s] [ext: omni.ujitso.client-0.0.0] startup
[9.790s] [ext: omni.hydra.rtx.shadercache.vulkan-1.0.0] startup
[9.792s] [ext: omni.kit.widget.versioning-1.4.10] startup
[9.794s] [ext: omni.kit.clipboard-1.0.5] startup
[9.796s] [ext: omni.hydra.rtx-1.0.0] startup
2026-06-24T02:41:00Z [9,787ms] [Warning] [omni.log] Source: omni.hydra was already registered.
[9.839s] [ext: omni.kit.window.filepicker-2.13.4] startup
[9.854s] [ext: omni.kit.context_menu-1.8.6] startup
[9.856s] [ext: omni.kit.viewport.scene_camera_model-1.0.6] startup
[9.862s] [ext: omni.kit.hydra_texture-1.4.6] startup
[9.867s] [ext: omni.kit.window.file_importer-1.1.18] startup
[9.870s] [ext: omni.kit.viewport.legacy_gizmos-1.0.19] startup
[9.873s] [ext: omni.kit.raycast.query-1.1.0] startup
[9.881s] [ext: omni.kit.material.library-2.0.7] startup
[9.887s] [ext: omni.kit.widget.viewport-107.1.3] startup
[9.891s] [ext: omni.kit.widget.searchable_combobox-1.0.6] startup
[9.893s] [ext: omni.kit.window.drop_support-1.0.5] startup
[9.893s] [ext: omni.kit.viewport.registry-104.0.6] startup
[9.894s] [ext: omni.hydra.engine.stats-1.0.3] startup
[9.896s] [ext: omni.kit.widget.settings-1.2.6] startup
[9.899s] [ext: omni.kit.viewport.window-107.2.0] startup
[9.919s] [ext: omni.kit.window.preferences-1.8.0] startup
[9.927s] [ext: omni.kit.widget.toolbar-2.0.1] startup
[9.933s] [ext: omni.kit.viewport.utility-1.1.2] startup
[9.934s] [ext: omni.kit.manipulator.transform-107.0.0] startup
[9.939s] [ext: omni.kit.widget.prompt-1.0.7] startup
[9.940s] [ext: omni.kit.manipulator.tool.snap-1.5.13] startup
[9.945s] [ext: omni.kit.widget.live_session_management.ui-1.0.3] startup
[9.948s] [ext: omni.kit.viewport.manipulator.transform-107.0.4] startup
[9.950s] [ext: omni.kit.collaboration.presence_layer-1.1.2] startup
[9.953s] [ext: omni.kit.manipulator.prim.core-107.0.8] startup
[9.961s] [ext: omni.kit.property.adapter.core-1.0.2] startup
[9.964s] [ext: omni.kit.manipulator.prim.fabric-107.0.4] startup
[9.965s] [ext: omni.kit.widget.live_session_management-1.2.23] startup
[9.968s] [ext: omni.kit.property.adapter.usd-1.0.2] startup
[9.969s] [ext: omni.kit.manipulator.prim.usd-107.0.3] startup
[9.970s] [ext: omni.kit.property.adapter.fabric-1.0.3] startup
[9.971s] [ext: omni.kit.manipulator.prim-107.0.0] startup
[9.971s] [ext: omni.kit.window.content_browser_registry-0.0.6] startup
[9.972s] [ext: omni.kit.widget.filter-1.1.4] startup
[9.973s] [ext: omni.kit.window.file_exporter-1.0.33] startup
[9.974s] [ext: omni.kit.stage_template.core-1.1.22] startup
[9.975s] [ext: omni.kit.widget.searchfield-1.1.8] startup
[9.976s] [ext: omni.kit.widget.highlight_label-1.0.3] startup
[9.977s] [ext: omni.kit.window.file-2.0.5] startup
[9.979s] [ext: omni.kit.hotkeys.core-1.3.10] startup
[9.982s] [ext: omni.kit.window.property-1.12.1] startup
[9.985s] [ext: omni.kit.window.content_browser-3.1.3] startup
[10.001s] [ext: omni.kit.widget.stage-3.1.4] startup
[10.015s] [ext: omni.convexdecomposition-107.3.26] startup
[10.019s] [ext: omni.kit.property.usd-4.5.12] startup
[10.031s] [ext: omni.kit.manipulator.selection-106.0.1] startup
[10.033s] [ext: omni.kvdb-107.3.26] startup
[10.035s] [ext: omni.usdphysics-107.3.26] startup
[10.038s] [ext: omni.physx.foundation-107.3.26] startup
[10.040s] [ext: omni.localcache-107.3.26] startup
[10.041s] [ext: omni.debugdraw-0.1.4] startup
[10.046s] [ext: omni.physx.cooking-107.3.26] startup
[10.050s] [ext: omni.physics-107.3.26] startup
[10.054s] [ext: omni.physx-107.3.26] startup
[10.067s] [ext: omni.physics.stageupdate-107.3.26] startup
[10.070s] [ext: omni.physics.physx-107.3.26] startup
2026-06-24T02:41:00Z [10,042ms] [Warning] [carb] Acquiring non optional plugin interface which is not listed as dependency: [omni::physx::IPhysxBenchmarks v1.0] (plugin: <default plugin>), by client: omni.physics.physx.plugin. Add it to CARB_PLUGIN_IMPL_DEPS() macro of a client.
[10.072s] [ext: omni.kit.numpy.common-0.1.3] startup
[10.074s] [ext: omni.kit.window.cursor-1.1.4] startup
[10.075s] [ext: omni.isaac.dynamic_control-2.0.7] startup
2026-06-24T02:41:00Z [10,051ms] [Warning] [omni.isaac.dynamic_control] omni.isaac.dynamic_control is deprecated as of Isaac Sim 4.5. No action is needed from end-users.
[10.081s] [ext: omni.kit.viewport.menubar.core-107.2.1] startup
[10.098s] [ext: omni.kit.viewport.actions-107.0.2] startup
[10.105s] [ext: omni.kit.widget.layers-1.8.6] startup
[10.120s] [ext: omni.kit.viewport.menubar.display-107.0.3] startup
[10.121s] [ext: isaacsim.core.version-2.0.6] startup
[10.122s] [ext: omni.usdphysics.ui-107.3.26] startup
[10.152s] [ext: omni.physx.commands-107.3.26] startup
[10.158s] [ext: isaacsim.storage.native-1.5.1] startup
[10.160s] [ext: omni.usd.metrics.assembler-107.3.1] startup
[10.168s] [ext: omni.physx.ui-107.3.26] startup
[10.207s] [ext: omni.physics.tensors-107.3.26] startup
[10.214s] [ext: omni.warp.core-1.8.2] startup
[10.505s] [ext: omni.usd.metrics.assembler.physics-107.3.26] startup
[10.508s] [ext: omni.graph.tools-1.79.2] startup
[10.535s] [ext: omni.physx.tensors-107.3.26] startup
[10.540s] [ext: isaacsim.core.utils-3.5.1] startup
[10.544s] [ext: omni.kit.widget.text_editor-1.1.1] startup
[10.546s] [ext: omni.graph-1.141.2] startup
[10.600s] [ext: omni.ui_query-1.1.8] startup
[10.602s] [ext: omni.kit.window.extensions-1.4.27] startup
[10.612s] [ext: isaacsim.core.simulation_manager-1.4.4] startup
[12.690s] [ext: omni.kit.widget.graph-2.0.0] startup
[12.705s] [ext: omni.graph.image.core-0.6.1] startup
[12.707s] [ext: isaacsim.core.prims-0.6.1] startup
[12.742s] [ext: omni.kit.stage_templates-2.0.0] startup
[12.752s] [ext: omni.kit.graph.delegate.default-1.2.3] startup
[12.755s] [ext: omni.graph.image.nodes-1.3.1] startup
[12.757s] [ext: omni.graph.action_core-1.1.7] startup
[12.759s] [ext: isaacsim.core.api-4.8.0] startup
[12.771s] [ext: omni.kit.graph.editor.core-1.5.3] startup
[12.781s] [ext: omni.syntheticdata-0.6.13] startup
[12.816s] [ext: omni.graph.ui-1.101.6] startup
[12.860s] [ext: omni.kit.widget.material_preview-1.0.16] startup
[12.869s] [ext: omni.kit.graph.usd.commands-1.3.1] startup
[12.873s] [ext: omni.videoencoding-0.1.2] startup
[12.877s] [ext: omni.graph.action_nodes-1.50.4] startup
[12.884s] [ext: omni.kit.window.material_graph-1.9.1] startup
[12.909s] [ext: omni.graph.nodes-1.170.10] startup
[12.927s] [ext: omni.graph.action-1.130.0] startup
[12.931s] [ext: omni.kit.ui_test-1.3.7] startup
[12.938s] [ext: omni.graph.visualization.nodes-2.1.3] startup
[12.961s] [ext: omni.graph.ui_nodes-1.50.5] startup
[12.970s] [ext: omni.kit.selection-0.1.6] startup
[12.980s] [ext: omni.warp-1.8.2] startup
[12.995s] [ext: isaacsim.gui.components-1.2.1] startup
[13.024s] [ext: isaacsim.gui.menu-2.4.4] startup
[13.099s] [ext: omni.graph.scriptnode-1.50.0] startup
[13.113s] [ext: isaacsim.test.docstring-1.1.0] startup
[13.146s] [ext: isaacsim.core.experimental.utils-0.3.0] startup
[13.163s] [ext: omni.replicator.core-1.12.27] startup
2026-06-24T02:41:03Z [13,169ms] [Warning] [pxr.Semantics] pxr.Semantics is deprecated - please use Semantics instead
2026-06-24T02:41:03Z [13,453ms] [Warning] [omni.graph.core.plugin] Found duplicate of category 'Replicator' - was 'Annotators', adding 'Fabric Reader'
2026-06-24T02:41:03Z [13,453ms] [Warning] [omni.graph.core.plugin] Category 'Replicator' not accepted on node type 'omni.replicator.core.FabricReader' in extension 'omni.replicator.core'
2026-06-24T02:41:03Z [13,454ms] [Warning] [omni.replicator.core.scripts.extension] No material configuration file, adding configuration to material settings directly.
[13.493s] [ext: isaacsim.core.experimental.prims-0.8.1] startup
[13.555s] [ext: isaacsim.core.nodes-3.4.3] startup
[13.576s] [ext: isaacsim.robot.surface_gripper-3.3.1] startup
[13.590s] [ext: isaacsim.sensors.camera-1.3.6] startup
[13.613s] [ext: isaacsim.robot.surface_gripper.ui-3.0.2] startup
[13.625s] [ext: isaacsim.sensors.camera.ui-0.2.2] startup
[13.644s] [ext: omni.kit.core.collection-0.2.3] startup
[13.650s] [ext: isaacsim.core.experimental.materials-0.4.0] startup
[13.666s] [ext: omni.kit.widget.zoombar-1.0.6] startup
[13.686s] [ext: omni.kit.widget.stage_icons-1.0.8] startup
[13.705s] [ext: omni.kit.browser.core-2.3.13] startup
[13.777s] [ext: isaacsim.core.experimental.objects-0.4.0] startup
[13.849s] [ext: omni.kit.usd.collect-2.4.5] startup
[13.884s] [ext: omni.kit.window.stage-2.6.1] startup
[13.922s] [ext: omni.kit.browser.folder.core-1.10.9] startup
[13.971s] [ext: isaacsim.util.debug_draw-3.1.0] startup
[13.991s] [ext: isaacsim.robot_motion.lula-4.0.8] startup
[14.019s] [ext: omni.kit.tool.collect-2.2.18] startup
[14.024s] [ext: omni.kit.menu.stage-1.2.7] startup
[14.034s] [ext: omni.kit.usdz_export-1.0.9] startup
[14.041s] [ext: isaacsim.robot.manipulators-3.3.6] startup
[14.048s] [ext: isaacsim.sensors.physx-2.3.2] startup
[14.062s] [ext: isaacsim.robot_motion.motion_generation-8.0.26] startup
[14.106s] [ext: isaacsim.asset.browser-1.3.23] startup
[14.629s] [ext: omni.kit.tool.asset_importer-4.3.2] startup
[14.838s] [ext: omni.isaac.nucleus-1.0.6] startup
2026-06-24T02:41:05Z [14,820ms] [Warning] [omni.isaac.nucleus] omni.isaac.nucleus has been deprecated in favor of isaacsim.storage.native. Please update your code accordingly.
2026-06-24T02:41:05Z [14,828ms] [Warning] [omni.isaac.nucleus.nucleus] omni.isaac.nucleus.nucleus has been deprecated in favor of isaacsim.storage.native. Please update your code accordingly.
[14.879s] [ext: omni.isaac.range_sensor-4.0.6] startup
2026-06-24T02:41:05Z [14,859ms] [Warning] [omni.isaac.range_sensor] omni.isaac.range_sensor has been deprecated in favor of isaacsim.sensors.physx. Please update your code accordingly.
2026-06-24T02:41:05Z [14,873ms] [Warning] [omni.isaac.range_sensor.commands] omni.isaac.range_sensor.commands has been deprecated in favor of isaacsim.sensors.physx.commands. Please update your code accordingly.
[14.909s] [ext: isaacsim.robot.manipulators.examples-1.1.2] startup
[14.947s] [ext: omni.isaac.asset_browser-1.0.6] startup
2026-06-24T02:41:05Z [14,962ms] [Warning] [omni.isaac.asset_browser] omni.isaac.asset_browser has been deprecated in favor of isaacsim.asset.browser. Please update your code accordingly.
[15.010s] [ext: isaacsim.asset.importer.mjcf-2.5.13] startup
[15.131s] [ext: isaacsim.core.cloner-1.4.10] startup
[15.139s] [ext: omni.isaac.assets_check-0.3.13] startup
2026-06-24T02:41:05Z [15,110ms] [Warning] [omni.isaac.assets_check] omni.isaac.assets_check has been deprecated in favor of isaacsim.asset.browser. Please update your code accordingly.
[15.140s] [ext: isaacsim.cortex.framework-1.0.12] startup
[15.147s] [ext: isaacsim.examples.browser-0.2.1] startup
[15.158s] [ext: isaacsim.asset.importer.urdf-2.4.30] startup
[15.225s] [ext: omni.isaac.cloner-1.0.7] startup
2026-06-24T02:41:05Z [15,196ms] [Warning] [omni.isaac.cloner] omni.isaac.cloner has been deprecated in favor of isaacsim.core.cloner. Please update your code accordingly.
[15.226s] [ext: omni.importer.onshape-1.0.1] startup
[15.270s] [ext: omni.kit.widget.collection-0.3.1] startup
[15.298s] [ext: omni.isaac.core_nodes-2.0.6] startup
2026-06-24T02:41:05Z [15,274ms] [Warning] [omni.isaac.core_nodes] omni.isaac.core_nodes has been deprecated in favor of isaacsim.core.nodes. Please update your code accordingly.
[15.306s] [ext: omni.isaac.cortex-1.0.5] startup
2026-06-24T02:41:05Z [15,283ms] [Warning] [omni.isaac.cortex] omni.isaac.cortex has been deprecated in favor of isaacsim.cortex.framework. Please update your code accordingly.
[15.313s] [ext: isaacsim.core.throttling-2.2.2] startup
[15.329s] [ext: omni.kit.window.collection-0.3.1] startup
2026-06-24T02:41:05Z [15,311ms] [Warning] [omni.kit.window.collection.collection_watch] Get collection from usdrt stage failed: Attach(): incompatible function arguments. The following argument types are supported:
    1. (stageId: int) -> usdrt.Usd._Usd.Stage
    2. (fabricId: usdrt.helpers._helpers.FabricId) -> usdrt.Usd._Usd.Stage

Invoked with: -1
[15.342s] [ext: omni.anim.shared.core-107.0.1] startup
[15.363s] [ext: omni.sensors.nv.common-3.0.0] startup
[15.391s] [ext: omni.kit.viewport.menubar.lighting-107.3.1] startup
[15.399s] [ext: omni.isaac.franka-1.0.7] startup
2026-06-24T02:41:05Z [15,375ms] [Warning] [omni.isaac.franka] omni.isaac.franka has been deprecated in favor of isaacsim.robot.manipulators.examples.franka. Please update your code accordingly.
2026-06-24T02:41:05Z [15,375ms] [Warning] [omni.isaac.franka.franka] omni.isaac.franka has been deprecated in favor of isaacsim.robot.manipulators.examples.franka. Please update your code accordingly.
2026-06-24T02:41:05Z [15,408ms] [Warning] [omni.isaac.franka.kinematics_solver] omni.isaac.franka has been deprecated in favor of isaacsim.robot.manipulators.examples.franka. Please update your code accordingly.
[15.438s] [ext: isaacsim.cortex.behaviors-2.0.14] startup
[15.445s] [ext: omni.sensors.nv.materials-2.0.0] startup
[15.455s] [ext: omni.sensors.nv.wpm-3.0.0] startup
[15.461s] [ext: omni.sensors.net-1.0.0] startup
[15.467s] [ext: omni.isaac.cortex.sample_behaviors-2.0.5] startup
2026-06-24T02:41:05Z [15,439ms] [Warning] [omni.isaac.cortex.sample_behaviors] omni.isaac.cortex.sample_behaviors has been deprecated in favor of isaacsim.cortex.behaviors. Please update your code accordingly.
[15.469s] [ext: isaacsim.sensors.physics-0.4.3] startup
[15.484s] [ext: omni.sensors.nv.radar-3.0.0] startup
[15.493s] [ext: omni.sensors.nv.lidar-3.0.0] startup
[15.501s] [ext: omni.sensors.nv.ids-2.0.0] startup
[15.505s] [ext: isaacsim.simulation_app-2.12.2] startup
[15.507s] [ext: isaacsim.robot.policy.examples-4.1.11] startup
[15.511s] [ext: isaacsim.sensors.rtx-15.8.4] startup
[15.546s] [ext: omni.isaac.kit-2.0.6] startup
2026-06-24T02:41:05Z [15,522ms] [Warning] [omni.isaac.kit] omni.isaac.kit has been deprecated in favor of isaacsim.simulation_app. Please update your code accordingly.
[15.553s] [ext: omni.isaac.quadruped-3.0.7] startup
2026-06-24T02:41:05Z [15,533ms] [Warning] [omni.isaac.quadruped] omni.isaac.quadruped has been deprecated in favor of isaacsim.robot.policy.examples. Please update your code accordingly.
[15.570s] [ext: omni.isaac.lula-4.0.6] startup
2026-06-24T02:41:06Z [15,543ms] [Warning] [omni.isaac.lula] omni.isaac.lula has been deprecated in favor of isaacsim.robot_motion.lula. Please update your code accordingly.
[15.575s] [ext: isaacsim.gui.sensors.icon-2.0.3] startup
[15.669s] [ext: isaacsim.gui.content_browser-0.1.11] startup
[15.687s] [ext: omni.isaac.sensor-13.0.7] startup
2026-06-24T02:41:06Z [15,663ms] [Warning] [omni.isaac.sensor] omni.isaac.sensor has been deprecated in favor of isaacsim.sensors.camera, isaacsim.sensors.physics, isaacsim.sensors.physx, and isaacsim.sensors.rtx. Please update your code accordingly.
2026-06-24T02:41:06Z [15,663ms] [Warning] [omni.isaac.sensor.camera] omni.isaac.sensor.camera has been deprecated in favor of isaacsim.sensors.camera.camera. Please update your code accordingly.
2026-06-24T02:41:06Z [15,664ms] [Warning] [omni.isaac.sensor.camera_view] omni.isaac.sensor.camera_view has been deprecated in favor of isaacsim.sensors.camera.camera_view. Please update your code accordingly.
2026-06-24T02:41:06Z [15,665ms] [Warning] [omni.isaac.sensor.commands] omni.isaac.sensor.commands has been deprecated in favor of isaacsim.sensors.physics.commands, isaacsim.sensors.physx.commands, and isaacsim.sensors.rtx.commands. Please update your code accordingly.
2026-06-24T02:41:06Z [15,666ms] [Warning] [omni.isaac.sensor.contact_sensor] omni.isaac.sensor.contact_sensor has been deprecated in favor of isaacsim.sensors.physics.contact_sensor. Please update your code accordingly.
2026-06-24T02:41:06Z [15,666ms] [Warning] [omni.isaac.sensor.imu_sensor] omni.isaac.sensor.imu_sensor has been deprecated in favor of isaacsim.sensors.physics.imu_sensor. Please update your code accordingly.
2026-06-24T02:41:06Z [15,666ms] [Warning] [omni.isaac.sensor.lidar_rtx] omni.isaac.sensor.lidar_rtx has been deprecated in favor of isaacsim.sensors.rtx.lidar_rtx. Please update your code accordingly.
2026-06-24T02:41:06Z [15,667ms] [Warning] [omni.isaac.sensor.rotating_lidar_physX] omni.isaac.sensor.imu_sensor has been deprecated in favor of isaacsim.sensors.physix.rotating_lidar_physX. Please update your code accordingly.
2026-06-24T02:41:06Z [15,668ms] [Warning] [omni.isaac.sensor.scripts.samples.contact_sensor] omni.isaac.sensor.scripts.samples.contact_sensor has been deprecated in favor of isaacsim.sensors.physics.scripts.samples.contact_sensor. Please update your code accordingly.
2026-06-24T02:41:06Z [15,669ms] [Warning] [omni.isaac.sensor.scripts.samples.imu_sensor] omni.isaac.sensor.scripts.samples.imu_sensor has been deprecated in favor of isaacsim.sensors.physics.scripts.samples.imu_sensor. Please update your code accordingly.
2026-06-24T02:41:06Z [15,669ms] [Warning] [omni.isaac.sensor.scripts.samples.lightbeam_sensor] omni.isaac.sensor.scripts.samples.lightbeam_sensor has been deprecated in favor of isaacsim.sensors.physx.scripts.samples.lightbeam_sensor. Please update your code accordingly.
[15.700s] [ext: omni.isaac.surface_gripper-2.0.6] startup
2026-06-24T02:41:06Z [15,677ms] [Warning] [omni.isaac.surface_gripper] omni.isaac.surface_gripper has been deprecated in favor of isaacsim.robot.surface_gripper. Please update your code accordingly.
[15.708s] [ext: omni.isaac.universal_robots-1.0.6] startup
2026-06-24T02:41:06Z [15,684ms] [Warning] [omni.isaac.universal_robots] omni.isaac.universal_robots has been deprecated in favor of isaacsim.robot.manipulators.examples.universal_robots. Please update your code accordingly.
2026-06-24T02:41:06Z [15,684ms] [Warning] [omni.isaac.universal_robots.kinematics_solver] omni.isaac.franka has been deprecated in favor of isaacsim.robot.manipulators.examples.universal_robots. Please update your code accordingly.
2026-06-24T02:41:06Z [15,688ms] [Warning] [omni.isaac.universal_robots.ur10] omni.isaac.franka has been deprecated in favor of isaacsim.robot.manipulators.examples.universal_robots. Please update your code accordingly.
[15.725s] [ext: isaacsim.robot.wheeled_robots-4.0.24] startup
[15.787s] [ext: omni.isaac.utils-2.0.6] startup
[15.799s] [ext: isaacsim.app.about-2.0.11] startup
[15.814s] [ext: omni.isaac.version-2.0.7] startup
2026-06-24T02:41:06Z [15,788ms] [Warning] [omni.isaac.version] omni.isaac.version has been deprecated in favor of isaacsim.core.version. Please update your code accordingly.
[15.820s] [ext: omni.isaac.wheeled_robots-3.0.7] startup
2026-06-24T02:41:06Z [15,795ms] [Warning] [omni.isaac.wheeled_robots] omni.isaac.wheeled_robots has been deprecated in favor of isaacsim.robot.wheeled_robots. Please update your code accordingly.
2026-06-24T02:41:06Z [15,797ms] [Warning] [omni.isaac.wheeled_robots.controllers] omni.isaac.wheeled_robots has been deprecated in favor of isaacsim.robot.wheeled_robots. Please update your code accordingly.
2026-06-24T02:41:06Z [15,799ms] [Warning] [omni.isaac.wheeled_robots.controllers.ackermann_controller] omni.isaac.wheeled_robots has been deprecated in favor of isaacsim.robot.wheeled_robots. Please update your code accordingly.
2026-06-24T02:41:06Z [15,805ms] [Warning] [omni.isaac.wheeled_robots.controllers.differential_controller] omni.isaac.wheeled_robots has been deprecated in favor of isaacsim.robot.wheeled_robots. Please update your code accordingly.
2026-06-24T02:41:06Z [15,807ms] [Warning] [omni.isaac.wheeled_robots.controllers.holonomic_controller] omni.isaac.wheeled_robots has been deprecated in favor of isaacsim.robot.wheeled_robots. Please update your code accordingly.
2026-06-24T02:41:06Z [15,808ms] [Warning] [omni.isaac.wheeled_robots.controllers.quintic_path_planner] omni.isaac.wheeled_robots has been deprecated in favor of isaacsim.robot.wheeled_robots. Please update your code accordingly.
2026-06-24T02:41:06Z [15,808ms] [Warning] [omni.isaac.wheeled_robots.controllers.stanley_control] omni.isaac.wheeled_robots has been deprecated in favor of isaacsim.robot.wheeled_robots. Please update your code accordingly.
2026-06-24T02:41:06Z [15,809ms] [Warning] [omni.isaac.wheeled_robots.controllers.wheel_base_pose_controller] omni.isaac.wheeled_robots has been deprecated in favor of isaacsim.robot.wheeled_robots. Please update your code accordingly.
2026-06-24T02:41:06Z [15,811ms] [Warning] [omni.isaac.wheeled_robots.impl] omni.isaac.wheeled_robots has been deprecated in favor of isaacsim.robot.wheeled_robots. Please update your code accordingly.
2026-06-24T02:41:06Z [15,812ms] [Warning] [omni.isaac.wheeled_robots.robots] omni.isaac.wheeled_robots has been deprecated in favor of isaacsim.robot.wheeled_robots. Please update your code accordingly.
2026-06-24T02:41:06Z [15,813ms] [Warning] [omni.isaac.wheeled_robots.robots.holonomic_robot_usd_setup] omni.isaac.wheeled_robots has been deprecated in favor of isaacsim.robot.wheeled_robots. Please update your code accordingly.
2026-06-24T02:41:06Z [15,817ms] [Warning] [omni.isaac.wheeled_robots.robots.wheeled_robot] omni.isaac.wheeled_robots has been deprecated in favor of isaacsim.robot.wheeled_robots. Please update your code accordingly.
[15.849s] [ext: omni.kit.widget.imageview-1.0.4] startup
[15.859s] [ext: omni.isaac.window.about-2.0.7] startup
2026-06-24T02:41:06Z [15,847ms] [Warning] [omni.isaac.window.about] omni.isaac.window.about has been deprecated in favor of isaacsim.app.about. Please update your code accordingly.
2026-06-24T02:41:06Z [15,852ms] [Warning] [omni.isaac.window.about.about] omni.isaac.window.about.about has been deprecated in favor of isaacsim.app.about.about. Please update your code accordingly.
[15.886s] [ext: omni.kit.property.audio-1.0.16] startup
[15.897s] [ext: omni.kit.property.camera-1.0.10] startup
[15.912s] [ext: omni.kit.window.quicksearch-2.4.4] startup
[15.942s] [ext: omni.kit.property.geometry-2.0.4] startup
[15.966s] [ext: omni.hydra.scene_api-0.1.2] startup
[15.983s] [ext: omni.kit.property.light-1.0.12] startup
[16.024s] [ext: omni.kit.property.material-1.11.9] startup
[16.041s] [ext: omni.kit.property.render-1.2.1] startup
[16.046s] [ext: omni.kit.property.transform-1.5.13] startup
[16.055s] [ext: isaacsim.gui.property-1.1.3] startup
[16.063s] [ext: omni.kit.manipulator.camera-106.0.4] startup
[16.074s] [ext: omni.isaac.core-4.0.7] startup
2026-06-24T02:41:06Z [16,047ms] [Warning] [omni.isaac.core.physics_context.physics_context] omni.isaac.core.physics_context.physics_context has been deprecated in favor of isaacsim.core.api.physics_context.physics_context. Please update your code accordingly.
2026-06-24T02:41:06Z [16,048ms] [Warning] [omni.isaac.core.simulation_context.simulation_context] omni.isaac.core.simulation_context.simulation_context has been deprecated in favor of isaacsim.core.api.simulation_context.simulation_context. Please update your code accordingly.
2026-06-24T02:41:06Z [16,049ms] [Warning] [omni.isaac.core.world.world] omni.isaac.core.world.world has been deprecated in favor of isaacsim.core.api.world.world. Please update your code accordingly.
2026-06-24T02:41:06Z [16,049ms] [Warning] [omni.isaac.core] omni.isaac.core has been deprecated in favor of isaacsim.core.api. Please update your code accordingly.
[16.080s] [ext: omni.kit.property.bundle-1.4.1] startup
[16.093s] [ext: omni.kit.property.isaac-1.0.6] startup
2026-06-24T02:41:06Z [16,069ms] [Warning] [omni.kit.property.isaac] omni.kit.property.isaac has been deprecated in favor of isaacsim.gui.property. Please update your code accordingly.
2026-06-24T02:41:06Z [16,069ms] [Warning] [omni.kit.property.isaac.widgets] omni.kit.property.isaac.widgets has been deprecated in favor of isaacsim.gui.property.widgets. Please update your code accordingly.
[16.100s] [ext: omni.kit.viewport.menubar.camera-107.0.6] startup
[16.127s] [ext: isaacsim.replicator.writers-1.0.17] startup
[16.191s] [ext: omni.kit.viewport.menubar.render-107.0.10] startup
[16.203s] [ext: omni.kit.viewport.menubar.settings-107.0.3] startup
[16.218s] [ext: omni.kit.window.console-1.1.4] startup
[16.230s] [ext: isaacsim.replicator.domain_randomization-1.0.16] startup
[16.236s] [ext: isaacsim.replicator.examples-1.3.6] startup
[16.251s] [ext: omni.ocio-0.1.1] startup
[16.263s] [ext: omni.rtx.window.settings-0.6.19] startup
[16.289s] [ext: omni.kit.window.status_bar-0.1.9] startup
[16.319s] [ext: omni.kit.window.toolbar-2.0.0] startup
[16.356s] [ext: isaacsim.robot_motion.lula_test_widget-1.0.12] startup
[16.370s] [ext: omni.replicator.isaac-2.0.8] startup
2026-06-24T02:41:06Z [16,348ms] [Warning] [omni.replicator.isaac] omni.replicator.isaac has been deprecated in favor of isaacsim.replicator.domain_randomization, isaacsim.replicator.examples, isaacsim.replicator.writers. Please update your code accordingly.
[16.379s] [ext: omni.kit.menu.create-2.0.1] startup
[16.394s] [ext: omni.rtx.settings.core-0.6.5] startup
[16.416s] [ext: omni.replicator.replicator_yaml-2.0.11] startup
[16.432s] [ext: omni.isaac.manipulators-3.0.7] startup
2026-06-24T02:41:06Z [16,409ms] [Warning] [omni.isaac.manipulators] omni.isaac.manipulators has been deprecated in favor of isaacsim.robot.manipulators. Please update your code accordingly.
2026-06-24T02:41:06Z [16,410ms] [Warning] [omni.isaac.manipulators.controllers] omni.isaac.manipulators has been deprecated in favor of isaacsim.robot.manipulators. Please update your code accordingly.
2026-06-24T02:41:06Z [16,411ms] [Warning] [omni.isaac.manipulators.controllers.pick_place_controller] omni.isaac.manipulators has been deprecated in favor of isaacsim.robot.manipulators. Please update your code accordingly.
2026-06-24T02:41:06Z [16,419ms] [Warning] [omni.isaac.manipulators.controllers.stacking_controller] omni.isaac.manipulators has been deprecated in favor of isaacsim.robot.manipulators. Please update your code accordingly.
2026-06-24T02:41:06Z [16,420ms] [Warning] [omni.isaac.manipulators.grippers] omni.isaac.manipulators has been deprecated in favor of isaacsim.robot.manipulators. Please update your code accordingly.
2026-06-24T02:41:06Z [16,422ms] [Warning] [omni.isaac.manipulators.grippers.gripper] omni.isaac.manipulators has been deprecated in favor of isaacsim.robot.manipulators. Please update your code accordingly.
2026-06-24T02:41:06Z [16,426ms] [Warning] [omni.isaac.manipulators.grippers.parallel_gripper] omni.isaac.manipulators has been deprecated in favor of isaacsim.robot.manipulators. Please update your code accordingly.
2026-06-24T02:41:06Z [16,427ms] [Warning] [omni.isaac.manipulators.grippers.surface_gripper] omni.isaac.manipulators has been deprecated in favor of isaacsim.robot.manipulators. Please update your code accordingly.
2026-06-24T02:41:06Z [16,429ms] [Warning] [omni.isaac.manipulators.manipulators] omni.isaac.manipulators has been deprecated in favor of isaacsim.robot.manipulators. Please update your code accordingly.
2026-06-24T02:41:06Z [16,430ms] [Warning] [omni.isaac.manipulators.manipulators.single_manipulator] omni.isaac.manipulators has been deprecated in favor of isaacsim.robot.manipulators. Please update your code accordingly.
[16.462s] [ext: omni.isaac.lula_test_widget-1.0.6] startup
2026-06-24T02:41:06Z [16,447ms] [Warning] [omni.isaac.lula_test_widget] omni.isaac.lula_test_widget has been deprecated in favor of isaacsim.robot_motion.lula_test_widget. Please update your code accordingly.
[16.477s] [ext: omni.usd.metrics.assembler.ui-107.3.1] startup
[16.530s] [ext: omni.isaac.menu-1.0.6] startup
2026-06-24T02:41:06Z [16,504ms] [Warning] [omni.isaac.menu] omni.isaac.menu has been deprecated in favor of isaacsim.gui.menu. Please update your code accordingly.
[16.535s] [ext: omni.kit.scripting-107.3.2] startup
[16.562s] [ext: semantics.schema.editor-2.0.2] startup
[16.584s] [ext: omni.kit.ui.actions-1.0.5] startup
[16.593s] [ext: semantics.schema.property-2.0.1] startup
[16.602s] [ext: omni.isaac.motion_generation-8.0.7] startup
2026-06-24T02:41:07Z [16,576ms] [Warning] [omni.isaac.motion_generation] omni.isaac.motion_generation has been deprecated in favor of isaacsim.robot_motion.motion_generation. Please update your code accordingly.
2026-06-24T02:41:07Z [16,577ms] [Warning] [omni.isaac.motion_generation.articulation_kinematics_solver] omni.isaac.motion_generation has been deprecated in favor of isaacsim.robot_motion.motion_generation. Please update your code accordingly.
2026-06-24T02:41:07Z [16,578ms] [Warning] [omni.isaac.motion_generation.articulation_motion_policy] omni.isaac.motion_generation has been deprecated in favor of isaacsim.robot_motion.motion_generation. Please update your code accordingly.
2026-06-24T02:41:07Z [16,578ms] [Warning] [omni.isaac.motion_generation.articulation_trajectory] omni.isaac.motion_generation has been deprecated in favor of isaacsim.robot_motion.motion_generation. Please update your code accordingly.
2026-06-24T02:41:07Z [16,580ms] [Warning] [omni.isaac.motion_generation.kinematics_interface] omni.isaac.motion_generation has been deprecated in favor of isaacsim.robot_motion.motion_generation. Please update your code accordingly.
2026-06-24T02:41:07Z [16,581ms] [Warning] [omni.isaac.motion_generation.lula] omni.isaac.motion_generation has been deprecated in favor of isaacsim.robot_motion.motion_generation. Please update your code accordingly.
2026-06-24T02:41:07Z [16,581ms] [Warning] [omni.isaac.motion_generation.lula.kinematics] omni.isaac.motion_generation has been deprecated in favor of isaacsim.robot_motion.motion_generation. Please update your code accordingly.
2026-06-24T02:41:07Z [16,582ms] [Warning] [omni.isaac.motion_generation.lula.motion_policies] omni.isaac.motion_generation has been deprecated in favor of isaacsim.robot_motion.motion_generation. Please update your code accordingly.
2026-06-24T02:41:07Z [16,583ms] [Warning] [omni.isaac.motion_generation.lula.path_planners] omni.isaac.motion_generation has been deprecated in favor of isaacsim.robot_motion.motion_generation. Please update your code accordingly.
2026-06-24T02:41:07Z [16,584ms] [Warning] [omni.isaac.motion_generation.lula.trajectory_generator] omni.isaac.motion_generation has been deprecated in favor of isaacsim.robot_motion.motion_generation. Please update your code accordingly.
2026-06-24T02:41:07Z [16,584ms] [Warning] [omni.isaac.motion_generation.motion_policy_controller] omni.isaac.motion_generation has been deprecated in favor of isaacsim.robot_motion.motion_generation. Please update your code accordingly.
2026-06-24T02:41:07Z [16,585ms] [Warning] [omni.isaac.motion_generation.motion_policy_interface] omni.isaac.motion_generation has been deprecated in favor of isaacsim.robot_motion.motion_generation. Please update your code accordingly.
2026-06-24T02:41:07Z [16,586ms] [Warning] [omni.isaac.motion_generation.path_planner_visualizer] omni.isaac.motion_generation has been deprecated in favor of isaacsim.robot_motion.motion_generation. Please update your code accordingly.
2026-06-24T02:41:07Z [16,587ms] [Warning] [omni.isaac.motion_generation.path_planning_interface] omni.isaac.motion_generation has been deprecated in favor of isaacsim.robot_motion.motion_generation. Please update your code accordingly.
2026-06-24T02:41:07Z [16,588ms] [Warning] [omni.isaac.motion_generation.trajectory] omni.isaac.motion_generation has been deprecated in favor of isaacsim.robot_motion.motion_generation. Please update your code accordingly.
2026-06-24T02:41:07Z [16,589ms] [Warning] [omni.isaac.motion_generation.world_interface] omni.isaac.motion_generation has been deprecated in favor of isaacsim.robot_motion.motion_generation. Please update your code accordingly.
[16.621s] [ext: omni.anim.curve.core-1.3.1] startup
[16.668s] [ext: isaacsim.replicator.behavior-1.1.16] startup
[16.671s] [ext: omni.mdl.usd_converter-1.0.30] startup
[16.678s] [ext: omni.kit.menu.common-2.0.1] startup
[16.682s] [ext: isaacsim.exp.base-5.1.0] startup
[16.684s] [ext: omni.kit.stage.mdl_converter-1.0.8] startup
[16.688s] [ext: isaacsim.examples.extension-2.0.12] startup
[16.691s] [ext: isaacsim.sensors.physics.examples-0.1.15] startup
[16.698s] [ext: isaacsim.sensors.physics.ui-0.1.12] startup
[16.722s] [ext: isaacsim.replicator.behavior.ui-1.0.5] startup
[16.734s] [ext: isaacsim.examples.interactive-4.7.4] startup
[16.842s] [ext: omni.kit.graph.delegate.modern-1.10.9] startup
[16.889s] [ext: omni.anim.curve.ui-1.4.1] startup
[16.973s] [ext: omni.kit.actions.window-1.1.3] startup
[17.008s] [ext: omni.kit.graph.widget.variables-2.1.0] startup
[17.017s] [ext: isaacsim.util.physics-1.1.5] startup
[17.047s] [ext: omni.anim.curve.bundle-1.2.3] startup
[17.049s] [ext: omni.kit.hotkeys.window-1.4.9] startup
[17.091s] [ext: omni.graph.window.core-2.0.0] startup
[17.134s] [ext: omni.graph.bundle.action-2.30.0] startup
[17.141s] [ext: isaacsim.asset.importer.heightmap-2.0.6] startup
[17.157s] [ext: isaacsim.robot.wheeled_robots.ui-2.1.23] startup
[17.167s] [ext: omni.graph.window.generic-1.50.2] startup
[17.197s] [ext: omni.simready.explorer-1.1.3] startup
[17.238s] [ext: omni.isaac.block_world-2.0.6] startup
2026-06-24T02:41:07Z [17,213ms] [Warning] [omni.isaac.block_world] ['omni.isaac.block_world'] has been deprecated in favor of ['isaacsim.asset.importer.heightmap']. Please update your code accordingly.
[17.245s] [ext: isaacsim.asset.gen.omap-2.0.29] startup
[17.261s] [ext: isaacsim.robot_setup.gain_tuner-3.0.6] startup
[17.294s] [ext: isaacsim.robot_setup.grasp_editor-2.0.20] startup
[17.320s] [ext: omni.isaac.extension_templates-2.0.7] startup
2026-06-24T02:41:07Z [17,298ms] [Warning] [omni.isaac.extension_templates] omni.isaac.extension_templates has been deprecated in favor of isaacsim.examples.extension. Please update your code accordingly.
[17.334s] [ext: isaacsim.asset.gen.omap.ui-2.2.3] startup
[17.338s] [ext: omni.isaac.gain_tuner-2.0.5] startup
[17.343s] [ext: omni.isaac.grasp_editor-2.0.7] startup
2026-06-24T02:41:07Z [17,319ms] [Warning] [omni.isaac.grasp_editor] omni.isaac.grasp_editor has been deprecated in favor of isaacsim.robot_setup.grasp_editor. Please update your code accordingly.
[17.355s] [ext: omni.isaac.occupancy_map-2.0.8] startup
2026-06-24T02:41:07Z [17,331ms] [Warning] [omni.isaac.occupancy_map] omni.isaac.occupancy_map has been deprecated in favor of isaacsim.asset.gen.omap. Please update your code accordingly.
[17.368s] [ext: omni.isaac.occupancy_map.ui-2.0.8] startup
2026-06-24T02:41:07Z [17,343ms] [Warning] [omni.isaac.occupancy_map.ui] omni.isaac.occupancy_map.ui has been deprecated in favor of isaacsim.asset.gen.omap.ui. Please update your code accordingly.
[17.374s] [ext: isaacsim.sensors.rtx.ui-1.1.6] startup
[17.387s] [ext: isaacsim.robot_setup.assembler-3.0.11] startup
[17.423s] [ext: isaacsim.robot_setup.xrdf_editor-3.1.11] startup
[17.441s] [ext: isaacsim.replicator.scene_blox-1.0.8] startup
2026-06-24T02:41:07Z [17,417ms] [Warning] [isaacsim.replicator.scene_blox] isacsim.replicator.scene_blox has been deprecated since Isaac Sim 5.0.0.
[17.448s] [ext: isaacsim.replicator.synthetic_recorder-2.2.17] startup
[17.466s] [ext: isaacsim.robot.manipulators.ui-2.1.23] startup
[17.479s] [ext: omni.isaac.robot_assembler-2.0.8] startup
2026-06-24T02:41:07Z [17,457ms] [Warning] [omni.isaac.robot_assembler] omni.isaac.robot_assembler has been deprecated in favor of isaacsim.robot_setup.assembler. Please update your code accordingly.
[17.494s] [ext: omni.isaac.robot_description_editor-3.0.5] startup
[17.499s] [ext: omni.isaac.scene_blox-1.0.6] startup
2026-06-24T02:41:07Z [17,482ms] [Warning] [omni.isaac.scene_blox] omni.isaac.scene_blox has been deprecated in favor of isaacsim.replicator.scene_blox. Please update your code accordingly.
[17.516s] [ext: omni.isaac.synthetic_recorder-2.0.6] startup
2026-06-24T02:41:07Z [17,491ms] [Warning] [omni.isaac.synthetic_recorder] omni.isaac.synthetic_recorder has been deprecated in favor of isaacsim.replicator.synthetic_recorder. Please update your code accordingly.
[17.521s] [ext: omni.isaac.throttling-2.0.7] startup
2026-06-24T02:41:07Z [17,503ms] [Warning] [omni.isaac.throttling] omni.isaac.throttling has been deprecated in favor of isaacsim.core.throttling. Please update your code accordingly.
2026-06-24T02:41:07Z [17,505ms] [Warning] [omni.isaac.throttling.throttling] omni.isaac.throttling.throttling has been deprecated in favor of isaacsim.core.throttling.extension. Please update your code accordingly.
[17.536s] [ext: omni.kit.browser.asset-1.3.12] startup
[17.550s] [ext: omni.kit.mesh.raycast-107.0.1] startup
[17.565s] [ext: omni.kit.preferences.animation-1.2.0] startup
[17.582s] [ext: omni.graph.window.action-1.50.2] startup
[17.615s] [ext: omni.kit.property.collection-0.2.3] startup
[17.634s] [ext: omni.kit.property.layer-1.1.9] startup
[17.647s] [ext: omni.kit.stagerecorder.core-107.0.3] startup
[17.662s] [ext: omni.kit.search.files-1.0.4] startup
[17.671s] [ext: omni.kit.stage.copypaste-1.2.4] startup
[17.681s] [ext: omni.kit.browser.material-1.6.2] startup
[17.702s] [ext: omni.kit.window.title-1.1.7] startup
[17.710s] [ext: omni.kit.widgets.custom-1.0.13] startup
[17.787s] [ext: omni.kit.stagerecorder.ui-107.0.1] startup
[18.097s] [ext: omni.kit.stage_column.payload-2.0.3] startup
[18.234s] [ext: omni.kit.tool.remove_unused.core-0.1.3] startup
[18.353s] [ext: omni.kit.window.material-1.7.2] startup
[18.361s] [ext: omni.kit.stage_column.variant-1.0.17] startup
[18.367s] [ext: omni.kit.variant.editor-107.5.3] startup
[18.383s] [ext: omni.kit.stagerecorder.bundle-105.0.2] Starting kit application with the following args:  ['/home/robotics/isaac-sim-5.1/lib/python3.11/site-packages/isaacsim/exts/isaacsim.simulation_app/isaacsim/simulation_app/simulation_app.py', '/home/robotics/isaac-sim-5.1/lib/python3.11/site-packages/isaacsim/apps/isaacsim.exp.full.kit', '--/app/tokens/exe-path=/home/robotics/isaac-sim-5.1/lib/python3.11/site-packages/isaacsim/kit', '--/persistent/app/viewport/displayOptions=3286', '--/rtx/materialDb/syncLoads=True', '--/rtx/hydra/materialSyncLoads=True', '--/omni.kit.plugin/syncUsdLoads=True', '--/app/renderer/resolution/width=1920', '--/app/renderer/resolution/height=1080', '--/app/window/width=1920', '--/app/window/height=1080', '--/renderer/multiGpu/enabled=True', '--/app/fastShutdown=True', '--/app/installSignalHandlers=0', '--ext-folder', '/home/robotics/isaac-sim-5.1/lib/python3.11/site-packages/isaacsim/exts', '--ext-folder', '/home/robotics/isaac-sim-5.1/lib/python3.11/site-packages/isaacsim/apps', '--/physics/cudaDevice=0', '--/plugins/carb.tasking.plugin/threadCount=16', '--/plugins/omni.tbb.globalcontrol/maxThreadCount=16', '--portable', '--/app/window/hideUi=False']
Passing the following args to the base kit application:  ['--config', 'config/sim_config_gui.yaml']
Warp 1.8.2 initialized:
   CUDA Toolkit 12.8, Driver 13.0
   Devices:
     "cpu"      : "x86_64"
     "cuda:0"   : "NVIDIA GeForce RTX 2070" (8 GiB, sm_75, mempool enabled)
   Kernel cache:
     /home/robotics/.cache/warp/1.8.2
Warp DeprecationWarning: The `warp.sim` module is deprecated and will be removed in v1.10. Please transition to using the forthcoming Newton library instead.
startup
[18.387s] [ext: omni.kit.tool.asset_exporter-4.0.5] startup
[18.389s] [ext: omni.services.facilities.base-1.0.4] startup
[18.393s] [ext: omni.kit.tool.remove_unused.controller-0.1.4] startup
[18.396s] [ext: omni.kit.usda_edit-1.1.18] startup
[18.423s] [ext: omni.kit.variant.presenter-107.0.0] startup
[18.432s] [ext: omni.kit.viewport.bundle-104.0.1] startup
[18.436s] [ext: omni.kit.viewport.rtx-104.0.1] startup
[18.437s] [ext: omni.services.core-1.9.0] startup
[18.979s] [ext: omni.kit.widget.live-2.1.11] startup
[18.983s] [ext: omni.kit.widget.calendar-1.0.9] startup
[18.986s] [ext: omni.services.transport.client.base-1.2.4] startup
[18.989s] [ext: omni.kit.viewport_widgets_manager-1.0.9] startup
[18.991s] [ext: omni.usdex.libs-1.2.2] startup
[19.003s] [ext: omni.scene.optimizer.core-107.3.12] startup
[19.045s] [ext: omni.kit.widget.cache_indicator-3.0.7] startup
2026-06-24T02:41:09Z [19,017ms] [Warning] [omni.kit.pipapi.pipapi] extension omni.kit.widget.cache_indicator-3.0.7 has a [python.pipapi] entry, but use_online_index=true is not set. It doesn't do anything and can be removed.
2026-06-24T02:41:09Z [19,081ms] [Warning] [omni.kit.widget.cache_indicator.cache_state_menu] Unable to detect Omniverse Cache Server. File /home/robotics/.nvidia-omniverse/config/omniverse.toml is not found. Consider installing it for better IO performance.
[19.111s] [ext: omni.kit.widget.extended_searchfield-1.0.31] startup
[19.123s] [ext: omni.services.client-0.5.3] startup
[19.129s] [ext: omni.kit.widget.schema_api-1.0.3] startup
[19.132s] [ext: omni.isaac.physics_inspector-0.1.11] startup
2026-06-24T02:41:09Z [19,103ms] [Warning] [omni.isaac.physics_inspector] omni.isaac.physics_inspector has been deprecated.Replaced by Physics Visualization tools
[19.133s] [ext: omni.kit.converter.common-507.1.2] startup
[19.137s] [ext: omni.services.transport.server.base-1.1.1] startup
[19.139s] [ext: omni.physx.demos-107.3.26] startup
[19.171s] [ext: omni.asset_validator.core-1.1.6] startup
[19.234s] [ext: omni.kit.property.physx-107.3.26] startup
[19.270s] [ext: omni.services.facilities.monitoring.progress-0.2.4] startup
[19.279s] [ext: isaacsim.util.merge_mesh-2.0.15] startup
[19.282s] [ext: omni.services.transport.server.http-1.3.1] startup
[19.313s] [ext: omni.services.transport.client.http_async-1.4.0] startup
[19.317s] [ext: omni.kit.widget.timeline-107.0.1] startup
[19.323s] [ext: omni.physx.vehicle-107.3.26] startup
[19.348s] [ext: omni.kit.window.script_editor-2.0.1] startup
[19.355s] [ext: omni.asset_validator.ui-1.1.6] startup
[19.373s] [ext: omni.physx.asset_validator-107.3.26] startup
[19.394s] [ext: omni.services.convert.cad-507.0.2] startup
[19.404s] [ext: isaacsim.sensors.physx.ui-2.3.0] startup
[19.407s] [ext: omni.physx.camera-107.3.26] startup
[19.427s] [ext: omni.physx.cct-107.3.26] startup
[19.442s] [ext: omni.physx.graph-107.3.26] startup
[19.463s] [ext: omni.physx.supportui-107.3.26] startup
[19.490s] [ext: omni.physx.telemetry-107.3.26] startup
[19.501s] [ext: omni.kit.converter.dgn_core-510.1.0] startup
[19.588s] [ext: omni.isaac.range_sensor.ui-2.0.5] startup
2026-06-24T02:41:10Z [19,558ms] [Warning] [omni.isaac.range_sensor.ui] omni.isaac.range_sensor.ui has been deprecated in favor of isaacsim.sensors.physx.ui. Please update your code accordingly.
2026-06-24T02:41:10Z [19,565ms] [Warning] [omni.isaac.range_sensor.ui.menu] omni.isaac.range_sensor.ui.menu has been deprecated in favor of isaacsim.sensors.physx.ui.menu. Please update your code accordingly.
[19.595s] [ext: omni.kit.converter.hoops_core-509.1.0] startup
[19.611s] [ext: omni.kit.window.usd_paths-1.0.8] startup
[19.620s] [ext: omni.kit.converter.jt_core-508.1.0] startup
[19.646s] [ext: omni.services.facilities.monitoring.metrics-0.3.0] startup
[19.669s] [ext: omni.physx.bundle-107.3.26] startup
[19.671s] [ext: omni.kit.converter.dgn-509.1.0] startup
[19.678s] [ext: isaacsim.sensors.physx.examples-2.2.15] startup
[19.682s] [ext: omni.kit.converter.hoops-509.1.0] startup
[19.693s] [ext: isaacsim.replicator.grasping-1.0.9] startup
[20.294s] [ext: omni.kit.converter.jt-508.1.0] startup
[20.298s] [ext: omni.services.convert.asset-508.0.2] startup
[20.312s] [ext: omni.kit.quicklayout-1.0.8] startup
[20.315s] [ext: omni.kit.window.commands-0.2.9] startup
[20.319s] [ext: omni.isaac.range_sensor.examples-2.0.6] startup
2026-06-24T02:41:10Z [20,292ms] [Warning] [omni.isaac.range_sensor.examples] omni.isaac.range_sensor.examples has been deprecated in favor of isaacsim.sensors.physx.examples. Please update your code accordingly.
2026-06-24T02:41:10Z [20,292ms] [Warning] [omni.isaac.range_sensor.examples.lidar_info] omni.isaac.range_sensor.examples.lidar_info has been deprecated in favor of isaacsim.sensors.physx.examples.lidar_info. Please update your code accordingly.
2026-06-24T02:41:10Z [20,292ms] [Warning] [omni.isaac.range_sensor.examples.generic_info] omni.isaac.range_sensor.examples.generic_info has been deprecated in favor of isaacsim.sensors.physx.examples.generic_info. Please update your code accordingly.
[20.322s] [ext: isaacsim.util.camera_inspector-1.0.16] startup
[20.334s] [ext: isaacsim.replicator.grasping.ui-1.0.8] startup
[20.351s] [ext: isaacsim.asset.validation-1.1.0] startup
[20.408s] [ext: omni.kit.converter.cad-205.0.0] startup
[20.408s] [ext: omni.kit.window.stats-0.1.7] startup
[20.411s] [ext: isaacsim.app.setup-1.6.0] startup
[20.413s] Isaac Sim Full Version: 5.1.0-rc.19
[20.413s] Writing Isaac Sim icon file
[20.414s] [ext: omni.kit.profiler.window-2.3.5] startup
[20.701s] [ext: isaacsim.exp.full-5.1.0] startup
[20.708s] Simulation App Starting
2026-06-24T02:41:12Z [21,637ms] [Warning] [omni.fabric.plugin] Warning: attribute viewportHandle not found for bucket id 9

2026-06-24T02:41:12Z [21,872ms] [Warning] [usdrt.population.plugin] [UsdNoticeHandler] Unhandled attribute type VtArray<std::string> (prim attribute: omni:rtx:material:db:flattener:reflection_roughness_constant)
2026-06-24T02:41:12Z [21,872ms] [Warning] [usdrt.population.plugin] [UsdNoticeHandler] Unhandled attribute type VtArray<std::string> (prim attribute: omni:rtx:material:db:flattener:ior_constant)
2026-06-24T02:41:12Z [21,872ms] [Warning] [usdrt.population.plugin] [UsdNoticeHandler] Unhandled attribute type VtArray<std::string> (prim attribute: omni:rtx:material:db:flattener:transmittance_color)
[21.937s] [ext: isaacsim.ros2.bridge-4.12.4] startup
[21.968s] Using backup internal ROS2 humble distro
[21.981s] To use the internal libraries included with the extension please set the following environment variables to use with FastDDS (default) or CycloneDDS before starting Isaac Sim:

FastDDS (default):
export ROS_DISTRO=humble
export RMW_IMPLEMENTATION=rmw_fastrtps_cpp
export LD_LIBRARY_PATH=$LD_LIBRARY_PATH:/home/robotics/isaac-sim-5.1/lib/python3.11/site-packages/isaacsim/exts/isaacsim.ros2.bridge/humble/lib

OR

CycloneDDS:
export ROS_DISTRO=humble
export RMW_IMPLEMENTATION=rmw_cyclonedds_cpp
export LD_LIBRARY_PATH=$LD_LIBRARY_PATH:/home/robotics/isaac-sim-5.1/lib/python3.11/site-packages/isaacsim/exts/isaacsim.ros2.bridge/humble/lib


2026-06-24T02:41:12Z [21,952ms] [Error] [isaacsim.ros2.bridge.impl.extension] ROS2 Bridge startup failed
[22.288s] [ext: isaacsim.ros2.bridge-4.12.4] shutdown
[25.607s] app ready
Checking to see if RMW can be loaded:
failed to get symbol 'rmw_init_options_init' due to Environment variable 'AMENT_PREFIX_PATH' is not set or empty, at /workspace/humble_ws/src/rmw_implementation/src/functions.cpp:171, at /workspace/humble_ws/src/rcl/rcl/src/rcl/init_options.c:75
RMW was not loaded

[simulator] Config     : config/sim_config_gui.yaml
[simulator] Input dir  : /home/robotics/Documents/assignment2/palletizing_simulator/algorithm_results
[simulator] Output dir : /home/robotics/Documents/assignment2/palletizing_simulator/sim_results
[simulator] Found 2 input file(s)
  - box_sequence_0.json
  - box_sequence_1.json
[simulator] drop_offset=0.02m  settle_steps(max)=10  settle_vel=0.05m/s  final_steps=100
[simulator] auto_start : False
[simulator] Waiting for Isaac Sim PLAY button...
[simulator] PLAY detected. Starting simulation.

[simulator] ══ Processing: box_sequence_0.json ══
[simulator] plan=91  buffer_size=0  source_boxes=250
[simulator] initial buffer ids = []
[simulator] Final settle 100 steps …
[simulator] All steps done  (total 34.7s)
[evaluator] [SUCCESS]  ok=91/91  stacking=65.5% [65.5%]  collapse=0  oob=0  drop=0  buffer=0  score=85.5 (stacking=65.5 + buffer_bonus=20)
[simulator] Screenshot → /home/robotics/Documents/assignment2/palletizing_simulator/sim_results/box_sequence_0_result.png

[simulator] ══ Processing: box_sequence_1.json ══
[simulator] plan=79  buffer_size=0  source_boxes=250
[simulator] initial buffer ids = []
[simulator] Final settle 100 steps …
[simulator] All steps done  (total 47.2s)
[evaluator] [SUCCESS]  ok=79/79  stacking=67.6% [67.6%]  collapse=0  oob=0  drop=0  buffer=0  score=87.6 (stacking=67.6 + buffer_bonus=20)
[simulator] Screenshot → /home/robotics/Documents/assignment2/palletizing_simulator/sim_results/box_sequence_1_result.png

[evaluator] ══ Result ══
  ✓ box_sequence_0.json  stacking=65.5% [65.5%]  ok=91/91  time=0.0s  buffer=0  score=85.5 (stacking=65.5 + bonus=20)
  ✓ box_sequence_1.json  stacking=67.6% [67.6%]  ok=79/79  time=0.0s  buffer=0  score=87.6 (stacking=67.6 + bonus=20)
  ───────────────────────────────────────────────────────
  summary : episodes 2 success / 0 failure / 0 height_overflow
            avg stacking rate  66.5% [66.5%]
            avg success rate   100.0%
            avg score          86.55
            total processing time 102.5s
[evaluator] Saved → /home/robotics/Documents/assignment2/palletizing_simulator/sim_results/result.json

[simulator] All files processed.
[26.105s] Simulation App Startup Complete
[26.868s] Isaac Sim Full App is loaded.
2026-06-24T02:41:57Z [67,015ms] [Warning] [omni.syntheticdata.plugin] OgnSdPostRenderVarToHost : rendervar copy from texture directly to host buffer is counter-performant. Please use copy from texture to device buffer first.
2026-06-24T02:42:03Z [73,527ms] [Warning] [omni.physx.tensors.plugin] prim '/World/box_000' was deleted while being used by a shape in a tensor view class. The physics.tensors simulationView was invalidated.
2026-06-24T02:42:04Z [74,344ms] [Warning] [omni.syntheticdata.plugin] SdRenderVarPtr missing valid input renderVar LdrColorSDhost
2026-06-24T02:42:58Z [128,322ms] [Warning] [omni.physx.tensors.plugin] prim '/World/box_000' was deleted while being used by a shape in a tensor view class. The physics.tensors simulationView was invalidated.
[130.288s] Simulation App Shutting Down
[run_gui] 정상 종료.
