[run_gui] DISPLAY=:0  XAUTHORITY=/run/user/1000/gdm/Xauthority
[run_gui] 시도 1/5 ...
Loading user config located at: '/home/robotics/isaac-sim-5.1/lib/python3.11/site-packages/isaacsim/kit/data/Kit/Isaac-Sim Full/5.1/user.config.json'
[Info] [carb] Logging to file: /home/robotics/isaac-sim-5.1/lib/python3.11/site-packages/isaacsim/kit/logs/Kit/Isaac-Sim Full/5.1/kit_20260623_121954.log
2026-06-23T03:19:54Z [1ms] [Warning] [carb.crashreporter-breakpad.plugin] [previous crash] preventing upload of minidump due to user opt-out: '/home/robotics/isaac-sim-5.1/lib/python3.11/site-packages/isaacsim/kit/data/Kit/Isaac-Sim Full/5.1/fb8ae0e9-7260-4fc1-ad115cbd-67efa459.dmp'
2026-06-23T03:19:54Z [2ms] [Warning] [carb.crashreporter-breakpad.plugin] [previous crash] preventing upload of minidump due to user opt-out: '/home/robotics/isaac-sim-5.1/lib/python3.11/site-packages/isaacsim/kit/data/Kit/Isaac-Sim Full/5.1/8e2d15ff-c11f-46b2-9b12aa91-fede97c9.dmp'
2026-06-23T03:19:54Z [2ms] [Warning] [carb.crashreporter-breakpad.plugin] [previous crash] preventing upload of minidump due to user opt-out: '/home/robotics/isaac-sim-5.1/lib/python3.11/site-packages/isaacsim/kit/data/Kit/Isaac-Sim Full/5.1/e19b91f0-5466-4e57-009c328b-71d2de40.dmp'
[0.105s] [ext: omni.kit.async_engine-0.0.3] startup
[0.392s] [ext: omni.metrics.core-0.0.3] startup
[0.393s] [ext: omni.client.lib-1.1.0] startup
[0.410s] [ext: omni.blobkey-1.1.2] startup
[0.410s] [ext: omni.stats-1.0.1] startup
[0.411s] [ext: omni.datastore-0.0.0] startup
[0.418s] [ext: omni.client-1.3.0] startup
[0.424s] [ext: omni.ujitso.default-1.0.0] startup
[0.427s] [ext: omni.hsscclient-1.1.2] startup
[0.432s] [ext: omni.gpu_foundation.shadercache.vulkan-1.0.0] startup
[0.434s] [ext: omni.assets.plugins-0.0.0] startup
[0.436s] [ext: omni.gpu_foundation-0.0.0] startup
[0.447s] [ext: carb.windowing.plugins-1.0.0] startup
[0.462s] [ext: omni.kit.renderer.init-0.0.0] startup

|---------------------------------------------------------------------------------------------|
| Driver Version: 580.159.03    | Graphics API: Vulkan
|=============================================================================================|
| GPU | Name                             | Active | LDA | GPU Memory | Vendor-ID | LUID       |
|     |                                  |        |     |            | Device-ID | UUID       |
|     |                                  |        |     |            | Bus-ID    |            |
|---------------------------------------------------------------------------------------------|
| 0   | NVIDIA GeForce RTX 2070          | Yes: 0 |     | 8438    MB | 10de      | 0          |
|     |                                  |        |     |            | 1f07      | cfe4294b.. |
|     |                                  |        |     |            | 7         |            |
|=============================================================================================|
| OS: 22.04.5 LTS (Jammy Jellyfish) ubuntu, Version: 22.04.5, Kernel: 6.8.0-106-generic
| XServer Vendor: The X.Org Foundation, XServer Version: 12101004 (1.21.1.4)
| Processor: AMD Ryzen 7 2700 Eight-Core Processor
| Cores: 8 | Logical Cores: 16
|---------------------------------------------------------------------------------------------|
| Total Memory (MB): 31990 | Free Memory: 24746
| Total Page/Swap (MB): 26688 | Free Page/Swap: 26687
|---------------------------------------------------------------------------------------------|
2026-06-23T03:19:56Z [1,462ms] [Warning] [gpu.foundation.plugin] IOMMU is enabled.
[1.742s] [ext: omni.kit.telemetry-0.5.2] startup
[1.800s] [ext: omni.materialx.libs-1.0.7] startup
[1.811s] [ext: omni.services.pip_archive-0.16.0] startup
[1.812s] [ext: omni.kit.loop-isaac-1.3.7] startup
[1.813s] [ext: omni.kit.test-2.0.1] startup
[1.889s] [ext: omni.usd.config-1.0.6] startup
[1.895s] [ext: omni.gpucompute.plugins-0.0.0] startup
[1.896s] [ext: omni.usd.libs-1.0.1] startup
[1.999s] [ext: omni.kit.pipapi-0.0.0] startup
[2.000s] [ext: omni.mdl-56.0.3] startup
[2.115s] [ext: omni.iray.libs-0.0.0] startup
[2.124s] [ext: omni.mdl.neuraylib-0.2.12] startup
[2.127s] [ext: omni.kit.usd.mdl-1.1.5] startup
[2.254s] [ext: omni.appwindow-1.1.10] startup
[3.374s] [ext: omni.kit.renderer.core-1.1.0] startup
[9.451s] [ext: omni.kit.renderer.capture-0.0.0] startup
[9.456s] [ext: omni.kit.renderer.imgui-2.0.5] startup
[9.564s] [ext: omni.ui-2.27.1] startup
[9.575s] [ext: omni.kit.mainwindow-1.0.3] startup
[9.577s] [ext: carb.audio-0.1.0] startup
[9.584s] [ext: omni.uiaudio-1.0.0] startup
[9.585s] [ext: omni.kit.uiapp-0.0.0] startup
[9.585s] [ext: omni.usd.schema.metrics.assembler-107.3.1] startup
[9.588s] [ext: omni.anim.navigation.schema-107.3.3] startup
[9.591s] [ext: omni.usd.schema.flow-107.1.1] startup
[9.592s] [ext: omni.usd.schema.anim-0.0.0] startup
[9.613s] [ext: omni.usd.schema.omniscripting-1.0.0] startup
[9.617s] [ext: omni.usd.schema.semantics-0.0.0] startup
[9.619s] [ext: omni.usd.schema.scene.visualization-2.0.2] startup
[9.621s] [ext: omni.anim.graph.schema-107.3.3] startup
[9.628s] [ext: isaacsim.robot.schema-3.6.0] startup
[9.637s] [ext: omni.usd.schema.omnigraph-1.0.0] startup
[9.644s] [ext: omni.usd.schema.audio-0.0.0] startup
[9.648s] [ext: omni.usd.schema.geospatial-0.0.0] startup
[9.651s] [ext: omni.usd.schema.isaac-3.0.5] startup
[9.651s] [ext: omni.usd_resolver-1.0.0] startup
[9.656s] [ext: omni.usd.core-1.5.3] startup
[9.659s] [ext: omni.usd.schema.render_settings.rtx-0.0.0] startup
[9.679s] [ext: omni.graph.exec-0.9.6] startup
[9.680s] [ext: omni.kit.audiodeviceenum-1.0.2] startup
[9.682s] [ext: omni.kit.window.popup_dialog-2.0.24] startup
[9.687s] [ext: omni.kit.exec.core-0.13.4] startup
[9.689s] [ext: omni.activity.core-1.0.3] startup
[9.691s] [ext: omni.kit.widget.nucleus_connector-2.0.1] startup
[9.693s] [ext: omni.kit.usd_undo-0.1.8] startup
[9.694s] [ext: omni.kit.actions.core-1.0.0] startup
[9.697s] [ext: usdrt.scenegraph-7.6.1] startup
[9.743s] [ext: omni.resourcemonitor-107.0.1] startup
[9.746s] [ext: omni.kit.commands-1.4.10] startup
[9.750s] [ext: omni.hydra.usdrt_delegate-7.5.1] startup
[9.757s] [ext: omni.timeline-1.0.14] startup
[9.760s] [ext: omni.hydra.scene_delegate-0.3.4] startup
[9.765s] [ext: omni.usd-1.13.10] startup
[9.798s] [ext: omni.inspect-1.0.2] startup
[9.800s] [ext: omni.kit.notification_manager-1.0.10] startup
[9.802s] [ext: omni.graph.core-2.184.5] startup
[9.805s] [ext: isaacsim.core.deprecation_manager-0.2.7] startup
[9.806s] [ext: omni.usd.schema.omni_sensors-0.0.0] startup
[9.807s] [ext: omni.kit.asset_converter-5.0.17] startup
[9.823s] [ext: omni.usd.schema.omni_lens_distortion-0.0.0] startup
[9.823s] [ext: omni.usd.schema.physx-107.3.26] startup
[9.867s] [ext: omni.kit.collaboration.telemetry-1.1.0] startup
[9.868s] [ext: omni.volume-0.5.2] startup
[9.871s] [ext: omni.kit.manipulator.selector-1.1.3] startup
[9.873s] [ext: omni.kit.collaboration.channel_manager-1.0.14] startup
[9.874s] [ext: omni.kit.menu.core-1.1.2] startup
[9.875s] [ext: omni.kit.usd.layers-2.2.11] startup
[9.885s] [ext: omni.kit.menu.utils-2.0.5] startup
[9.894s] [ext: omni.ui.scene-1.11.5] startup
[9.901s] [ext: omni.kit.primitive.mesh-1.0.17] startup
[9.905s] [ext: omni.kit.manipulator.viewport-107.0.1] startup
[9.906s] [ext: omni.fabric.commands-1.1.6] startup
[9.909s] [ext: omni.kit.helper.file_utils-0.1.9] startup
[9.911s] [ext: omni.kit.widget.nucleus_info-2.0.2] startup
[9.912s] [ext: omni.kit.widget.filebrowser-2.12.3] startup
[9.918s] [ext: omni.kit.search_core-1.0.8] startup
[9.919s] [ext: omni.kit.widget.options_menu-1.1.6] startup
[9.922s] [ext: omni.kit.widget.search_delegate-1.0.7] startup
[9.923s] [ext: omni.kit.widget.path_field-2.0.11] startup
[9.924s] [ext: omni.kit.widget.options_button-1.0.3] startup
[9.925s] [ext: omni.index.libs-380600.8087.0] startup
[9.925s] [ext: omni.kit.widget.browser_bar-2.0.10] startup
[9.926s] [ext: omni.kit.widget.context_menu-1.2.5] startup
[9.927s] [ext: omni.index-1.0.1] startup
[9.928s] [ext: omni.ujitso.client-0.0.0] startup
[9.929s] [ext: omni.hydra.rtx.shadercache.vulkan-1.0.0] startup
[9.930s] [ext: omni.kit.widget.versioning-1.4.10] startup
[9.933s] [ext: omni.kit.clipboard-1.0.5] startup
[9.934s] [ext: omni.hydra.rtx-1.0.0] startup
2026-06-23T03:20:04Z [9,925ms] [Warning] [omni.log] Source: omni.hydra was already registered.
[9.982s] [ext: omni.kit.window.filepicker-2.13.4] startup
[9.999s] [ext: omni.kit.context_menu-1.8.6] startup
[10.001s] [ext: omni.kit.viewport.scene_camera_model-1.0.6] startup
[10.007s] [ext: omni.kit.hydra_texture-1.4.6] startup
[10.011s] [ext: omni.kit.window.file_importer-1.1.18] startup
[10.014s] [ext: omni.kit.viewport.legacy_gizmos-1.0.19] startup
[10.017s] [ext: omni.kit.raycast.query-1.1.0] startup
[10.023s] [ext: omni.kit.material.library-2.0.7] startup
[10.029s] [ext: omni.kit.widget.viewport-107.1.3] startup
[10.035s] [ext: omni.kit.widget.searchable_combobox-1.0.6] startup
[10.036s] [ext: omni.kit.window.drop_support-1.0.5] startup
[10.036s] [ext: omni.kit.viewport.registry-104.0.6] startup
[10.037s] [ext: omni.hydra.engine.stats-1.0.3] startup
[10.039s] [ext: omni.kit.widget.settings-1.2.6] startup
[10.042s] [ext: omni.kit.viewport.window-107.2.0] startup
[10.063s] [ext: omni.kit.window.preferences-1.8.0] startup
[10.072s] [ext: omni.kit.widget.toolbar-2.0.1] startup
[10.081s] [ext: omni.kit.viewport.utility-1.1.2] startup
[10.081s] [ext: omni.kit.manipulator.transform-107.0.0] startup
[10.086s] [ext: omni.kit.widget.prompt-1.0.7] startup
[10.086s] [ext: omni.kit.manipulator.tool.snap-1.5.13] startup
[10.091s] [ext: omni.kit.widget.live_session_management.ui-1.0.3] startup
[10.094s] [ext: omni.kit.viewport.manipulator.transform-107.0.4] startup
[10.096s] [ext: omni.kit.collaboration.presence_layer-1.1.2] startup
[10.098s] [ext: omni.kit.manipulator.prim.core-107.0.8] startup
[10.106s] [ext: omni.kit.property.adapter.core-1.0.2] startup
[10.109s] [ext: omni.kit.manipulator.prim.fabric-107.0.4] startup
[10.110s] [ext: omni.kit.widget.live_session_management-1.2.23] startup
[10.112s] [ext: omni.kit.property.adapter.usd-1.0.2] startup
[10.113s] [ext: omni.kit.manipulator.prim.usd-107.0.3] startup
[10.114s] [ext: omni.kit.property.adapter.fabric-1.0.3] startup
[10.116s] [ext: omni.kit.manipulator.prim-107.0.0] startup
[10.116s] [ext: omni.kit.window.content_browser_registry-0.0.6] startup
[10.116s] [ext: omni.kit.widget.filter-1.1.4] startup
[10.117s] [ext: omni.kit.window.file_exporter-1.0.33] startup
[10.118s] [ext: omni.kit.stage_template.core-1.1.22] startup
[10.119s] [ext: omni.kit.widget.searchfield-1.1.8] startup
[10.120s] [ext: omni.kit.widget.highlight_label-1.0.3] startup
[10.120s] [ext: omni.kit.window.file-2.0.5] startup
[10.123s] [ext: omni.kit.hotkeys.core-1.3.10] startup
[10.126s] [ext: omni.kit.window.property-1.12.1] startup
[10.129s] [ext: omni.kit.window.content_browser-3.1.3] startup
[10.145s] [ext: omni.kit.widget.stage-3.1.4] startup
[10.158s] [ext: omni.convexdecomposition-107.3.26] startup
[10.163s] [ext: omni.kit.property.usd-4.5.12] startup
[10.175s] [ext: omni.kit.manipulator.selection-106.0.1] startup
[10.177s] [ext: omni.kvdb-107.3.26] startup
[10.181s] [ext: omni.usdphysics-107.3.26] startup
[10.183s] [ext: omni.physx.foundation-107.3.26] startup
[10.185s] [ext: omni.localcache-107.3.26] startup
[10.187s] [ext: omni.debugdraw-0.1.4] startup
[10.191s] [ext: omni.physx.cooking-107.3.26] startup
[10.194s] [ext: omni.physics-107.3.26] startup
[10.198s] [ext: omni.physx-107.3.26] startup
[10.210s] [ext: omni.physics.stageupdate-107.3.26] startup
[10.213s] [ext: omni.physics.physx-107.3.26] startup
2026-06-23T03:20:04Z [10,181ms] [Warning] [carb] Acquiring non optional plugin interface which is not listed as dependency: [omni::physx::IPhysxBenchmarks v1.0] (plugin: <default plugin>), by client: omni.physics.physx.plugin. Add it to CARB_PLUGIN_IMPL_DEPS() macro of a client.
[10.215s] [ext: omni.kit.numpy.common-0.1.3] startup
[10.216s] [ext: omni.kit.window.cursor-1.1.4] startup
[10.217s] [ext: omni.isaac.dynamic_control-2.0.7] startup
2026-06-23T03:20:04Z [10,190ms] [Warning] [omni.isaac.dynamic_control] omni.isaac.dynamic_control is deprecated as of Isaac Sim 4.5. No action is needed from end-users.
[10.224s] [ext: omni.kit.viewport.menubar.core-107.2.1] startup
[10.241s] [ext: omni.kit.viewport.actions-107.0.2] startup
[10.247s] [ext: omni.kit.widget.layers-1.8.6] startup
[10.261s] [ext: omni.kit.viewport.menubar.display-107.0.3] startup
[10.263s] [ext: isaacsim.core.version-2.0.6] startup
[10.264s] [ext: omni.usdphysics.ui-107.3.26] startup
[10.294s] [ext: omni.physx.commands-107.3.26] startup
[10.300s] [ext: isaacsim.storage.native-1.5.1] startup
[10.302s] [ext: omni.usd.metrics.assembler-107.3.1] startup
[10.310s] [ext: omni.physx.ui-107.3.26] startup
[10.349s] [ext: omni.physics.tensors-107.3.26] startup
[10.356s] [ext: omni.warp.core-1.8.2] startup
[10.650s] [ext: omni.usd.metrics.assembler.physics-107.3.26] startup
[10.652s] [ext: omni.graph.tools-1.79.2] startup
[10.681s] [ext: omni.physx.tensors-107.3.26] startup
[10.686s] [ext: isaacsim.core.utils-3.5.1] startup
[10.690s] [ext: omni.kit.widget.text_editor-1.1.1] startup
[10.692s] [ext: omni.graph-1.141.2] startup
[10.746s] [ext: omni.ui_query-1.1.8] startup
[10.750s] [ext: omni.kit.window.extensions-1.4.27] startup
[10.757s] [ext: isaacsim.core.simulation_manager-1.4.4] startup
[12.711s] [ext: omni.kit.widget.graph-2.0.0] startup
[12.725s] [ext: omni.graph.image.core-0.6.1] startup
[12.727s] [ext: isaacsim.core.prims-0.6.1] startup
[12.762s] [ext: omni.kit.stage_templates-2.0.0] startup
[12.772s] [ext: omni.kit.graph.delegate.default-1.2.3] startup
[12.775s] [ext: omni.graph.image.nodes-1.3.1] startup
[12.777s] [ext: omni.graph.action_core-1.1.7] startup
[12.779s] [ext: isaacsim.core.api-4.8.0] startup
[12.790s] [ext: omni.kit.graph.editor.core-1.5.3] startup
[12.800s] [ext: omni.syntheticdata-0.6.13] startup
[12.833s] [ext: omni.graph.ui-1.101.6] startup
[12.886s] [ext: omni.kit.widget.material_preview-1.0.16] startup
[12.893s] [ext: omni.kit.graph.usd.commands-1.3.1] startup
[12.895s] [ext: omni.videoencoding-0.1.2] startup
[12.901s] [ext: omni.graph.action_nodes-1.50.4] startup
[12.906s] [ext: omni.kit.window.material_graph-1.9.1] startup
[12.931s] [ext: omni.graph.nodes-1.170.10] startup
[12.955s] [ext: omni.graph.action-1.130.0] startup
[12.958s] [ext: omni.kit.ui_test-1.3.7] startup
[12.964s] [ext: omni.graph.visualization.nodes-2.1.3] startup
[12.979s] [ext: omni.graph.ui_nodes-1.50.5] startup
[12.985s] [ext: omni.kit.selection-0.1.6] startup
[12.992s] [ext: omni.warp-1.8.2] startup
[13.000s] [ext: isaacsim.gui.components-1.2.1] startup
[13.015s] [ext: isaacsim.gui.menu-2.4.4] startup
[13.069s] [ext: omni.graph.scriptnode-1.50.0] startup
[13.085s] [ext: isaacsim.test.docstring-1.1.0] startup
[13.106s] [ext: isaacsim.core.experimental.utils-0.3.0] startup
[13.140s] [ext: omni.replicator.core-1.12.27] startup
2026-06-23T03:20:07Z [13,180ms] [Warning] [pxr.Semantics] pxr.Semantics is deprecated - please use Semantics instead
2026-06-23T03:20:08Z [13,517ms] [Warning] [omni.graph.core.plugin] Found duplicate of category 'Replicator' - was 'Annotators', adding 'Fabric Reader'
2026-06-23T03:20:08Z [13,517ms] [Warning] [omni.graph.core.plugin] Category 'Replicator' not accepted on node type 'omni.replicator.core.FabricReader' in extension 'omni.replicator.core'
2026-06-23T03:20:08Z [13,525ms] [Warning] [omni.replicator.core.scripts.extension] No material configuration file, adding configuration to material settings directly.
[13.575s] [ext: isaacsim.core.experimental.prims-0.8.1] startup
[13.661s] [ext: isaacsim.core.nodes-3.4.3] startup
[13.678s] [ext: isaacsim.robot.surface_gripper-3.3.1] startup
[13.687s] [ext: isaacsim.sensors.camera-1.3.6] startup
[13.706s] [ext: isaacsim.robot.surface_gripper.ui-3.0.2] startup
[13.717s] [ext: isaacsim.sensors.camera.ui-0.2.2] startup
[13.733s] [ext: omni.kit.core.collection-0.2.3] startup
[13.740s] [ext: isaacsim.core.experimental.materials-0.4.0] startup
[13.763s] [ext: omni.kit.widget.zoombar-1.0.6] startup
[13.777s] [ext: omni.kit.widget.stage_icons-1.0.8] startup
[13.788s] [ext: omni.kit.browser.core-2.3.13] startup
[13.849s] [ext: isaacsim.core.experimental.objects-0.4.0] startup
[13.911s] [ext: omni.kit.usd.collect-2.4.5] startup
[13.934s] [ext: omni.kit.window.stage-2.6.1] startup
[13.993s] [ext: omni.kit.browser.folder.core-1.10.9] startup
[14.040s] [ext: isaacsim.util.debug_draw-3.1.0] startup
[14.054s] [ext: isaacsim.robot_motion.lula-4.0.8] startup
[14.085s] [ext: omni.kit.tool.collect-2.2.18] startup
[14.091s] [ext: omni.kit.menu.stage-1.2.7] startup
[14.098s] [ext: omni.kit.usdz_export-1.0.9] startup
[14.103s] [ext: isaacsim.robot.manipulators-3.3.6] startup
[14.111s] [ext: isaacsim.sensors.physx-2.3.2] startup
[14.132s] [ext: isaacsim.robot_motion.motion_generation-8.0.26] startup
[14.209s] [ext: isaacsim.asset.browser-1.3.23] startup
[14.394s] [ext: omni.kit.tool.asset_importer-4.3.2] startup
[14.420s] [ext: omni.isaac.nucleus-1.0.6] startup
2026-06-23T03:20:09Z [14,390ms] [Warning] [omni.isaac.nucleus] omni.isaac.nucleus has been deprecated in favor of isaacsim.storage.native. Please update your code accordingly.
2026-06-23T03:20:09Z [14,400ms] [Warning] [omni.isaac.nucleus.nucleus] omni.isaac.nucleus.nucleus has been deprecated in favor of isaacsim.storage.native. Please update your code accordingly.
[14.434s] [ext: omni.isaac.range_sensor-4.0.6] startup
2026-06-23T03:20:09Z [14,406ms] [Warning] [omni.isaac.range_sensor] omni.isaac.range_sensor has been deprecated in favor of isaacsim.sensors.physx. Please update your code accordingly.
2026-06-23T03:20:09Z [14,407ms] [Warning] [omni.isaac.range_sensor.commands] omni.isaac.range_sensor.commands has been deprecated in favor of isaacsim.sensors.physx.commands. Please update your code accordingly.
[14.443s] [ext: isaacsim.robot.manipulators.examples-1.1.2] startup
[14.488s] [ext: omni.isaac.asset_browser-1.0.6] startup
2026-06-23T03:20:09Z [14,458ms] [Warning] [omni.isaac.asset_browser] omni.isaac.asset_browser has been deprecated in favor of isaacsim.asset.browser. Please update your code accordingly.
[14.502s] [ext: isaacsim.asset.importer.mjcf-2.5.13] startup
[15.198s] [ext: isaacsim.core.cloner-1.4.10] startup
[15.210s] [ext: omni.isaac.assets_check-0.3.13] startup
2026-06-23T03:20:09Z [15,182ms] [Warning] [omni.isaac.assets_check] omni.isaac.assets_check has been deprecated in favor of isaacsim.asset.browser. Please update your code accordingly.
[15.215s] [ext: isaacsim.cortex.framework-1.0.12] startup
[15.229s] [ext: isaacsim.examples.browser-0.2.1] startup
[15.236s] [ext: isaacsim.asset.importer.urdf-2.4.30] startup
[15.277s] [ext: omni.isaac.cloner-1.0.7] startup
2026-06-23T03:20:09Z [15,247ms] [Warning] [omni.isaac.cloner] omni.isaac.cloner has been deprecated in favor of isaacsim.core.cloner. Please update your code accordingly.
[15.281s] [ext: omni.importer.onshape-1.0.1] startup
[15.328s] [ext: omni.kit.widget.collection-0.3.1] startup
[15.338s] [ext: omni.isaac.core_nodes-2.0.6] startup
2026-06-23T03:20:10Z [15,310ms] [Warning] [omni.isaac.core_nodes] omni.isaac.core_nodes has been deprecated in favor of isaacsim.core.nodes. Please update your code accordingly.
[15.344s] [ext: omni.isaac.cortex-1.0.5] startup
2026-06-23T03:20:10Z [15,319ms] [Warning] [omni.isaac.cortex] omni.isaac.cortex has been deprecated in favor of isaacsim.cortex.framework. Please update your code accordingly.
[15.353s] [ext: isaacsim.core.throttling-2.2.2] startup
[15.366s] [ext: omni.kit.window.collection-0.3.1] startup
2026-06-23T03:20:10Z [15,352ms] [Warning] [omni.kit.window.collection.collection_watch] Get collection from usdrt stage failed: Attach(): incompatible function arguments. The following argument types are supported:
    1. (stageId: int) -> usdrt.Usd._Usd.Stage
    2. (fabricId: usdrt.helpers._helpers.FabricId) -> usdrt.Usd._Usd.Stage

Invoked with: -1
[15.386s] [ext: omni.anim.shared.core-107.0.1] startup
[15.408s] [ext: omni.sensors.nv.common-3.0.0] startup
[15.436s] [ext: omni.kit.viewport.menubar.lighting-107.3.1] startup
[15.446s] [ext: omni.isaac.franka-1.0.7] startup
2026-06-23T03:20:10Z [15,417ms] [Warning] [omni.isaac.franka] omni.isaac.franka has been deprecated in favor of isaacsim.robot.manipulators.examples.franka. Please update your code accordingly.
2026-06-23T03:20:10Z [15,417ms] [Warning] [omni.isaac.franka.franka] omni.isaac.franka has been deprecated in favor of isaacsim.robot.manipulators.examples.franka. Please update your code accordingly.
2026-06-23T03:20:10Z [15,451ms] [Warning] [omni.isaac.franka.kinematics_solver] omni.isaac.franka has been deprecated in favor of isaacsim.robot.manipulators.examples.franka. Please update your code accordingly.
[15.485s] [ext: isaacsim.cortex.behaviors-2.0.14] startup
[15.492s] [ext: omni.sensors.nv.materials-2.0.0] startup
[15.501s] [ext: omni.sensors.nv.wpm-3.0.0] startup
[15.505s] [ext: omni.sensors.net-1.0.0] startup
[15.510s] [ext: omni.isaac.cortex.sample_behaviors-2.0.5] startup
2026-06-23T03:20:10Z [15,479ms] [Warning] [omni.isaac.cortex.sample_behaviors] omni.isaac.cortex.sample_behaviors has been deprecated in favor of isaacsim.cortex.behaviors. Please update your code accordingly.
[15.512s] [ext: isaacsim.sensors.physics-0.4.3] startup
[15.523s] [ext: omni.sensors.nv.radar-3.0.0] startup
[15.534s] [ext: omni.sensors.nv.lidar-3.0.0] startup
[15.541s] [ext: omni.sensors.nv.ids-2.0.0] startup
[15.547s] [ext: isaacsim.simulation_app-2.12.2] startup
[15.550s] [ext: isaacsim.robot.policy.examples-4.1.11] startup
[15.554s] [ext: isaacsim.sensors.rtx-15.8.4] startup
[15.569s] [ext: omni.isaac.kit-2.0.6] startup
2026-06-23T03:20:10Z [15,541ms] [Warning] [omni.isaac.kit] omni.isaac.kit has been deprecated in favor of isaacsim.simulation_app. Please update your code accordingly.
[15.575s] [ext: omni.isaac.quadruped-3.0.7] startup
2026-06-23T03:20:10Z [15,544ms] [Warning] [omni.isaac.quadruped] omni.isaac.quadruped has been deprecated in favor of isaacsim.robot.policy.examples. Please update your code accordingly.
[15.581s] [ext: omni.isaac.lula-4.0.6] startup
2026-06-23T03:20:10Z [15,549ms] [Warning] [omni.isaac.lula] omni.isaac.lula has been deprecated in favor of isaacsim.robot_motion.lula. Please update your code accordingly.
[15.589s] [ext: isaacsim.gui.sensors.icon-2.0.3] startup
[15.681s] [ext: isaacsim.gui.content_browser-0.1.11] startup
[15.699s] [ext: omni.isaac.sensor-13.0.7] startup
2026-06-23T03:20:10Z [15,670ms] [Warning] [omni.isaac.sensor] omni.isaac.sensor has been deprecated in favor of isaacsim.sensors.camera, isaacsim.sensors.physics, isaacsim.sensors.physx, and isaacsim.sensors.rtx. Please update your code accordingly.
2026-06-23T03:20:10Z [15,671ms] [Warning] [omni.isaac.sensor.camera] omni.isaac.sensor.camera has been deprecated in favor of isaacsim.sensors.camera.camera. Please update your code accordingly.
2026-06-23T03:20:10Z [15,671ms] [Warning] [omni.isaac.sensor.camera_view] omni.isaac.sensor.camera_view has been deprecated in favor of isaacsim.sensors.camera.camera_view. Please update your code accordingly.
2026-06-23T03:20:10Z [15,672ms] [Warning] [omni.isaac.sensor.commands] omni.isaac.sensor.commands has been deprecated in favor of isaacsim.sensors.physics.commands, isaacsim.sensors.physx.commands, and isaacsim.sensors.rtx.commands. Please update your code accordingly.
2026-06-23T03:20:10Z [15,673ms] [Warning] [omni.isaac.sensor.contact_sensor] omni.isaac.sensor.contact_sensor has been deprecated in favor of isaacsim.sensors.physics.contact_sensor. Please update your code accordingly.
2026-06-23T03:20:10Z [15,673ms] [Warning] [omni.isaac.sensor.imu_sensor] omni.isaac.sensor.imu_sensor has been deprecated in favor of isaacsim.sensors.physics.imu_sensor. Please update your code accordingly.
2026-06-23T03:20:10Z [15,674ms] [Warning] [omni.isaac.sensor.lidar_rtx] omni.isaac.sensor.lidar_rtx has been deprecated in favor of isaacsim.sensors.rtx.lidar_rtx. Please update your code accordingly.
2026-06-23T03:20:10Z [15,675ms] [Warning] [omni.isaac.sensor.rotating_lidar_physX] omni.isaac.sensor.imu_sensor has been deprecated in favor of isaacsim.sensors.physix.rotating_lidar_physX. Please update your code accordingly.
2026-06-23T03:20:10Z [15,676ms] [Warning] [omni.isaac.sensor.scripts.samples.contact_sensor] omni.isaac.sensor.scripts.samples.contact_sensor has been deprecated in favor of isaacsim.sensors.physics.scripts.samples.contact_sensor. Please update your code accordingly.
2026-06-23T03:20:10Z [15,677ms] [Warning] [omni.isaac.sensor.scripts.samples.imu_sensor] omni.isaac.sensor.scripts.samples.imu_sensor has been deprecated in favor of isaacsim.sensors.physics.scripts.samples.imu_sensor. Please update your code accordingly.
2026-06-23T03:20:10Z [15,678ms] [Warning] [omni.isaac.sensor.scripts.samples.lightbeam_sensor] omni.isaac.sensor.scripts.samples.lightbeam_sensor has been deprecated in favor of isaacsim.sensors.physx.scripts.samples.lightbeam_sensor. Please update your code accordingly.
[15.713s] [ext: omni.isaac.surface_gripper-2.0.6] startup
2026-06-23T03:20:10Z [15,687ms] [Warning] [omni.isaac.surface_gripper] omni.isaac.surface_gripper has been deprecated in favor of isaacsim.robot.surface_gripper. Please update your code accordingly.
[15.722s] [ext: omni.isaac.universal_robots-1.0.6] startup
2026-06-23T03:20:10Z [15,695ms] [Warning] [omni.isaac.universal_robots] omni.isaac.universal_robots has been deprecated in favor of isaacsim.robot.manipulators.examples.universal_robots. Please update your code accordingly.
2026-06-23T03:20:10Z [15,701ms] [Warning] [omni.isaac.universal_robots.kinematics_solver] omni.isaac.franka has been deprecated in favor of isaacsim.robot.manipulators.examples.universal_robots. Please update your code accordingly.
2026-06-23T03:20:10Z [15,724ms] [Warning] [omni.isaac.universal_robots.ur10] omni.isaac.franka has been deprecated in favor of isaacsim.robot.manipulators.examples.universal_robots. Please update your code accordingly.
[15.762s] [ext: isaacsim.robot.wheeled_robots-4.0.24] startup
[15.793s] [ext: omni.isaac.utils-2.0.6] startup
[15.807s] [ext: isaacsim.app.about-2.0.11] startup
[15.818s] [ext: omni.isaac.version-2.0.7] startup
2026-06-23T03:20:10Z [15,788ms] [Warning] [omni.isaac.version] omni.isaac.version has been deprecated in favor of isaacsim.core.version. Please update your code accordingly.
[15.821s] [ext: omni.isaac.wheeled_robots-3.0.7] startup
2026-06-23T03:20:10Z [15,793ms] [Warning] [omni.isaac.wheeled_robots] omni.isaac.wheeled_robots has been deprecated in favor of isaacsim.robot.wheeled_robots. Please update your code accordingly.
2026-06-23T03:20:10Z [15,793ms] [Warning] [omni.isaac.wheeled_robots.controllers] omni.isaac.wheeled_robots has been deprecated in favor of isaacsim.robot.wheeled_robots. Please update your code accordingly.
2026-06-23T03:20:10Z [15,793ms] [Warning] [omni.isaac.wheeled_robots.controllers.ackermann_controller] omni.isaac.wheeled_robots has been deprecated in favor of isaacsim.robot.wheeled_robots. Please update your code accordingly.
2026-06-23T03:20:10Z [15,796ms] [Warning] [omni.isaac.wheeled_robots.controllers.differential_controller] omni.isaac.wheeled_robots has been deprecated in favor of isaacsim.robot.wheeled_robots. Please update your code accordingly.
2026-06-23T03:20:10Z [15,798ms] [Warning] [omni.isaac.wheeled_robots.controllers.holonomic_controller] omni.isaac.wheeled_robots has been deprecated in favor of isaacsim.robot.wheeled_robots. Please update your code accordingly.
2026-06-23T03:20:10Z [15,800ms] [Warning] [omni.isaac.wheeled_robots.controllers.quintic_path_planner] omni.isaac.wheeled_robots has been deprecated in favor of isaacsim.robot.wheeled_robots. Please update your code accordingly.
2026-06-23T03:20:10Z [15,802ms] [Warning] [omni.isaac.wheeled_robots.controllers.stanley_control] omni.isaac.wheeled_robots has been deprecated in favor of isaacsim.robot.wheeled_robots. Please update your code accordingly.
2026-06-23T03:20:10Z [15,805ms] [Warning] [omni.isaac.wheeled_robots.controllers.wheel_base_pose_controller] omni.isaac.wheeled_robots has been deprecated in favor of isaacsim.robot.wheeled_robots. Please update your code accordingly.
2026-06-23T03:20:10Z [15,810ms] [Warning] [omni.isaac.wheeled_robots.impl] omni.isaac.wheeled_robots has been deprecated in favor of isaacsim.robot.wheeled_robots. Please update your code accordingly.
2026-06-23T03:20:10Z [15,812ms] [Warning] [omni.isaac.wheeled_robots.robots] omni.isaac.wheeled_robots has been deprecated in favor of isaacsim.robot.wheeled_robots. Please update your code accordingly.
2026-06-23T03:20:10Z [15,812ms] [Warning] [omni.isaac.wheeled_robots.robots.holonomic_robot_usd_setup] omni.isaac.wheeled_robots has been deprecated in favor of isaacsim.robot.wheeled_robots. Please update your code accordingly.
2026-06-23T03:20:10Z [15,818ms] [Warning] [omni.isaac.wheeled_robots.robots.wheeled_robot] omni.isaac.wheeled_robots has been deprecated in favor of isaacsim.robot.wheeled_robots. Please update your code accordingly.
[15.853s] [ext: omni.kit.widget.imageview-1.0.4] startup
[15.863s] [ext: omni.isaac.window.about-2.0.7] startup
2026-06-23T03:20:10Z [15,849ms] [Warning] [omni.isaac.window.about] omni.isaac.window.about has been deprecated in favor of isaacsim.app.about. Please update your code accordingly.
2026-06-23T03:20:10Z [15,851ms] [Warning] [omni.isaac.window.about.about] omni.isaac.window.about.about has been deprecated in favor of isaacsim.app.about.about. Please update your code accordingly.
[15.891s] [ext: omni.kit.property.audio-1.0.16] startup
[15.907s] [ext: omni.kit.property.camera-1.0.10] startup
[15.915s] [ext: omni.kit.window.quicksearch-2.4.4] startup
[15.942s] [ext: omni.kit.property.geometry-2.0.4] startup
[15.964s] [ext: omni.hydra.scene_api-0.1.2] startup
[15.976s] [ext: omni.kit.property.light-1.0.12] startup
[16.028s] [ext: omni.kit.property.material-1.11.9] startup
[16.044s] [ext: omni.kit.property.render-1.2.1] startup
[16.049s] [ext: omni.kit.property.transform-1.5.13] startup
[16.058s] [ext: isaacsim.gui.property-1.1.3] startup
[16.064s] [ext: omni.kit.manipulator.camera-106.0.4] startup
[16.074s] [ext: omni.isaac.core-4.0.7] startup
2026-06-23T03:20:10Z [16,044ms] [Warning] [omni.isaac.core.physics_context.physics_context] omni.isaac.core.physics_context.physics_context has been deprecated in favor of isaacsim.core.api.physics_context.physics_context. Please update your code accordingly.
2026-06-23T03:20:10Z [16,045ms] [Warning] [omni.isaac.core.simulation_context.simulation_context] omni.isaac.core.simulation_context.simulation_context has been deprecated in favor of isaacsim.core.api.simulation_context.simulation_context. Please update your code accordingly.
2026-06-23T03:20:10Z [16,045ms] [Warning] [omni.isaac.core.world.world] omni.isaac.core.world.world has been deprecated in favor of isaacsim.core.api.world.world. Please update your code accordingly.
2026-06-23T03:20:10Z [16,045ms] [Warning] [omni.isaac.core] omni.isaac.core has been deprecated in favor of isaacsim.core.api. Please update your code accordingly.
[16.079s] [ext: omni.kit.property.bundle-1.4.1] startup
[16.090s] [ext: omni.kit.property.isaac-1.0.6] startup
2026-06-23T03:20:10Z [16,060ms] [Warning] [omni.kit.property.isaac] omni.kit.property.isaac has been deprecated in favor of isaacsim.gui.property. Please update your code accordingly.
2026-06-23T03:20:10Z [16,060ms] [Warning] [omni.kit.property.isaac.widgets] omni.kit.property.isaac.widgets has been deprecated in favor of isaacsim.gui.property.widgets. Please update your code accordingly.
[16.096s] [ext: omni.kit.viewport.menubar.camera-107.0.6] startup
[16.110s] [ext: isaacsim.replicator.writers-1.0.17] startup
[16.148s] [ext: omni.kit.viewport.menubar.render-107.0.10] startup
[16.161s] [ext: omni.kit.viewport.menubar.settings-107.0.3] startup
[16.169s] [ext: omni.kit.window.console-1.1.4] startup
[16.178s] [ext: isaacsim.replicator.domain_randomization-1.0.16] startup
[16.187s] [ext: isaacsim.replicator.examples-1.3.6] startup
[16.194s] [ext: omni.ocio-0.1.1] startup
[16.196s] [ext: omni.rtx.window.settings-0.6.19] startup
[16.225s] [ext: omni.kit.window.status_bar-0.1.9] startup
[16.249s] [ext: omni.kit.window.toolbar-2.0.0] startup
[16.258s] [ext: isaacsim.robot_motion.lula_test_widget-1.0.12] startup
[16.266s] [ext: omni.replicator.isaac-2.0.8] startup
2026-06-23T03:20:10Z [16,236ms] [Warning] [omni.replicator.isaac] omni.replicator.isaac has been deprecated in favor of isaacsim.replicator.domain_randomization, isaacsim.replicator.examples, isaacsim.replicator.writers. Please update your code accordingly.
[16.274s] [ext: omni.kit.menu.create-2.0.1] startup
[16.311s] [ext: omni.rtx.settings.core-0.6.5] startup
[16.363s] [ext: omni.replicator.replicator_yaml-2.0.11] startup
[16.380s] [ext: omni.isaac.manipulators-3.0.7] startup
2026-06-23T03:20:11Z [16,354ms] [Warning] [omni.isaac.manipulators] omni.isaac.manipulators has been deprecated in favor of isaacsim.robot.manipulators. Please update your code accordingly.
2026-06-23T03:20:11Z [16,355ms] [Warning] [omni.isaac.manipulators.controllers] omni.isaac.manipulators has been deprecated in favor of isaacsim.robot.manipulators. Please update your code accordingly.
2026-06-23T03:20:11Z [16,356ms] [Warning] [omni.isaac.manipulators.controllers.pick_place_controller] omni.isaac.manipulators has been deprecated in favor of isaacsim.robot.manipulators. Please update your code accordingly.
2026-06-23T03:20:11Z [16,361ms] [Warning] [omni.isaac.manipulators.controllers.stacking_controller] omni.isaac.manipulators has been deprecated in favor of isaacsim.robot.manipulators. Please update your code accordingly.
2026-06-23T03:20:11Z [16,363ms] [Warning] [omni.isaac.manipulators.grippers] omni.isaac.manipulators has been deprecated in favor of isaacsim.robot.manipulators. Please update your code accordingly.
2026-06-23T03:20:11Z [16,364ms] [Warning] [omni.isaac.manipulators.grippers.gripper] omni.isaac.manipulators has been deprecated in favor of isaacsim.robot.manipulators. Please update your code accordingly.
2026-06-23T03:20:11Z [16,365ms] [Warning] [omni.isaac.manipulators.grippers.parallel_gripper] omni.isaac.manipulators has been deprecated in favor of isaacsim.robot.manipulators. Please update your code accordingly.
2026-06-23T03:20:11Z [16,367ms] [Warning] [omni.isaac.manipulators.grippers.surface_gripper] omni.isaac.manipulators has been deprecated in favor of isaacsim.robot.manipulators. Please update your code accordingly.
2026-06-23T03:20:11Z [16,371ms] [Warning] [omni.isaac.manipulators.manipulators] omni.isaac.manipulators has been deprecated in favor of isaacsim.robot.manipulators. Please update your code accordingly.
2026-06-23T03:20:11Z [16,372ms] [Warning] [omni.isaac.manipulators.manipulators.single_manipulator] omni.isaac.manipulators has been deprecated in favor of isaacsim.robot.manipulators. Please update your code accordingly.
[16.409s] [ext: omni.isaac.lula_test_widget-1.0.6] startup
2026-06-23T03:20:11Z [16,386ms] [Warning] [omni.isaac.lula_test_widget] omni.isaac.lula_test_widget has been deprecated in favor of isaacsim.robot_motion.lula_test_widget. Please update your code accordingly.
[16.420s] [ext: omni.usd.metrics.assembler.ui-107.3.1] startup
[16.478s] [ext: omni.isaac.menu-1.0.6] startup
2026-06-23T03:20:11Z [16,449ms] [Warning] [omni.isaac.menu] omni.isaac.menu has been deprecated in favor of isaacsim.gui.menu. Please update your code accordingly.
[16.484s] [ext: omni.kit.scripting-107.3.2] startup
[16.516s] [ext: semantics.schema.editor-2.0.2] startup
[16.536s] [ext: omni.kit.ui.actions-1.0.5] startup
[16.546s] [ext: semantics.schema.property-2.0.1] startup
[16.556s] [ext: omni.isaac.motion_generation-8.0.7] startup
2026-06-23T03:20:11Z [16,528ms] [Warning] [omni.isaac.motion_generation] omni.isaac.motion_generation has been deprecated in favor of isaacsim.robot_motion.motion_generation. Please update your code accordingly.
2026-06-23T03:20:11Z [16,528ms] [Warning] [omni.isaac.motion_generation.articulation_kinematics_solver] omni.isaac.motion_generation has been deprecated in favor of isaacsim.robot_motion.motion_generation. Please update your code accordingly.
2026-06-23T03:20:11Z [16,529ms] [Warning] [omni.isaac.motion_generation.articulation_motion_policy] omni.isaac.motion_generation has been deprecated in favor of isaacsim.robot_motion.motion_generation. Please update your code accordingly.
2026-06-23T03:20:11Z [16,530ms] [Warning] [omni.isaac.motion_generation.articulation_trajectory] omni.isaac.motion_generation has been deprecated in favor of isaacsim.robot_motion.motion_generation. Please update your code accordingly.
2026-06-23T03:20:11Z [16,530ms] [Warning] [omni.isaac.motion_generation.kinematics_interface] omni.isaac.motion_generation has been deprecated in favor of isaacsim.robot_motion.motion_generation. Please update your code accordingly.
2026-06-23T03:20:11Z [16,531ms] [Warning] [omni.isaac.motion_generation.lula] omni.isaac.motion_generation has been deprecated in favor of isaacsim.robot_motion.motion_generation. Please update your code accordingly.
2026-06-23T03:20:11Z [16,532ms] [Warning] [omni.isaac.motion_generation.lula.kinematics] omni.isaac.motion_generation has been deprecated in favor of isaacsim.robot_motion.motion_generation. Please update your code accordingly.
2026-06-23T03:20:11Z [16,533ms] [Warning] [omni.isaac.motion_generation.lula.motion_policies] omni.isaac.motion_generation has been deprecated in favor of isaacsim.robot_motion.motion_generation. Please update your code accordingly.
2026-06-23T03:20:11Z [16,533ms] [Warning] [omni.isaac.motion_generation.lula.path_planners] omni.isaac.motion_generation has been deprecated in favor of isaacsim.robot_motion.motion_generation. Please update your code accordingly.
2026-06-23T03:20:11Z [16,534ms] [Warning] [omni.isaac.motion_generation.lula.trajectory_generator] omni.isaac.motion_generation has been deprecated in favor of isaacsim.robot_motion.motion_generation. Please update your code accordingly.
2026-06-23T03:20:11Z [16,535ms] [Warning] [omni.isaac.motion_generation.motion_policy_controller] omni.isaac.motion_generation has been deprecated in favor of isaacsim.robot_motion.motion_generation. Please update your code accordingly.
2026-06-23T03:20:11Z [16,535ms] [Warning] [omni.isaac.motion_generation.motion_policy_interface] omni.isaac.motion_generation has been deprecated in favor of isaacsim.robot_motion.motion_generation. Please update your code accordingly.
2026-06-23T03:20:11Z [16,536ms] [Warning] [omni.isaac.motion_generation.path_planner_visualizer] omni.isaac.motion_generation has been deprecated in favor of isaacsim.robot_motion.motion_generation. Please update your code accordingly.
2026-06-23T03:20:11Z [16,536ms] [Warning] [omni.isaac.motion_generation.path_planning_interface] omni.isaac.motion_generation has been deprecated in favor of isaacsim.robot_motion.motion_generation. Please update your code accordingly.
2026-06-23T03:20:11Z [16,537ms] [Warning] [omni.isaac.motion_generation.trajectory] omni.isaac.motion_generation has been deprecated in favor of isaacsim.robot_motion.motion_generation. Please update your code accordingly.
2026-06-23T03:20:11Z [16,538ms] [Warning] [omni.isaac.motion_generation.world_interface] omni.isaac.motion_generation has been deprecated in favor of isaacsim.robot_motion.motion_generation. Please update your code accordingly.
[16.573s] [ext: omni.anim.curve.core-1.3.1] startup
[16.605s] [ext: isaacsim.replicator.behavior-1.1.16] startup
[16.609s] [ext: omni.mdl.usd_converter-1.0.30] startup
[16.616s] [ext: omni.kit.menu.common-2.0.1] startup
[16.621s] [ext: isaacsim.exp.base-5.1.0] startup
[16.621s] [ext: omni.kit.stage.mdl_converter-1.0.8] startup
[16.625s] [ext: isaacsim.examples.extension-2.0.12] startup
[16.632s] [ext: isaacsim.sensors.physics.examples-0.1.15] startup
[16.640s] [ext: isaacsim.sensors.physics.ui-0.1.12] startup
[16.664s] [ext: isaacsim.replicator.behavior.ui-1.0.5] startup
[16.675s] [ext: isaacsim.examples.interactive-4.7.4] startup
[16.823s] [ext: omni.kit.graph.delegate.modern-1.10.9] startup
[16.883s] [ext: omni.anim.curve.ui-1.4.1] startup
[17.003s] [ext: omni.kit.actions.window-1.1.3] startup
[17.022s] [ext: omni.kit.graph.widget.variables-2.1.0] startup
[17.028s] [ext: isaacsim.util.physics-1.1.5] startup
[17.051s] [ext: omni.anim.curve.bundle-1.2.3] startup
[17.056s] [ext: omni.kit.hotkeys.window-1.4.9] startup
[17.093s] [ext: omni.graph.window.core-2.0.0] startup
[17.148s] [ext: omni.graph.bundle.action-2.30.0] startup
[17.161s] [ext: isaacsim.asset.importer.heightmap-2.0.6] startup
[17.181s] [ext: isaacsim.robot.wheeled_robots.ui-2.1.23] startup
[17.196s] [ext: omni.graph.window.generic-1.50.2] startup
[17.261s] [ext: omni.simready.explorer-1.1.3] startup
[17.310s] [ext: omni.isaac.block_world-2.0.6] startup
2026-06-23T03:20:11Z [17,282ms] [Warning] [omni.isaac.block_world] ['omni.isaac.block_world'] has been deprecated in favor of ['isaacsim.asset.importer.heightmap']. Please update your code accordingly.
[17.316s] [ext: isaacsim.asset.gen.omap-2.0.29] startup
[17.355s] [ext: isaacsim.robot_setup.gain_tuner-3.0.6] startup
[17.407s] [ext: isaacsim.robot_setup.grasp_editor-2.0.20] startup
[17.430s] [ext: omni.isaac.extension_templates-2.0.7] startup
2026-06-23T03:20:12Z [17,404ms] [Warning] [omni.isaac.extension_templates] omni.isaac.extension_templates has been deprecated in favor of isaacsim.examples.extension. Please update your code accordingly.
[17.444s] [ext: isaacsim.asset.gen.omap.ui-2.2.3] startup
[17.463s] [ext: omni.isaac.gain_tuner-2.0.5] startup
[17.469s] [ext: omni.isaac.grasp_editor-2.0.7] startup
2026-06-23T03:20:12Z [17,438ms] [Warning] [omni.isaac.grasp_editor] omni.isaac.grasp_editor has been deprecated in favor of isaacsim.robot_setup.grasp_editor. Please update your code accordingly.
[17.474s] [ext: omni.isaac.occupancy_map-2.0.8] startup
2026-06-23T03:20:12Z [17,449ms] [Warning] [omni.isaac.occupancy_map] omni.isaac.occupancy_map has been deprecated in favor of isaacsim.asset.gen.omap. Please update your code accordingly.
[17.493s] [ext: omni.isaac.occupancy_map.ui-2.0.8] startup
2026-06-23T03:20:12Z [17,464ms] [Warning] [omni.isaac.occupancy_map.ui] omni.isaac.occupancy_map.ui has been deprecated in favor of isaacsim.asset.gen.omap.ui. Please update your code accordingly.
[17.515s] [ext: isaacsim.sensors.rtx.ui-1.1.6] startup
[17.663s] [ext: isaacsim.robot_setup.assembler-3.0.11] startup
[17.977s] [ext: isaacsim.robot_setup.xrdf_editor-3.1.11] startup
[18.116s] [ext: isaacsim.replicator.scene_blox-1.0.8] startup
2026-06-23T03:20:12Z [18,090ms] [Warning] [isaacsim.replicator.scene_blox] isacsim.replicator.scene_blox has been deprecated since Isaac Sim 5.0.0.
[18.124s] [ext: isaacsim.replicator.synthetic_recorder-2.2.17] startup
[18.135s] [ext: isaacsim.robot.manipulators.ui-2.1.23] startup
[18.145s] [ext: omni.isaac.robot_assembler-2.0.8] startup
2026-06-23T03:20:12Z [18,119ms] [Warning] [omni.isaac.robot_assembler] omni.isaac.robot_assembler has been deprecated in favor of isaacsim.robot_setup.assembler. Please update your code accordingly.
[18.154s] [ext: omni.isaac.robot_description_editor-3.0.5] startup
[18.160s] [ext: omni.isaac.scene_blox-1.0.6] startup
2026-06-23T03:20:12Z [18,128ms] [Warning] [omni.isaac.scene_blox] omni.isaac.scene_blox has been deprecated in favor of isaacsim.replicator.scene_blox. Please update your code accordingly.
[18.162s] [ext: omni.isaac.synthetic_recorder-2.0.6] startup
2026-06-23T03:20:12Z [18,134ms] [Warning] [omni.isaac.synthetic_recorder] omni.isaac.synthetic_recorder has been deprecated in favor of isaacsim.replicator.synthetic_recorder. Please update your code accordingly.
[18.168s] [ext: omni.isaac.throttling-2.0.7] startup
2026-06-23T03:20:12Z [18,141ms] [Warning] [omni.isaac.throttling] omni.isaac.throttling has been deprecated in favor of isaacsim.core.throttling. Please update your code accordingly.
2026-06-23T03:20:12Z [18,142ms] [Warning] [omni.isaac.throttling.throttling] omni.isaac.throttling.throttling has been deprecated in favor of isaacsim.core.throttling.extension. Please update your code accordingly.
[18.176s] [ext: omni.kit.browser.asset-1.3.12] startup
[18.183s] [ext: omni.kit.mesh.raycast-107.0.1] startup
[18.196s] [ext: omni.kit.preferences.animation-1.2.0] startup
[18.204s] [ext: omni.graph.window.action-1.50.2] startup
[18.225s] [ext: omni.kit.property.collection-0.2.3] startup
[18.230s] [ext: omni.kit.property.layer-1.1.9] startup
[18.235s] [ext: omni.kit.stagerecorder.core-107.0.3] startup
[18.240s] [ext: omni.kit.search.files-1.0.4] startup
[18.243s] [ext: omni.kit.stage.copypaste-1.2.4] startup
[18.247s] [ext: omni.kit.browser.material-1.6.2] startup
[18.252s] [ext: omni.kit.window.title-1.1.7] startup
[18.255s] [ext: omni.kit.widgets.custom-1.0.13] startup
[18.264s] [ext: omni.kit.stagerecorder.ui-107.0.1] startup
[18.269s] [ext: omni.kit.stage_column.payload-2.0.3] startup
[18.274s] [ext: omni.kit.tool.remove_unused.core-0.1.3] startup
[18.277s] [ext: omni.kit.window.material-1.7.2] startup
[18.283s] [ext: omni.kit.stage_column.variant-1.0.17] startup
[18.288s] [ext: omni.kit.variant.editor-107.5.3] startup
[18.304s] [ext: omni.kit.stagerecorder.bundle-105.0.2] Starting kit application with the following args:  ['/home/robotics/isaac-sim-5.1/lib/python3.11/site-packages/isaacsim/exts/isaacsim.simulation_app/isaacsim/simulation_app/simulation_app.py', '/home/robotics/isaac-sim-5.1/lib/python3.11/site-packages/isaacsim/apps/isaacsim.exp.full.kit', '--/app/tokens/exe-path=/home/robotics/isaac-sim-5.1/lib/python3.11/site-packages/isaacsim/kit', '--/persistent/app/viewport/displayOptions=3286', '--/rtx/materialDb/syncLoads=True', '--/rtx/hydra/materialSyncLoads=True', '--/omni.kit.plugin/syncUsdLoads=True', '--/app/renderer/resolution/width=1920', '--/app/renderer/resolution/height=1080', '--/app/window/width=1920', '--/app/window/height=1080', '--/renderer/multiGpu/enabled=True', '--/app/fastShutdown=True', '--/app/installSignalHandlers=0', '--ext-folder', '/home/robotics/isaac-sim-5.1/lib/python3.11/site-packages/isaacsim/exts', '--ext-folder', '/home/robotics/isaac-sim-5.1/lib/python3.11/site-packages/isaacsim/apps', '--/physics/cudaDevice=0', '--/plugins/carb.tasking.plugin/threadCount=16', '--/plugins/omni.tbb.globalcontrol/maxThreadCount=16', '--portable', '--/app/window/hideUi=False']
Passing the following args to the base kit application:  ['--config', 'config/sim_config_gui.yaml']
Warp 1.8.2 initialized:
   CUDA Toolkit 12.8, Driver 13.0
   Devices:
     "cpu"      : "x86_64"
     "cuda:0"   : "NVIDIA GeForce RTX 2070" (8 GiB, sm_75, mempool enabled)
   Kernel cache:
     /home/robotics/.cache/warp/1.8.2
Warp DeprecationWarning: The `warp.sim` module is deprecated and will be removed in v1.10. Please transition to using the forthcoming Newton library instead.
startup
[18.307s] [ext: omni.kit.tool.asset_exporter-4.0.5] startup
[18.310s] [ext: omni.services.facilities.base-1.0.4] startup
[18.313s] [ext: omni.kit.tool.remove_unused.controller-0.1.4] startup
[18.315s] [ext: omni.kit.usda_edit-1.1.18] startup
[18.333s] [ext: omni.kit.variant.presenter-107.0.0] startup
[18.337s] [ext: omni.kit.viewport.bundle-104.0.1] startup
[18.340s] [ext: omni.kit.viewport.rtx-104.0.1] startup
[18.340s] [ext: omni.services.core-1.9.0] startup
[18.900s] [ext: omni.kit.widget.live-2.1.11] startup
[18.903s] [ext: omni.kit.widget.calendar-1.0.9] startup
[18.907s] [ext: omni.services.transport.client.base-1.2.4] startup
[18.911s] [ext: omni.kit.viewport_widgets_manager-1.0.9] startup
[18.913s] [ext: omni.usdex.libs-1.2.2] startup
[18.924s] [ext: omni.scene.optimizer.core-107.3.12] startup
[18.969s] [ext: omni.kit.widget.cache_indicator-3.0.7] startup
2026-06-23T03:20:13Z [18,936ms] [Warning] [omni.kit.pipapi.pipapi] extension omni.kit.widget.cache_indicator-3.0.7 has a [python.pipapi] entry, but use_online_index=true is not set. It doesn't do anything and can be removed.
[19.036s] [ext: omni.kit.widget.extended_searchfield-1.0.31] startup
2026-06-23T03:20:13Z [19,005ms] [Warning] [omni.kit.widget.cache_indicator.cache_state_menu] Unable to detect Omniverse Cache Server. File /home/robotics/.nvidia-omniverse/config/omniverse.toml is not found. Consider installing it for better IO performance.
[19.049s] [ext: omni.services.client-0.5.3] startup
[19.057s] [ext: omni.kit.widget.schema_api-1.0.3] startup
[19.059s] [ext: omni.isaac.physics_inspector-0.1.11] startup
2026-06-23T03:20:13Z [19,029ms] [Warning] [omni.isaac.physics_inspector] omni.isaac.physics_inspector has been deprecated.Replaced by Physics Visualization tools
[19.062s] [ext: omni.kit.converter.common-507.1.2] startup
[19.066s] [ext: omni.services.transport.server.base-1.1.1] startup
[19.068s] [ext: omni.physx.demos-107.3.26] startup
[19.101s] [ext: omni.asset_validator.core-1.1.6] startup
[19.163s] [ext: omni.kit.property.physx-107.3.26] startup
[19.199s] [ext: omni.services.facilities.monitoring.progress-0.2.4] startup
[19.208s] [ext: isaacsim.util.merge_mesh-2.0.15] startup
[19.211s] [ext: omni.services.transport.server.http-1.3.1] startup
[19.241s] [ext: omni.services.transport.client.http_async-1.4.0] startup
[19.245s] [ext: omni.kit.widget.timeline-107.0.1] startup
[19.251s] [ext: omni.physx.vehicle-107.3.26] startup
[19.276s] [ext: omni.kit.window.script_editor-2.0.1] startup
[19.284s] [ext: omni.asset_validator.ui-1.1.6] startup
[19.303s] [ext: omni.physx.asset_validator-107.3.26] startup
[19.323s] [ext: omni.services.convert.cad-507.0.2] startup
[19.333s] [ext: isaacsim.sensors.physx.ui-2.3.0] startup
[19.336s] [ext: omni.physx.camera-107.3.26] startup
[19.354s] [ext: omni.physx.cct-107.3.26] startup
[19.372s] [ext: omni.physx.graph-107.3.26] startup
[19.401s] [ext: omni.physx.supportui-107.3.26] startup
[19.435s] [ext: omni.physx.telemetry-107.3.26] startup
[19.442s] [ext: omni.kit.converter.dgn_core-510.1.0] startup
[19.522s] [ext: omni.isaac.range_sensor.ui-2.0.5] startup
2026-06-23T03:20:14Z [19,496ms] [Warning] [omni.isaac.range_sensor.ui] omni.isaac.range_sensor.ui has been deprecated in favor of isaacsim.sensors.physx.ui. Please update your code accordingly.
2026-06-23T03:20:14Z [19,496ms] [Warning] [omni.isaac.range_sensor.ui.menu] omni.isaac.range_sensor.ui.menu has been deprecated in favor of isaacsim.sensors.physx.ui.menu. Please update your code accordingly.
[19.529s] [ext: omni.kit.converter.hoops_core-509.1.0] startup
[19.542s] [ext: omni.kit.window.usd_paths-1.0.8] startup
[19.551s] [ext: omni.kit.converter.jt_core-508.1.0] startup
[19.582s] [ext: omni.services.facilities.monitoring.metrics-0.3.0] startup
[19.605s] [ext: omni.physx.bundle-107.3.26] startup
[19.605s] [ext: omni.kit.converter.dgn-509.1.0] startup
[19.613s] [ext: isaacsim.sensors.physx.examples-2.2.15] startup
[19.620s] [ext: omni.kit.converter.hoops-509.1.0] startup
[19.634s] [ext: isaacsim.replicator.grasping-1.0.9] startup
[20.197s] [ext: omni.kit.converter.jt-508.1.0] startup
[20.202s] [ext: omni.services.convert.asset-508.0.2] startup
[20.216s] [ext: omni.kit.quicklayout-1.0.8] startup
[20.220s] [ext: omni.kit.window.commands-0.2.9] startup
[20.224s] [ext: omni.isaac.range_sensor.examples-2.0.6] startup
2026-06-23T03:20:14Z [20,194ms] [Warning] [omni.isaac.range_sensor.examples] omni.isaac.range_sensor.examples has been deprecated in favor of isaacsim.sensors.physx.examples. Please update your code accordingly.
2026-06-23T03:20:14Z [20,194ms] [Warning] [omni.isaac.range_sensor.examples.lidar_info] omni.isaac.range_sensor.examples.lidar_info has been deprecated in favor of isaacsim.sensors.physx.examples.lidar_info. Please update your code accordingly.
2026-06-23T03:20:14Z [20,194ms] [Warning] [omni.isaac.range_sensor.examples.generic_info] omni.isaac.range_sensor.examples.generic_info has been deprecated in favor of isaacsim.sensors.physx.examples.generic_info. Please update your code accordingly.
[20.228s] [ext: isaacsim.util.camera_inspector-1.0.16] startup
[20.241s] [ext: isaacsim.replicator.grasping.ui-1.0.8] startup
[20.260s] [ext: isaacsim.asset.validation-1.1.0] startup
[20.322s] [ext: omni.kit.converter.cad-205.0.0] startup
[20.325s] [ext: omni.kit.window.stats-0.1.7] startup
[20.327s] [ext: isaacsim.app.setup-1.6.0] startup
[20.330s] Isaac Sim Full Version: 5.1.0-rc.19
[20.331s] Writing Isaac Sim icon file
[20.331s] [ext: omni.kit.profiler.window-2.3.5] startup
[20.616s] [ext: isaacsim.exp.full-5.1.0] startup
[20.623s] Simulation App Starting
2026-06-23T03:20:16Z [21,417ms] [Warning] [omni.fabric.plugin] Warning: attribute viewportHandle not found for bucket id 9

[21.573s] [ext: isaacsim.ros2.bridge-4.12.4] startup
[21.605s] Using backup internal ROS2 humble distro
[21.621s] To use the internal libraries included with the extension please set the following environment variables to use with FastDDS (default) or CycloneDDS before starting Isaac Sim:

FastDDS (default):
export ROS_DISTRO=humble
export RMW_IMPLEMENTATION=rmw_fastrtps_cpp
export LD_LIBRARY_PATH=$LD_LIBRARY_PATH:/home/robotics/isaac-sim-5.1/lib/python3.11/site-packages/isaacsim/exts/isaacsim.ros2.bridge/humble/lib

OR

CycloneDDS:
export ROS_DISTRO=humble
export RMW_IMPLEMENTATION=rmw_cyclonedds_cpp
export LD_LIBRARY_PATH=$LD_LIBRARY_PATH:/home/robotics/isaac-sim-5.1/lib/python3.11/site-packages/isaacsim/exts/isaacsim.ros2.bridge/humble/lib


2026-06-23T03:20:16Z [21,588ms] [Error] [isaacsim.ros2.bridge.impl.extension] ROS2 Bridge startup failed
[21.870s] [ext: isaacsim.ros2.bridge-4.12.4] shutdown
[25.155s] app ready
Checking to see if RMW can be loaded:
failed to get symbol 'rmw_init_options_init' due to Environment variable 'AMENT_PREFIX_PATH' is not set or empty, at /workspace/humble_ws/src/rmw_implementation/src/functions.cpp:171, at /workspace/humble_ws/src/rcl/rcl/src/rcl/init_options.c:75
RMW was not loaded

[simulator] Config     : config/sim_config_gui.yaml
[simulator] Input dir  : /home/robotics/Documents/assignment2/palletizing_simulator/algorithm_results
[simulator] Output dir : /home/robotics/Documents/assignment2/palletizing_simulator/sim_results
[simulator] Found 2 input file(s)
  - box_sequence_0.json
  - box_sequence_1.json
[simulator] drop_offset=0.02m  settle_steps(max)=10  settle_vel=0.05m/s  final_steps=100
[simulator] auto_start : False
[simulator] Waiting for Isaac Sim PLAY button...
[simulator] PLAY detected. Starting simulation.

[simulator] ══ Processing: box_sequence_0.json ══
[simulator] plan=91  buffer_size=0  source_boxes=250
[simulator] initial buffer ids = []
[simulator] Final settle 100 steps …
[simulator] All steps done  (total 34.5s)
[evaluator] [SUCCESS]  ok=91/91  stacking=65.5% [65.5%]  collapse=0  oob=0  drop=0  buffer=0  score=85.5 (stacking=65.5 + buffer_bonus=20)
[simulator] Screenshot → /home/robotics/Documents/assignment2/palletizing_simulator/sim_results/box_sequence_0_result.png

[simulator] ══ Processing: box_sequence_1.json ══
[simulator] plan=78  buffer_size=0  source_boxes=250
[simulator] initial buffer ids = []
[simulator] Final settle 100 steps …
[simulator] All steps done  (total 43.9s)
[evaluator] [SUCCESS]  ok=78/78  stacking=66.2% [66.2%]  collapse=0  oob=0  drop=0  buffer=0  score=86.2 (stacking=66.2 + buffer_bonus=20)
[simulator] Screenshot → /home/robotics/Documents/assignment2/palletizing_simulator/sim_results/box_sequence_1_result.png

[evaluator] ══ Result ══
  ✓ box_sequence_0.json  stacking=65.5% [65.5%]  ok=91/91  time=0.0s  buffer=0  score=85.5 (stacking=65.5 + bonus=20)
  ✓ box_sequence_1.json  stacking=66.2% [66.2%]  ok=78/78  time=0.0s  buffer=0  score=86.2 (stacking=66.2 + bonus=20)
  ───────────────────────────────────────────────────────
  summary : episodes 2 success / 0 failure / 0 height_overflow
            avg stacking rate  65.8% [65.8%]
            avg success rate   100.0%
            avg score          85.85
            total processing time 119.1s
[evaluator] Saved → /home/robotics/Documents/assignment2/palletizing_simulator/sim_results/result.json

[simulator] All files processed.
[25.754s] Isaac Sim Full App is loaded.
[25.772s] Simulation App Startup Complete
2026-06-23T03:21:21Z [86,946ms] [Warning] [omni.syntheticdata.plugin] OgnSdPostRenderVarToHost : rendervar copy from texture directly to host buffer is counter-performant. Please use copy from texture to device buffer first.
2026-06-23T03:21:27Z [93,251ms] [Warning] [omni.physx.tensors.plugin] prim '/World/box_000' was deleted while being used by a shape in a tensor view class. The physics.tensors simulationView was invalidated.
2026-06-23T03:21:28Z [94,191ms] [Warning] [omni.syntheticdata.plugin] SdRenderVarPtr missing valid input renderVar LdrColorSDhost
2026-06-23T03:22:19Z [144,472ms] [Warning] [omni.physx.tensors.plugin] prim '/World/box_000' was deleted while being used by a shape in a tensor view class. The physics.tensors simulationView was invalidated.
[146.348s] Simulation App Shutting Down
[run_gui] 정상 종료.
