Loading user config located at: '/home/robotics/isaac-sim-5.1/lib/python3.11/site-packages/isaacsim/kit/data/Kit/Isaac-Sim Full/5.1/user.config.json'
[Info] [carb] Logging to file: /home/robotics/isaac-sim-5.1/lib/python3.11/site-packages/isaacsim/kit/logs/Kit/Isaac-Sim Full/5.1/kit_20260625_090617.log
2026-06-25T00:06:17Z [1ms] [Warning] [carb.crashreporter-breakpad.plugin] [previous crash] preventing upload of minidump due to user opt-out: '/home/robotics/isaac-sim-5.1/lib/python3.11/site-packages/isaacsim/kit/data/Kit/Isaac-Sim Full/5.1/fb8ae0e9-7260-4fc1-ad115cbd-67efa459.dmp'
2026-06-25T00:06:17Z [3ms] [Warning] [carb.crashreporter-breakpad.plugin] [previous crash] preventing upload of minidump due to user opt-out: '/home/robotics/isaac-sim-5.1/lib/python3.11/site-packages/isaacsim/kit/data/Kit/Isaac-Sim Full/5.1/8e2d15ff-c11f-46b2-9b12aa91-fede97c9.dmp'
2026-06-25T00:06:17Z [5ms] [Warning] [carb.crashreporter-breakpad.plugin] [previous crash] preventing upload of minidump due to user opt-out: '/home/robotics/isaac-sim-5.1/lib/python3.11/site-packages/isaacsim/kit/data/Kit/Isaac-Sim Full/5.1/e19b91f0-5466-4e57-009c328b-71d2de40.dmp'
[0.107s] [ext: omni.kit.async_engine-0.0.3] startup
[0.452s] [ext: omni.metrics.core-0.0.3] startup
[0.453s] [ext: omni.client.lib-1.1.0] startup
[0.470s] [ext: omni.blobkey-1.1.2] startup
[0.470s] [ext: omni.stats-1.0.1] startup
[0.471s] [ext: omni.datastore-0.0.0] startup
[0.478s] [ext: omni.client-1.3.0] startup
[0.484s] [ext: omni.ujitso.default-1.0.0] startup
[0.487s] [ext: omni.hsscclient-1.1.2] startup
[0.491s] [ext: omni.gpu_foundation.shadercache.vulkan-1.0.0] startup
[0.493s] [ext: omni.assets.plugins-0.0.0] startup
[0.495s] [ext: omni.gpu_foundation-0.0.0] startup
[0.506s] [ext: carb.windowing.plugins-1.0.0] startup
[0.518s] [ext: omni.kit.renderer.init-0.0.0] startup

|---------------------------------------------------------------------------------------------|
| Driver Version: 580.159.03    | Graphics API: Vulkan
|=============================================================================================|
| GPU | Name                             | Active | LDA | GPU Memory | Vendor-ID | LUID       |
|     |                                  |        |     |            | Device-ID | UUID       |
|     |                                  |        |     |            | Bus-ID    |            |
|---------------------------------------------------------------------------------------------|
| 0   | NVIDIA GeForce RTX 2070          | Yes: 0 |     | 8438    MB | 10de      | 0          |
|     |                                  |        |     |            | 1f07      | cfe4294b.. |
|     |                                  |        |     |            | 7         |            |
|=============================================================================================|
| OS: 22.04.5 LTS (Jammy Jellyfish) ubuntu, Version: 22.04.5, Kernel: 6.8.0-106-generic
| XServer Vendor: The X.Org Foundation, XServer Version: 12101004 (1.21.1.4)
| Processor: AMD Ryzen 7 2700 Eight-Core Processor
| Cores: 8 | Logical Cores: 16
|---------------------------------------------------------------------------------------------|
| Total Memory (MB): 31990 | Free Memory: 24908
| Total Page/Swap (MB): 26688 | Free Page/Swap: 26688
|---------------------------------------------------------------------------------------------|
2026-06-25T00:06:18Z [1,463ms] [Warning] [gpu.foundation.plugin] IOMMU is enabled.
[1.745s] [ext: omni.kit.telemetry-0.5.2] startup
[1.780s] [ext: omni.materialx.libs-1.0.7] startup
[1.792s] [ext: omni.services.pip_archive-0.16.0] startup
[1.793s] [ext: omni.kit.loop-isaac-1.3.7] startup
[1.795s] [ext: omni.kit.test-2.0.1] startup
[1.864s] [ext: omni.usd.config-1.0.6] startup
[1.869s] [ext: omni.gpucompute.plugins-0.0.0] startup
[1.870s] [ext: omni.usd.libs-1.0.1] startup
[1.969s] [ext: omni.kit.pipapi-0.0.0] startup
[1.970s] [ext: omni.mdl-56.0.3] startup
[2.083s] [ext: omni.iray.libs-0.0.0] startup
[2.090s] [ext: omni.mdl.neuraylib-0.2.12] startup
[2.093s] [ext: omni.kit.usd.mdl-1.1.5] startup
[2.209s] [ext: omni.appwindow-1.1.10] startup
[3.203s] [ext: omni.kit.renderer.core-1.1.0] startup
[9.295s] [ext: omni.kit.renderer.capture-0.0.0] startup
[9.302s] [ext: omni.kit.renderer.imgui-2.0.5] startup
[9.416s] [ext: omni.ui-2.27.1] startup
[9.429s] [ext: omni.kit.mainwindow-1.0.3] startup
[9.431s] [ext: carb.audio-0.1.0] startup
[9.438s] [ext: omni.uiaudio-1.0.0] startup
[9.440s] [ext: omni.kit.uiapp-0.0.0] startup
[9.440s] [ext: omni.usd.schema.metrics.assembler-107.3.1] startup
[9.443s] [ext: omni.anim.navigation.schema-107.3.3] startup
[9.448s] [ext: omni.usd.schema.flow-107.1.1] startup
[9.448s] [ext: omni.usd.schema.anim-0.0.0] startup
[9.473s] [ext: omni.usd.schema.omniscripting-1.0.0] startup
[9.478s] [ext: omni.usd.schema.semantics-0.0.0] startup
[9.480s] [ext: omni.usd.schema.scene.visualization-2.0.2] startup
[9.484s] [ext: omni.anim.graph.schema-107.3.3] startup
[9.492s] [ext: isaacsim.robot.schema-3.6.0] startup
[9.502s] [ext: omni.usd.schema.omnigraph-1.0.0] startup
[9.508s] [ext: omni.usd.schema.audio-0.0.0] startup
[9.512s] [ext: omni.usd.schema.geospatial-0.0.0] startup
[9.515s] [ext: omni.usd.schema.isaac-3.0.5] startup
[9.515s] [ext: omni.usd_resolver-1.0.0] startup
[9.520s] [ext: omni.usd.core-1.5.3] startup
[9.523s] [ext: omni.usd.schema.render_settings.rtx-0.0.0] startup
[9.544s] [ext: omni.graph.exec-0.9.6] startup
[9.545s] [ext: omni.kit.audiodeviceenum-1.0.2] startup
[9.547s] [ext: omni.kit.window.popup_dialog-2.0.24] startup
[9.552s] [ext: omni.kit.exec.core-0.13.4] startup
[9.555s] [ext: omni.activity.core-1.0.3] startup
[9.556s] [ext: omni.kit.widget.nucleus_connector-2.0.1] startup
[9.558s] [ext: omni.kit.usd_undo-0.1.8] startup
[9.559s] [ext: omni.kit.actions.core-1.0.0] startup
[9.562s] [ext: usdrt.scenegraph-7.6.1] startup
[9.612s] [ext: omni.resourcemonitor-107.0.1] startup
[9.615s] [ext: omni.kit.commands-1.4.10] startup
[9.620s] [ext: omni.hydra.usdrt_delegate-7.5.1] startup
[9.628s] [ext: omni.timeline-1.0.14] startup
[9.631s] [ext: omni.hydra.scene_delegate-0.3.4] startup
[9.636s] [ext: omni.usd-1.13.10] startup
[9.669s] [ext: omni.inspect-1.0.2] startup
[9.671s] [ext: omni.kit.notification_manager-1.0.10] startup
[9.672s] [ext: omni.graph.core-2.184.5] startup
[9.676s] [ext: isaacsim.core.deprecation_manager-0.2.7] startup
[9.677s] [ext: omni.usd.schema.omni_sensors-0.0.0] startup
[9.678s] [ext: omni.kit.asset_converter-5.0.17] startup
[9.693s] [ext: omni.usd.schema.omni_lens_distortion-0.0.0] startup
[9.693s] [ext: omni.usd.schema.physx-107.3.26] startup
[9.735s] [ext: omni.kit.collaboration.telemetry-1.1.0] startup
[9.743s] [ext: omni.volume-0.5.2] startup
[9.747s] [ext: omni.kit.manipulator.selector-1.1.3] startup
[9.749s] [ext: omni.kit.collaboration.channel_manager-1.0.14] startup
[9.752s] [ext: omni.kit.menu.core-1.1.2] startup
[9.753s] [ext: omni.kit.usd.layers-2.2.11] startup
[9.763s] [ext: omni.kit.menu.utils-2.0.5] startup
[9.771s] [ext: omni.ui.scene-1.11.5] startup
[9.777s] [ext: omni.kit.primitive.mesh-1.0.17] startup
[9.781s] [ext: omni.kit.manipulator.viewport-107.0.1] startup
[9.782s] [ext: omni.fabric.commands-1.1.6] startup
[9.786s] [ext: omni.kit.helper.file_utils-0.1.9] startup
[9.787s] [ext: omni.kit.widget.nucleus_info-2.0.2] startup
[9.789s] [ext: omni.kit.widget.filebrowser-2.12.3] startup
[9.794s] [ext: omni.kit.search_core-1.0.8] startup
[9.796s] [ext: omni.kit.widget.options_menu-1.1.6] startup
[9.800s] [ext: omni.kit.widget.search_delegate-1.0.7] startup
[9.802s] [ext: omni.kit.widget.path_field-2.0.11] startup
[9.803s] [ext: omni.kit.widget.options_button-1.0.3] startup
[9.804s] [ext: omni.index.libs-380600.8087.0] startup
[9.804s] [ext: omni.kit.widget.browser_bar-2.0.10] startup
[9.805s] [ext: omni.kit.widget.context_menu-1.2.5] startup
[9.806s] [ext: omni.index-1.0.1] startup
[9.807s] [ext: omni.ujitso.client-0.0.0] startup
[9.808s] [ext: omni.hydra.rtx.shadercache.vulkan-1.0.0] startup
[9.809s] [ext: omni.kit.widget.versioning-1.4.10] startup
[9.815s] [ext: omni.kit.clipboard-1.0.5] startup
[9.816s] [ext: omni.hydra.rtx-1.0.0] startup
2026-06-25T00:06:26Z [9,805ms] [Warning] [omni.log] Source: omni.hydra was already registered.
[9.860s] [ext: omni.kit.window.filepicker-2.13.4] startup
[9.880s] [ext: omni.kit.context_menu-1.8.6] startup
[9.882s] [ext: omni.kit.viewport.scene_camera_model-1.0.6] startup
[9.888s] [ext: omni.kit.hydra_texture-1.4.6] startup
[9.892s] [ext: omni.kit.window.file_importer-1.1.18] startup
[9.895s] [ext: omni.kit.viewport.legacy_gizmos-1.0.19] startup
[9.898s] [ext: omni.kit.raycast.query-1.1.0] startup
[9.904s] [ext: omni.kit.material.library-2.0.7] startup
[9.910s] [ext: omni.kit.widget.viewport-107.1.3] startup
[9.915s] [ext: omni.kit.widget.searchable_combobox-1.0.6] startup
[9.916s] [ext: omni.kit.window.drop_support-1.0.5] startup
[9.916s] [ext: omni.kit.viewport.registry-104.0.6] startup
[9.917s] [ext: omni.hydra.engine.stats-1.0.3] startup
[9.920s] [ext: omni.kit.widget.settings-1.2.6] startup
[9.922s] [ext: omni.kit.viewport.window-107.2.0] startup
[9.943s] [ext: omni.kit.window.preferences-1.8.0] startup
[9.951s] [ext: omni.kit.widget.toolbar-2.0.1] startup
[9.958s] [ext: omni.kit.viewport.utility-1.1.2] startup
[9.958s] [ext: omni.kit.manipulator.transform-107.0.0] startup
[9.963s] [ext: omni.kit.widget.prompt-1.0.7] startup
[9.964s] [ext: omni.kit.manipulator.tool.snap-1.5.13] startup
[9.969s] [ext: omni.kit.widget.live_session_management.ui-1.0.3] startup
[9.978s] [ext: omni.kit.viewport.manipulator.transform-107.0.4] startup
[9.981s] [ext: omni.kit.collaboration.presence_layer-1.1.2] startup
[9.986s] [ext: omni.kit.manipulator.prim.core-107.0.8] startup
[9.994s] [ext: omni.kit.property.adapter.core-1.0.2] startup
[9.997s] [ext: omni.kit.manipulator.prim.fabric-107.0.4] startup
[9.999s] [ext: omni.kit.widget.live_session_management-1.2.23] startup
[10.003s] [ext: omni.kit.property.adapter.usd-1.0.2] startup
[10.004s] [ext: omni.kit.manipulator.prim.usd-107.0.3] startup
[10.005s] [ext: omni.kit.property.adapter.fabric-1.0.3] startup
[10.007s] [ext: omni.kit.manipulator.prim-107.0.0] startup
[10.007s] [ext: omni.kit.window.content_browser_registry-0.0.6] startup
[10.007s] [ext: omni.kit.widget.filter-1.1.4] startup
[10.008s] [ext: omni.kit.window.file_exporter-1.0.33] startup
[10.009s] [ext: omni.kit.stage_template.core-1.1.22] startup
[10.010s] [ext: omni.kit.widget.searchfield-1.1.8] startup
[10.011s] [ext: omni.kit.widget.highlight_label-1.0.3] startup
[10.012s] [ext: omni.kit.window.file-2.0.5] startup
[10.015s] [ext: omni.kit.hotkeys.core-1.3.10] startup
[10.018s] [ext: omni.kit.window.property-1.12.1] startup
[10.021s] [ext: omni.kit.window.content_browser-3.1.3] startup
[10.038s] [ext: omni.kit.widget.stage-3.1.4] startup
[10.051s] [ext: omni.convexdecomposition-107.3.26] startup
[10.055s] [ext: omni.kit.property.usd-4.5.12] startup
[10.068s] [ext: omni.kit.manipulator.selection-106.0.1] startup
[10.069s] [ext: omni.kvdb-107.3.26] startup
[10.072s] [ext: omni.usdphysics-107.3.26] startup
[10.074s] [ext: omni.physx.foundation-107.3.26] startup
[10.076s] [ext: omni.localcache-107.3.26] startup
[10.078s] [ext: omni.debugdraw-0.1.4] startup
[10.098s] [ext: omni.physx.cooking-107.3.26] startup
[10.102s] [ext: omni.physics-107.3.26] startup
[10.106s] [ext: omni.physx-107.3.26] startup
[10.118s] [ext: omni.physics.stageupdate-107.3.26] startup
[10.121s] [ext: omni.physics.physx-107.3.26] startup
2026-06-25T00:06:27Z [10,089ms] [Warning] [carb] Acquiring non optional plugin interface which is not listed as dependency: [omni::physx::IPhysxBenchmarks v1.0] (plugin: <default plugin>), by client: omni.physics.physx.plugin. Add it to CARB_PLUGIN_IMPL_DEPS() macro of a client.
[10.123s] [ext: omni.kit.numpy.common-0.1.3] startup
[10.125s] [ext: omni.kit.window.cursor-1.1.4] startup
[10.126s] [ext: omni.isaac.dynamic_control-2.0.7] startup
2026-06-25T00:06:27Z [10,099ms] [Warning] [omni.isaac.dynamic_control] omni.isaac.dynamic_control is deprecated as of Isaac Sim 4.5. No action is needed from end-users.
[10.133s] [ext: omni.kit.viewport.menubar.core-107.2.1] startup
[10.152s] [ext: omni.kit.viewport.actions-107.0.2] startup
[10.159s] [ext: omni.kit.widget.layers-1.8.6] startup
[10.189s] [ext: omni.kit.viewport.menubar.display-107.0.3] startup
[10.190s] [ext: isaacsim.core.version-2.0.6] startup
[10.191s] [ext: omni.usdphysics.ui-107.3.26] startup
[10.252s] [ext: omni.physx.commands-107.3.26] startup
[10.262s] [ext: isaacsim.storage.native-1.5.1] startup
[10.264s] [ext: omni.usd.metrics.assembler-107.3.1] startup
[10.273s] [ext: omni.physx.ui-107.3.26] startup
[10.398s] [ext: omni.physics.tensors-107.3.26] startup
[10.406s] [ext: omni.warp.core-1.8.2] startup
[10.685s] [ext: omni.usd.metrics.assembler.physics-107.3.26] startup
[10.688s] [ext: omni.graph.tools-1.79.2] startup
[10.714s] [ext: omni.physx.tensors-107.3.26] startup
[10.718s] [ext: isaacsim.core.utils-3.5.1] startup
[10.722s] [ext: omni.kit.widget.text_editor-1.1.1] startup
[10.767s] [ext: omni.graph-1.141.2] startup
[10.823s] [ext: omni.ui_query-1.1.8] startup
[10.824s] [ext: omni.kit.window.extensions-1.4.27] startup
[10.833s] [ext: isaacsim.core.simulation_manager-1.4.4] startup
[12.845s] [ext: omni.kit.widget.graph-2.0.0] startup
[12.858s] [ext: omni.graph.image.core-0.6.1] startup
[12.860s] [ext: isaacsim.core.prims-0.6.1] startup
[12.896s] [ext: omni.kit.stage_templates-2.0.0] startup
[12.906s] [ext: omni.kit.graph.delegate.default-1.2.3] startup
[12.908s] [ext: omni.graph.image.nodes-1.3.1] startup
[12.910s] [ext: omni.graph.action_core-1.1.7] startup
[12.913s] [ext: isaacsim.core.api-4.8.0] startup
[12.924s] [ext: omni.kit.graph.editor.core-1.5.3] startup
[12.934s] [ext: omni.syntheticdata-0.6.13] startup
[12.968s] [ext: omni.graph.ui-1.101.6] startup
[13.039s] [ext: omni.kit.widget.material_preview-1.0.16] startup
[13.046s] [ext: omni.kit.graph.usd.commands-1.3.1] startup
[13.048s] [ext: omni.videoencoding-0.1.2] startup
[13.052s] [ext: omni.graph.action_nodes-1.50.4] startup
[13.058s] [ext: omni.kit.window.material_graph-1.9.1] startup
[13.075s] [ext: omni.graph.nodes-1.170.10] startup
[13.094s] [ext: omni.graph.action-1.130.0] startup
[13.097s] [ext: omni.kit.ui_test-1.3.7] startup
[13.100s] [ext: omni.graph.visualization.nodes-2.1.3] startup
[13.120s] [ext: omni.graph.ui_nodes-1.50.5] startup
[13.130s] [ext: omni.kit.selection-0.1.6] startup
[13.134s] [ext: omni.warp-1.8.2] startup
[13.149s] [ext: isaacsim.gui.components-1.2.1] startup
[13.167s] [ext: isaacsim.gui.menu-2.4.4] startup
[13.206s] [ext: omni.graph.scriptnode-1.50.0] startup
[13.221s] [ext: isaacsim.test.docstring-1.1.0] startup
[13.232s] [ext: isaacsim.core.experimental.utils-0.3.0] startup
[13.253s] [ext: omni.replicator.core-1.12.27] startup
2026-06-25T00:06:30Z [13,260ms] [Warning] [pxr.Semantics] pxr.Semantics is deprecated - please use Semantics instead
2026-06-25T00:06:30Z [13,611ms] [Warning] [omni.graph.core.plugin] Found duplicate of category 'Replicator' - was 'Annotators', adding 'Fabric Reader'
2026-06-25T00:06:30Z [13,611ms] [Warning] [omni.graph.core.plugin] Category 'Replicator' not accepted on node type 'omni.replicator.core.FabricReader' in extension 'omni.replicator.core'
2026-06-25T00:06:30Z [13,612ms] [Warning] [omni.replicator.core.scripts.extension] No material configuration file, adding configuration to material settings directly.
[13.650s] [ext: isaacsim.core.experimental.prims-0.8.1] startup
[13.721s] [ext: isaacsim.core.nodes-3.4.3] startup
[13.740s] [ext: isaacsim.robot.surface_gripper-3.3.1] startup
[13.751s] [ext: isaacsim.sensors.camera-1.3.6] startup
[13.770s] [ext: isaacsim.robot.surface_gripper.ui-3.0.2] startup
[13.790s] [ext: isaacsim.sensors.camera.ui-0.2.2] startup
[13.802s] [ext: omni.kit.core.collection-0.2.3] startup
[13.814s] [ext: isaacsim.core.experimental.materials-0.4.0] startup
[13.870s] [ext: omni.kit.widget.zoombar-1.0.6] startup
[13.873s] [ext: omni.kit.widget.stage_icons-1.0.8] startup
[13.877s] [ext: omni.kit.browser.core-2.3.13] startup
[13.932s] [ext: isaacsim.core.experimental.objects-0.4.0] startup
[13.997s] [ext: omni.kit.usd.collect-2.4.5] startup
[14.021s] [ext: omni.kit.window.stage-2.6.1] startup
[14.082s] [ext: omni.kit.browser.folder.core-1.10.9] startup
[14.114s] [ext: isaacsim.util.debug_draw-3.1.0] startup
[14.122s] [ext: isaacsim.robot_motion.lula-4.0.8] startup
[14.143s] [ext: omni.kit.tool.collect-2.2.18] startup
[14.150s] [ext: omni.kit.menu.stage-1.2.7] startup
[14.156s] [ext: omni.kit.usdz_export-1.0.9] startup
[14.197s] [ext: isaacsim.robot.manipulators-3.3.6] startup
[14.216s] [ext: isaacsim.sensors.physx-2.3.2] startup
[14.236s] [ext: isaacsim.robot_motion.motion_generation-8.0.26] startup
[14.490s] [ext: isaacsim.asset.browser-1.3.23] startup
[15.140s] [ext: omni.kit.tool.asset_importer-4.3.2] startup
[15.158s] [ext: omni.isaac.nucleus-1.0.6] startup
2026-06-25T00:06:32Z [15,125ms] [Warning] [omni.isaac.nucleus] omni.isaac.nucleus has been deprecated in favor of isaacsim.storage.native. Please update your code accordingly.
2026-06-25T00:06:32Z [15,125ms] [Warning] [omni.isaac.nucleus.nucleus] omni.isaac.nucleus.nucleus has been deprecated in favor of isaacsim.storage.native. Please update your code accordingly.
[15.159s] [ext: omni.isaac.range_sensor-4.0.6] startup
2026-06-25T00:06:32Z [15,128ms] [Warning] [omni.isaac.range_sensor] omni.isaac.range_sensor has been deprecated in favor of isaacsim.sensors.physx. Please update your code accordingly.
2026-06-25T00:06:32Z [15,128ms] [Warning] [omni.isaac.range_sensor.commands] omni.isaac.range_sensor.commands has been deprecated in favor of isaacsim.sensors.physx.commands. Please update your code accordingly.
[15.162s] [ext: isaacsim.robot.manipulators.examples-1.1.2] startup
[15.166s] [ext: omni.isaac.asset_browser-1.0.6] startup
2026-06-25T00:06:32Z [15,141ms] [Warning] [omni.isaac.asset_browser] omni.isaac.asset_browser has been deprecated in favor of isaacsim.asset.browser. Please update your code accordingly.
[15.175s] [ext: isaacsim.asset.importer.mjcf-2.5.13] startup
[15.249s] [ext: isaacsim.core.cloner-1.4.10] startup
[15.258s] [ext: omni.isaac.assets_check-0.3.13] startup
2026-06-25T00:06:32Z [15,228ms] [Warning] [omni.isaac.assets_check] omni.isaac.assets_check has been deprecated in favor of isaacsim.asset.browser. Please update your code accordingly.
[15.262s] [ext: isaacsim.cortex.framework-1.0.12] startup
[15.266s] [ext: isaacsim.examples.browser-0.2.1] startup
[15.275s] [ext: isaacsim.asset.importer.urdf-2.4.30] startup
[15.302s] [ext: omni.isaac.cloner-1.0.7] startup
2026-06-25T00:06:32Z [15,272ms] [Warning] [omni.isaac.cloner] omni.isaac.cloner has been deprecated in favor of isaacsim.core.cloner. Please update your code accordingly.
[15.306s] [ext: omni.importer.onshape-1.0.1] startup
[15.369s] [ext: omni.kit.widget.collection-0.3.1] startup
[15.385s] [ext: omni.isaac.core_nodes-2.0.6] startup
2026-06-25T00:06:32Z [15,358ms] [Warning] [omni.isaac.core_nodes] omni.isaac.core_nodes has been deprecated in favor of isaacsim.core.nodes. Please update your code accordingly.
[15.397s] [ext: omni.isaac.cortex-1.0.5] startup
2026-06-25T00:06:32Z [15,364ms] [Warning] [omni.isaac.cortex] omni.isaac.cortex has been deprecated in favor of isaacsim.cortex.framework. Please update your code accordingly.
[15.398s] [ext: isaacsim.core.throttling-2.2.2] startup
[15.406s] [ext: omni.kit.window.collection-0.3.1] startup
2026-06-25T00:06:32Z [15,382ms] [Warning] [omni.kit.window.collection.collection_watch] Get collection from usdrt stage failed: Attach(): incompatible function arguments. The following argument types are supported:
    1. (stageId: int) -> usdrt.Usd._Usd.Stage
    2. (fabricId: usdrt.helpers._helpers.FabricId) -> usdrt.Usd._Usd.Stage

Invoked with: -1
[15.416s] [ext: omni.anim.shared.core-107.0.1] startup
[15.457s] [ext: omni.sensors.nv.common-3.0.0] startup
[15.487s] [ext: omni.kit.viewport.menubar.lighting-107.3.1] startup
[15.495s] [ext: omni.isaac.franka-1.0.7] startup
2026-06-25T00:06:32Z [15,464ms] [Warning] [omni.isaac.franka] omni.isaac.franka has been deprecated in favor of isaacsim.robot.manipulators.examples.franka. Please update your code accordingly.
2026-06-25T00:06:32Z [15,464ms] [Warning] [omni.isaac.franka.franka] omni.isaac.franka has been deprecated in favor of isaacsim.robot.manipulators.examples.franka. Please update your code accordingly.
2026-06-25T00:06:32Z [15,496ms] [Warning] [omni.isaac.franka.kinematics_solver] omni.isaac.franka has been deprecated in favor of isaacsim.robot.manipulators.examples.franka. Please update your code accordingly.
[15.530s] [ext: isaacsim.cortex.behaviors-2.0.14] startup
[15.537s] [ext: omni.sensors.nv.materials-2.0.0] startup
[15.549s] [ext: omni.sensors.nv.wpm-3.0.0] startup
[15.554s] [ext: omni.sensors.net-1.0.0] startup
[15.560s] [ext: omni.isaac.cortex.sample_behaviors-2.0.5] startup
2026-06-25T00:06:32Z [15,528ms] [Warning] [omni.isaac.cortex.sample_behaviors] omni.isaac.cortex.sample_behaviors has been deprecated in favor of isaacsim.cortex.behaviors. Please update your code accordingly.
[15.562s] [ext: isaacsim.sensors.physics-0.4.3] startup
[15.576s] [ext: omni.sensors.nv.radar-3.0.0] startup
[15.585s] [ext: omni.sensors.nv.lidar-3.0.0] startup
[15.593s] [ext: omni.sensors.nv.ids-2.0.0] startup
[15.597s] [ext: isaacsim.simulation_app-2.12.2] startup
[15.599s] [ext: isaacsim.robot.policy.examples-4.1.11] startup
[15.606s] [ext: isaacsim.sensors.rtx-15.8.4] startup
[15.632s] [ext: omni.isaac.kit-2.0.6] startup
2026-06-25T00:06:32Z [15,599ms] [Warning] [omni.isaac.kit] omni.isaac.kit has been deprecated in favor of isaacsim.simulation_app. Please update your code accordingly.
[15.637s] [ext: omni.isaac.quadruped-3.0.7] startup
2026-06-25T00:06:32Z [15,612ms] [Warning] [omni.isaac.quadruped] omni.isaac.quadruped has been deprecated in favor of isaacsim.robot.policy.examples. Please update your code accordingly.
[15.647s] [ext: omni.isaac.lula-4.0.6] startup
2026-06-25T00:06:32Z [15,620ms] [Warning] [omni.isaac.lula] omni.isaac.lula has been deprecated in favor of isaacsim.robot_motion.lula. Please update your code accordingly.
[15.655s] [ext: isaacsim.gui.sensors.icon-2.0.3] startup
[15.732s] [ext: isaacsim.gui.content_browser-0.1.11] startup
[15.748s] [ext: omni.isaac.sensor-13.0.7] startup
2026-06-25T00:06:32Z [15,719ms] [Warning] [omni.isaac.sensor] omni.isaac.sensor has been deprecated in favor of isaacsim.sensors.camera, isaacsim.sensors.physics, isaacsim.sensors.physx, and isaacsim.sensors.rtx. Please update your code accordingly.
2026-06-25T00:06:32Z [15,719ms] [Warning] [omni.isaac.sensor.camera] omni.isaac.sensor.camera has been deprecated in favor of isaacsim.sensors.camera.camera. Please update your code accordingly.
2026-06-25T00:06:32Z [15,719ms] [Warning] [omni.isaac.sensor.camera_view] omni.isaac.sensor.camera_view has been deprecated in favor of isaacsim.sensors.camera.camera_view. Please update your code accordingly.
2026-06-25T00:06:32Z [15,720ms] [Warning] [omni.isaac.sensor.commands] omni.isaac.sensor.commands has been deprecated in favor of isaacsim.sensors.physics.commands, isaacsim.sensors.physx.commands, and isaacsim.sensors.rtx.commands. Please update your code accordingly.
2026-06-25T00:06:32Z [15,720ms] [Warning] [omni.isaac.sensor.contact_sensor] omni.isaac.sensor.contact_sensor has been deprecated in favor of isaacsim.sensors.physics.contact_sensor. Please update your code accordingly.
2026-06-25T00:06:32Z [15,721ms] [Warning] [omni.isaac.sensor.imu_sensor] omni.isaac.sensor.imu_sensor has been deprecated in favor of isaacsim.sensors.physics.imu_sensor. Please update your code accordingly.
2026-06-25T00:06:32Z [15,722ms] [Warning] [omni.isaac.sensor.lidar_rtx] omni.isaac.sensor.lidar_rtx has been deprecated in favor of isaacsim.sensors.rtx.lidar_rtx. Please update your code accordingly.
2026-06-25T00:06:32Z [15,722ms] [Warning] [omni.isaac.sensor.rotating_lidar_physX] omni.isaac.sensor.imu_sensor has been deprecated in favor of isaacsim.sensors.physix.rotating_lidar_physX. Please update your code accordingly.
2026-06-25T00:06:32Z [15,724ms] [Warning] [omni.isaac.sensor.scripts.samples.contact_sensor] omni.isaac.sensor.scripts.samples.contact_sensor has been deprecated in favor of isaacsim.sensors.physics.scripts.samples.contact_sensor. Please update your code accordingly.
2026-06-25T00:06:32Z [15,725ms] [Warning] [omni.isaac.sensor.scripts.samples.imu_sensor] omni.isaac.sensor.scripts.samples.imu_sensor has been deprecated in favor of isaacsim.sensors.physics.scripts.samples.imu_sensor. Please update your code accordingly.
2026-06-25T00:06:32Z [15,725ms] [Warning] [omni.isaac.sensor.scripts.samples.lightbeam_sensor] omni.isaac.sensor.scripts.samples.lightbeam_sensor has been deprecated in favor of isaacsim.sensors.physx.scripts.samples.lightbeam_sensor. Please update your code accordingly.
[15.760s] [ext: omni.isaac.surface_gripper-2.0.6] startup
2026-06-25T00:06:32Z [15,734ms] [Warning] [omni.isaac.surface_gripper] omni.isaac.surface_gripper has been deprecated in favor of isaacsim.robot.surface_gripper. Please update your code accordingly.
[15.770s] [ext: omni.isaac.universal_robots-1.0.6] startup
2026-06-25T00:06:32Z [15,742ms] [Warning] [omni.isaac.universal_robots] omni.isaac.universal_robots has been deprecated in favor of isaacsim.robot.manipulators.examples.universal_robots. Please update your code accordingly.
2026-06-25T00:06:32Z [15,744ms] [Warning] [omni.isaac.universal_robots.kinematics_solver] omni.isaac.franka has been deprecated in favor of isaacsim.robot.manipulators.examples.universal_robots. Please update your code accordingly.
2026-06-25T00:06:32Z [15,776ms] [Warning] [omni.isaac.universal_robots.ur10] omni.isaac.franka has been deprecated in favor of isaacsim.robot.manipulators.examples.universal_robots. Please update your code accordingly.
[15.811s] [ext: isaacsim.robot.wheeled_robots-4.0.24] startup
[15.840s] [ext: omni.isaac.utils-2.0.6] startup
[15.851s] [ext: isaacsim.app.about-2.0.11] startup
[15.862s] [ext: omni.isaac.version-2.0.7] startup
2026-06-25T00:06:32Z [15,830ms] [Warning] [omni.isaac.version] omni.isaac.version has been deprecated in favor of isaacsim.core.version. Please update your code accordingly.
[15.864s] [ext: omni.isaac.wheeled_robots-3.0.7] startup
2026-06-25T00:06:32Z [15,833ms] [Warning] [omni.isaac.wheeled_robots] omni.isaac.wheeled_robots has been deprecated in favor of isaacsim.robot.wheeled_robots. Please update your code accordingly.
2026-06-25T00:06:32Z [15,833ms] [Warning] [omni.isaac.wheeled_robots.controllers] omni.isaac.wheeled_robots has been deprecated in favor of isaacsim.robot.wheeled_robots. Please update your code accordingly.
2026-06-25T00:06:32Z [15,834ms] [Warning] [omni.isaac.wheeled_robots.controllers.ackermann_controller] omni.isaac.wheeled_robots has been deprecated in favor of isaacsim.robot.wheeled_robots. Please update your code accordingly.
2026-06-25T00:06:32Z [15,835ms] [Warning] [omni.isaac.wheeled_robots.controllers.differential_controller] omni.isaac.wheeled_robots has been deprecated in favor of isaacsim.robot.wheeled_robots. Please update your code accordingly.
2026-06-25T00:06:32Z [15,835ms] [Warning] [omni.isaac.wheeled_robots.controllers.holonomic_controller] omni.isaac.wheeled_robots has been deprecated in favor of isaacsim.robot.wheeled_robots. Please update your code accordingly.
2026-06-25T00:06:32Z [15,835ms] [Warning] [omni.isaac.wheeled_robots.controllers.quintic_path_planner] omni.isaac.wheeled_robots has been deprecated in favor of isaacsim.robot.wheeled_robots. Please update your code accordingly.
2026-06-25T00:06:32Z [15,835ms] [Warning] [omni.isaac.wheeled_robots.controllers.stanley_control] omni.isaac.wheeled_robots has been deprecated in favor of isaacsim.robot.wheeled_robots. Please update your code accordingly.
2026-06-25T00:06:32Z [15,836ms] [Warning] [omni.isaac.wheeled_robots.controllers.wheel_base_pose_controller] omni.isaac.wheeled_robots has been deprecated in favor of isaacsim.robot.wheeled_robots. Please update your code accordingly.
2026-06-25T00:06:32Z [15,836ms] [Warning] [omni.isaac.wheeled_robots.impl] omni.isaac.wheeled_robots has been deprecated in favor of isaacsim.robot.wheeled_robots. Please update your code accordingly.
2026-06-25T00:06:32Z [15,836ms] [Warning] [omni.isaac.wheeled_robots.robots] omni.isaac.wheeled_robots has been deprecated in favor of isaacsim.robot.wheeled_robots. Please update your code accordingly.
2026-06-25T00:06:32Z [15,838ms] [Warning] [omni.isaac.wheeled_robots.robots.holonomic_robot_usd_setup] omni.isaac.wheeled_robots has been deprecated in favor of isaacsim.robot.wheeled_robots. Please update your code accordingly.
2026-06-25T00:06:32Z [15,839ms] [Warning] [omni.isaac.wheeled_robots.robots.wheeled_robot] omni.isaac.wheeled_robots has been deprecated in favor of isaacsim.robot.wheeled_robots. Please update your code accordingly.
[15.873s] [ext: omni.kit.widget.imageview-1.0.4] startup
[15.879s] [ext: omni.isaac.window.about-2.0.7] startup
2026-06-25T00:06:32Z [15,855ms] [Warning] [omni.isaac.window.about] omni.isaac.window.about has been deprecated in favor of isaacsim.app.about. Please update your code accordingly.
2026-06-25T00:06:32Z [15,855ms] [Warning] [omni.isaac.window.about.about] omni.isaac.window.about.about has been deprecated in favor of isaacsim.app.about.about. Please update your code accordingly.
[15.890s] [ext: omni.kit.property.audio-1.0.16] startup
[15.897s] [ext: omni.kit.property.camera-1.0.10] startup
[15.903s] [ext: omni.kit.window.quicksearch-2.4.4] startup
[15.924s] [ext: omni.kit.property.geometry-2.0.4] startup
[15.937s] [ext: omni.hydra.scene_api-0.1.2] startup
[15.954s] [ext: omni.kit.property.light-1.0.12] startup
[15.999s] [ext: omni.kit.property.material-1.11.9] startup
[16.021s] [ext: omni.kit.property.render-1.2.1] startup
[16.028s] [ext: omni.kit.property.transform-1.5.13] startup
[16.047s] [ext: isaacsim.gui.property-1.1.3] startup
[16.054s] [ext: omni.kit.manipulator.camera-106.0.4] startup
[16.066s] [ext: omni.isaac.core-4.0.7] startup
2026-06-25T00:06:33Z [16,035ms] [Warning] [omni.isaac.core.physics_context.physics_context] omni.isaac.core.physics_context.physics_context has been deprecated in favor of isaacsim.core.api.physics_context.physics_context. Please update your code accordingly.
2026-06-25T00:06:33Z [16,035ms] [Warning] [omni.isaac.core.simulation_context.simulation_context] omni.isaac.core.simulation_context.simulation_context has been deprecated in favor of isaacsim.core.api.simulation_context.simulation_context. Please update your code accordingly.
2026-06-25T00:06:33Z [16,036ms] [Warning] [omni.isaac.core.world.world] omni.isaac.core.world.world has been deprecated in favor of isaacsim.core.api.world.world. Please update your code accordingly.
2026-06-25T00:06:33Z [16,036ms] [Warning] [omni.isaac.core] omni.isaac.core has been deprecated in favor of isaacsim.core.api. Please update your code accordingly.
[16.070s] [ext: omni.kit.property.bundle-1.4.1] startup
[16.077s] [ext: omni.kit.property.isaac-1.0.6] startup
2026-06-25T00:06:33Z [16,047ms] [Warning] [omni.kit.property.isaac] omni.kit.property.isaac has been deprecated in favor of isaacsim.gui.property. Please update your code accordingly.
2026-06-25T00:06:33Z [16,047ms] [Warning] [omni.kit.property.isaac.widgets] omni.kit.property.isaac.widgets has been deprecated in favor of isaacsim.gui.property.widgets. Please update your code accordingly.
[16.081s] [ext: omni.kit.viewport.menubar.camera-107.0.6] startup
[16.095s] [ext: isaacsim.replicator.writers-1.0.17] startup
[16.128s] [ext: omni.kit.viewport.menubar.render-107.0.10] startup
[16.143s] [ext: omni.kit.viewport.menubar.settings-107.0.3] startup
[16.156s] [ext: omni.kit.window.console-1.1.4] startup
[16.167s] [ext: isaacsim.replicator.domain_randomization-1.0.16] startup
[16.170s] [ext: isaacsim.replicator.examples-1.3.6] startup
[16.177s] [ext: omni.ocio-0.1.1] startup
[16.186s] [ext: omni.rtx.window.settings-0.6.19] startup
[16.202s] [ext: omni.kit.window.status_bar-0.1.9] startup
[16.222s] [ext: omni.kit.window.toolbar-2.0.0] startup
[16.250s] [ext: isaacsim.robot_motion.lula_test_widget-1.0.12] startup
[16.288s] [ext: omni.replicator.isaac-2.0.8] startup
2026-06-25T00:06:33Z [16,264ms] [Warning] [omni.replicator.isaac] omni.replicator.isaac has been deprecated in favor of isaacsim.replicator.domain_randomization, isaacsim.replicator.examples, isaacsim.replicator.writers. Please update your code accordingly.
[16.301s] [ext: omni.kit.menu.create-2.0.1] startup
[16.321s] [ext: omni.rtx.settings.core-0.6.5] startup
[16.348s] [ext: omni.replicator.replicator_yaml-2.0.11] startup
[16.363s] [ext: omni.isaac.manipulators-3.0.7] startup
2026-06-25T00:06:33Z [16,336ms] [Warning] [omni.isaac.manipulators] omni.isaac.manipulators has been deprecated in favor of isaacsim.robot.manipulators. Please update your code accordingly.
2026-06-25T00:06:33Z [16,337ms] [Warning] [omni.isaac.manipulators.controllers] omni.isaac.manipulators has been deprecated in favor of isaacsim.robot.manipulators. Please update your code accordingly.
2026-06-25T00:06:33Z [16,338ms] [Warning] [omni.isaac.manipulators.controllers.pick_place_controller] omni.isaac.manipulators has been deprecated in favor of isaacsim.robot.manipulators. Please update your code accordingly.
2026-06-25T00:06:33Z [16,343ms] [Warning] [omni.isaac.manipulators.controllers.stacking_controller] omni.isaac.manipulators has been deprecated in favor of isaacsim.robot.manipulators. Please update your code accordingly.
2026-06-25T00:06:33Z [16,344ms] [Warning] [omni.isaac.manipulators.grippers] omni.isaac.manipulators has been deprecated in favor of isaacsim.robot.manipulators. Please update your code accordingly.
2026-06-25T00:06:33Z [16,345ms] [Warning] [omni.isaac.manipulators.grippers.gripper] omni.isaac.manipulators has been deprecated in favor of isaacsim.robot.manipulators. Please update your code accordingly.
2026-06-25T00:06:33Z [16,348ms] [Warning] [omni.isaac.manipulators.grippers.parallel_gripper] omni.isaac.manipulators has been deprecated in favor of isaacsim.robot.manipulators. Please update your code accordingly.
2026-06-25T00:06:33Z [16,350ms] [Warning] [omni.isaac.manipulators.grippers.surface_gripper] omni.isaac.manipulators has been deprecated in favor of isaacsim.robot.manipulators. Please update your code accordingly.
2026-06-25T00:06:33Z [16,352ms] [Warning] [omni.isaac.manipulators.manipulators] omni.isaac.manipulators has been deprecated in favor of isaacsim.robot.manipulators. Please update your code accordingly.
2026-06-25T00:06:33Z [16,353ms] [Warning] [omni.isaac.manipulators.manipulators.single_manipulator] omni.isaac.manipulators has been deprecated in favor of isaacsim.robot.manipulators. Please update your code accordingly.
[16.393s] [ext: omni.isaac.lula_test_widget-1.0.6] startup
2026-06-25T00:06:33Z [16,367ms] [Warning] [omni.isaac.lula_test_widget] omni.isaac.lula_test_widget has been deprecated in favor of isaacsim.robot_motion.lula_test_widget. Please update your code accordingly.
[16.402s] [ext: omni.usd.metrics.assembler.ui-107.3.1] startup
[16.450s] [ext: omni.isaac.menu-1.0.6] startup
2026-06-25T00:06:33Z [16,419ms] [Warning] [omni.isaac.menu] omni.isaac.menu has been deprecated in favor of isaacsim.gui.menu. Please update your code accordingly.
[16.453s] [ext: omni.kit.scripting-107.3.2] startup
[16.472s] [ext: semantics.schema.editor-2.0.2] startup
[16.484s] [ext: omni.kit.ui.actions-1.0.5] startup
[16.491s] [ext: semantics.schema.property-2.0.1] startup
[16.498s] [ext: omni.isaac.motion_generation-8.0.7] startup
2026-06-25T00:06:33Z [16,468ms] [Warning] [omni.isaac.motion_generation] omni.isaac.motion_generation has been deprecated in favor of isaacsim.robot_motion.motion_generation. Please update your code accordingly.
2026-06-25T00:06:33Z [16,469ms] [Warning] [omni.isaac.motion_generation.articulation_kinematics_solver] omni.isaac.motion_generation has been deprecated in favor of isaacsim.robot_motion.motion_generation. Please update your code accordingly.
2026-06-25T00:06:33Z [16,470ms] [Warning] [omni.isaac.motion_generation.articulation_motion_policy] omni.isaac.motion_generation has been deprecated in favor of isaacsim.robot_motion.motion_generation. Please update your code accordingly.
2026-06-25T00:06:33Z [16,470ms] [Warning] [omni.isaac.motion_generation.articulation_trajectory] omni.isaac.motion_generation has been deprecated in favor of isaacsim.robot_motion.motion_generation. Please update your code accordingly.
2026-06-25T00:06:33Z [16,472ms] [Warning] [omni.isaac.motion_generation.kinematics_interface] omni.isaac.motion_generation has been deprecated in favor of isaacsim.robot_motion.motion_generation. Please update your code accordingly.
2026-06-25T00:06:33Z [16,472ms] [Warning] [omni.isaac.motion_generation.lula] omni.isaac.motion_generation has been deprecated in favor of isaacsim.robot_motion.motion_generation. Please update your code accordingly.
2026-06-25T00:06:33Z [16,472ms] [Warning] [omni.isaac.motion_generation.lula.kinematics] omni.isaac.motion_generation has been deprecated in favor of isaacsim.robot_motion.motion_generation. Please update your code accordingly.
2026-06-25T00:06:33Z [16,473ms] [Warning] [omni.isaac.motion_generation.lula.motion_policies] omni.isaac.motion_generation has been deprecated in favor of isaacsim.robot_motion.motion_generation. Please update your code accordingly.
2026-06-25T00:06:33Z [16,473ms] [Warning] [omni.isaac.motion_generation.lula.path_planners] omni.isaac.motion_generation has been deprecated in favor of isaacsim.robot_motion.motion_generation. Please update your code accordingly.
2026-06-25T00:06:33Z [16,474ms] [Warning] [omni.isaac.motion_generation.lula.trajectory_generator] omni.isaac.motion_generation has been deprecated in favor of isaacsim.robot_motion.motion_generation. Please update your code accordingly.
2026-06-25T00:06:33Z [16,474ms] [Warning] [omni.isaac.motion_generation.motion_policy_controller] omni.isaac.motion_generation has been deprecated in favor of isaacsim.robot_motion.motion_generation. Please update your code accordingly.
2026-06-25T00:06:33Z [16,475ms] [Warning] [omni.isaac.motion_generation.motion_policy_interface] omni.isaac.motion_generation has been deprecated in favor of isaacsim.robot_motion.motion_generation. Please update your code accordingly.
2026-06-25T00:06:33Z [16,475ms] [Warning] [omni.isaac.motion_generation.path_planner_visualizer] omni.isaac.motion_generation has been deprecated in favor of isaacsim.robot_motion.motion_generation. Please update your code accordingly.
2026-06-25T00:06:33Z [16,476ms] [Warning] [omni.isaac.motion_generation.path_planning_interface] omni.isaac.motion_generation has been deprecated in favor of isaacsim.robot_motion.motion_generation. Please update your code accordingly.
2026-06-25T00:06:33Z [16,476ms] [Warning] [omni.isaac.motion_generation.trajectory] omni.isaac.motion_generation has been deprecated in favor of isaacsim.robot_motion.motion_generation. Please update your code accordingly.
2026-06-25T00:06:33Z [16,476ms] [Warning] [omni.isaac.motion_generation.world_interface] omni.isaac.motion_generation has been deprecated in favor of isaacsim.robot_motion.motion_generation. Please update your code accordingly.
[16.511s] [ext: omni.anim.curve.core-1.3.1] startup
[16.540s] [ext: isaacsim.replicator.behavior-1.1.16] startup
[16.545s] [ext: omni.mdl.usd_converter-1.0.30] startup
[16.557s] [ext: omni.kit.menu.common-2.0.1] startup
[16.561s] [ext: isaacsim.exp.base-5.1.0] startup
[16.564s] [ext: omni.kit.stage.mdl_converter-1.0.8] startup
[16.568s] [ext: isaacsim.examples.extension-2.0.12] startup
[16.574s] [ext: isaacsim.sensors.physics.examples-0.1.15] startup
[16.583s] [ext: isaacsim.sensors.physics.ui-0.1.12] startup
[16.607s] [ext: isaacsim.replicator.behavior.ui-1.0.5] startup
[16.619s] [ext: isaacsim.examples.interactive-4.7.4] startup
[16.769s] [ext: omni.kit.graph.delegate.modern-1.10.9] startup
[16.823s] [ext: omni.anim.curve.ui-1.4.1] startup
[16.887s] [ext: omni.kit.actions.window-1.1.3] startup
[16.907s] [ext: omni.kit.graph.widget.variables-2.1.0] startup
[16.916s] [ext: isaacsim.util.physics-1.1.5] startup
[16.936s] [ext: omni.anim.curve.bundle-1.2.3] startup
[16.939s] [ext: omni.kit.hotkeys.window-1.4.9] startup
[16.969s] [ext: omni.graph.window.core-2.0.0] startup
[17.027s] [ext: omni.graph.bundle.action-2.30.0] startup
[17.035s] [ext: isaacsim.asset.importer.heightmap-2.0.6] startup
[17.045s] [ext: isaacsim.robot.wheeled_robots.ui-2.1.23] startup
[17.055s] [ext: omni.graph.window.generic-1.50.2] startup
[17.090s] [ext: omni.simready.explorer-1.1.3] startup
[17.116s] [ext: omni.isaac.block_world-2.0.6] startup
2026-06-25T00:06:34Z [17,086ms] [Warning] [omni.isaac.block_world] ['omni.isaac.block_world'] has been deprecated in favor of ['isaacsim.asset.importer.heightmap']. Please update your code accordingly.
[17.120s] [ext: isaacsim.asset.gen.omap-2.0.29] startup
[17.146s] [ext: isaacsim.robot_setup.gain_tuner-3.0.6] startup
[17.182s] [ext: isaacsim.robot_setup.grasp_editor-2.0.20] startup
[17.200s] [ext: omni.isaac.extension_templates-2.0.7] startup
2026-06-25T00:06:34Z [17,174ms] [Warning] [omni.isaac.extension_templates] omni.isaac.extension_templates has been deprecated in favor of isaacsim.examples.extension. Please update your code accordingly.
[17.208s] [ext: isaacsim.asset.gen.omap.ui-2.2.3] startup
[17.218s] [ext: omni.isaac.gain_tuner-2.0.5] startup
[17.223s] [ext: omni.isaac.grasp_editor-2.0.7] startup
2026-06-25T00:06:34Z [17,191ms] [Warning] [omni.isaac.grasp_editor] omni.isaac.grasp_editor has been deprecated in favor of isaacsim.robot_setup.grasp_editor. Please update your code accordingly.
[17.230s] [ext: omni.isaac.occupancy_map-2.0.8] startup
2026-06-25T00:06:34Z [17,204ms] [Warning] [omni.isaac.occupancy_map] omni.isaac.occupancy_map has been deprecated in favor of isaacsim.asset.gen.omap. Please update your code accordingly.
[17.239s] [ext: omni.isaac.occupancy_map.ui-2.0.8] startup
2026-06-25T00:06:34Z [17,208ms] [Warning] [omni.isaac.occupancy_map.ui] omni.isaac.occupancy_map.ui has been deprecated in favor of isaacsim.asset.gen.omap.ui. Please update your code accordingly.
[17.245s] [ext: isaacsim.sensors.rtx.ui-1.1.6] startup
[17.262s] [ext: isaacsim.robot_setup.assembler-3.0.11] startup
[17.282s] [ext: isaacsim.robot_setup.xrdf_editor-3.1.11] startup
[17.307s] [ext: isaacsim.replicator.scene_blox-1.0.8] startup
2026-06-25T00:06:34Z [17,277ms] [Warning] [isaacsim.replicator.scene_blox] isacsim.replicator.scene_blox has been deprecated since Isaac Sim 5.0.0.
[17.312s] [ext: isaacsim.replicator.synthetic_recorder-2.2.17] startup
[17.328s] [ext: isaacsim.robot.manipulators.ui-2.1.23] startup
[17.338s] [ext: omni.isaac.robot_assembler-2.0.8] startup
2026-06-25T00:06:34Z [17,313ms] [Warning] [omni.isaac.robot_assembler] omni.isaac.robot_assembler has been deprecated in favor of isaacsim.robot_setup.assembler. Please update your code accordingly.
[17.348s] [ext: omni.isaac.robot_description_editor-3.0.5] startup
[17.350s] [ext: omni.isaac.scene_blox-1.0.6] startup
2026-06-25T00:06:34Z [17,318ms] [Warning] [omni.isaac.scene_blox] omni.isaac.scene_blox has been deprecated in favor of isaacsim.replicator.scene_blox. Please update your code accordingly.
[17.352s] [ext: omni.isaac.synthetic_recorder-2.0.6] startup
2026-06-25T00:06:34Z [17,324ms] [Warning] [omni.isaac.synthetic_recorder] omni.isaac.synthetic_recorder has been deprecated in favor of isaacsim.replicator.synthetic_recorder. Please update your code accordingly.
[17.358s] [ext: omni.isaac.throttling-2.0.7] startup
2026-06-25T00:06:34Z [17,330ms] [Warning] [omni.isaac.throttling] omni.isaac.throttling has been deprecated in favor of isaacsim.core.throttling. Please update your code accordingly.
2026-06-25T00:06:34Z [17,331ms] [Warning] [omni.isaac.throttling.throttling] omni.isaac.throttling.throttling has been deprecated in favor of isaacsim.core.throttling.extension. Please update your code accordingly.
[17.365s] [ext: omni.kit.browser.asset-1.3.12] startup
[17.374s] [ext: omni.kit.mesh.raycast-107.0.1] startup
[17.509s] [ext: omni.kit.preferences.animation-1.2.0] startup
[17.526s] [ext: omni.graph.window.action-1.50.2] startup
[17.555s] [ext: omni.kit.property.collection-0.2.3] startup
[17.564s] [ext: omni.kit.property.layer-1.1.9] startup
[17.577s] [ext: omni.kit.stagerecorder.core-107.0.3] startup
[17.615s] [ext: omni.kit.search.files-1.0.4] startup
[17.622s] [ext: omni.kit.stage.copypaste-1.2.4] startup
[17.634s] [ext: omni.kit.browser.material-1.6.2] startup
[17.654s] [ext: omni.kit.window.title-1.1.7] startup
[17.661s] [ext: omni.kit.widgets.custom-1.0.13] startup
[17.711s] [ext: omni.kit.stagerecorder.ui-107.0.1] startup
[17.730s] [ext: omni.kit.stage_column.payload-2.0.3] startup
[17.741s] [ext: omni.kit.tool.remove_unused.core-0.1.3] startup
[17.749s] [ext: omni.kit.window.material-1.7.2] startup
[17.790s] [ext: omni.kit.stage_column.variant-1.0.17] startup
[17.812s] [ext: omni.kit.variant.editor-107.5.3] startup
[18.070s] [ext: omni.kit.stagerecorder.bundle-105.0.2] Starting kit application with the following args:  ['/home/robotics/isaac-sim-5.1/lib/python3.11/site-packages/isaacsim/exts/isaacsim.simulation_app/isaacsim/simulation_app/simulation_app.py', '/home/robotics/isaac-sim-5.1/lib/python3.11/site-packages/isaacsim/apps/isaacsim.exp.full.kit', '--/app/tokens/exe-path=/home/robotics/isaac-sim-5.1/lib/python3.11/site-packages/isaacsim/kit', '--/persistent/app/viewport/displayOptions=3286', '--/rtx/materialDb/syncLoads=True', '--/rtx/hydra/materialSyncLoads=True', '--/omni.kit.plugin/syncUsdLoads=True', '--/app/renderer/resolution/width=1920', '--/app/renderer/resolution/height=1080', '--/app/window/width=1920', '--/app/window/height=1080', '--/renderer/multiGpu/enabled=True', '--/app/fastShutdown=True', '--/app/installSignalHandlers=0', '--ext-folder', '/home/robotics/isaac-sim-5.1/lib/python3.11/site-packages/isaacsim/exts', '--ext-folder', '/home/robotics/isaac-sim-5.1/lib/python3.11/site-packages/isaacsim/apps', '--/physics/cudaDevice=0', '--/plugins/carb.tasking.plugin/threadCount=16', '--/plugins/omni.tbb.globalcontrol/maxThreadCount=16', '--portable', '--/app/window/hideUi=False']
Passing the following args to the base kit application:  ['--config', 'config/sim_config_gui.yaml']
Warp 1.8.2 initialized:
   CUDA Toolkit 12.8, Driver 13.0
   Devices:
     "cpu"      : "x86_64"
     "cuda:0"   : "NVIDIA GeForce RTX 2070" (8 GiB, sm_75, mempool enabled)
   Kernel cache:
     /home/robotics/.cache/warp/1.8.2
Warp DeprecationWarning: The `warp.sim` module is deprecated and will be removed in v1.10. Please transition to using the forthcoming Newton library instead.
startup
[18.074s] [ext: omni.kit.tool.asset_exporter-4.0.5] startup
[18.096s] [ext: omni.services.facilities.base-1.0.4] startup
[18.103s] [ext: omni.kit.tool.remove_unused.controller-0.1.4] startup
[18.132s] [ext: omni.kit.usda_edit-1.1.18] startup
[18.236s] [ext: omni.kit.variant.presenter-107.0.0] startup
[18.269s] [ext: omni.kit.viewport.bundle-104.0.1] startup
[18.275s] [ext: omni.kit.viewport.rtx-104.0.1] startup
[18.275s] [ext: omni.services.core-1.9.0] startup
[19.770s] [ext: omni.kit.widget.live-2.1.11] startup
[19.784s] [ext: omni.kit.widget.calendar-1.0.9] startup
[19.804s] [ext: omni.services.transport.client.base-1.2.4] startup
[19.811s] [ext: omni.kit.viewport_widgets_manager-1.0.9] startup
[19.822s] [ext: omni.usdex.libs-1.2.2] startup
[20.010s] [ext: omni.scene.optimizer.core-107.3.12] startup
[21.241s] [ext: omni.kit.widget.cache_indicator-3.0.7] startup
2026-06-25T00:06:38Z [21,208ms] [Warning] [omni.kit.pipapi.pipapi] extension omni.kit.widget.cache_indicator-3.0.7 has a [python.pipapi] entry, but use_online_index=true is not set. It doesn't do anything and can be removed.
2026-06-25T00:06:39Z [21,949ms] [Warning] [omni.kit.widget.cache_indicator.cache_state_menu] Unable to detect Omniverse Cache Server. File /home/robotics/.nvidia-omniverse/config/omniverse.toml is not found. Consider installing it for better IO performance.
[21.999s] [ext: omni.kit.widget.extended_searchfield-1.0.31] startup
[22.331s] [ext: omni.services.client-0.5.3] startup
[22.343s] [ext: omni.kit.widget.schema_api-1.0.3] startup
[22.350s] [ext: omni.isaac.physics_inspector-0.1.11] startup
2026-06-25T00:06:39Z [22,320ms] [Warning] [omni.isaac.physics_inspector] omni.isaac.physics_inspector has been deprecated.Replaced by Physics Visualization tools
[22.354s] [ext: omni.kit.converter.common-507.1.2] startup
[22.367s] [ext: omni.services.transport.server.base-1.1.1] startup
[22.371s] [ext: omni.physx.demos-107.3.26] startup
[22.457s] [ext: omni.asset_validator.core-1.1.6] startup
[22.535s] [ext: omni.kit.property.physx-107.3.26] startup
[22.587s] [ext: omni.services.facilities.monitoring.progress-0.2.4] startup
[22.598s] [ext: isaacsim.util.merge_mesh-2.0.15] startup
[22.603s] [ext: omni.services.transport.server.http-1.3.1] startup
[22.661s] [ext: omni.services.transport.client.http_async-1.4.0] startup
[22.664s] [ext: omni.kit.widget.timeline-107.0.1] startup
[22.672s] [ext: omni.physx.vehicle-107.3.26] startup
[22.725s] [ext: omni.kit.window.script_editor-2.0.1] startup
[22.739s] [ext: omni.asset_validator.ui-1.1.6] startup
[22.773s] [ext: omni.physx.asset_validator-107.3.26] startup
[22.843s] [ext: omni.services.convert.cad-507.0.2] startup
[22.860s] [ext: isaacsim.sensors.physx.ui-2.3.0] startup
[22.864s] [ext: omni.physx.camera-107.3.26] startup
[22.896s] [ext: omni.physx.cct-107.3.26] startup
[22.931s] [ext: omni.physx.graph-107.3.26] startup
[23.104s] [ext: omni.physx.supportui-107.3.26] startup
[23.161s] [ext: omni.physx.telemetry-107.3.26] startup
[23.173s] [ext: omni.kit.converter.dgn_core-510.1.0] startup
[23.972s] [ext: omni.isaac.range_sensor.ui-2.0.5] startup
2026-06-25T00:06:41Z [23,940ms] [Warning] [omni.isaac.range_sensor.ui] omni.isaac.range_sensor.ui has been deprecated in favor of isaacsim.sensors.physx.ui. Please update your code accordingly.
2026-06-25T00:06:41Z [23,940ms] [Warning] [omni.isaac.range_sensor.ui.menu] omni.isaac.range_sensor.ui.menu has been deprecated in favor of isaacsim.sensors.physx.ui.menu. Please update your code accordingly.
[23.974s] [ext: omni.kit.converter.hoops_core-509.1.0] startup
[24.019s] [ext: omni.kit.window.usd_paths-1.0.8] startup
[24.033s] [ext: omni.kit.converter.jt_core-508.1.0] startup
[25.104s] [ext: omni.services.facilities.monitoring.metrics-0.3.0] startup
[25.142s] [ext: omni.physx.bundle-107.3.26] startup
[25.144s] [ext: omni.kit.converter.dgn-509.1.0] startup
[25.157s] [ext: isaacsim.sensors.physx.examples-2.2.15] startup
[25.165s] [ext: omni.kit.converter.hoops-509.1.0] startup
[25.204s] [ext: isaacsim.replicator.grasping-1.0.9] startup
[27.057s] [ext: omni.kit.converter.jt-508.1.0] startup
[27.065s] [ext: omni.services.convert.asset-508.0.2] startup
[27.097s] [ext: omni.kit.quicklayout-1.0.8] startup
[27.100s] [ext: omni.kit.window.commands-0.2.9] startup
[27.107s] [ext: omni.isaac.range_sensor.examples-2.0.6] startup
2026-06-25T00:06:44Z [27,077ms] [Warning] [omni.isaac.range_sensor.examples] omni.isaac.range_sensor.examples has been deprecated in favor of isaacsim.sensors.physx.examples. Please update your code accordingly.
2026-06-25T00:06:44Z [27,077ms] [Warning] [omni.isaac.range_sensor.examples.lidar_info] omni.isaac.range_sensor.examples.lidar_info has been deprecated in favor of isaacsim.sensors.physx.examples.lidar_info. Please update your code accordingly.
2026-06-25T00:06:44Z [27,077ms] [Warning] [omni.isaac.range_sensor.examples.generic_info] omni.isaac.range_sensor.examples.generic_info has been deprecated in favor of isaacsim.sensors.physx.examples.generic_info. Please update your code accordingly.
[27.111s] [ext: isaacsim.util.camera_inspector-1.0.16] startup
[27.128s] [ext: isaacsim.replicator.grasping.ui-1.0.8] startup
[27.155s] [ext: isaacsim.asset.validation-1.1.0] startup
[27.224s] [ext: omni.kit.converter.cad-205.0.0] startup
[27.226s] [ext: omni.kit.window.stats-0.1.7] startup
[27.229s] [ext: isaacsim.app.setup-1.6.0] startup
[27.234s] Isaac Sim Full Version: 5.1.0-rc.19
[27.234s] Writing Isaac Sim icon file
[27.235s] [ext: omni.kit.profiler.window-2.3.5] startup
[27.667s] [ext: isaacsim.exp.full-5.1.0] startup
[27.675s] Simulation App Starting
2026-06-25T00:06:45Z [28,451ms] [Warning] [omni.fabric.plugin] Warning: attribute viewportHandle not found for bucket id 9

2026-06-25T00:06:45Z [28,587ms] [Warning] [usdrt.population.plugin] [UsdNoticeHandler] Unhandled attribute type VtArray<std::string> (prim attribute: omni:rtx:material:db:flattener:transmittance_color)
2026-06-25T00:06:45Z [28,588ms] [Warning] [usdrt.population.plugin] [UsdNoticeHandler] Unhandled attribute type VtArray<std::string> (prim attribute: omni:rtx:material:db:flattener:reflection_roughness_constant)
2026-06-25T00:06:45Z [28,588ms] [Warning] [usdrt.population.plugin] [UsdNoticeHandler] Unhandled attribute type VtArray<std::string> (prim attribute: omni:rtx:material:db:flattener:ior_constant)
[28.648s] [ext: isaacsim.ros2.bridge-4.12.4] startup
[30.003s] Using backup internal ROS2 humble distro
[30.279s] To use the internal libraries included with the extension please set the following environment variables to use with FastDDS (default) or CycloneDDS before starting Isaac Sim:

FastDDS (default):
export ROS_DISTRO=humble
export RMW_IMPLEMENTATION=rmw_fastrtps_cpp
export LD_LIBRARY_PATH=$LD_LIBRARY_PATH:/home/robotics/isaac-sim-5.1/lib/python3.11/site-packages/isaacsim/exts/isaacsim.ros2.bridge/humble/lib

OR

CycloneDDS:
export ROS_DISTRO=humble
export RMW_IMPLEMENTATION=rmw_cyclonedds_cpp
export LD_LIBRARY_PATH=$LD_LIBRARY_PATH:/home/robotics/isaac-sim-5.1/lib/python3.11/site-packages/isaacsim/exts/isaacsim.ros2.bridge/humble/lib


2026-06-25T00:06:47Z [30,245ms] [Error] [isaacsim.ros2.bridge.impl.extension] ROS2 Bridge startup failed
[30.567s] [ext: isaacsim.ros2.bridge-4.12.4] shutdown
[34.010s] app ready
Checking to see if RMW can be loaded:
failed to get symbol 'rmw_init_options_init' due to Environment variable 'AMENT_PREFIX_PATH' is not set or empty, at /workspace/humble_ws/src/rmw_implementation/src/functions.cpp:171, at /workspace/humble_ws/src/rcl/rcl/src/rcl/init_options.c:75
RMW was not loaded

[simulator] Config     : config/sim_config_gui.yaml
[simulator] Input dir  : /home/robotics/Documents/assignment2/palletizing_simulator/algorithm_results
[simulator] Output dir : /home/robotics/Documents/assignment2/palletizing_simulator/sim_results
[simulator] Found 2 input file(s)
  - box_sequence_0.json
  - box_sequence_1.json
[simulator] drop_offset=0.02m  settle_steps(max)=10  settle_vel=0.05m/s  final_steps=100
[simulator] auto_start : False
[simulator] Waiting for Isaac Sim PLAY button...
[simulator] PLAY detected. Starting simulation.

[simulator] ══ Processing: box_sequence_0.json ══
[simulator] plan=99  buffer_size=0  source_boxes=250
[simulator] initial buffer ids = []
[simulator] Final settle 100 steps …
[simulator] All steps done  (total 37.7s)
[evaluator] [SUCCESS]  ok=99/99  stacking=72.3% [72.3%]  collapse=0  oob=0  drop=0  buffer=0  score=92.3 (stacking=72.3 + buffer_bonus=20)
[simulator] Screenshot → /home/robotics/Documents/assignment2/palletizing_simulator/sim_results/box_sequence_0_result.png

[simulator] ══ Processing: box_sequence_1.json ══
[simulator] plan=84  buffer_size=0  source_boxes=250
[simulator] initial buffer ids = []
[simulator] Final settle 100 steps …
[simulator] All steps done  (total 49.1s)
[evaluator] [SUCCESS]  ok=84/84  stacking=72.3% [72.3%]  collapse=0  oob=0  drop=0  buffer=0  score=92.3 (stacking=72.3 + buffer_bonus=20)
[simulator] Screenshot → /home/robotics/Documents/assignment2/palletizing_simulator/sim_results/box_sequence_1_result.png

[evaluator] ══ Result ══
  ✓ box_sequence_0.json  stacking=72.3% [72.3%]  ok=99/99  time=0.0s  buffer=0  score=92.3 (stacking=72.3 + bonus=20)
  ✓ box_sequence_1.json  stacking=72.3% [72.3%]  ok=84/84  time=0.0s  buffer=0  score=92.3 (stacking=72.3 + bonus=20)
  ───────────────────────────────────────────────────────
  summary : episodes 2 success / 0 failure / 0 height_overflow
            avg stacking rate  72.3% [72.3%]
            avg success rate   100.0%
            avg score          92.30
            total processing time 111.5s
[evaluator] Saved → /home/robotics/Documents/assignment2/palletizing_simulator/sim_results/result.json

[simulator] All files processed.
[34.541s] Simulation App Startup Complete
[35.314s] Isaac Sim Full App is loaded.
2026-06-25T00:07:39Z [81,948ms] [Warning] [omni.syntheticdata.plugin] OgnSdPostRenderVarToHost : rendervar copy from texture directly to host buffer is counter-performant. Please use copy from texture to device buffer first.
2026-06-25T00:07:45Z [88,836ms] [Warning] [omni.physx.tensors.plugin] prim '/World/box_000' was deleted while being used by a shape in a tensor view class. The physics.tensors simulationView was invalidated.
2026-06-25T00:07:46Z [89,877ms] [Warning] [omni.syntheticdata.plugin] SdRenderVarPtr missing valid input renderVar LdrColorSDhost
2026-06-25T00:08:42Z [145,793ms] [Warning] [omni.physx.tensors.plugin] prim '/World/box_000' was deleted while being used by a shape in a tensor view class. The physics.tensors simulationView was invalidated.
[147.673s] Simulation App Shutting Down
