[Info] [carb] Logging to file: /home/robotics/isaac-sim-5.1/lib/python3.11/site-packages/isaacsim/kit/logs/Kit/Isaac-Sim Python/5.1/kit_20260624_113738.log
2026-06-24T02:37:38Z [1ms] [Warning] [carb.crashreporter-breakpad.plugin] [previous crash] preventing upload of minidump due to user opt-out: '/home/robotics/isaac-sim-5.1/lib/python3.11/site-packages/isaacsim/kit/data/Kit/Isaac-Sim Python/5.1/e1377903-bced-49ba-c7e998b8-4049ff06.dmp'
2026-06-24T02:37:38Z [2ms] [Warning] [carb.crashreporter-breakpad.plugin] [previous crash] preventing upload of minidump due to user opt-out: '/home/robotics/isaac-sim-5.1/lib/python3.11/site-packages/isaacsim/kit/data/Kit/Isaac-Sim Python/5.1/516477e4-65c6-4f10-0be26f85-a7479c20.dmp'
[0.076s] [ext: omni.kit.async_engine-0.0.3] startup
[0.222s] [ext: omni.metrics.core-0.0.3] startup
[0.223s] [ext: omni.client.lib-1.1.0] startup
[0.241s] [ext: omni.blobkey-1.1.2] startup
[0.242s] [ext: omni.stats-1.0.1] startup
[0.243s] [ext: omni.datastore-0.0.0] startup
[0.250s] [ext: omni.client-1.3.0] startup
[0.257s] [ext: omni.ujitso.default-1.0.0] startup
[0.260s] [ext: omni.hsscclient-1.1.2] startup
[0.266s] [ext: omni.gpu_foundation.shadercache.vulkan-1.0.0] startup
[0.268s] [ext: omni.assets.plugins-0.0.0] startup
[0.271s] [ext: omni.gpu_foundation-0.0.0] startup
[0.283s] [ext: carb.windowing.plugins-1.0.0] startup
[0.293s] [ext: omni.kit.renderer.init-0.0.0] startup

|---------------------------------------------------------------------------------------------|
| Driver Version: 580.159.03    | Graphics API: Vulkan
|=============================================================================================|
| GPU | Name                             | Active | LDA | GPU Memory | Vendor-ID | LUID       |
|     |                                  |        |     |            | Device-ID | UUID       |
|     |                                  |        |     |            | Bus-ID    |            |
|---------------------------------------------------------------------------------------------|
| 0   | NVIDIA GeForce RTX 2070          | Yes: 0 |     | 8438    MB | 10de      | 0          |
|     |                                  |        |     |            | 1f07      | cfe4294b.. |
|     |                                  |        |     |            | 7         |            |
|=============================================================================================|
| OS: 22.04.5 LTS (Jammy Jellyfish) ubuntu, Version: 22.04.5, Kernel: 6.8.0-106-generic
| XServer Vendor: The X.Org Foundation, XServer Version: 12101004 (1.21.1.4)
| Processor: AMD Ryzen 7 2700 Eight-Core Processor
| Cores: 8 | Logical Cores: 16
|---------------------------------------------------------------------------------------------|
| Total Memory (MB): 31990 | Free Memory: 25052
| Total Page/Swap (MB): 26688 | Free Page/Swap: 26687
|---------------------------------------------------------------------------------------------|
2026-06-24T02:37:40Z [1,417ms] [Warning] [gpu.foundation.plugin] IOMMU is enabled.
[1.704s] [ext: omni.materialx.libs-1.0.7] startup
[1.714s] [ext: omni.kit.telemetry-0.5.2] startup
[1.756s] [ext: omni.usd.config-1.0.6] startup
[1.762s] [ext: omni.gpucompute.plugins-0.0.0] startup
[1.764s] [ext: omni.usd.libs-1.0.1] startup
[1.867s] [ext: omni.kit.loop-isaac-1.3.7] startup
[1.869s] [ext: omni.kit.test-2.0.1] startup
[1.939s] [ext: omni.mdl-56.0.3] startup
[2.056s] [ext: omni.iray.libs-0.0.0] startup
[2.064s] [ext: omni.mdl.neuraylib-0.2.12] startup
[2.067s] [ext: omni.kit.usd.mdl-1.1.5] startup
[2.186s] [ext: omni.kit.pipapi-0.0.0] startup
[2.187s] [ext: omni.appwindow-1.1.10] startup
[2.191s] [ext: omni.kit.renderer.core-1.1.0] startup
[3.493s] [ext: omni.kit.renderer.capture-0.0.0] startup
[3.500s] [ext: omni.kit.renderer.imgui-2.0.5] startup
[4.007s] [ext: omni.ui-2.27.1] startup
[4.036s] [ext: omni.kit.mainwindow-1.0.3] startup
[4.039s] [ext: carb.audio-0.1.0] startup
[4.052s] [ext: omni.uiaudio-1.0.0] startup
[4.054s] [ext: omni.kit.uiapp-0.0.0] startup
[4.054s] [ext: omni.usd.schema.metrics.assembler-107.3.1] startup
[4.057s] [ext: omni.usd.schema.physx-107.3.26] startup
[4.097s] [ext: omni.usd.schema.geospatial-0.0.0] startup
[4.101s] [ext: omni.usd.schema.audio-0.0.0] startup
[4.105s] [ext: omni.usd.schema.anim-0.0.0] startup
[4.131s] [ext: omni.usd.schema.flow-107.1.1] startup
[4.132s] [ext: omni.usd_resolver-1.0.0] startup
[4.137s] [ext: omni.usd.core-1.5.3] startup
[4.141s] [ext: omni.usd.schema.omni_sensors-0.0.0] startup
[4.162s] [ext: omni.usd.schema.semantics-0.0.0] startup
[4.165s] [ext: omni.usd.schema.omniscripting-1.0.0] startup
[4.170s] [ext: omni.usd.schema.omni_lens_distortion-0.0.0] startup
[4.170s] [ext: omni.usd.schema.omnigraph-1.0.0] startup
[4.176s] [ext: omni.kit.window.popup_dialog-2.0.24] startup
[4.182s] [ext: omni.graph.exec-0.9.6] startup
[4.183s] [ext: omni.kit.widget.nucleus_connector-2.0.1] startup
[4.185s] [ext: omni.kit.usd_undo-0.1.8] startup
[4.185s] [ext: omni.kit.exec.core-0.13.4] startup
[4.187s] [ext: omni.kit.actions.core-1.0.0] startup
[4.190s] [ext: omni.resourcemonitor-107.0.1] startup
[4.193s] [ext: omni.activity.core-1.0.3] startup
[4.194s] [ext: omni.timeline-1.0.14] startup
[4.197s] [ext: omni.kit.commands-1.4.10] startup
[4.202s] [ext: usdrt.scenegraph-7.6.1] startup
[4.249s] [ext: omni.kit.audiodeviceenum-1.0.2] startup
[4.251s] [ext: omni.hydra.usdrt_delegate-7.5.1] startup
[4.258s] [ext: omni.hydra.scene_delegate-0.3.4] startup
[4.263s] [ext: omni.usd-1.13.10] startup
[4.294s] [ext: omni.inspect-1.0.2] startup
[4.296s] [ext: omni.kit.notification_manager-1.0.10] startup
[4.298s] [ext: omni.graph.core-2.184.5] startup
[4.301s] [ext: isaacsim.core.deprecation_manager-0.2.7] startup
[4.302s] [ext: omni.anim.graph.schema-107.3.3] startup
[4.311s] [ext: omni.usd.schema.isaac-3.0.5] startup
[4.311s] [ext: omni.anim.navigation.schema-107.3.3] startup
[4.315s] [ext: omni.kit.asset_converter-5.0.17] startup
[4.330s] [ext: isaacsim.robot.schema-3.6.0] startup
[4.340s] [ext: omni.usd.schema.render_settings.rtx-0.0.0] startup
[4.342s] [ext: omni.kit.menu.core-1.1.2] startup
[4.342s] [ext: omni.kit.widget.path_field-2.0.11] startup
[4.343s] [ext: omni.kit.widget.context_menu-1.2.5] startup
[4.345s] [ext: omni.kit.widget.browser_bar-2.0.10] startup
[4.345s] [ext: omni.kit.clipboard-1.0.5] startup
[4.347s] [ext: omni.kit.numpy.common-0.1.3] startup
[4.349s] [ext: omni.kit.widget.options_menu-1.1.6] startup
[4.353s] [ext: omni.kit.helper.file_utils-0.1.9] startup
[4.355s] [ext: omni.ui.scene-1.11.5] startup
[4.362s] [ext: omni.kit.widget.options_button-1.0.3] startup
[4.363s] [ext: omni.kit.widget.filebrowser-2.12.3] startup
[4.369s] [ext: omni.kit.usd.layers-2.2.11] startup
[4.379s] [ext: omni.kit.window.filepicker-2.13.4] startup
[4.397s] [ext: omni.kit.hotkeys.core-1.3.10] startup
[4.401s] [ext: omni.kit.context_menu-1.8.6] startup
[4.403s] [ext: omni.kit.property.adapter.core-1.0.2] startup
[4.406s] [ext: omni.kit.window.file_exporter-1.0.33] startup
[4.408s] [ext: omni.kit.widget.searchfield-1.1.8] startup
[4.410s] [ext: omni.kit.widget.filter-1.1.4] startup
[4.411s] [ext: omni.kit.widget.graph-2.0.0] startup
[4.418s] [ext: omni.kit.widget.stage-3.1.4] startup
[4.437s] [ext: omni.kit.property.adapter.usd-1.0.2] startup
[4.438s] [ext: omni.kit.property.adapter.fabric-1.0.3] startup
[4.440s] [ext: omni.kit.graph.delegate.default-1.2.3] startup
[4.441s] [ext: omni.kit.window.file_importer-1.1.18] startup
[4.442s] [ext: omni.kit.stage_template.core-1.1.22] startup
[4.443s] [ext: omni.kit.menu.utils-2.0.5] startup
[4.451s] [ext: omni.kit.window.file-2.0.5] startup
[4.456s] [ext: omni.kit.widget.highlight_label-1.0.3] startup
[4.457s] [ext: omni.kit.window.drop_support-1.0.5] startup
[4.458s] [ext: omni.kit.window.content_browser_registry-0.0.6] startup
[4.458s] [ext: omni.kit.window.property-1.12.1] startup
[4.463s] [ext: omni.kit.window.content_browser-3.1.3] startup
[4.484s] [ext: isaacsim.core.version-2.0.6] startup
[4.485s] [ext: omni.kit.property.usd-4.5.12] startup
[4.505s] [ext: omni.kit.graph.editor.core-1.5.3] startup
[4.508s] [ext: omni.kit.material.library-2.0.7] startup
[4.514s] [ext: omni.kit.graph.usd.commands-1.3.1] startup
[4.515s] [ext: omni.kvdb-107.3.26] startup
[4.517s] [ext: omni.usdphysics-107.3.26] startup
[4.519s] [ext: omni.physx.foundation-107.3.26] startup
[4.521s] [ext: omni.localcache-107.3.26] startup
[4.523s] [ext: omni.convexdecomposition-107.3.26] startup
[4.526s] [ext: omni.physics-107.3.26] startup
[4.531s] [ext: omni.physx.cooking-107.3.26] startup
[4.535s] [ext: omni.physics.stageupdate-107.3.26] startup
[4.537s] [ext: omni.physx-107.3.26] startup
[4.549s] [ext: omni.index.libs-380600.8087.0] startup
[4.549s] [ext: omni.physics.physx-107.3.26] startup
2026-06-24T02:37:43Z [4,530ms] [Warning] [carb] Acquiring non optional plugin interface which is not listed as dependency: [omni::physx::IPhysxBenchmarks v1.0] (plugin: <default plugin>), by client: omni.physics.physx.plugin. Add it to CARB_PLUGIN_IMPL_DEPS() macro of a client.
[4.551s] [ext: omni.index-1.0.1] startup
[4.552s] [ext: omni.volume-0.5.2] startup
[4.555s] [ext: omni.ujitso.client-0.0.0] startup
[4.555s] [ext: omni.hydra.rtx.shadercache.vulkan-1.0.0] startup
[4.557s] [ext: omni.kit.widget.searchable_combobox-1.0.6] startup
[4.558s] [ext: omni.hydra.rtx-1.0.0] startup
2026-06-24T02:37:43Z [4,559ms] [Warning] [omni.log] Source: omni.hydra was already registered.
[4.602s] [ext: omni.kit.widget.settings-1.2.6] startup
[4.604s] [ext: omni.kit.hydra_texture-1.4.6] startup
[4.609s] [ext: omni.graph.tools-1.79.2] startup
[4.638s] [ext: omni.kit.window.preferences-1.8.0] startup
[4.644s] [ext: omni.kit.widget.material_preview-1.0.16] startup
[4.646s] [ext: omni.graph-1.141.2] startup
[4.700s] [ext: omni.kit.window.material_graph-1.9.1] startup
[4.712s] [ext: omni.isaac.dynamic_control-2.0.7] startup
2026-06-24T02:37:43Z [4,699ms] [Warning] [omni.isaac.dynamic_control] omni.isaac.dynamic_control is deprecated as of Isaac Sim 4.5. No action is needed from end-users.
[4.720s] [ext: isaacsim.storage.native-1.5.1] startup
[4.725s] [ext: omni.graph.scriptnode-1.50.0] startup
[4.728s] [ext: omni.hydra.engine.stats-1.0.3] startup
[4.737s] [ext: omni.kit.viewport.legacy_gizmos-1.0.19] startup
[4.739s] [ext: omni.kit.raycast.query-1.1.0] startup
[4.745s] [ext: omni.graph.action_core-1.1.7] startup
[4.752s] [ext: omni.kit.viewport.scene_camera_model-1.0.6] startup
[4.758s] [ext: omni.graph.image.core-0.6.1] startup
[4.760s] [ext: omni.kit.widget.viewport-107.1.3] startup
[4.775s] [ext: omni.kit.viewport.registry-104.0.6] startup
[4.778s] [ext: omni.usd.metrics.assembler-107.3.1] startup
[4.783s] [ext: omni.kit.viewport.window-107.2.0] startup
[4.806s] [ext: omni.kit.viewport.menubar.core-107.2.1] startup
[4.825s] [ext: omni.graph.image.nodes-1.3.1] startup
[4.828s] [ext: omni.usd.metrics.assembler.physics-107.3.26] startup
[4.830s] [ext: omni.warp.core-1.8.2] startup
[5.215s] [ext: omni.kit.viewport.utility-1.1.2] startup
[5.218s] [ext: omni.physics.tensors-107.3.26] startup
[5.228s] [ext: omni.syntheticdata-0.6.13] startup
[5.269s] [ext: isaacsim.test.docstring-1.1.0] startup
[5.281s] [ext: isaacsim.core.utils-3.5.1] startup
[5.292s] [ext: omni.physx.tensors-107.3.26] startup
[5.487s] [ext: omni.graph.nodes-1.170.10] startup
[5.518s] [ext: omni.graph.action_nodes-1.50.4] startup
[5.528s] [ext: omni.kit.primitive.mesh-1.0.17] startup
[5.548s] [ext: isaacsim.core.simulation_manager-1.4.4] startup
[7.699s] [ext: omni.graph.ui_nodes-1.50.5] startup
[7.708s] [ext: omni.graph.action-1.130.0] startup
[7.710s] [ext: omni.kit.stage_templates-2.0.0] startup
[7.719s] [ext: isaacsim.core.prims-0.6.1] startup
[7.766s] [ext: omni.warp-1.8.2] startup
[7.777s] [ext: omni.videoencoding-0.1.2] startup
[7.784s] [ext: isaacsim.core.api-4.8.0] startup
[7.800s] [ext: isaacsim.core.experimental.utils-0.3.0] startup
[7.806s] [ext: omni.replicator.core-1.12.27] startup
2026-06-24T02:37:46Z [7,800ms] [Warning] [pxr.Semantics] pxr.Semantics is deprecated - please use Semantics instead
2026-06-24T02:37:47Z [8,488ms] [Warning] [omni.graph.core.plugin] Found duplicate of category 'Replicator' - was 'Annotators', adding 'Fabric Reader'
2026-06-24T02:37:47Z [8,488ms] [Warning] [omni.graph.core.plugin] Category 'Replicator' not accepted on node type 'omni.replicator.core.FabricReader' in extension 'omni.replicator.core'
2026-06-24T02:37:47Z [8,491ms] [Warning] [omni.replicator.core.scripts.extension] No material configuration file, adding configuration to material settings directly.
[8.522s] [ext: isaacsim.core.experimental.prims-0.8.1] startup
[8.630s] [ext: omni.kit.window.extensions-1.4.27] startup
[8.646s] [ext: isaacsim.core.experimental.objects-0.4.0] startup
[8.657s] [ext: omni.ui_query-1.1.8] startup
[8.665s] [ext: omni.kit.manipulator.viewport-107.0.1] startup
[8.668s] [ext: isaacsim.robot.surface_gripper-3.3.1] startup
[8.673s] [ext: omni.kit.ui_test-1.3.7] startup
[8.680s] [ext: omni.graph.visualization.nodes-2.1.3] startup
[8.727s] [ext: isaacsim.robot_motion.lula-4.0.8] startup
[8.746s] [ext: isaacsim.core.nodes-3.4.3] startup
[8.781s] [ext: isaacsim.gui.components-1.2.1] startup
[8.805s] [ext: isaacsim.robot_motion.motion_generation-8.0.26] startup
[8.899s] [ext: isaacsim.robot.manipulators-3.3.6] startup
[8.947s] [ext: isaacsim.core.experimental.materials-0.4.0] startup
[9.036s] [ext: isaacsim.robot.manipulators.examples-1.1.2] startup
[9.052s] [ext: isaacsim.cortex.framework-1.0.12] startup
[9.065s] [ext: isaacsim.cortex.behaviors-2.0.14] startup
[9.076s] [ext: omni.isaac.cortex.sample_behaviors-2.0.5] startup
2026-06-24T02:37:47Z [9,065ms] [Warning] [omni.isaac.cortex] omni.isaac.cortex has been deprecated in favor of isaacsim.cortex.framework. Please update your code accordingly.
2026-06-24T02:37:47Z [9,065ms] [Warning] [omni.isaac.cortex.sample_behaviors] omni.isaac.cortex.sample_behaviors has been deprecated in favor of isaacsim.cortex.behaviors. Please update your code accordingly.
[9.086s] [ext: omni.kit.widget.zoombar-1.0.6] startup
[9.101s] [ext: isaacsim.gui.content_browser-0.1.11] startup
[9.109s] [ext: omni.kit.browser.core-2.3.13] startup
[9.151s] [ext: omni.kit.widget.stage_icons-1.0.8] startup
[9.164s] [ext: omni.kit.widget.prompt-1.0.7] startup
[9.170s] [ext: omni.kit.usd.collect-2.4.5] startup
[9.206s] [ext: omni.kit.browser.folder.core-1.10.9] startup
[9.396s] [ext: omni.kit.window.stage-2.6.1] startup
[9.562s] [ext: omni.kit.usdz_export-1.0.9] startup
[9.596s] [ext: omni.kit.tool.collect-2.2.18] startup
[9.679s] [ext: omni.kit.menu.stage-1.2.7] startup
[9.730s] [ext: omni.kit.tool.asset_importer-4.3.2] startup
[9.896s] [ext: isaacsim.robot.wheeled_robots-4.0.24] startup
[9.920s] [ext: isaacsim.examples.browser-0.2.1] startup
[9.935s] [ext: isaacsim.asset.importer.urdf-2.4.30] startup
[10.112s] [ext: omni.isaac.wheeled_robots-3.0.7] startup
2026-06-24T02:37:48Z [10,097ms] [Warning] [omni.isaac.wheeled_robots] omni.isaac.wheeled_robots has been deprecated in favor of isaacsim.robot.wheeled_robots. Please update your code accordingly.
2026-06-24T02:37:48Z [10,097ms] [Warning] [omni.isaac.wheeled_robots.controllers] omni.isaac.wheeled_robots has been deprecated in favor of isaacsim.robot.wheeled_robots. Please update your code accordingly.
2026-06-24T02:37:48Z [10,097ms] [Warning] [omni.isaac.wheeled_robots.controllers.ackermann_controller] omni.isaac.wheeled_robots has been deprecated in favor of isaacsim.robot.wheeled_robots. Please update your code accordingly.
2026-06-24T02:37:48Z [10,097ms] [Warning] [omni.isaac.wheeled_robots.controllers.differential_controller] omni.isaac.wheeled_robots has been deprecated in favor of isaacsim.robot.wheeled_robots. Please update your code accordingly.
2026-06-24T02:37:48Z [10,098ms] [Warning] [omni.isaac.wheeled_robots.controllers.holonomic_controller] omni.isaac.wheeled_robots has been deprecated in favor of isaacsim.robot.wheeled_robots. Please update your code accordingly.
2026-06-24T02:37:48Z [10,098ms] [Warning] [omni.isaac.wheeled_robots.controllers.quintic_path_planner] omni.isaac.wheeled_robots has been deprecated in favor of isaacsim.robot.wheeled_robots. Please update your code accordingly.
2026-06-24T02:37:48Z [10,099ms] [Warning] [omni.isaac.wheeled_robots.controllers.stanley_control] omni.isaac.wheeled_robots has been deprecated in favor of isaacsim.robot.wheeled_robots. Please update your code accordingly.
2026-06-24T02:37:48Z [10,099ms] [Warning] [omni.isaac.wheeled_robots.controllers.wheel_base_pose_controller] omni.isaac.wheeled_robots has been deprecated in favor of isaacsim.robot.wheeled_robots. Please update your code accordingly.
2026-06-24T02:37:48Z [10,099ms] [Warning] [omni.isaac.wheeled_robots.impl] omni.isaac.wheeled_robots has been deprecated in favor of isaacsim.robot.wheeled_robots. Please update your code accordingly.
2026-06-24T02:37:48Z [10,100ms] [Warning] [omni.isaac.wheeled_robots.robots] omni.isaac.wheeled_robots has been deprecated in favor of isaacsim.robot.wheeled_robots. Please update your code accordingly.
2026-06-24T02:37:48Z [10,100ms] [Warning] [omni.isaac.wheeled_robots.robots.holonomic_robot_usd_setup] omni.isaac.wheeled_robots has been deprecated in favor of isaacsim.robot.wheeled_robots. Please update your code accordingly.
2026-06-24T02:37:48Z [10,100ms] [Warning] [omni.isaac.wheeled_robots.robots.wheeled_robot] omni.isaac.wheeled_robots has been deprecated in favor of isaacsim.robot.wheeled_robots. Please update your code accordingly.
[10.121s] [ext: isaacsim.simulation_app-2.12.2] startup
[10.121s] [ext: omni.isaac.franka-1.0.7] startup
2026-06-24T02:37:48Z [10,102ms] [Warning] [omni.isaac.franka] omni.isaac.franka has been deprecated in favor of isaacsim.robot.manipulators.examples.franka. Please update your code accordingly.
2026-06-24T02:37:48Z [10,102ms] [Warning] [omni.isaac.franka.franka] omni.isaac.franka has been deprecated in favor of isaacsim.robot.manipulators.examples.franka. Please update your code accordingly.
2026-06-24T02:37:48Z [10,141ms] [Warning] [omni.isaac.franka.kinematics_solver] omni.isaac.franka has been deprecated in favor of isaacsim.robot.manipulators.examples.franka. Please update your code accordingly.
[10.163s] [ext: omni.isaac.kit-2.0.6] startup
2026-06-24T02:37:48Z [10,153ms] [Warning] [omni.isaac.kit] omni.isaac.kit has been deprecated in favor of isaacsim.simulation_app. Please update your code accordingly.
[10.174s] [ext: omni.kit.selection-0.1.6] startup
[10.197s] [ext: omni.isaac.lula-4.0.6] startup
2026-06-24T02:37:48Z [10,185ms] [Warning] [omni.isaac.lula] omni.isaac.lula has been deprecated in favor of isaacsim.robot_motion.lula. Please update your code accordingly.
[10.206s] [ext: isaacsim.robot_motion.lula_test_widget-1.0.12] startup
[10.214s] [ext: isaacsim.asset.browser-1.3.23] startup
[10.315s] [ext: omni.kit.viewport.actions-107.0.2] startup
[10.326s] [ext: isaacsim.gui.menu-2.4.4] startup
[10.336s] [ext: omni.isaac.manipulators-3.0.7] startup
2026-06-24T02:37:49Z [10,321ms] [Warning] [omni.isaac.manipulators] omni.isaac.manipulators has been deprecated in favor of isaacsim.robot.manipulators. Please update your code accordingly.
2026-06-24T02:37:49Z [10,321ms] [Warning] [omni.isaac.manipulators.controllers] omni.isaac.manipulators has been deprecated in favor of isaacsim.robot.manipulators. Please update your code accordingly.
2026-06-24T02:37:49Z [10,321ms] [Warning] [omni.isaac.manipulators.controllers.pick_place_controller] omni.isaac.manipulators has been deprecated in favor of isaacsim.robot.manipulators. Please update your code accordingly.
2026-06-24T02:37:49Z [10,322ms] [Warning] [omni.isaac.manipulators.controllers.stacking_controller] omni.isaac.manipulators has been deprecated in favor of isaacsim.robot.manipulators. Please update your code accordingly.
2026-06-24T02:37:49Z [10,323ms] [Warning] [omni.isaac.manipulators.grippers] omni.isaac.manipulators has been deprecated in favor of isaacsim.robot.manipulators. Please update your code accordingly.
2026-06-24T02:37:49Z [10,323ms] [Warning] [omni.isaac.manipulators.grippers.gripper] omni.isaac.manipulators has been deprecated in favor of isaacsim.robot.manipulators. Please update your code accordingly.
2026-06-24T02:37:49Z [10,323ms] [Warning] [omni.isaac.manipulators.grippers.parallel_gripper] omni.isaac.manipulators has been deprecated in favor of isaacsim.robot.manipulators. Please update your code accordingly.
2026-06-24T02:37:49Z [10,323ms] [Warning] [omni.isaac.manipulators.grippers.surface_gripper] omni.isaac.manipulators has been deprecated in favor of isaacsim.robot.manipulators. Please update your code accordingly.
2026-06-24T02:37:49Z [10,323ms] [Warning] [omni.isaac.manipulators.manipulators] omni.isaac.manipulators has been deprecated in favor of isaacsim.robot.manipulators. Please update your code accordingly.
2026-06-24T02:37:49Z [10,324ms] [Warning] [omni.isaac.manipulators.manipulators.single_manipulator] omni.isaac.manipulators has been deprecated in favor of isaacsim.robot.manipulators. Please update your code accordingly.
[10.345s] [ext: omni.isaac.lula_test_widget-1.0.6] startup
2026-06-24T02:37:49Z [10,331ms] [Warning] [omni.isaac.lula_test_widget] omni.isaac.lula_test_widget has been deprecated in favor of isaacsim.robot_motion.lula_test_widget. Please update your code accordingly.
[10.351s] [ext: omni.isaac.asset_browser-1.0.6] startup
2026-06-24T02:37:49Z [10,336ms] [Warning] [omni.isaac.asset_browser] omni.isaac.asset_browser has been deprecated in favor of isaacsim.asset.browser. Please update your code accordingly.
[10.362s] [ext: omni.kit.viewport.menubar.display-107.0.3] startup
[10.374s] [ext: omni.isaac.menu-1.0.6] startup
2026-06-24T02:37:49Z [10,354ms] [Warning] [omni.isaac.menu] omni.isaac.menu has been deprecated in favor of isaacsim.gui.menu. Please update your code accordingly.
[10.378s] [ext: omni.isaac.motion_generation-8.0.7] startup
2026-06-24T02:37:49Z [10,363ms] [Warning] [omni.isaac.motion_generation] omni.isaac.motion_generation has been deprecated in favor of isaacsim.robot_motion.motion_generation. Please update your code accordingly.
2026-06-24T02:37:49Z [10,368ms] [Warning] [omni.isaac.motion_generation.articulation_kinematics_solver] omni.isaac.motion_generation has been deprecated in favor of isaacsim.robot_motion.motion_generation. Please update your code accordingly.
2026-06-24T02:37:49Z [10,375ms] [Warning] [omni.isaac.motion_generation.articulation_motion_policy] omni.isaac.motion_generation has been deprecated in favor of isaacsim.robot_motion.motion_generation. Please update your code accordingly.
2026-06-24T02:37:49Z [10,377ms] [Warning] [omni.isaac.motion_generation.articulation_trajectory] omni.isaac.motion_generation has been deprecated in favor of isaacsim.robot_motion.motion_generation. Please update your code accordingly.
2026-06-24T02:37:49Z [10,377ms] [Warning] [omni.isaac.motion_generation.kinematics_interface] omni.isaac.motion_generation has been deprecated in favor of isaacsim.robot_motion.motion_generation. Please update your code accordingly.
2026-06-24T02:37:49Z [10,378ms] [Warning] [omni.isaac.motion_generation.lula] omni.isaac.motion_generation has been deprecated in favor of isaacsim.robot_motion.motion_generation. Please update your code accordingly.
2026-06-24T02:37:49Z [10,378ms] [Warning] [omni.isaac.motion_generation.lula.kinematics] omni.isaac.motion_generation has been deprecated in favor of isaacsim.robot_motion.motion_generation. Please update your code accordingly.
2026-06-24T02:37:49Z [10,378ms] [Warning] [omni.isaac.motion_generation.lula.motion_policies] omni.isaac.motion_generation has been deprecated in favor of isaacsim.robot_motion.motion_generation. Please update your code accordingly.
2026-06-24T02:37:49Z [10,379ms] [Warning] [omni.isaac.motion_generation.lula.path_planners] omni.isaac.motion_generation has been deprecated in favor of isaacsim.robot_motion.motion_generation. Please update your code accordingly.
2026-06-24T02:37:49Z [10,379ms] [Warning] [omni.isaac.motion_generation.lula.trajectory_generator] omni.isaac.motion_generation has been deprecated in favor of isaacsim.robot_motion.motion_generation. Please update your code accordingly.
2026-06-24T02:37:49Z [10,379ms] [Warning] [omni.isaac.motion_generation.motion_policy_controller] omni.isaac.motion_generation has been deprecated in favor of isaacsim.robot_motion.motion_generation. Please update your code accordingly.
2026-06-24T02:37:49Z [10,380ms] [Warning] [omni.isaac.motion_generation.motion_policy_interface] omni.isaac.motion_generation has been deprecated in favor of isaacsim.robot_motion.motion_generation. Please update your code accordingly.
2026-06-24T02:37:49Z [10,380ms] [Warning] [omni.isaac.motion_generation.path_planner_visualizer] omni.isaac.motion_generation has been deprecated in favor of isaacsim.robot_motion.motion_generation. Please update your code accordingly.
2026-06-24T02:37:49Z [10,380ms] [Warning] [omni.isaac.motion_generation.path_planning_interface] omni.isaac.motion_generation has been deprecated in favor of isaacsim.robot_motion.motion_generation. Please update your code accordingly.
2026-06-24T02:37:49Z [10,381ms] [Warning] [omni.isaac.motion_generation.trajectory] omni.isaac.motion_generation has been deprecated in favor of isaacsim.robot_motion.motion_generation. Please update your code accordingly.
2026-06-24T02:37:49Z [10,381ms] [Warning] [omni.isaac.motion_generation.world_interface] omni.isaac.motion_generation has been deprecated in favor of isaacsim.robot_motion.motion_generation. Please update your code accordingly.
[10.403s] [ext: omni.isaac.assets_check-0.3.13] startup
2026-06-24T02:37:49Z [10,387ms] [Warning] [omni.isaac.assets_check] omni.isaac.assets_check has been deprecated in favor of isaacsim.asset.browser. Please update your code accordingly.
[10.408s] [ext: isaacsim.gui.sensors.icon-2.0.3] startup
[10.454s] [ext: isaacsim.asset.importer.mjcf-2.5.13] startup
[10.462s] [ext: omni.sensors.nv.common-3.0.0] startup
[10.478s] [ext: isaacsim.sensors.physics-0.4.3] startup
[10.486s] [ext: omni.sensors.net-1.0.0] startup
[10.491s] [ext: omni.isaac.nucleus-1.0.6] startup
2026-06-24T02:37:49Z [10,472ms] [Warning] [omni.isaac.nucleus] omni.isaac.nucleus has been deprecated in favor of isaacsim.storage.native. Please update your code accordingly.
2026-06-24T02:37:49Z [10,473ms] [Warning] [omni.isaac.nucleus.nucleus] omni.isaac.nucleus.nucleus has been deprecated in favor of isaacsim.storage.native. Please update your code accordingly.
[10.494s] [ext: omni.sensors.nv.materials-2.0.0] startup
[10.507s] [ext: isaacsim.robot.policy.examples-4.1.11] startup
[10.513s] [ext: omni.sensors.nv.wpm-3.0.0] startup
[10.518s] [ext: omni.sensors.nv.lidar-3.0.0] startup
[10.528s] [ext: isaacsim.util.debug_draw-3.1.0] startup
[10.533s] [ext: omni.sensors.nv.radar-3.0.0] startup
[10.540s] [ext: omni.sensors.nv.ids-2.0.0] startup
[10.544s] [ext: isaacsim.core.cloner-1.4.10] startup
[10.548s] [ext: isaacsim.sensors.physx-2.3.2] startup
[10.556s] [ext: isaacsim.sensors.rtx-15.8.4] startup
[10.572s] [ext: isaacsim.sensors.camera-1.3.6] startup
[10.586s] [ext: omni.isaac.quadruped-3.0.7] startup
2026-06-24T02:37:49Z [10,566ms] [Warning] [omni.isaac.quadruped] omni.isaac.quadruped has been deprecated in favor of isaacsim.robot.policy.examples. Please update your code accordingly.
[10.594s] [ext: omni.isaac.cloner-1.0.7] startup
2026-06-24T02:37:49Z [10,577ms] [Warning] [omni.isaac.cloner] omni.isaac.cloner has been deprecated in favor of isaacsim.core.cloner. Please update your code accordingly.
[10.599s] [ext: omni.isaac.range_sensor-4.0.6] startup
2026-06-24T02:37:49Z [10,584ms] [Warning] [omni.isaac.range_sensor] omni.isaac.range_sensor has been deprecated in favor of isaacsim.sensors.physx. Please update your code accordingly.
2026-06-24T02:37:49Z [10,584ms] [Warning] [omni.isaac.range_sensor.commands] omni.isaac.range_sensor.commands has been deprecated in favor of isaacsim.sensors.physx.commands. Please update your code accordingly.
[10.617s] [ext: omni.isaac.sensor-13.0.7] startup
2026-06-24T02:37:49Z [10,602ms] [Warning] [omni.isaac.sensor] omni.isaac.sensor has been deprecated in favor of isaacsim.sensors.camera, isaacsim.sensors.physics, isaacsim.sensors.physx, and isaacsim.sensors.rtx. Please update your code accordingly.
2026-06-24T02:37:49Z [10,603ms] [Warning] [omni.isaac.sensor.camera] omni.isaac.sensor.camera has been deprecated in favor of isaacsim.sensors.camera.camera. Please update your code accordingly.
2026-06-24T02:37:49Z [10,603ms] [Warning] [omni.isaac.sensor.camera_view] omni.isaac.sensor.camera_view has been deprecated in favor of isaacsim.sensors.camera.camera_view. Please update your code accordingly.
2026-06-24T02:37:49Z [10,604ms] [Warning] [omni.isaac.sensor.commands] omni.isaac.sensor.commands has been deprecated in favor of isaacsim.sensors.physics.commands, isaacsim.sensors.physx.commands, and isaacsim.sensors.rtx.commands. Please update your code accordingly.
2026-06-24T02:37:49Z [10,604ms] [Warning] [omni.isaac.sensor.contact_sensor] omni.isaac.sensor.contact_sensor has been deprecated in favor of isaacsim.sensors.physics.contact_sensor. Please update your code accordingly.
2026-06-24T02:37:49Z [10,605ms] [Warning] [omni.isaac.sensor.imu_sensor] omni.isaac.sensor.imu_sensor has been deprecated in favor of isaacsim.sensors.physics.imu_sensor. Please update your code accordingly.
2026-06-24T02:37:49Z [10,605ms] [Warning] [omni.isaac.sensor.lidar_rtx] omni.isaac.sensor.lidar_rtx has been deprecated in favor of isaacsim.sensors.rtx.lidar_rtx. Please update your code accordingly.
2026-06-24T02:37:49Z [10,605ms] [Warning] [omni.isaac.sensor.rotating_lidar_physX] omni.isaac.sensor.imu_sensor has been deprecated in favor of isaacsim.sensors.physix.rotating_lidar_physX. Please update your code accordingly.
2026-06-24T02:37:49Z [10,607ms] [Warning] [omni.isaac.sensor.scripts.samples.contact_sensor] omni.isaac.sensor.scripts.samples.contact_sensor has been deprecated in favor of isaacsim.sensors.physics.scripts.samples.contact_sensor. Please update your code accordingly.
2026-06-24T02:37:49Z [10,608ms] [Warning] [omni.isaac.sensor.scripts.samples.imu_sensor] omni.isaac.sensor.scripts.samples.imu_sensor has been deprecated in favor of isaacsim.sensors.physics.scripts.samples.imu_sensor. Please update your code accordingly.
2026-06-24T02:37:49Z [10,623ms] [Warning] [omni.isaac.sensor.scripts.samples.lightbeam_sensor] omni.isaac.sensor.scripts.samples.lightbeam_sensor has been deprecated in favor of isaacsim.sensors.physx.scripts.samples.lightbeam_sensor. Please update your code accordingly.
[10.644s] [ext: omni.kit.menu.create-2.0.1] startup
[10.658s] [ext: omni.kit.widget.toolbar-2.0.1] startup
[10.718s] [ext: omni.kit.manipulator.transform-107.0.0] startup
[10.732s] [ext: omni.isaac.core-4.0.7] startup
2026-06-24T02:37:49Z [10,715ms] [Warning] [omni.isaac.core.physics_context.physics_context] omni.isaac.core.physics_context.physics_context has been deprecated in favor of isaacsim.core.api.physics_context.physics_context. Please update your code accordingly.
2026-06-24T02:37:49Z [10,715ms] [Warning] [omni.isaac.core.simulation_context.simulation_context] omni.isaac.core.simulation_context.simulation_context has been deprecated in favor of isaacsim.core.api.simulation_context.simulation_context. Please update your code accordingly.
2026-06-24T02:37:49Z [10,716ms] [Warning] [omni.isaac.core.world.world] omni.isaac.core.world.world has been deprecated in favor of isaacsim.core.api.world.world. Please update your code accordingly.
2026-06-24T02:37:49Z [10,716ms] [Warning] [omni.isaac.core] omni.isaac.core has been deprecated in favor of isaacsim.core.api. Please update your code accordingly.
[10.737s] [ext: omni.kit.scripting-107.3.2] startup
[10.756s] [ext: omni.kit.manipulator.tool.snap-1.5.13] startup
[10.771s] [ext: omni.kit.manipulator.selector-1.1.3] startup
[10.776s] [ext: isaacsim.app.about-2.0.11] startup
[10.784s] [ext: isaacsim.replicator.behavior-1.1.16] startup
[10.786s] [ext: omni.kit.viewport.manipulator.transform-107.0.4] startup
[10.792s] [ext: omni.isaac.window.about-2.0.7] startup
2026-06-24T02:37:49Z [10,777ms] [Warning] [omni.isaac.window.about] omni.isaac.window.about has been deprecated in favor of isaacsim.app.about. Please update your code accordingly.
2026-06-24T02:37:49Z [10,777ms] [Warning] [omni.isaac.window.about.about] omni.isaac.window.about.about has been deprecated in favor of isaacsim.app.about.about. Please update your code accordingly.
[10.798s] [ext: omni.fabric.commands-1.1.6] startup
[10.805s] [ext: omni.kit.manipulator.prim.core-107.0.8] startup
[10.816s] [ext: omni.kit.property.audio-1.0.16] startup
[10.820s] [ext: omni.kit.property.camera-1.0.10] startup
[10.824s] [ext: omni.kit.property.geometry-2.0.4] startup
[10.830s] [ext: omni.hydra.scene_api-0.1.2] startup
[10.837s] [ext: omni.kit.property.light-1.0.12] startup
[10.867s] [ext: omni.kit.manipulator.prim.fabric-107.0.4] startup
[10.872s] [ext: omni.kit.manipulator.prim.usd-107.0.3] startup
[10.874s] [ext: omni.kit.property.material-1.11.9] startup
[10.884s] [ext: omni.kit.property.render-1.2.1] startup
[10.887s] [ext: omni.kit.property.transform-1.5.13] startup
[10.894s] [ext: isaacsim.gui.property-1.1.3] startup
[10.898s] [ext: omni.kit.manipulator.camera-106.0.4] startup
[10.907s] [ext: omni.kit.manipulator.prim-107.0.0] startup
[10.907s] [ext: omni.isaac.surface_gripper-2.0.6] startup
2026-06-24T02:37:49Z [10,887ms] [Warning] [omni.isaac.surface_gripper] omni.isaac.surface_gripper has been deprecated in favor of isaacsim.robot.surface_gripper. Please update your code accordingly.
[10.908s] [ext: omni.kit.manipulator.selection-106.0.1] startup
[10.916s] [ext: omni.kit.property.bundle-1.4.1] startup
[10.918s] [ext: omni.kit.property.isaac-1.0.6] startup
2026-06-24T02:37:49Z [10,899ms] [Warning] [omni.kit.property.isaac] omni.kit.property.isaac has been deprecated in favor of isaacsim.gui.property. Please update your code accordingly.
2026-06-24T02:37:49Z [10,900ms] [Warning] [omni.kit.property.isaac.widgets] omni.kit.property.isaac.widgets has been deprecated in favor of isaacsim.gui.property.widgets. Please update your code accordingly.
[10.920s] [ext: omni.isaac.universal_robots-1.0.6] startup
2026-06-24T02:37:49Z [10,906ms] [Warning] [omni.isaac.universal_robots] omni.isaac.universal_robots has been deprecated in favor of isaacsim.robot.manipulators.examples.universal_robots. Please update your code accordingly.
2026-06-24T02:37:49Z [10,906ms] [Warning] [omni.isaac.universal_robots.kinematics_solver] omni.isaac.franka has been deprecated in favor of isaacsim.robot.manipulators.examples.universal_robots. Please update your code accordingly.
2026-06-24T02:37:49Z [10,908ms] [Warning] [omni.isaac.universal_robots.ur10] omni.isaac.franka has been deprecated in favor of isaacsim.robot.manipulators.examples.universal_robots. Please update your code accordingly.
[10.928s] [ext: omni.isaac.core_nodes-2.0.6] startup
2026-06-24T02:37:49Z [10,915ms] [Warning] [omni.isaac.core_nodes] omni.isaac.core_nodes has been deprecated in favor of isaacsim.core.nodes. Please update your code accordingly.
[10.936s] [ext: omni.kit.viewport.menubar.camera-107.0.6] startup
[10.954s] [ext: omni.kit.viewport.menubar.lighting-107.3.1] startup
[10.966s] [ext: isaacsim.replicator.writers-1.0.17] startup
[10.992s] [ext: omni.kit.viewport.menubar.render-107.0.10] startup
[11.002s] [ext: omni.kit.viewport.menubar.settings-107.0.3] startup
[11.010s] [ext: omni.kit.window.console-1.1.4] startup
[11.017s] [ext: isaacsim.replicator.domain_randomization-1.0.16] startup
[11.021s] [ext: isaacsim.replicator.examples-1.3.6] startup
[11.028s] [ext: omni.ocio-0.1.1] startup
[11.042s] [ext: omni.rtx.window.settings-0.6.19] startup
[11.077s] [ext: omni.kit.window.status_bar-0.1.9] startup
[11.090s] [ext: omni.kit.window.toolbar-2.0.0] startup
[11.108s] [ext: omni.replicator.isaac-2.0.8] startup
2026-06-24T02:37:49Z [11,094ms] [Warning] [omni.replicator.isaac] omni.replicator.isaac has been deprecated in favor of isaacsim.replicator.domain_randomization, isaacsim.replicator.examples, isaacsim.replicator.writers. Please update your code accordingly.
[11.117s] [ext: omni.replicator.replicator_yaml-2.0.11] startup
[11.145s] [ext: omni.rtx.settings.core-0.6.5] startup
[11.157s] [ext: omni.usd.metrics.assembler.ui-107.3.1] startup
[11.193s] [ext: omni.isaac.utils-2.0.6] startup
[11.196s] [ext: semantics.schema.editor-2.0.2] startup
[11.214s] [ext: omni.kit.ui.actions-1.0.5] startup
[11.220s] [ext: semantics.schema.property-2.0.1] startup
[11.225s] [ext: omni.isaac.version-2.0.7] startup
2026-06-24T02:37:49Z [11,207ms] [Warning] [omni.isaac.version] omni.isaac.version has been deprecated in favor of isaacsim.core.version. Please update your code accordingly.
[11.228s] [ext: omni.isaac.cortex-1.0.5] startup
[11.232s] [ext: omni.anim.curve.core-1.3.1] startup
[11.249s] [ext: isaacsim.core.throttling-2.2.2] startup
[11.253s] [ext: omni.kit.menu.common-2.0.1] startup
[11.257s] [ext: isaacsim.exp.base-5.1.0] startup
[11.258s] [ext: isaacsim.exp.base.python-5.1.0] startup
[11.261s] Simulation App Starting
2026-06-24T02:37:50Z [11,654ms] [Warning] [omni.fabric.plugin] Warning: attribute viewportHandle not found for bucket id 9

2026-06-24T02:37:50Z [11,723ms] [Warning] [usdrt.population.plugin] [UsdNoticeHandler] Unhandled attribute type VtArray<std::string> (prim attribute: omni:rtx:material:db:flattener:transmittance_color)
2026-06-24T02:37:50Z [11,723ms] [Warning] [usdrt.population.plugin] [UsdNoticeHandler] Unhandled attribute type VtArray<std::string> (prim attribute: omni:rtx:material:db:flattener:ior_constant)
2026-06-24T02:37:50Z [11,723ms] [Warning] [usdrt.population.plugin] [UsdNoticeHandler] Unhandled attribute type VtArray<std::string> (prim attribute: omni:rtx:material:db:flattener:reflection_roughness_constant)
[11.853s] app ready
Starting kit application with the following args:  ['/home/robotics/isaac-sim-5.1/lib/python3.11/site-packages/isaacsim/exts/isaacsim.simulation_app/isaacsim/simulation_app/simulation_app.py', '/home/robotics/isaac-sim-5.1/lib/python3.11/site-packages/isaacsim/apps/isaacsim.exp.base.python.kit', '--/app/tokens/exe-path=/home/robotics/isaac-sim-5.1/lib/python3.11/site-packages/isaacsim/kit', '--/persistent/app/viewport/displayOptions=3286', '--/rtx/materialDb/syncLoads=True', '--/rtx/hydra/materialSyncLoads=True', '--/omni.kit.plugin/syncUsdLoads=True', '--/app/renderer/resolution/width=1920', '--/app/renderer/resolution/height=1080', '--/app/window/width=1920', '--/app/window/height=1080', '--/renderer/multiGpu/enabled=True', '--/app/fastShutdown=True', '--/app/installSignalHandlers=0', '--ext-folder', '/home/robotics/isaac-sim-5.1/lib/python3.11/site-packages/isaacsim/exts', '--ext-folder', '/home/robotics/isaac-sim-5.1/lib/python3.11/site-packages/isaacsim/apps', '--/physics/cudaDevice=0', '--/plugins/carb.tasking.plugin/threadCount=16', '--/plugins/omni.tbb.globalcontrol/maxThreadCount=16', '--portable', '--no-window', '--/app/window/hideUi=False']
Passing the following args to the base kit application:  []
Warp 1.8.2 initialized:
   CUDA Toolkit 12.8, Driver 13.0
   Devices:
     "cpu"      : "x86_64"
     "cuda:0"   : "NVIDIA GeForce RTX 2070" (8 GiB, sm_75, mempool enabled)
   Kernel cache:
     /home/robotics/.cache/warp/1.8.2
Warp DeprecationWarning: The `warp.sim` module is deprecated and will be removed in v1.10. Please transition to using the forthcoming Newton library instead.
[simulator] Config     : /home/robotics/Documents/assignment2/palletizing_simulator/config/sim_config.yaml
[simulator] Input dir  : /home/robotics/Documents/assignment2/palletizing_simulator/algorithm_results
[simulator] Output dir : /home/robotics/Documents/assignment2/palletizing_simulator/sim_results
[simulator] Found 2 input file(s)
  - box_sequence_0.json
  - box_sequence_1.json
[simulator] drop_offset=0.02m  settle_steps(max)=10  settle_vel=0.05m/s  final_steps=100
[simulator] auto_start : True
[simulator] auto_start=True -> start immediately

[simulator] ══ Processing: box_sequence_0.json ══
[simulator] plan=91  buffer_size=0  source_boxes=250
[simulator] initial buffer ids = []
[simulator] Final settle 100 steps …
[simulator] All steps done  (total 33.3s)
[evaluator] [SUCCESS]  ok=91/91  stacking=65.5% [65.5%]  collapse=0  oob=0  drop=0  buffer=0  score=85.5 (stacking=65.5 + buffer_bonus=20)
[simulator] Screenshot → /home/robotics/Documents/assignment2/palletizing_simulator/sim_results/box_sequence_0_result.png

[simulator] ══ Processing: box_sequence_1.json ══
[simulator] plan=79  buffer_size=0  source_boxes=250
[simulator] initial buffer ids = []
[simulator] Final settle 100 steps …
[simulator] All steps done  (total 48.2s)
[evaluator] [SUCCESS]  ok=79/79  stacking=67.6% [67.6%]  collapse=0  oob=0  drop=0  buffer=0  score=87.6 (stacking=67.6 + buffer_bonus=20)
[simulator] Screenshot → /home/robotics/Documents/assignment2/palletizing_simulator/sim_results/box_sequence_1_result.png

[evaluator] ══ Result ══
  ✓ box_sequence_0.json  stacking=65.5% [65.5%]  ok=91/91  time=0.0s  buffer=0  score=85.5 (stacking=65.5 + bonus=20)
  ✓ box_sequence_1.json  stacking=67.6% [67.6%]  ok=79/79  time=0.0s  buffer=0  score=87.6 (stacking=67.6 + bonus=20)
  ───────────────────────────────────────────────────────
  summary : episodes 2 success / 0 failure / 0 height_overflow
            avg stacking rate  66.5% [66.5%]
            avg success rate   100.0%
            avg score          86.55
            total processing time 97.3s
[evaluator] Saved → /home/robotics/Documents/assignment2/palletizing_simulator/sim_results/result.json

[simulator] All files processed.
[16.351s] Simulation App Startup Complete
2026-06-24T02:38:29Z [50,406ms] [Warning] [omni.syntheticdata.plugin] OgnSdPostRenderVarToHost : rendervar copy from texture directly to host buffer is counter-performant. Please use copy from texture to device buffer first.
2026-06-24T02:38:35Z [57,053ms] [Warning] [omni.physx.tensors.plugin] prim '/World/box_000' was deleted while being used by a shape in a tensor view class. The physics.tensors simulationView was invalidated.
2026-06-24T02:38:36Z [57,782ms] [Warning] [omni.syntheticdata.plugin] SdRenderVarPtr missing valid input renderVar LdrColorSDhost
2026-06-24T02:39:32Z [113,298ms] [Warning] [omni.physx.tensors.plugin] prim '/World/box_000' was deleted while being used by a shape in a tensor view class. The physics.tensors simulationView was invalidated.
[115.104s] Simulation App Shutting Down
