[Info] [carb] Logging to file: /home/robotics/isaac-sim-5.1/lib/python3.11/site-packages/isaacsim/kit/logs/Kit/Isaac-Sim Python/5.1/kit_20260625_091330.log
2026-06-25T00:13:30Z [1ms] [Warning] [carb.crashreporter-breakpad.plugin] [previous crash] preventing upload of minidump due to user opt-out: '/home/robotics/isaac-sim-5.1/lib/python3.11/site-packages/isaacsim/kit/data/Kit/Isaac-Sim Python/5.1/e1377903-bced-49ba-c7e998b8-4049ff06.dmp'
2026-06-25T00:13:30Z [2ms] [Warning] [carb.crashreporter-breakpad.plugin] [previous crash] preventing upload of minidump due to user opt-out: '/home/robotics/isaac-sim-5.1/lib/python3.11/site-packages/isaacsim/kit/data/Kit/Isaac-Sim Python/5.1/516477e4-65c6-4f10-0be26f85-a7479c20.dmp'
[0.078s] [ext: omni.kit.async_engine-0.0.3] startup
[0.228s] [ext: omni.metrics.core-0.0.3] startup
[0.229s] [ext: omni.client.lib-1.1.0] startup
[0.245s] [ext: omni.blobkey-1.1.2] startup
[0.246s] [ext: omni.stats-1.0.1] startup
[0.247s] [ext: omni.datastore-0.0.0] startup
[0.254s] [ext: omni.client-1.3.0] startup
[0.260s] [ext: omni.ujitso.default-1.0.0] startup
[0.262s] [ext: omni.hsscclient-1.1.2] startup
[0.267s] [ext: omni.gpu_foundation.shadercache.vulkan-1.0.0] startup
[0.269s] [ext: omni.assets.plugins-0.0.0] startup
[0.271s] [ext: omni.gpu_foundation-0.0.0] startup
[0.282s] [ext: carb.windowing.plugins-1.0.0] startup
[0.293s] [ext: omni.kit.renderer.init-0.0.0] startup

|---------------------------------------------------------------------------------------------|
| Driver Version: 580.159.03    | Graphics API: Vulkan
|=============================================================================================|
| GPU | Name                             | Active | LDA | GPU Memory | Vendor-ID | LUID       |
|     |                                  |        |     |            | Device-ID | UUID       |
|     |                                  |        |     |            | Bus-ID    |            |
|---------------------------------------------------------------------------------------------|
| 0   | NVIDIA GeForce RTX 2070          | Yes: 0 |     | 8438    MB | 10de      | 0          |
|     |                                  |        |     |            | 1f07      | cfe4294b.. |
|     |                                  |        |     |            | 7         |            |
|=============================================================================================|
| OS: 22.04.5 LTS (Jammy Jellyfish) ubuntu, Version: 22.04.5, Kernel: 6.8.0-106-generic
| XServer Vendor: The X.Org Foundation, XServer Version: 12101004 (1.21.1.4)
| Processor: AMD Ryzen 7 2700 Eight-Core Processor
| Cores: 8 | Logical Cores: 16
|---------------------------------------------------------------------------------------------|
| Total Memory (MB): 31990 | Free Memory: 24764
| Total Page/Swap (MB): 26688 | Free Page/Swap: 26688
|---------------------------------------------------------------------------------------------|
2026-06-25T00:13:31Z [1,282ms] [Warning] [gpu.foundation.plugin] IOMMU is enabled.
[1.585s] [ext: omni.materialx.libs-1.0.7] startup
[1.596s] [ext: omni.kit.telemetry-0.5.2] startup
[1.657s] [ext: omni.usd.config-1.0.6] startup
[1.663s] [ext: omni.gpucompute.plugins-0.0.0] startup
[1.665s] [ext: omni.usd.libs-1.0.1] startup
[1.777s] [ext: omni.kit.loop-isaac-1.3.7] startup
[1.779s] [ext: omni.kit.test-2.0.1] startup
[1.851s] [ext: omni.mdl-56.0.3] startup
[1.998s] [ext: omni.iray.libs-0.0.0] startup
[2.006s] [ext: omni.mdl.neuraylib-0.2.12] startup
[2.009s] [ext: omni.kit.usd.mdl-1.1.5] startup
[2.127s] [ext: omni.kit.pipapi-0.0.0] startup
[2.128s] [ext: omni.appwindow-1.1.10] startup
[2.131s] [ext: omni.kit.renderer.core-1.1.0] startup
[3.731s] [ext: omni.kit.renderer.capture-0.0.0] startup
[3.740s] [ext: omni.kit.renderer.imgui-2.0.5] startup
[4.194s] [ext: omni.ui-2.27.1] startup
[4.226s] [ext: omni.kit.mainwindow-1.0.3] startup
[4.230s] [ext: carb.audio-0.1.0] startup
[4.238s] [ext: omni.uiaudio-1.0.0] startup
[4.239s] [ext: omni.kit.uiapp-0.0.0] startup
[4.239s] [ext: omni.usd.schema.metrics.assembler-107.3.1] startup
[4.242s] [ext: omni.usd.schema.physx-107.3.26] startup
[4.282s] [ext: omni.usd.schema.geospatial-0.0.0] startup
[4.285s] [ext: omni.usd.schema.audio-0.0.0] startup
[4.288s] [ext: omni.usd.schema.anim-0.0.0] startup
[4.309s] [ext: omni.usd.schema.flow-107.1.1] startup
[4.310s] [ext: omni.usd_resolver-1.0.0] startup
[4.314s] [ext: omni.usd.core-1.5.3] startup
[4.317s] [ext: omni.usd.schema.omni_sensors-0.0.0] startup
[4.336s] [ext: omni.usd.schema.semantics-0.0.0] startup
[4.338s] [ext: omni.usd.schema.omniscripting-1.0.0] startup
[4.342s] [ext: omni.usd.schema.omni_lens_distortion-0.0.0] startup
[4.343s] [ext: omni.usd.schema.omnigraph-1.0.0] startup
[4.349s] [ext: omni.kit.window.popup_dialog-2.0.24] startup
[4.355s] [ext: omni.graph.exec-0.9.6] startup
[4.356s] [ext: omni.kit.widget.nucleus_connector-2.0.1] startup
[4.358s] [ext: omni.kit.usd_undo-0.1.8] startup
[4.358s] [ext: omni.kit.exec.core-0.13.4] startup
[4.360s] [ext: omni.kit.actions.core-1.0.0] startup
[4.363s] [ext: omni.resourcemonitor-107.0.1] startup
[4.366s] [ext: omni.activity.core-1.0.3] startup
[4.368s] [ext: omni.timeline-1.0.14] startup
[4.370s] [ext: omni.kit.commands-1.4.10] startup
[4.374s] [ext: usdrt.scenegraph-7.6.1] startup
[4.419s] [ext: omni.kit.audiodeviceenum-1.0.2] startup
[4.421s] [ext: omni.hydra.usdrt_delegate-7.5.1] startup
[4.428s] [ext: omni.hydra.scene_delegate-0.3.4] startup
[4.434s] [ext: omni.usd-1.13.10] startup
[4.465s] [ext: omni.inspect-1.0.2] startup
[4.466s] [ext: omni.kit.notification_manager-1.0.10] startup
[4.468s] [ext: omni.graph.core-2.184.5] startup
[4.472s] [ext: isaacsim.core.deprecation_manager-0.2.7] startup
[4.473s] [ext: omni.anim.graph.schema-107.3.3] startup
[4.482s] [ext: omni.usd.schema.isaac-3.0.5] startup
[4.482s] [ext: omni.anim.navigation.schema-107.3.3] startup
[4.486s] [ext: omni.kit.asset_converter-5.0.17] startup
[4.499s] [ext: isaacsim.robot.schema-3.6.0] startup
[4.508s] [ext: omni.usd.schema.render_settings.rtx-0.0.0] startup
[4.509s] [ext: omni.kit.menu.core-1.1.2] startup
[4.510s] [ext: omni.kit.widget.path_field-2.0.11] startup
[4.510s] [ext: omni.kit.widget.context_menu-1.2.5] startup
[4.512s] [ext: omni.kit.widget.browser_bar-2.0.10] startup
[4.512s] [ext: omni.kit.clipboard-1.0.5] startup
[4.514s] [ext: omni.kit.numpy.common-0.1.3] startup
[4.515s] [ext: omni.kit.widget.options_menu-1.1.6] startup
[4.519s] [ext: omni.kit.helper.file_utils-0.1.9] startup
[4.521s] [ext: omni.ui.scene-1.11.5] startup
[4.527s] [ext: omni.kit.widget.options_button-1.0.3] startup
[4.527s] [ext: omni.kit.widget.filebrowser-2.12.3] startup
[4.533s] [ext: omni.kit.usd.layers-2.2.11] startup
[4.542s] [ext: omni.kit.window.filepicker-2.13.4] startup
[4.559s] [ext: omni.kit.hotkeys.core-1.3.10] startup
[4.563s] [ext: omni.kit.context_menu-1.8.6] startup
[4.565s] [ext: omni.kit.property.adapter.core-1.0.2] startup
[4.568s] [ext: omni.kit.window.file_exporter-1.0.33] startup
[4.571s] [ext: omni.kit.widget.searchfield-1.1.8] startup
[4.573s] [ext: omni.kit.widget.filter-1.1.4] startup
[4.574s] [ext: omni.kit.widget.graph-2.0.0] startup
[4.581s] [ext: omni.kit.widget.stage-3.1.4] startup
[4.594s] [ext: omni.kit.property.adapter.usd-1.0.2] startup
[4.596s] [ext: omni.kit.property.adapter.fabric-1.0.3] startup
[4.597s] [ext: omni.kit.graph.delegate.default-1.2.3] startup
[4.598s] [ext: omni.kit.window.file_importer-1.1.18] startup
[4.599s] [ext: omni.kit.stage_template.core-1.1.22] startup
[4.600s] [ext: omni.kit.menu.utils-2.0.5] startup
[4.605s] [ext: omni.kit.window.file-2.0.5] startup
[4.609s] [ext: omni.kit.widget.highlight_label-1.0.3] startup
[4.610s] [ext: omni.kit.window.drop_support-1.0.5] startup
[4.610s] [ext: omni.kit.window.content_browser_registry-0.0.6] startup
[4.611s] [ext: omni.kit.window.property-1.12.1] startup
[4.615s] [ext: omni.kit.window.content_browser-3.1.3] startup
[4.631s] [ext: isaacsim.core.version-2.0.6] startup
[4.631s] [ext: omni.kit.property.usd-4.5.12] startup
[4.644s] [ext: omni.kit.graph.editor.core-1.5.3] startup
[4.646s] [ext: omni.kit.material.library-2.0.7] startup
[4.652s] [ext: omni.kit.graph.usd.commands-1.3.1] startup
[4.653s] [ext: omni.kvdb-107.3.26] startup
[4.655s] [ext: omni.usdphysics-107.3.26] startup
[4.657s] [ext: omni.physx.foundation-107.3.26] startup
[4.659s] [ext: omni.localcache-107.3.26] startup
[4.661s] [ext: omni.convexdecomposition-107.3.26] startup
[4.665s] [ext: omni.physics-107.3.26] startup
[4.669s] [ext: omni.physx.cooking-107.3.26] startup
[4.673s] [ext: omni.physics.stageupdate-107.3.26] startup
[4.675s] [ext: omni.physx-107.3.26] startup
[4.687s] [ext: omni.index.libs-380600.8087.0] startup
[4.687s] [ext: omni.physics.physx-107.3.26] startup
2026-06-25T00:13:35Z [4,666ms] [Warning] [carb] Acquiring non optional plugin interface which is not listed as dependency: [omni::physx::IPhysxBenchmarks v1.0] (plugin: <default plugin>), by client: omni.physics.physx.plugin. Add it to CARB_PLUGIN_IMPL_DEPS() macro of a client.
[4.689s] [ext: omni.index-1.0.1] startup
[4.689s] [ext: omni.volume-0.5.2] startup
[4.693s] [ext: omni.ujitso.client-0.0.0] startup
[4.693s] [ext: omni.hydra.rtx.shadercache.vulkan-1.0.0] startup
[4.694s] [ext: omni.kit.widget.searchable_combobox-1.0.6] startup
[4.695s] [ext: omni.hydra.rtx-1.0.0] startup
2026-06-25T00:13:35Z [4,694ms] [Warning] [omni.log] Source: omni.hydra was already registered.
[4.738s] [ext: omni.kit.widget.settings-1.2.6] startup
[4.741s] [ext: omni.kit.hydra_texture-1.4.6] startup
[4.745s] [ext: omni.graph.tools-1.79.2] startup
[4.776s] [ext: omni.kit.window.preferences-1.8.0] startup
[4.782s] [ext: omni.kit.widget.material_preview-1.0.16] startup
[4.784s] [ext: omni.graph-1.141.2] startup
[4.837s] [ext: omni.kit.window.material_graph-1.9.1] startup
[4.849s] [ext: omni.isaac.dynamic_control-2.0.7] startup
2026-06-25T00:13:35Z [4,834ms] [Warning] [omni.isaac.dynamic_control] omni.isaac.dynamic_control is deprecated as of Isaac Sim 4.5. No action is needed from end-users.
[4.858s] [ext: isaacsim.storage.native-1.5.1] startup
[4.863s] [ext: omni.graph.scriptnode-1.50.0] startup
[4.867s] [ext: omni.hydra.engine.stats-1.0.3] startup
[4.876s] [ext: omni.kit.viewport.legacy_gizmos-1.0.19] startup
[4.884s] [ext: omni.kit.raycast.query-1.1.0] startup
[4.894s] [ext: omni.graph.action_core-1.1.7] startup
[4.899s] [ext: omni.kit.viewport.scene_camera_model-1.0.6] startup
[4.912s] [ext: omni.graph.image.core-0.6.1] startup
[4.914s] [ext: omni.kit.widget.viewport-107.1.3] startup
[4.932s] [ext: omni.kit.viewport.registry-104.0.6] startup
[4.934s] [ext: omni.usd.metrics.assembler-107.3.1] startup
[4.939s] [ext: omni.kit.viewport.window-107.2.0] startup
[4.966s] [ext: omni.kit.viewport.menubar.core-107.2.1] startup
[4.984s] [ext: omni.graph.image.nodes-1.3.1] startup
[4.986s] [ext: omni.usd.metrics.assembler.physics-107.3.26] startup
[4.989s] [ext: omni.warp.core-1.8.2] startup
[5.293s] [ext: omni.kit.viewport.utility-1.1.2] startup
[5.294s] [ext: omni.physics.tensors-107.3.26] startup
[5.302s] [ext: omni.syntheticdata-0.6.13] startup
[5.356s] [ext: isaacsim.test.docstring-1.1.0] startup
[5.376s] [ext: isaacsim.core.utils-3.5.1] startup
[5.390s] [ext: omni.physx.tensors-107.3.26] startup
[5.467s] [ext: omni.graph.nodes-1.170.10] startup
[5.484s] [ext: omni.graph.action_nodes-1.50.4] startup
[5.489s] [ext: omni.kit.primitive.mesh-1.0.17] startup
[5.498s] [ext: isaacsim.core.simulation_manager-1.4.4] startup
[7.643s] [ext: omni.graph.ui_nodes-1.50.5] startup
[7.647s] [ext: omni.graph.action-1.130.0] startup
[7.652s] [ext: omni.kit.stage_templates-2.0.0] startup
[7.656s] [ext: isaacsim.core.prims-0.6.1] startup
[7.704s] [ext: omni.warp-1.8.2] startup
[7.716s] [ext: omni.videoencoding-0.1.2] startup
[7.724s] [ext: isaacsim.core.api-4.8.0] startup
[7.743s] [ext: isaacsim.core.experimental.utils-0.3.0] startup
[7.749s] [ext: omni.replicator.core-1.12.27] startup
2026-06-25T00:13:38Z [7,743ms] [Warning] [pxr.Semantics] pxr.Semantics is deprecated - please use Semantics instead
2026-06-25T00:13:38Z [8,430ms] [Warning] [omni.graph.core.plugin] Found duplicate of category 'Replicator' - was 'Annotators', adding 'Fabric Reader'
2026-06-25T00:13:38Z [8,430ms] [Warning] [omni.graph.core.plugin] Category 'Replicator' not accepted on node type 'omni.replicator.core.FabricReader' in extension 'omni.replicator.core'
2026-06-25T00:13:38Z [8,432ms] [Warning] [omni.replicator.core.scripts.extension] No material configuration file, adding configuration to material settings directly.
[8.466s] [ext: isaacsim.core.experimental.prims-0.8.1] startup
[8.564s] [ext: omni.kit.window.extensions-1.4.27] startup
[8.586s] [ext: isaacsim.core.experimental.objects-0.4.0] startup
[8.595s] [ext: omni.ui_query-1.1.8] startup
[8.604s] [ext: omni.kit.manipulator.viewport-107.0.1] startup
[8.608s] [ext: isaacsim.robot.surface_gripper-3.3.1] startup
[8.614s] [ext: omni.kit.ui_test-1.3.7] startup
[8.621s] [ext: omni.graph.visualization.nodes-2.1.3] startup
[8.640s] [ext: isaacsim.robot_motion.lula-4.0.8] startup
[8.675s] [ext: isaacsim.core.nodes-3.4.3] startup
[8.709s] [ext: isaacsim.gui.components-1.2.1] startup
[8.770s] [ext: isaacsim.robot_motion.motion_generation-8.0.26] startup
[8.874s] [ext: isaacsim.robot.manipulators-3.3.6] startup
[8.924s] [ext: isaacsim.core.experimental.materials-0.4.0] startup
[9.036s] [ext: isaacsim.robot.manipulators.examples-1.1.2] startup
[9.057s] [ext: isaacsim.cortex.framework-1.0.12] startup
[9.075s] [ext: isaacsim.cortex.behaviors-2.0.14] startup
[9.092s] [ext: omni.isaac.cortex.sample_behaviors-2.0.5] startup
2026-06-25T00:13:39Z [9,072ms] [Warning] [omni.isaac.cortex] omni.isaac.cortex has been deprecated in favor of isaacsim.cortex.framework. Please update your code accordingly.
2026-06-25T00:13:39Z [9,073ms] [Warning] [omni.isaac.cortex.sample_behaviors] omni.isaac.cortex.sample_behaviors has been deprecated in favor of isaacsim.cortex.behaviors. Please update your code accordingly.
[9.096s] [ext: omni.kit.widget.zoombar-1.0.6] startup
[9.119s] [ext: isaacsim.gui.content_browser-0.1.11] startup
[9.134s] [ext: omni.kit.browser.core-2.3.13] startup
[9.184s] [ext: omni.kit.widget.stage_icons-1.0.8] startup
[9.229s] [ext: omni.kit.widget.prompt-1.0.7] startup
[9.241s] [ext: omni.kit.usd.collect-2.4.5] startup
[9.283s] [ext: omni.kit.browser.folder.core-1.10.9] startup
[9.495s] [ext: omni.kit.window.stage-2.6.1] startup
[9.741s] [ext: omni.kit.usdz_export-1.0.9] startup
[9.827s] [ext: omni.kit.tool.collect-2.2.18] startup
[9.871s] [ext: omni.kit.menu.stage-1.2.7] startup
[9.875s] [ext: omni.kit.tool.asset_importer-4.3.2] startup
[9.892s] [ext: isaacsim.robot.wheeled_robots-4.0.24] startup
[9.923s] [ext: isaacsim.examples.browser-0.2.1] startup
[9.944s] [ext: isaacsim.asset.importer.urdf-2.4.30] startup
[10.044s] [ext: omni.isaac.wheeled_robots-3.0.7] startup
2026-06-25T00:13:40Z [10,022ms] [Warning] [omni.isaac.wheeled_robots] omni.isaac.wheeled_robots has been deprecated in favor of isaacsim.robot.wheeled_robots. Please update your code accordingly.
2026-06-25T00:13:40Z [10,026ms] [Warning] [omni.isaac.wheeled_robots.controllers] omni.isaac.wheeled_robots has been deprecated in favor of isaacsim.robot.wheeled_robots. Please update your code accordingly.
2026-06-25T00:13:40Z [10,026ms] [Warning] [omni.isaac.wheeled_robots.controllers.ackermann_controller] omni.isaac.wheeled_robots has been deprecated in favor of isaacsim.robot.wheeled_robots. Please update your code accordingly.
2026-06-25T00:13:40Z [10,027ms] [Warning] [omni.isaac.wheeled_robots.controllers.differential_controller] omni.isaac.wheeled_robots has been deprecated in favor of isaacsim.robot.wheeled_robots. Please update your code accordingly.
2026-06-25T00:13:40Z [10,027ms] [Warning] [omni.isaac.wheeled_robots.controllers.holonomic_controller] omni.isaac.wheeled_robots has been deprecated in favor of isaacsim.robot.wheeled_robots. Please update your code accordingly.
2026-06-25T00:13:40Z [10,027ms] [Warning] [omni.isaac.wheeled_robots.controllers.quintic_path_planner] omni.isaac.wheeled_robots has been deprecated in favor of isaacsim.robot.wheeled_robots. Please update your code accordingly.
2026-06-25T00:13:40Z [10,028ms] [Warning] [omni.isaac.wheeled_robots.controllers.stanley_control] omni.isaac.wheeled_robots has been deprecated in favor of isaacsim.robot.wheeled_robots. Please update your code accordingly.
2026-06-25T00:13:40Z [10,028ms] [Warning] [omni.isaac.wheeled_robots.controllers.wheel_base_pose_controller] omni.isaac.wheeled_robots has been deprecated in favor of isaacsim.robot.wheeled_robots. Please update your code accordingly.
2026-06-25T00:13:40Z [10,029ms] [Warning] [omni.isaac.wheeled_robots.impl] omni.isaac.wheeled_robots has been deprecated in favor of isaacsim.robot.wheeled_robots. Please update your code accordingly.
2026-06-25T00:13:40Z [10,029ms] [Warning] [omni.isaac.wheeled_robots.robots] omni.isaac.wheeled_robots has been deprecated in favor of isaacsim.robot.wheeled_robots. Please update your code accordingly.
2026-06-25T00:13:40Z [10,029ms] [Warning] [omni.isaac.wheeled_robots.robots.holonomic_robot_usd_setup] omni.isaac.wheeled_robots has been deprecated in favor of isaacsim.robot.wheeled_robots. Please update your code accordingly.
2026-06-25T00:13:40Z [10,030ms] [Warning] [omni.isaac.wheeled_robots.robots.wheeled_robot] omni.isaac.wheeled_robots has been deprecated in favor of isaacsim.robot.wheeled_robots. Please update your code accordingly.
[10.054s] [ext: isaacsim.simulation_app-2.12.2] startup
[10.062s] [ext: omni.isaac.franka-1.0.7] startup
2026-06-25T00:13:40Z [10,040ms] [Warning] [omni.isaac.franka] omni.isaac.franka has been deprecated in favor of isaacsim.robot.manipulators.examples.franka. Please update your code accordingly.
2026-06-25T00:13:40Z [10,041ms] [Warning] [omni.isaac.franka.franka] omni.isaac.franka has been deprecated in favor of isaacsim.robot.manipulators.examples.franka. Please update your code accordingly.
2026-06-25T00:13:40Z [10,079ms] [Warning] [omni.isaac.franka.kinematics_solver] omni.isaac.franka has been deprecated in favor of isaacsim.robot.manipulators.examples.franka. Please update your code accordingly.
[10.106s] [ext: omni.isaac.kit-2.0.6] startup
2026-06-25T00:13:40Z [10,084ms] [Warning] [omni.isaac.kit] omni.isaac.kit has been deprecated in favor of isaacsim.simulation_app. Please update your code accordingly.
[10.107s] [ext: omni.kit.selection-0.1.6] startup
[10.133s] [ext: omni.isaac.lula-4.0.6] startup
2026-06-25T00:13:40Z [10,111ms] [Warning] [omni.isaac.lula] omni.isaac.lula has been deprecated in favor of isaacsim.robot_motion.lula. Please update your code accordingly.
[10.137s] [ext: isaacsim.robot_motion.lula_test_widget-1.0.12] startup
[10.145s] [ext: isaacsim.asset.browser-1.3.23] startup
[10.252s] [ext: omni.kit.viewport.actions-107.0.2] startup
[10.261s] [ext: isaacsim.gui.menu-2.4.4] startup
[10.271s] [ext: omni.isaac.manipulators-3.0.7] startup
2026-06-25T00:13:40Z [10,254ms] [Warning] [omni.isaac.manipulators] omni.isaac.manipulators has been deprecated in favor of isaacsim.robot.manipulators. Please update your code accordingly.
2026-06-25T00:13:40Z [10,254ms] [Warning] [omni.isaac.manipulators.controllers] omni.isaac.manipulators has been deprecated in favor of isaacsim.robot.manipulators. Please update your code accordingly.
2026-06-25T00:13:40Z [10,254ms] [Warning] [omni.isaac.manipulators.controllers.pick_place_controller] omni.isaac.manipulators has been deprecated in favor of isaacsim.robot.manipulators. Please update your code accordingly.
2026-06-25T00:13:40Z [10,255ms] [Warning] [omni.isaac.manipulators.controllers.stacking_controller] omni.isaac.manipulators has been deprecated in favor of isaacsim.robot.manipulators. Please update your code accordingly.
2026-06-25T00:13:40Z [10,255ms] [Warning] [omni.isaac.manipulators.grippers] omni.isaac.manipulators has been deprecated in favor of isaacsim.robot.manipulators. Please update your code accordingly.
2026-06-25T00:13:40Z [10,256ms] [Warning] [omni.isaac.manipulators.grippers.gripper] omni.isaac.manipulators has been deprecated in favor of isaacsim.robot.manipulators. Please update your code accordingly.
2026-06-25T00:13:40Z [10,256ms] [Warning] [omni.isaac.manipulators.grippers.parallel_gripper] omni.isaac.manipulators has been deprecated in favor of isaacsim.robot.manipulators. Please update your code accordingly.
2026-06-25T00:13:40Z [10,256ms] [Warning] [omni.isaac.manipulators.grippers.surface_gripper] omni.isaac.manipulators has been deprecated in favor of isaacsim.robot.manipulators. Please update your code accordingly.
2026-06-25T00:13:40Z [10,256ms] [Warning] [omni.isaac.manipulators.manipulators] omni.isaac.manipulators has been deprecated in favor of isaacsim.robot.manipulators. Please update your code accordingly.
2026-06-25T00:13:40Z [10,256ms] [Warning] [omni.isaac.manipulators.manipulators.single_manipulator] omni.isaac.manipulators has been deprecated in favor of isaacsim.robot.manipulators. Please update your code accordingly.
[10.280s] [ext: omni.isaac.lula_test_widget-1.0.6] startup
2026-06-25T00:13:40Z [10,260ms] [Warning] [omni.isaac.lula_test_widget] omni.isaac.lula_test_widget has been deprecated in favor of isaacsim.robot_motion.lula_test_widget. Please update your code accordingly.
[10.283s] [ext: omni.isaac.asset_browser-1.0.6] startup
2026-06-25T00:13:40Z [10,266ms] [Warning] [omni.isaac.asset_browser] omni.isaac.asset_browser has been deprecated in favor of isaacsim.asset.browser. Please update your code accordingly.
[10.293s] [ext: omni.kit.viewport.menubar.display-107.0.3] startup
[10.307s] [ext: omni.isaac.menu-1.0.6] startup
2026-06-25T00:13:40Z [10,287ms] [Warning] [omni.isaac.menu] omni.isaac.menu has been deprecated in favor of isaacsim.gui.menu. Please update your code accordingly.
[10.310s] [ext: omni.isaac.motion_generation-8.0.7] startup
2026-06-25T00:13:40Z [10,292ms] [Warning] [omni.isaac.motion_generation] omni.isaac.motion_generation has been deprecated in favor of isaacsim.robot_motion.motion_generation. Please update your code accordingly.
2026-06-25T00:13:40Z [10,297ms] [Warning] [omni.isaac.motion_generation.articulation_kinematics_solver] omni.isaac.motion_generation has been deprecated in favor of isaacsim.robot_motion.motion_generation. Please update your code accordingly.
2026-06-25T00:13:40Z [10,298ms] [Warning] [omni.isaac.motion_generation.articulation_motion_policy] omni.isaac.motion_generation has been deprecated in favor of isaacsim.robot_motion.motion_generation. Please update your code accordingly.
2026-06-25T00:13:40Z [10,304ms] [Warning] [omni.isaac.motion_generation.articulation_trajectory] omni.isaac.motion_generation has been deprecated in favor of isaacsim.robot_motion.motion_generation. Please update your code accordingly.
2026-06-25T00:13:40Z [10,305ms] [Warning] [omni.isaac.motion_generation.kinematics_interface] omni.isaac.motion_generation has been deprecated in favor of isaacsim.robot_motion.motion_generation. Please update your code accordingly.
2026-06-25T00:13:40Z [10,305ms] [Warning] [omni.isaac.motion_generation.lula] omni.isaac.motion_generation has been deprecated in favor of isaacsim.robot_motion.motion_generation. Please update your code accordingly.
2026-06-25T00:13:40Z [10,305ms] [Warning] [omni.isaac.motion_generation.lula.kinematics] omni.isaac.motion_generation has been deprecated in favor of isaacsim.robot_motion.motion_generation. Please update your code accordingly.
2026-06-25T00:13:40Z [10,306ms] [Warning] [omni.isaac.motion_generation.lula.motion_policies] omni.isaac.motion_generation has been deprecated in favor of isaacsim.robot_motion.motion_generation. Please update your code accordingly.
2026-06-25T00:13:40Z [10,306ms] [Warning] [omni.isaac.motion_generation.lula.path_planners] omni.isaac.motion_generation has been deprecated in favor of isaacsim.robot_motion.motion_generation. Please update your code accordingly.
2026-06-25T00:13:40Z [10,306ms] [Warning] [omni.isaac.motion_generation.lula.trajectory_generator] omni.isaac.motion_generation has been deprecated in favor of isaacsim.robot_motion.motion_generation. Please update your code accordingly.
2026-06-25T00:13:40Z [10,307ms] [Warning] [omni.isaac.motion_generation.motion_policy_controller] omni.isaac.motion_generation has been deprecated in favor of isaacsim.robot_motion.motion_generation. Please update your code accordingly.
2026-06-25T00:13:40Z [10,307ms] [Warning] [omni.isaac.motion_generation.motion_policy_interface] omni.isaac.motion_generation has been deprecated in favor of isaacsim.robot_motion.motion_generation. Please update your code accordingly.
2026-06-25T00:13:40Z [10,307ms] [Warning] [omni.isaac.motion_generation.path_planner_visualizer] omni.isaac.motion_generation has been deprecated in favor of isaacsim.robot_motion.motion_generation. Please update your code accordingly.
2026-06-25T00:13:40Z [10,308ms] [Warning] [omni.isaac.motion_generation.path_planning_interface] omni.isaac.motion_generation has been deprecated in favor of isaacsim.robot_motion.motion_generation. Please update your code accordingly.
2026-06-25T00:13:40Z [10,308ms] [Warning] [omni.isaac.motion_generation.trajectory] omni.isaac.motion_generation has been deprecated in favor of isaacsim.robot_motion.motion_generation. Please update your code accordingly.
2026-06-25T00:13:40Z [10,308ms] [Warning] [omni.isaac.motion_generation.world_interface] omni.isaac.motion_generation has been deprecated in favor of isaacsim.robot_motion.motion_generation. Please update your code accordingly.
[10.332s] [ext: omni.isaac.assets_check-0.3.13] startup
2026-06-25T00:13:40Z [10,314ms] [Warning] [omni.isaac.assets_check] omni.isaac.assets_check has been deprecated in favor of isaacsim.asset.browser. Please update your code accordingly.
[10.338s] [ext: isaacsim.gui.sensors.icon-2.0.3] startup
[10.385s] [ext: isaacsim.asset.importer.mjcf-2.5.13] startup
[10.396s] [ext: omni.sensors.nv.common-3.0.0] startup
[10.411s] [ext: isaacsim.sensors.physics-0.4.3] startup
[10.418s] [ext: omni.sensors.net-1.0.0] startup
[10.425s] [ext: omni.isaac.nucleus-1.0.6] startup
2026-06-25T00:13:40Z [10,404ms] [Warning] [omni.isaac.nucleus] omni.isaac.nucleus has been deprecated in favor of isaacsim.storage.native. Please update your code accordingly.
2026-06-25T00:13:40Z [10,405ms] [Warning] [omni.isaac.nucleus.nucleus] omni.isaac.nucleus.nucleus has been deprecated in favor of isaacsim.storage.native. Please update your code accordingly.
[10.428s] [ext: omni.sensors.nv.materials-2.0.0] startup
[10.437s] [ext: isaacsim.robot.policy.examples-4.1.11] startup
[10.448s] [ext: omni.sensors.nv.wpm-3.0.0] startup
[10.452s] [ext: omni.sensors.nv.lidar-3.0.0] startup
[10.463s] [ext: isaacsim.util.debug_draw-3.1.0] startup
[10.467s] [ext: omni.sensors.nv.radar-3.0.0] startup
[10.477s] [ext: omni.sensors.nv.ids-2.0.0] startup
[10.480s] [ext: isaacsim.core.cloner-1.4.10] startup
[10.484s] [ext: isaacsim.sensors.physx-2.3.2] startup
[10.493s] [ext: isaacsim.sensors.rtx-15.8.4] startup
[10.510s] [ext: isaacsim.sensors.camera-1.3.6] startup
[10.526s] [ext: omni.isaac.quadruped-3.0.7] startup
2026-06-25T00:13:41Z [10,504ms] [Warning] [omni.isaac.quadruped] omni.isaac.quadruped has been deprecated in favor of isaacsim.robot.policy.examples. Please update your code accordingly.
[10.527s] [ext: omni.isaac.cloner-1.0.7] startup
2026-06-25T00:13:41Z [10,512ms] [Warning] [omni.isaac.cloner] omni.isaac.cloner has been deprecated in favor of isaacsim.core.cloner. Please update your code accordingly.
[10.542s] [ext: omni.isaac.range_sensor-4.0.6] startup
2026-06-25T00:13:41Z [10,529ms] [Warning] [omni.isaac.range_sensor] omni.isaac.range_sensor has been deprecated in favor of isaacsim.sensors.physx. Please update your code accordingly.
2026-06-25T00:13:41Z [10,529ms] [Warning] [omni.isaac.range_sensor.commands] omni.isaac.range_sensor.commands has been deprecated in favor of isaacsim.sensors.physx.commands. Please update your code accordingly.
[10.553s] [ext: omni.isaac.sensor-13.0.7] startup
2026-06-25T00:13:41Z [10,537ms] [Warning] [omni.isaac.sensor] omni.isaac.sensor has been deprecated in favor of isaacsim.sensors.camera, isaacsim.sensors.physics, isaacsim.sensors.physx, and isaacsim.sensors.rtx. Please update your code accordingly.
2026-06-25T00:13:41Z [10,537ms] [Warning] [omni.isaac.sensor.camera] omni.isaac.sensor.camera has been deprecated in favor of isaacsim.sensors.camera.camera. Please update your code accordingly.
2026-06-25T00:13:41Z [10,537ms] [Warning] [omni.isaac.sensor.camera_view] omni.isaac.sensor.camera_view has been deprecated in favor of isaacsim.sensors.camera.camera_view. Please update your code accordingly.
2026-06-25T00:13:41Z [10,538ms] [Warning] [omni.isaac.sensor.commands] omni.isaac.sensor.commands has been deprecated in favor of isaacsim.sensors.physics.commands, isaacsim.sensors.physx.commands, and isaacsim.sensors.rtx.commands. Please update your code accordingly.
2026-06-25T00:13:41Z [10,538ms] [Warning] [omni.isaac.sensor.contact_sensor] omni.isaac.sensor.contact_sensor has been deprecated in favor of isaacsim.sensors.physics.contact_sensor. Please update your code accordingly.
2026-06-25T00:13:41Z [10,539ms] [Warning] [omni.isaac.sensor.imu_sensor] omni.isaac.sensor.imu_sensor has been deprecated in favor of isaacsim.sensors.physics.imu_sensor. Please update your code accordingly.
2026-06-25T00:13:41Z [10,540ms] [Warning] [omni.isaac.sensor.lidar_rtx] omni.isaac.sensor.lidar_rtx has been deprecated in favor of isaacsim.sensors.rtx.lidar_rtx. Please update your code accordingly.
2026-06-25T00:13:41Z [10,541ms] [Warning] [omni.isaac.sensor.rotating_lidar_physX] omni.isaac.sensor.imu_sensor has been deprecated in favor of isaacsim.sensors.physix.rotating_lidar_physX. Please update your code accordingly.
2026-06-25T00:13:41Z [10,549ms] [Warning] [omni.isaac.sensor.scripts.samples.contact_sensor] omni.isaac.sensor.scripts.samples.contact_sensor has been deprecated in favor of isaacsim.sensors.physics.scripts.samples.contact_sensor. Please update your code accordingly.
2026-06-25T00:13:41Z [10,562ms] [Warning] [omni.isaac.sensor.scripts.samples.imu_sensor] omni.isaac.sensor.scripts.samples.imu_sensor has been deprecated in favor of isaacsim.sensors.physics.scripts.samples.imu_sensor. Please update your code accordingly.
2026-06-25T00:13:41Z [10,563ms] [Warning] [omni.isaac.sensor.scripts.samples.lightbeam_sensor] omni.isaac.sensor.scripts.samples.lightbeam_sensor has been deprecated in favor of isaacsim.sensors.physx.scripts.samples.lightbeam_sensor. Please update your code accordingly.
[10.596s] [ext: omni.kit.menu.create-2.0.1] startup
[10.617s] [ext: omni.kit.widget.toolbar-2.0.1] startup
[10.667s] [ext: omni.kit.manipulator.transform-107.0.0] startup
[10.684s] [ext: omni.isaac.core-4.0.7] startup
2026-06-25T00:13:41Z [10,665ms] [Warning] [omni.isaac.core.physics_context.physics_context] omni.isaac.core.physics_context.physics_context has been deprecated in favor of isaacsim.core.api.physics_context.physics_context. Please update your code accordingly.
2026-06-25T00:13:41Z [10,665ms] [Warning] [omni.isaac.core.simulation_context.simulation_context] omni.isaac.core.simulation_context.simulation_context has been deprecated in favor of isaacsim.core.api.simulation_context.simulation_context. Please update your code accordingly.
2026-06-25T00:13:41Z [10,666ms] [Warning] [omni.isaac.core.world.world] omni.isaac.core.world.world has been deprecated in favor of isaacsim.core.api.world.world. Please update your code accordingly.
2026-06-25T00:13:41Z [10,666ms] [Warning] [omni.isaac.core] omni.isaac.core has been deprecated in favor of isaacsim.core.api. Please update your code accordingly.
[10.690s] [ext: omni.kit.scripting-107.3.2] startup
[10.710s] [ext: omni.kit.manipulator.tool.snap-1.5.13] startup
[10.725s] [ext: omni.kit.manipulator.selector-1.1.3] startup
[10.728s] [ext: isaacsim.app.about-2.0.11] startup
[10.737s] [ext: isaacsim.replicator.behavior-1.1.16] startup
[10.740s] [ext: omni.kit.viewport.manipulator.transform-107.0.4] startup
[10.745s] [ext: omni.isaac.window.about-2.0.7] startup
2026-06-25T00:13:41Z [10,725ms] [Warning] [omni.isaac.window.about] omni.isaac.window.about has been deprecated in favor of isaacsim.app.about. Please update your code accordingly.
2026-06-25T00:13:41Z [10,725ms] [Warning] [omni.isaac.window.about.about] omni.isaac.window.about.about has been deprecated in favor of isaacsim.app.about.about. Please update your code accordingly.
[10.748s] [ext: omni.fabric.commands-1.1.6] startup
[10.755s] [ext: omni.kit.manipulator.prim.core-107.0.8] startup
[10.764s] [ext: omni.kit.property.audio-1.0.16] startup
[10.768s] [ext: omni.kit.property.camera-1.0.10] startup
[10.771s] [ext: omni.kit.property.geometry-2.0.4] startup
[10.776s] [ext: omni.hydra.scene_api-0.1.2] startup
[10.782s] [ext: omni.kit.property.light-1.0.12] startup
[10.819s] [ext: omni.kit.manipulator.prim.fabric-107.0.4] startup
[10.822s] [ext: omni.kit.manipulator.prim.usd-107.0.3] startup
[10.825s] [ext: omni.kit.property.material-1.11.9] startup
[10.834s] [ext: omni.kit.property.render-1.2.1] startup
[10.839s] [ext: omni.kit.property.transform-1.5.13] startup
[10.845s] [ext: isaacsim.gui.property-1.1.3] startup
[10.848s] [ext: omni.kit.manipulator.camera-106.0.4] startup
[10.854s] [ext: omni.kit.manipulator.prim-107.0.0] startup
[10.855s] [ext: omni.isaac.surface_gripper-2.0.6] startup
2026-06-25T00:13:41Z [10,832ms] [Warning] [omni.isaac.surface_gripper] omni.isaac.surface_gripper has been deprecated in favor of isaacsim.robot.surface_gripper. Please update your code accordingly.
[10.855s] [ext: omni.kit.manipulator.selection-106.0.1] startup
[10.860s] [ext: omni.kit.property.bundle-1.4.1] startup
[10.867s] [ext: omni.kit.property.isaac-1.0.6] startup
2026-06-25T00:13:41Z [10,848ms] [Warning] [omni.kit.property.isaac] omni.kit.property.isaac has been deprecated in favor of isaacsim.gui.property. Please update your code accordingly.
2026-06-25T00:13:41Z [10,848ms] [Warning] [omni.kit.property.isaac.widgets] omni.kit.property.isaac.widgets has been deprecated in favor of isaacsim.gui.property.widgets. Please update your code accordingly.
[10.871s] [ext: omni.isaac.universal_robots-1.0.6] startup
2026-06-25T00:13:41Z [10,851ms] [Warning] [omni.isaac.universal_robots] omni.isaac.universal_robots has been deprecated in favor of isaacsim.robot.manipulators.examples.universal_robots. Please update your code accordingly.
2026-06-25T00:13:41Z [10,851ms] [Warning] [omni.isaac.universal_robots.kinematics_solver] omni.isaac.franka has been deprecated in favor of isaacsim.robot.manipulators.examples.universal_robots. Please update your code accordingly.
2026-06-25T00:13:41Z [10,852ms] [Warning] [omni.isaac.universal_robots.ur10] omni.isaac.franka has been deprecated in favor of isaacsim.robot.manipulators.examples.universal_robots. Please update your code accordingly.
[10.875s] [ext: omni.isaac.core_nodes-2.0.6] startup
2026-06-25T00:13:41Z [10,856ms] [Warning] [omni.isaac.core_nodes] omni.isaac.core_nodes has been deprecated in favor of isaacsim.core.nodes. Please update your code accordingly.
[10.879s] [ext: omni.kit.viewport.menubar.camera-107.0.6] startup
[10.893s] [ext: omni.kit.viewport.menubar.lighting-107.3.1] startup
[10.905s] [ext: isaacsim.replicator.writers-1.0.17] startup
[10.938s] [ext: omni.kit.viewport.menubar.render-107.0.10] startup
[10.958s] [ext: omni.kit.viewport.menubar.settings-107.0.3] startup
[10.970s] [ext: omni.kit.window.console-1.1.4] startup
[10.983s] [ext: isaacsim.replicator.domain_randomization-1.0.16] startup
[10.989s] [ext: isaacsim.replicator.examples-1.3.6] startup
[10.994s] [ext: omni.ocio-0.1.1] startup
[11.000s] [ext: omni.rtx.window.settings-0.6.19] startup
[11.017s] [ext: omni.kit.window.status_bar-0.1.9] startup
[11.025s] [ext: omni.kit.window.toolbar-2.0.0] startup
[11.047s] [ext: omni.replicator.isaac-2.0.8] startup
2026-06-25T00:13:41Z [11,027ms] [Warning] [omni.replicator.isaac] omni.replicator.isaac has been deprecated in favor of isaacsim.replicator.domain_randomization, isaacsim.replicator.examples, isaacsim.replicator.writers. Please update your code accordingly.
[11.052s] [ext: omni.replicator.replicator_yaml-2.0.11] startup
[11.073s] [ext: omni.rtx.settings.core-0.6.5] startup
[11.083s] [ext: omni.usd.metrics.assembler.ui-107.3.1] startup
[11.106s] [ext: omni.isaac.utils-2.0.6] startup
[11.109s] [ext: semantics.schema.editor-2.0.2] startup
[11.118s] [ext: omni.kit.ui.actions-1.0.5] startup
[11.120s] [ext: semantics.schema.property-2.0.1] startup
[11.124s] [ext: omni.isaac.version-2.0.7] startup
2026-06-25T00:13:41Z [11,105ms] [Warning] [omni.isaac.version] omni.isaac.version has been deprecated in favor of isaacsim.core.version. Please update your code accordingly.
[11.128s] [ext: omni.isaac.cortex-1.0.5] startup
[11.131s] [ext: omni.anim.curve.core-1.3.1] startup
[11.154s] [ext: isaacsim.core.throttling-2.2.2] startup
[11.159s] [ext: omni.kit.menu.common-2.0.1] startup
[11.164s] [ext: isaacsim.exp.base-5.1.0] startup
[11.166s] [ext: isaacsim.exp.base.python-5.1.0] startup
[11.169s] Simulation App Starting
2026-06-25T00:13:42Z [11,566ms] [Warning] [omni.fabric.plugin] Warning: attribute viewportHandle not found for bucket id 9

[11.738s] app ready
Starting kit application with the following args:  ['/home/robotics/isaac-sim-5.1/lib/python3.11/site-packages/isaacsim/exts/isaacsim.simulation_app/isaacsim/simulation_app/simulation_app.py', '/home/robotics/isaac-sim-5.1/lib/python3.11/site-packages/isaacsim/apps/isaacsim.exp.base.python.kit', '--/app/tokens/exe-path=/home/robotics/isaac-sim-5.1/lib/python3.11/site-packages/isaacsim/kit', '--/persistent/app/viewport/displayOptions=3286', '--/rtx/materialDb/syncLoads=True', '--/rtx/hydra/materialSyncLoads=True', '--/omni.kit.plugin/syncUsdLoads=True', '--/app/renderer/resolution/width=1920', '--/app/renderer/resolution/height=1080', '--/app/window/width=1920', '--/app/window/height=1080', '--/renderer/multiGpu/enabled=True', '--/app/fastShutdown=True', '--/app/installSignalHandlers=0', '--ext-folder', '/home/robotics/isaac-sim-5.1/lib/python3.11/site-packages/isaacsim/exts', '--ext-folder', '/home/robotics/isaac-sim-5.1/lib/python3.11/site-packages/isaacsim/apps', '--/physics/cudaDevice=0', '--/plugins/carb.tasking.plugin/threadCount=16', '--/plugins/omni.tbb.globalcontrol/maxThreadCount=16', '--portable', '--no-window', '--/app/window/hideUi=False']
Passing the following args to the base kit application:  ['--config', 'config/sim_config.yaml']
Warp 1.8.2 initialized:
   CUDA Toolkit 12.8, Driver 13.0
   Devices:
     "cpu"      : "x86_64"
     "cuda:0"   : "NVIDIA GeForce RTX 2070" (8 GiB, sm_75, mempool enabled)
   Kernel cache:
     /home/robotics/.cache/warp/1.8.2
Warp DeprecationWarning: The `warp.sim` module is deprecated and will be removed in v1.10. Please transition to using the forthcoming Newton library instead.
[simulator] Config     : config/sim_config.yaml
[simulator] Input dir  : /home/robotics/Documents/assignment2/palletizing_simulator/algorithm_results
[simulator] Output dir : /home/robotics/Documents/assignment2/palletizing_simulator/sim_results
[simulator] Found 2 input file(s)
  - box_sequence_0.json
  - box_sequence_1.json
[simulator] drop_offset=0.02m  settle_steps(max)=10  settle_vel=0.05m/s  final_steps=100
[simulator] auto_start : True
[simulator] auto_start=True -> start immediately

[simulator] ══ Processing: box_sequence_0.json ══
[simulator] plan=99  buffer_size=0  source_boxes=250
[simulator] initial buffer ids = []
[simulator] Final settle 100 steps …
[simulator] All steps done  (total 38.5s)
[evaluator] [SUCCESS]  ok=99/99  stacking=72.3% [72.3%]  collapse=0  oob=0  drop=0  buffer=0  score=92.3 (stacking=72.3 + buffer_bonus=20)
[simulator] Screenshot → /home/robotics/Documents/assignment2/palletizing_simulator/sim_results/box_sequence_0_result.png

[simulator] ══ Processing: box_sequence_1.json ══
[simulator] plan=84  buffer_size=0  source_boxes=250
[simulator] initial buffer ids = []
[simulator] Final settle 100 steps …
[simulator] All steps done  (total 53.8s)
[evaluator] [SUCCESS]  ok=84/84  stacking=72.3% [72.3%]  collapse=0  oob=0  drop=0  buffer=0  score=92.3 (stacking=72.3 + buffer_bonus=20)
[simulator] Screenshot → /home/robotics/Documents/assignment2/palletizing_simulator/sim_results/box_sequence_1_result.png

[evaluator] ══ Result ══
  ✓ box_sequence_0.json  stacking=72.3% [72.3%]  ok=99/99  time=0.0s  buffer=0  score=92.3 (stacking=72.3 + bonus=20)
  ✓ box_sequence_1.json  stacking=72.3% [72.3%]  ok=84/84  time=0.0s  buffer=0  score=92.3 (stacking=72.3 + bonus=20)
  ───────────────────────────────────────────────────────
  summary : episodes 2 success / 0 failure / 0 height_overflow
            avg stacking rate  72.3% [72.3%]
            avg success rate   100.0%
            avg score          92.30
            total processing time 111.3s
[evaluator] Saved → /home/robotics/Documents/assignment2/palletizing_simulator/sim_results/result.json

[simulator] All files processed.
[16.416s] Simulation App Startup Complete
2026-06-25T00:14:28Z [57,531ms] [Warning] [omni.syntheticdata.plugin] OgnSdPostRenderVarToHost : rendervar copy from texture directly to host buffer is counter-performant. Please use copy from texture to device buffer first.
2026-06-25T00:14:35Z [64,708ms] [Warning] [omni.physx.tensors.plugin] prim '/World/box_000' was deleted while being used by a shape in a tensor view class. The physics.tensors simulationView was invalidated.
2026-06-25T00:14:35Z [65,486ms] [Warning] [omni.syntheticdata.plugin] SdRenderVarPtr missing valid input renderVar LdrColorSDhost
2026-06-25T00:15:37Z [127,291ms] [Warning] [omni.physx.tensors.plugin] prim '/World/box_000' was deleted while being used by a shape in a tensor view class. The physics.tensors simulationView was invalidated.
[129.125s] Simulation App Shutting Down
