[Info] [carb] Logging to file: /home/robotics/isaac-sim-5.1/lib/python3.11/site-packages/isaacsim/kit/logs/Kit/Isaac-Sim Python/5.1/kit_20260623_121327.log
2026-06-23T03:13:27Z [1ms] [Warning] [carb.crashreporter-breakpad.plugin] [previous crash] preventing upload of minidump due to user opt-out: '/home/robotics/isaac-sim-5.1/lib/python3.11/site-packages/isaacsim/kit/data/Kit/Isaac-Sim Python/5.1/e1377903-bced-49ba-c7e998b8-4049ff06.dmp'
2026-06-23T03:13:27Z [2ms] [Warning] [carb.crashreporter-breakpad.plugin] [previous crash] preventing upload of minidump due to user opt-out: '/home/robotics/isaac-sim-5.1/lib/python3.11/site-packages/isaacsim/kit/data/Kit/Isaac-Sim Python/5.1/516477e4-65c6-4f10-0be26f85-a7479c20.dmp'
[0.103s] [ext: omni.kit.async_engine-0.0.3] startup
[0.331s] [ext: omni.metrics.core-0.0.3] startup
[0.332s] [ext: omni.client.lib-1.1.0] startup
[0.351s] [ext: omni.blobkey-1.1.2] startup
[0.351s] [ext: omni.stats-1.0.1] startup
[0.353s] [ext: omni.datastore-0.0.0] startup
[0.360s] [ext: omni.client-1.3.0] startup
[0.366s] [ext: omni.ujitso.default-1.0.0] startup
[0.370s] [ext: omni.hsscclient-1.1.2] startup
[0.375s] [ext: omni.gpu_foundation.shadercache.vulkan-1.0.0] startup
[0.378s] [ext: omni.assets.plugins-0.0.0] startup
[0.380s] [ext: omni.gpu_foundation-0.0.0] startup
[0.398s] [ext: carb.windowing.plugins-1.0.0] startup
[0.420s] [ext: omni.kit.renderer.init-0.0.0] startup

|---------------------------------------------------------------------------------------------|
| Driver Version: 580.159.03    | Graphics API: Vulkan
|=============================================================================================|
| GPU | Name                             | Active | LDA | GPU Memory | Vendor-ID | LUID       |
|     |                                  |        |     |            | Device-ID | UUID       |
|     |                                  |        |     |            | Bus-ID    |            |
|---------------------------------------------------------------------------------------------|
| 0   | NVIDIA GeForce RTX 2070          | Yes: 0 |     | 8438    MB | 10de      | 0          |
|     |                                  |        |     |            | 1f07      | cfe4294b.. |
|     |                                  |        |     |            | 7         |            |
|=============================================================================================|
| OS: 22.04.5 LTS (Jammy Jellyfish) ubuntu, Version: 22.04.5, Kernel: 6.8.0-106-generic
| XServer Vendor: The X.Org Foundation, XServer Version: 12101004 (1.21.1.4)
| Processor: AMD Ryzen 7 2700 Eight-Core Processor
| Cores: 8 | Logical Cores: 16
|---------------------------------------------------------------------------------------------|
| Total Memory (MB): 31990 | Free Memory: 20736
| Total Page/Swap (MB): 26688 | Free Page/Swap: 26687
|---------------------------------------------------------------------------------------------|
2026-06-23T03:13:28Z [1,481ms] [Warning] [gpu.foundation.plugin] IOMMU is enabled.
[1.819s] [ext: omni.materialx.libs-1.0.7] startup
[1.833s] [ext: omni.kit.telemetry-0.5.2] startup
[1.880s] [ext: omni.usd.config-1.0.6] startup
[1.892s] [ext: omni.gpucompute.plugins-0.0.0] startup
[1.895s] [ext: omni.usd.libs-1.0.1] startup
[2.073s] [ext: omni.kit.loop-isaac-1.3.7] startup
[2.076s] [ext: omni.kit.test-2.0.1] startup
[2.190s] [ext: omni.mdl-56.0.3] startup
[2.322s] [ext: omni.iray.libs-0.0.0] startup
[2.333s] [ext: omni.mdl.neuraylib-0.2.12] startup
[2.338s] [ext: omni.kit.usd.mdl-1.1.5] startup
[2.491s] [ext: omni.kit.pipapi-0.0.0] startup
[2.493s] [ext: omni.appwindow-1.1.10] startup
[2.498s] [ext: omni.kit.renderer.core-1.1.0] startup
[3.621s] [ext: omni.kit.renderer.capture-0.0.0] startup
[3.625s] [ext: omni.kit.renderer.imgui-2.0.5] startup
[4.132s] [ext: omni.ui-2.27.1] startup
[4.162s] [ext: omni.kit.mainwindow-1.0.3] startup
[4.165s] [ext: carb.audio-0.1.0] startup
[4.180s] [ext: omni.uiaudio-1.0.0] startup
[4.186s] [ext: omni.kit.uiapp-0.0.0] startup
[4.186s] [ext: omni.usd.schema.metrics.assembler-107.3.1] startup
[4.193s] [ext: omni.usd.schema.physx-107.3.26] startup
[4.251s] [ext: omni.usd.schema.geospatial-0.0.0] startup
[4.255s] [ext: omni.usd.schema.audio-0.0.0] startup
[4.259s] [ext: omni.usd.schema.anim-0.0.0] startup
[4.286s] [ext: omni.usd.schema.flow-107.1.1] startup
[4.287s] [ext: omni.usd_resolver-1.0.0] startup
[4.292s] [ext: omni.usd.core-1.5.3] startup
[4.296s] [ext: omni.usd.schema.omni_sensors-0.0.0] startup
[4.331s] [ext: omni.usd.schema.semantics-0.0.0] startup
[4.337s] [ext: omni.usd.schema.omniscripting-1.0.0] startup
[4.346s] [ext: omni.usd.schema.omni_lens_distortion-0.0.0] startup
[4.347s] [ext: omni.usd.schema.omnigraph-1.0.0] startup
[4.359s] [ext: omni.kit.window.popup_dialog-2.0.24] startup
[4.370s] [ext: omni.graph.exec-0.9.6] startup
[4.371s] [ext: omni.kit.widget.nucleus_connector-2.0.1] startup
[4.375s] [ext: omni.kit.usd_undo-0.1.8] startup
[4.376s] [ext: omni.kit.exec.core-0.13.4] startup
[4.381s] [ext: omni.kit.actions.core-1.0.0] startup
[4.386s] [ext: omni.resourcemonitor-107.0.1] startup
[4.392s] [ext: omni.activity.core-1.0.3] startup
[4.395s] [ext: omni.timeline-1.0.14] startup
[4.399s] [ext: omni.kit.commands-1.4.10] startup
[4.406s] [ext: usdrt.scenegraph-7.6.1] startup
[4.465s] [ext: omni.kit.audiodeviceenum-1.0.2] startup
[4.467s] [ext: omni.hydra.usdrt_delegate-7.5.1] startup
[4.477s] [ext: omni.hydra.scene_delegate-0.3.4] startup
[4.486s] [ext: omni.usd-1.13.10] startup
[4.542s] [ext: omni.inspect-1.0.2] startup
[4.545s] [ext: omni.kit.notification_manager-1.0.10] startup
[4.548s] [ext: omni.graph.core-2.184.5] startup
[4.553s] [ext: isaacsim.core.deprecation_manager-0.2.7] startup
[4.554s] [ext: omni.anim.graph.schema-107.3.3] startup
[4.564s] [ext: omni.usd.schema.isaac-3.0.5] startup
[4.564s] [ext: omni.anim.navigation.schema-107.3.3] startup
[4.569s] [ext: omni.kit.asset_converter-5.0.17] startup
[4.587s] [ext: isaacsim.robot.schema-3.6.0] startup
[4.599s] [ext: omni.usd.schema.render_settings.rtx-0.0.0] startup
[4.600s] [ext: omni.kit.menu.core-1.1.2] startup
[4.601s] [ext: omni.kit.widget.path_field-2.0.11] startup
[4.602s] [ext: omni.kit.widget.context_menu-1.2.5] startup
[4.604s] [ext: omni.kit.widget.browser_bar-2.0.10] startup
[4.605s] [ext: omni.kit.clipboard-1.0.5] startup
[4.606s] [ext: omni.kit.numpy.common-0.1.3] startup
[4.609s] [ext: omni.kit.widget.options_menu-1.1.6] startup
[4.613s] [ext: omni.kit.helper.file_utils-0.1.9] startup
[4.615s] [ext: omni.ui.scene-1.11.5] startup
[4.622s] [ext: omni.kit.widget.options_button-1.0.3] startup
[4.623s] [ext: omni.kit.widget.filebrowser-2.12.3] startup
[4.630s] [ext: omni.kit.usd.layers-2.2.11] startup
[4.641s] [ext: omni.kit.window.filepicker-2.13.4] startup
[4.661s] [ext: omni.kit.hotkeys.core-1.3.10] startup
[4.666s] [ext: omni.kit.context_menu-1.8.6] startup
[4.668s] [ext: omni.kit.property.adapter.core-1.0.2] startup
[4.670s] [ext: omni.kit.window.file_exporter-1.0.33] startup
[4.673s] [ext: omni.kit.widget.searchfield-1.1.8] startup
[4.675s] [ext: omni.kit.widget.filter-1.1.4] startup
[4.676s] [ext: omni.kit.widget.graph-2.0.0] startup
[4.682s] [ext: omni.kit.widget.stage-3.1.4] startup
[4.695s] [ext: omni.kit.property.adapter.usd-1.0.2] startup
[4.696s] [ext: omni.kit.property.adapter.fabric-1.0.3] startup
[4.697s] [ext: omni.kit.graph.delegate.default-1.2.3] startup
[4.698s] [ext: omni.kit.window.file_importer-1.1.18] startup
[4.699s] [ext: omni.kit.stage_template.core-1.1.22] startup
[4.700s] [ext: omni.kit.menu.utils-2.0.5] startup
[4.708s] [ext: omni.kit.window.file-2.0.5] startup
[4.714s] [ext: omni.kit.widget.highlight_label-1.0.3] startup
[4.715s] [ext: omni.kit.window.drop_support-1.0.5] startup
[4.716s] [ext: omni.kit.window.content_browser_registry-0.0.6] startup
[4.717s] [ext: omni.kit.window.property-1.12.1] startup
[4.723s] [ext: omni.kit.window.content_browser-3.1.3] startup
[4.751s] [ext: isaacsim.core.version-2.0.6] startup
[4.753s] [ext: omni.kit.property.usd-4.5.12] startup
[4.781s] [ext: omni.kit.graph.editor.core-1.5.3] startup
[4.787s] [ext: omni.kit.material.library-2.0.7] startup
[4.798s] [ext: omni.kit.graph.usd.commands-1.3.1] startup
[4.800s] [ext: omni.kvdb-107.3.26] startup
[4.804s] [ext: omni.usdphysics-107.3.26] startup
[4.809s] [ext: omni.physx.foundation-107.3.26] startup
[4.813s] [ext: omni.localcache-107.3.26] startup
[4.816s] [ext: omni.convexdecomposition-107.3.26] startup
[4.823s] [ext: omni.physics-107.3.26] startup
[4.831s] [ext: omni.physx.cooking-107.3.26] startup
[4.838s] [ext: omni.physics.stageupdate-107.3.26] startup
[4.843s] [ext: omni.physx-107.3.26] startup
[4.856s] [ext: omni.index.libs-380600.8087.0] startup
[4.856s] [ext: omni.physics.physx-107.3.26] startup
2026-06-23T03:13:31Z [4,835ms] [Warning] [carb] Acquiring non optional plugin interface which is not listed as dependency: [omni::physx::IPhysxBenchmarks v1.0] (plugin: <default plugin>), by client: omni.physics.physx.plugin. Add it to CARB_PLUGIN_IMPL_DEPS() macro of a client.
[4.858s] [ext: omni.index-1.0.1] startup
[4.859s] [ext: omni.volume-0.5.2] startup
[4.874s] [ext: omni.ujitso.client-0.0.0] startup
[4.874s] [ext: omni.hydra.rtx.shadercache.vulkan-1.0.0] startup
[4.876s] [ext: omni.kit.widget.searchable_combobox-1.0.6] startup
[4.877s] [ext: omni.hydra.rtx-1.0.0] startup
2026-06-23T03:13:31Z [4,877ms] [Warning] [omni.log] Source: omni.hydra was already registered.
[4.925s] [ext: omni.kit.widget.settings-1.2.6] startup
[4.929s] [ext: omni.kit.hydra_texture-1.4.6] startup
[4.936s] [ext: omni.graph.tools-1.79.2] startup
[4.990s] [ext: omni.kit.window.preferences-1.8.0] startup
[5.001s] [ext: omni.kit.widget.material_preview-1.0.16] startup
[5.004s] [ext: omni.graph-1.141.2] startup
[5.073s] [ext: omni.kit.window.material_graph-1.9.1] startup
[5.087s] [ext: omni.isaac.dynamic_control-2.0.7] startup
2026-06-23T03:13:32Z [5,071ms] [Warning] [omni.isaac.dynamic_control] omni.isaac.dynamic_control is deprecated as of Isaac Sim 4.5. No action is needed from end-users.
[5.094s] [ext: isaacsim.storage.native-1.5.1] startup
[5.098s] [ext: omni.graph.scriptnode-1.50.0] startup
[5.100s] [ext: omni.hydra.engine.stats-1.0.3] startup
[5.107s] [ext: omni.kit.viewport.legacy_gizmos-1.0.19] startup
[5.110s] [ext: omni.kit.raycast.query-1.1.0] startup
[5.120s] [ext: omni.graph.action_core-1.1.7] startup
[5.124s] [ext: omni.kit.viewport.scene_camera_model-1.0.6] startup
[5.135s] [ext: omni.graph.image.core-0.6.1] startup
[5.137s] [ext: omni.kit.widget.viewport-107.1.3] startup
[5.150s] [ext: omni.kit.viewport.registry-104.0.6] startup
[5.152s] [ext: omni.usd.metrics.assembler-107.3.1] startup
[5.158s] [ext: omni.kit.viewport.window-107.2.0] startup
[5.195s] [ext: omni.kit.viewport.menubar.core-107.2.1] startup
[5.236s] [ext: omni.graph.image.nodes-1.3.1] startup
[5.238s] [ext: omni.usd.metrics.assembler.physics-107.3.26] startup
[5.243s] [ext: omni.warp.core-1.8.2] startup
[5.682s] [ext: omni.kit.viewport.utility-1.1.2] startup
[5.684s] [ext: omni.physics.tensors-107.3.26] startup
[5.693s] [ext: omni.syntheticdata-0.6.13] startup
[5.730s] [ext: isaacsim.test.docstring-1.1.0] startup
[5.741s] [ext: isaacsim.core.utils-3.5.1] startup
[5.748s] [ext: omni.physx.tensors-107.3.26] startup
[5.799s] [ext: omni.graph.nodes-1.170.10] startup
[5.827s] [ext: omni.graph.action_nodes-1.50.4] startup
[5.833s] [ext: omni.kit.primitive.mesh-1.0.17] startup
[5.848s] [ext: isaacsim.core.simulation_manager-1.4.4] startup
[8.915s] [ext: omni.graph.ui_nodes-1.50.5] startup
[8.923s] [ext: omni.graph.action-1.130.0] startup
[8.926s] [ext: omni.kit.stage_templates-2.0.0] startup
[8.934s] [ext: isaacsim.core.prims-0.6.1] startup
[8.990s] [ext: omni.warp-1.8.2] startup
[9.001s] [ext: omni.videoencoding-0.1.2] startup
[9.016s] [ext: isaacsim.core.api-4.8.0] startup
[9.101s] [ext: isaacsim.core.experimental.utils-0.3.0] startup
[9.144s] [ext: omni.replicator.core-1.12.27] startup
2026-06-23T03:13:36Z [9,154ms] [Warning] [pxr.Semantics] pxr.Semantics is deprecated - please use Semantics instead
2026-06-23T03:13:36Z [9,389ms] [Warning] [omni.graph.core.plugin] Found duplicate of category 'Replicator' - was 'Annotators', adding 'Fabric Reader'
2026-06-23T03:13:36Z [9,389ms] [Warning] [omni.graph.core.plugin] Category 'Replicator' not accepted on node type 'omni.replicator.core.FabricReader' in extension 'omni.replicator.core'
2026-06-23T03:13:36Z [9,390ms] [Warning] [omni.replicator.core.scripts.extension] No material configuration file, adding configuration to material settings directly.
[9.418s] [ext: isaacsim.core.experimental.prims-0.8.1] startup
[9.519s] [ext: omni.kit.window.extensions-1.4.27] startup
[9.538s] [ext: isaacsim.core.experimental.objects-0.4.0] startup
[9.549s] [ext: omni.ui_query-1.1.8] startup
[9.556s] [ext: omni.kit.manipulator.viewport-107.0.1] startup
[9.559s] [ext: isaacsim.robot.surface_gripper-3.3.1] startup
[9.570s] [ext: omni.kit.ui_test-1.3.7] startup
[9.578s] [ext: omni.graph.visualization.nodes-2.1.3] startup
[9.615s] [ext: isaacsim.robot_motion.lula-4.0.8] startup
[9.630s] [ext: isaacsim.core.nodes-3.4.3] startup
[9.647s] [ext: isaacsim.gui.components-1.2.1] startup
[9.705s] [ext: isaacsim.robot_motion.motion_generation-8.0.26] startup
[9.758s] [ext: isaacsim.robot.manipulators-3.3.6] startup
[9.803s] [ext: isaacsim.core.experimental.materials-0.4.0] startup
[9.847s] [ext: isaacsim.robot.manipulators.examples-1.1.2] startup
[9.867s] [ext: isaacsim.cortex.framework-1.0.12] startup
[9.884s] [ext: isaacsim.cortex.behaviors-2.0.14] startup
[9.892s] [ext: omni.isaac.cortex.sample_behaviors-2.0.5] startup
2026-06-23T03:13:36Z [9,872ms] [Warning] [omni.isaac.cortex] omni.isaac.cortex has been deprecated in favor of isaacsim.cortex.framework. Please update your code accordingly.
2026-06-23T03:13:36Z [9,879ms] [Warning] [omni.isaac.cortex.sample_behaviors] omni.isaac.cortex.sample_behaviors has been deprecated in favor of isaacsim.cortex.behaviors. Please update your code accordingly.
[9.902s] [ext: omni.kit.widget.zoombar-1.0.6] startup
[9.925s] [ext: isaacsim.gui.content_browser-0.1.11] startup
[9.944s] [ext: omni.kit.browser.core-2.3.13] startup
[10.023s] [ext: omni.kit.widget.stage_icons-1.0.8] startup
[10.041s] [ext: omni.kit.widget.prompt-1.0.7] startup
[10.064s] [ext: omni.kit.usd.collect-2.4.5] startup
[10.177s] [ext: omni.kit.browser.folder.core-1.10.9] startup
[10.366s] [ext: omni.kit.window.stage-2.6.1] startup
[10.493s] [ext: omni.kit.usdz_export-1.0.9] startup
[10.585s] [ext: omni.kit.tool.collect-2.2.18] startup
[10.682s] [ext: omni.kit.menu.stage-1.2.7] startup
[10.716s] [ext: omni.kit.tool.asset_importer-4.3.2] startup
[10.863s] [ext: isaacsim.robot.wheeled_robots-4.0.24] startup
[10.894s] [ext: isaacsim.examples.browser-0.2.1] startup
[10.921s] [ext: isaacsim.asset.importer.urdf-2.4.30] startup
[11.090s] [ext: omni.isaac.wheeled_robots-3.0.7] startup
2026-06-23T03:13:38Z [11,071ms] [Warning] [omni.isaac.wheeled_robots] omni.isaac.wheeled_robots has been deprecated in favor of isaacsim.robot.wheeled_robots. Please update your code accordingly.
2026-06-23T03:13:38Z [11,071ms] [Warning] [omni.isaac.wheeled_robots.controllers] omni.isaac.wheeled_robots has been deprecated in favor of isaacsim.robot.wheeled_robots. Please update your code accordingly.
2026-06-23T03:13:38Z [11,072ms] [Warning] [omni.isaac.wheeled_robots.controllers.ackermann_controller] omni.isaac.wheeled_robots has been deprecated in favor of isaacsim.robot.wheeled_robots. Please update your code accordingly.
2026-06-23T03:13:38Z [11,072ms] [Warning] [omni.isaac.wheeled_robots.controllers.differential_controller] omni.isaac.wheeled_robots has been deprecated in favor of isaacsim.robot.wheeled_robots. Please update your code accordingly.
2026-06-23T03:13:38Z [11,072ms] [Warning] [omni.isaac.wheeled_robots.controllers.holonomic_controller] omni.isaac.wheeled_robots has been deprecated in favor of isaacsim.robot.wheeled_robots. Please update your code accordingly.
2026-06-23T03:13:38Z [11,072ms] [Warning] [omni.isaac.wheeled_robots.controllers.quintic_path_planner] omni.isaac.wheeled_robots has been deprecated in favor of isaacsim.robot.wheeled_robots. Please update your code accordingly.
2026-06-23T03:13:38Z [11,073ms] [Warning] [omni.isaac.wheeled_robots.controllers.stanley_control] omni.isaac.wheeled_robots has been deprecated in favor of isaacsim.robot.wheeled_robots. Please update your code accordingly.
2026-06-23T03:13:38Z [11,073ms] [Warning] [omni.isaac.wheeled_robots.controllers.wheel_base_pose_controller] omni.isaac.wheeled_robots has been deprecated in favor of isaacsim.robot.wheeled_robots. Please update your code accordingly.
2026-06-23T03:13:38Z [11,073ms] [Warning] [omni.isaac.wheeled_robots.impl] omni.isaac.wheeled_robots has been deprecated in favor of isaacsim.robot.wheeled_robots. Please update your code accordingly.
2026-06-23T03:13:38Z [11,074ms] [Warning] [omni.isaac.wheeled_robots.robots] omni.isaac.wheeled_robots has been deprecated in favor of isaacsim.robot.wheeled_robots. Please update your code accordingly.
2026-06-23T03:13:38Z [11,074ms] [Warning] [omni.isaac.wheeled_robots.robots.holonomic_robot_usd_setup] omni.isaac.wheeled_robots has been deprecated in favor of isaacsim.robot.wheeled_robots. Please update your code accordingly.
2026-06-23T03:13:38Z [11,074ms] [Warning] [omni.isaac.wheeled_robots.robots.wheeled_robot] omni.isaac.wheeled_robots has been deprecated in favor of isaacsim.robot.wheeled_robots. Please update your code accordingly.
[11.097s] [ext: isaacsim.simulation_app-2.12.2] startup
[11.102s] [ext: omni.isaac.franka-1.0.7] startup
2026-06-23T03:13:38Z [11,081ms] [Warning] [omni.isaac.franka] omni.isaac.franka has been deprecated in favor of isaacsim.robot.manipulators.examples.franka. Please update your code accordingly.
2026-06-23T03:13:38Z [11,081ms] [Warning] [omni.isaac.franka.franka] omni.isaac.franka has been deprecated in favor of isaacsim.robot.manipulators.examples.franka. Please update your code accordingly.
2026-06-23T03:13:38Z [11,142ms] [Warning] [omni.isaac.franka.kinematics_solver] omni.isaac.franka has been deprecated in favor of isaacsim.robot.manipulators.examples.franka. Please update your code accordingly.
[11.165s] [ext: omni.isaac.kit-2.0.6] startup
2026-06-23T03:13:38Z [11,147ms] [Warning] [omni.isaac.kit] omni.isaac.kit has been deprecated in favor of isaacsim.simulation_app. Please update your code accordingly.
[11.170s] [ext: omni.kit.selection-0.1.6] startup
[11.177s] [ext: omni.isaac.lula-4.0.6] startup
2026-06-23T03:13:38Z [11,156ms] [Warning] [omni.isaac.lula] omni.isaac.lula has been deprecated in favor of isaacsim.robot_motion.lula. Please update your code accordingly.
[11.180s] [ext: isaacsim.robot_motion.lula_test_widget-1.0.12] startup
[11.186s] [ext: isaacsim.asset.browser-1.3.23] startup
[11.281s] [ext: omni.kit.viewport.actions-107.0.2] startup
[11.295s] [ext: isaacsim.gui.menu-2.4.4] startup
[11.310s] [ext: omni.isaac.manipulators-3.0.7] startup
2026-06-23T03:13:38Z [11,288ms] [Warning] [omni.isaac.manipulators] omni.isaac.manipulators has been deprecated in favor of isaacsim.robot.manipulators. Please update your code accordingly.
2026-06-23T03:13:38Z [11,288ms] [Warning] [omni.isaac.manipulators.controllers] omni.isaac.manipulators has been deprecated in favor of isaacsim.robot.manipulators. Please update your code accordingly.
2026-06-23T03:13:38Z [11,288ms] [Warning] [omni.isaac.manipulators.controllers.pick_place_controller] omni.isaac.manipulators has been deprecated in favor of isaacsim.robot.manipulators. Please update your code accordingly.
2026-06-23T03:13:38Z [11,297ms] [Warning] [omni.isaac.manipulators.controllers.stacking_controller] omni.isaac.manipulators has been deprecated in favor of isaacsim.robot.manipulators. Please update your code accordingly.
2026-06-23T03:13:38Z [11,298ms] [Warning] [omni.isaac.manipulators.grippers] omni.isaac.manipulators has been deprecated in favor of isaacsim.robot.manipulators. Please update your code accordingly.
2026-06-23T03:13:38Z [11,301ms] [Warning] [omni.isaac.manipulators.grippers.gripper] omni.isaac.manipulators has been deprecated in favor of isaacsim.robot.manipulators. Please update your code accordingly.
2026-06-23T03:13:38Z [11,302ms] [Warning] [omni.isaac.manipulators.grippers.parallel_gripper] omni.isaac.manipulators has been deprecated in favor of isaacsim.robot.manipulators. Please update your code accordingly.
2026-06-23T03:13:38Z [11,302ms] [Warning] [omni.isaac.manipulators.grippers.surface_gripper] omni.isaac.manipulators has been deprecated in favor of isaacsim.robot.manipulators. Please update your code accordingly.
2026-06-23T03:13:38Z [11,303ms] [Warning] [omni.isaac.manipulators.manipulators] omni.isaac.manipulators has been deprecated in favor of isaacsim.robot.manipulators. Please update your code accordingly.
2026-06-23T03:13:38Z [11,303ms] [Warning] [omni.isaac.manipulators.manipulators.single_manipulator] omni.isaac.manipulators has been deprecated in favor of isaacsim.robot.manipulators. Please update your code accordingly.
[11.326s] [ext: omni.isaac.lula_test_widget-1.0.6] startup
2026-06-23T03:13:38Z [11,304ms] [Warning] [omni.isaac.lula_test_widget] omni.isaac.lula_test_widget has been deprecated in favor of isaacsim.robot_motion.lula_test_widget. Please update your code accordingly.
[11.327s] [ext: omni.isaac.asset_browser-1.0.6] startup
2026-06-23T03:13:38Z [11,305ms] [Warning] [omni.isaac.asset_browser] omni.isaac.asset_browser has been deprecated in favor of isaacsim.asset.browser. Please update your code accordingly.
[11.333s] [ext: omni.kit.viewport.menubar.display-107.0.3] startup
[11.347s] [ext: omni.isaac.menu-1.0.6] startup
2026-06-23T03:13:38Z [11,327ms] [Warning] [omni.isaac.menu] omni.isaac.menu has been deprecated in favor of isaacsim.gui.menu. Please update your code accordingly.
[11.355s] [ext: omni.isaac.motion_generation-8.0.7] startup
2026-06-23T03:13:38Z [11,337ms] [Warning] [omni.isaac.motion_generation] omni.isaac.motion_generation has been deprecated in favor of isaacsim.robot_motion.motion_generation. Please update your code accordingly.
2026-06-23T03:13:38Z [11,340ms] [Warning] [omni.isaac.motion_generation.articulation_kinematics_solver] omni.isaac.motion_generation has been deprecated in favor of isaacsim.robot_motion.motion_generation. Please update your code accordingly.
2026-06-23T03:13:38Z [11,341ms] [Warning] [omni.isaac.motion_generation.articulation_motion_policy] omni.isaac.motion_generation has been deprecated in favor of isaacsim.robot_motion.motion_generation. Please update your code accordingly.
2026-06-23T03:13:38Z [11,341ms] [Warning] [omni.isaac.motion_generation.articulation_trajectory] omni.isaac.motion_generation has been deprecated in favor of isaacsim.robot_motion.motion_generation. Please update your code accordingly.
2026-06-23T03:13:38Z [11,342ms] [Warning] [omni.isaac.motion_generation.kinematics_interface] omni.isaac.motion_generation has been deprecated in favor of isaacsim.robot_motion.motion_generation. Please update your code accordingly.
2026-06-23T03:13:38Z [11,342ms] [Warning] [omni.isaac.motion_generation.lula] omni.isaac.motion_generation has been deprecated in favor of isaacsim.robot_motion.motion_generation. Please update your code accordingly.
2026-06-23T03:13:38Z [11,342ms] [Warning] [omni.isaac.motion_generation.lula.kinematics] omni.isaac.motion_generation has been deprecated in favor of isaacsim.robot_motion.motion_generation. Please update your code accordingly.
2026-06-23T03:13:38Z [11,342ms] [Warning] [omni.isaac.motion_generation.lula.motion_policies] omni.isaac.motion_generation has been deprecated in favor of isaacsim.robot_motion.motion_generation. Please update your code accordingly.
2026-06-23T03:13:38Z [11,343ms] [Warning] [omni.isaac.motion_generation.lula.path_planners] omni.isaac.motion_generation has been deprecated in favor of isaacsim.robot_motion.motion_generation. Please update your code accordingly.
2026-06-23T03:13:38Z [11,343ms] [Warning] [omni.isaac.motion_generation.lula.trajectory_generator] omni.isaac.motion_generation has been deprecated in favor of isaacsim.robot_motion.motion_generation. Please update your code accordingly.
2026-06-23T03:13:38Z [11,343ms] [Warning] [omni.isaac.motion_generation.motion_policy_controller] omni.isaac.motion_generation has been deprecated in favor of isaacsim.robot_motion.motion_generation. Please update your code accordingly.
2026-06-23T03:13:38Z [11,343ms] [Warning] [omni.isaac.motion_generation.motion_policy_interface] omni.isaac.motion_generation has been deprecated in favor of isaacsim.robot_motion.motion_generation. Please update your code accordingly.
2026-06-23T03:13:38Z [11,344ms] [Warning] [omni.isaac.motion_generation.path_planner_visualizer] omni.isaac.motion_generation has been deprecated in favor of isaacsim.robot_motion.motion_generation. Please update your code accordingly.
2026-06-23T03:13:38Z [11,344ms] [Warning] [omni.isaac.motion_generation.path_planning_interface] omni.isaac.motion_generation has been deprecated in favor of isaacsim.robot_motion.motion_generation. Please update your code accordingly.
2026-06-23T03:13:38Z [11,344ms] [Warning] [omni.isaac.motion_generation.trajectory] omni.isaac.motion_generation has been deprecated in favor of isaacsim.robot_motion.motion_generation. Please update your code accordingly.
2026-06-23T03:13:38Z [11,344ms] [Warning] [omni.isaac.motion_generation.world_interface] omni.isaac.motion_generation has been deprecated in favor of isaacsim.robot_motion.motion_generation. Please update your code accordingly.
[11.367s] [ext: omni.isaac.assets_check-0.3.13] startup
2026-06-23T03:13:38Z [11,349ms] [Warning] [omni.isaac.assets_check] omni.isaac.assets_check has been deprecated in favor of isaacsim.asset.browser. Please update your code accordingly.
[11.372s] [ext: isaacsim.gui.sensors.icon-2.0.3] startup
[11.403s] [ext: isaacsim.asset.importer.mjcf-2.5.13] startup
[11.413s] [ext: omni.sensors.nv.common-3.0.0] startup
[11.430s] [ext: isaacsim.sensors.physics-0.4.3] startup
[11.438s] [ext: omni.sensors.net-1.0.0] startup
[11.443s] [ext: omni.isaac.nucleus-1.0.6] startup
2026-06-23T03:13:38Z [11,422ms] [Warning] [omni.isaac.nucleus] omni.isaac.nucleus has been deprecated in favor of isaacsim.storage.native. Please update your code accordingly.
2026-06-23T03:13:38Z [11,423ms] [Warning] [omni.isaac.nucleus.nucleus] omni.isaac.nucleus.nucleus has been deprecated in favor of isaacsim.storage.native. Please update your code accordingly.
[11.446s] [ext: omni.sensors.nv.materials-2.0.0] startup
[11.459s] [ext: isaacsim.robot.policy.examples-4.1.11] startup
[11.470s] [ext: omni.sensors.nv.wpm-3.0.0] startup
[11.481s] [ext: omni.sensors.nv.lidar-3.0.0] startup
[11.503s] [ext: isaacsim.util.debug_draw-3.1.0] startup
[11.513s] [ext: omni.sensors.nv.radar-3.0.0] startup
[11.525s] [ext: omni.sensors.nv.ids-2.0.0] startup
[11.530s] [ext: isaacsim.core.cloner-1.4.10] startup
[11.535s] [ext: isaacsim.sensors.physx-2.3.2] startup
[11.542s] [ext: isaacsim.sensors.rtx-15.8.4] startup
[11.558s] [ext: isaacsim.sensors.camera-1.3.6] startup
[11.575s] [ext: omni.isaac.quadruped-3.0.7] startup
2026-06-23T03:13:38Z [11,558ms] [Warning] [omni.isaac.quadruped] omni.isaac.quadruped has been deprecated in favor of isaacsim.robot.policy.examples. Please update your code accordingly.
[11.581s] [ext: omni.isaac.cloner-1.0.7] startup
2026-06-23T03:13:38Z [11,563ms] [Warning] [omni.isaac.cloner] omni.isaac.cloner has been deprecated in favor of isaacsim.core.cloner. Please update your code accordingly.
[11.586s] [ext: omni.isaac.range_sensor-4.0.6] startup
2026-06-23T03:13:38Z [11,568ms] [Warning] [omni.isaac.range_sensor] omni.isaac.range_sensor has been deprecated in favor of isaacsim.sensors.physx. Please update your code accordingly.
2026-06-23T03:13:38Z [11,568ms] [Warning] [omni.isaac.range_sensor.commands] omni.isaac.range_sensor.commands has been deprecated in favor of isaacsim.sensors.physx.commands. Please update your code accordingly.
[11.594s] [ext: omni.isaac.sensor-13.0.7] startup
2026-06-23T03:13:38Z [11,574ms] [Warning] [omni.isaac.sensor] omni.isaac.sensor has been deprecated in favor of isaacsim.sensors.camera, isaacsim.sensors.physics, isaacsim.sensors.physx, and isaacsim.sensors.rtx. Please update your code accordingly.
2026-06-23T03:13:38Z [11,574ms] [Warning] [omni.isaac.sensor.camera] omni.isaac.sensor.camera has been deprecated in favor of isaacsim.sensors.camera.camera. Please update your code accordingly.
2026-06-23T03:13:38Z [11,575ms] [Warning] [omni.isaac.sensor.camera_view] omni.isaac.sensor.camera_view has been deprecated in favor of isaacsim.sensors.camera.camera_view. Please update your code accordingly.
2026-06-23T03:13:38Z [11,577ms] [Warning] [omni.isaac.sensor.commands] omni.isaac.sensor.commands has been deprecated in favor of isaacsim.sensors.physics.commands, isaacsim.sensors.physx.commands, and isaacsim.sensors.rtx.commands. Please update your code accordingly.
2026-06-23T03:13:38Z [11,577ms] [Warning] [omni.isaac.sensor.contact_sensor] omni.isaac.sensor.contact_sensor has been deprecated in favor of isaacsim.sensors.physics.contact_sensor. Please update your code accordingly.
2026-06-23T03:13:38Z [11,578ms] [Warning] [omni.isaac.sensor.imu_sensor] omni.isaac.sensor.imu_sensor has been deprecated in favor of isaacsim.sensors.physics.imu_sensor. Please update your code accordingly.
2026-06-23T03:13:38Z [11,578ms] [Warning] [omni.isaac.sensor.lidar_rtx] omni.isaac.sensor.lidar_rtx has been deprecated in favor of isaacsim.sensors.rtx.lidar_rtx. Please update your code accordingly.
2026-06-23T03:13:38Z [11,582ms] [Warning] [omni.isaac.sensor.rotating_lidar_physX] omni.isaac.sensor.imu_sensor has been deprecated in favor of isaacsim.sensors.physix.rotating_lidar_physX. Please update your code accordingly.
2026-06-23T03:13:38Z [11,584ms] [Warning] [omni.isaac.sensor.scripts.samples.contact_sensor] omni.isaac.sensor.scripts.samples.contact_sensor has been deprecated in favor of isaacsim.sensors.physics.scripts.samples.contact_sensor. Please update your code accordingly.
2026-06-23T03:13:38Z [11,584ms] [Warning] [omni.isaac.sensor.scripts.samples.imu_sensor] omni.isaac.sensor.scripts.samples.imu_sensor has been deprecated in favor of isaacsim.sensors.physics.scripts.samples.imu_sensor. Please update your code accordingly.
2026-06-23T03:13:38Z [11,584ms] [Warning] [omni.isaac.sensor.scripts.samples.lightbeam_sensor] omni.isaac.sensor.scripts.samples.lightbeam_sensor has been deprecated in favor of isaacsim.sensors.physx.scripts.samples.lightbeam_sensor. Please update your code accordingly.
[11.608s] [ext: omni.kit.menu.create-2.0.1] startup
[11.614s] [ext: omni.kit.widget.toolbar-2.0.1] startup
[11.638s] [ext: omni.kit.manipulator.transform-107.0.0] startup
[11.646s] [ext: omni.isaac.core-4.0.7] startup
2026-06-23T03:13:38Z [11,626ms] [Warning] [omni.isaac.core.physics_context.physics_context] omni.isaac.core.physics_context.physics_context has been deprecated in favor of isaacsim.core.api.physics_context.physics_context. Please update your code accordingly.
2026-06-23T03:13:38Z [11,626ms] [Warning] [omni.isaac.core.simulation_context.simulation_context] omni.isaac.core.simulation_context.simulation_context has been deprecated in favor of isaacsim.core.api.simulation_context.simulation_context. Please update your code accordingly.
2026-06-23T03:13:38Z [11,627ms] [Warning] [omni.isaac.core.world.world] omni.isaac.core.world.world has been deprecated in favor of isaacsim.core.api.world.world. Please update your code accordingly.
2026-06-23T03:13:38Z [11,627ms] [Warning] [omni.isaac.core] omni.isaac.core has been deprecated in favor of isaacsim.core.api. Please update your code accordingly.
[11.650s] [ext: omni.kit.scripting-107.3.2] startup
[11.666s] [ext: omni.kit.manipulator.tool.snap-1.5.13] startup
[11.675s] [ext: omni.kit.manipulator.selector-1.1.3] startup
[11.680s] [ext: isaacsim.app.about-2.0.11] startup
[11.690s] [ext: isaacsim.replicator.behavior-1.1.16] startup
[11.693s] [ext: omni.kit.viewport.manipulator.transform-107.0.4] startup
[11.700s] [ext: omni.isaac.window.about-2.0.7] startup
2026-06-23T03:13:38Z [11,684ms] [Warning] [omni.isaac.window.about] omni.isaac.window.about has been deprecated in favor of isaacsim.app.about. Please update your code accordingly.
2026-06-23T03:13:38Z [11,684ms] [Warning] [omni.isaac.window.about.about] omni.isaac.window.about.about has been deprecated in favor of isaacsim.app.about.about. Please update your code accordingly.
[11.707s] [ext: omni.fabric.commands-1.1.6] startup
[11.717s] [ext: omni.kit.manipulator.prim.core-107.0.8] startup
[11.739s] [ext: omni.kit.property.audio-1.0.16] startup
[11.746s] [ext: omni.kit.property.camera-1.0.10] startup
[11.750s] [ext: omni.kit.property.geometry-2.0.4] startup
[11.759s] [ext: omni.hydra.scene_api-0.1.2] startup
[11.770s] [ext: omni.kit.property.light-1.0.12] startup
[11.814s] [ext: omni.kit.manipulator.prim.fabric-107.0.4] startup
[11.818s] [ext: omni.kit.manipulator.prim.usd-107.0.3] startup
[11.822s] [ext: omni.kit.property.material-1.11.9] startup
[11.832s] [ext: omni.kit.property.render-1.2.1] startup
[11.835s] [ext: omni.kit.property.transform-1.5.13] startup
[11.842s] [ext: isaacsim.gui.property-1.1.3] startup
[11.846s] [ext: omni.kit.manipulator.camera-106.0.4] startup
[11.853s] [ext: omni.kit.manipulator.prim-107.0.0] startup
[11.853s] [ext: omni.isaac.surface_gripper-2.0.6] startup
2026-06-23T03:13:38Z [11,831ms] [Warning] [omni.isaac.surface_gripper] omni.isaac.surface_gripper has been deprecated in favor of isaacsim.robot.surface_gripper. Please update your code accordingly.
[11.854s] [ext: omni.kit.manipulator.selection-106.0.1] startup
[11.860s] [ext: omni.kit.property.bundle-1.4.1] startup
[11.867s] [ext: omni.kit.property.isaac-1.0.6] startup
2026-06-23T03:13:38Z [11,845ms] [Warning] [omni.kit.property.isaac] omni.kit.property.isaac has been deprecated in favor of isaacsim.gui.property. Please update your code accordingly.
2026-06-23T03:13:38Z [11,847ms] [Warning] [omni.kit.property.isaac.widgets] omni.kit.property.isaac.widgets has been deprecated in favor of isaacsim.gui.property.widgets. Please update your code accordingly.
[11.870s] [ext: omni.isaac.universal_robots-1.0.6] startup
2026-06-23T03:13:38Z [11,848ms] [Warning] [omni.isaac.universal_robots] omni.isaac.universal_robots has been deprecated in favor of isaacsim.robot.manipulators.examples.universal_robots. Please update your code accordingly.
2026-06-23T03:13:38Z [11,848ms] [Warning] [omni.isaac.universal_robots.kinematics_solver] omni.isaac.franka has been deprecated in favor of isaacsim.robot.manipulators.examples.universal_robots. Please update your code accordingly.
2026-06-23T03:13:38Z [11,850ms] [Warning] [omni.isaac.universal_robots.ur10] omni.isaac.franka has been deprecated in favor of isaacsim.robot.manipulators.examples.universal_robots. Please update your code accordingly.
[11.873s] [ext: omni.isaac.core_nodes-2.0.6] startup
2026-06-23T03:13:38Z [11,852ms] [Warning] [omni.isaac.core_nodes] omni.isaac.core_nodes has been deprecated in favor of isaacsim.core.nodes. Please update your code accordingly.
[11.875s] [ext: omni.kit.viewport.menubar.camera-107.0.6] startup
[11.914s] [ext: omni.kit.viewport.menubar.lighting-107.3.1] startup
[11.920s] [ext: isaacsim.replicator.writers-1.0.17] startup
[11.957s] [ext: omni.kit.viewport.menubar.render-107.0.10] startup
[11.970s] [ext: omni.kit.viewport.menubar.settings-107.0.3] startup
[11.990s] [ext: omni.kit.window.console-1.1.4] startup
[11.996s] [ext: isaacsim.replicator.domain_randomization-1.0.16] startup
[12.000s] [ext: isaacsim.replicator.examples-1.3.6] startup
[12.007s] [ext: omni.ocio-0.1.1] startup
[12.014s] [ext: omni.rtx.window.settings-0.6.19] startup
[12.030s] [ext: omni.kit.window.status_bar-0.1.9] startup
[12.045s] [ext: omni.kit.window.toolbar-2.0.0] startup
[12.058s] [ext: omni.replicator.isaac-2.0.8] startup
2026-06-23T03:13:39Z [12,036ms] [Warning] [omni.replicator.isaac] omni.replicator.isaac has been deprecated in favor of isaacsim.replicator.domain_randomization, isaacsim.replicator.examples, isaacsim.replicator.writers. Please update your code accordingly.
[12.059s] [ext: omni.replicator.replicator_yaml-2.0.11] startup
[12.093s] [ext: omni.rtx.settings.core-0.6.5] startup
[12.119s] [ext: omni.usd.metrics.assembler.ui-107.3.1] startup
[12.149s] [ext: omni.isaac.utils-2.0.6] startup
[12.152s] [ext: semantics.schema.editor-2.0.2] startup
[12.161s] [ext: omni.kit.ui.actions-1.0.5] startup
[12.165s] [ext: semantics.schema.property-2.0.1] startup
[12.168s] [ext: omni.isaac.version-2.0.7] startup
2026-06-23T03:13:39Z [12,147ms] [Warning] [omni.isaac.version] omni.isaac.version has been deprecated in favor of isaacsim.core.version. Please update your code accordingly.
[12.170s] [ext: omni.isaac.cortex-1.0.5] startup
[12.172s] [ext: omni.anim.curve.core-1.3.1] startup
[12.189s] [ext: isaacsim.core.throttling-2.2.2] startup
[12.194s] [ext: omni.kit.menu.common-2.0.1] startup
[12.198s] [ext: isaacsim.exp.base-5.1.0] startup
[12.199s] [ext: isaacsim.exp.base.python-5.1.0] startup
[12.202s] Simulation App Starting
2026-06-23T03:13:39Z [12,588ms] [Warning] [omni.fabric.plugin] Warning: attribute viewportHandle not found for bucket id 9

[12.784s] app ready
Starting kit application with the following args:  ['/home/robotics/isaac-sim-5.1/lib/python3.11/site-packages/isaacsim/exts/isaacsim.simulation_app/isaacsim/simulation_app/simulation_app.py', '/home/robotics/isaac-sim-5.1/lib/python3.11/site-packages/isaacsim/apps/isaacsim.exp.base.python.kit', '--/app/tokens/exe-path=/home/robotics/isaac-sim-5.1/lib/python3.11/site-packages/isaacsim/kit', '--/persistent/app/viewport/displayOptions=3286', '--/rtx/materialDb/syncLoads=True', '--/rtx/hydra/materialSyncLoads=True', '--/omni.kit.plugin/syncUsdLoads=True', '--/app/renderer/resolution/width=1920', '--/app/renderer/resolution/height=1080', '--/app/window/width=1920', '--/app/window/height=1080', '--/renderer/multiGpu/enabled=True', '--/app/fastShutdown=True', '--/app/installSignalHandlers=0', '--ext-folder', '/home/robotics/isaac-sim-5.1/lib/python3.11/site-packages/isaacsim/exts', '--ext-folder', '/home/robotics/isaac-sim-5.1/lib/python3.11/site-packages/isaacsim/apps', '--/physics/cudaDevice=0', '--/plugins/carb.tasking.plugin/threadCount=16', '--/plugins/omni.tbb.globalcontrol/maxThreadCount=16', '--portable', '--no-window', '--/app/window/hideUi=False']
Passing the following args to the base kit application:  []
Warp 1.8.2 initialized:
   CUDA Toolkit 12.8, Driver 13.0
   Devices:
     "cpu"      : "x86_64"
     "cuda:0"   : "NVIDIA GeForce RTX 2070" (8 GiB, sm_75, mempool enabled)
   Kernel cache:
     /home/robotics/.cache/warp/1.8.2
Warp DeprecationWarning: The `warp.sim` module is deprecated and will be removed in v1.10. Please transition to using the forthcoming Newton library instead.
[simulator] Config     : /home/robotics/Documents/assignment2/palletizing_simulator/config/sim_config.yaml
[simulator] Input dir  : /home/robotics/Documents/assignment2/palletizing_simulator/algorithm_results
[simulator] Output dir : /home/robotics/Documents/assignment2/palletizing_simulator/sim_results
[simulator] Found 2 input file(s)
  - box_sequence_0.json
  - box_sequence_1.json
[simulator] drop_offset=0.02m  settle_steps(max)=10  settle_vel=0.05m/s  final_steps=100
[simulator] auto_start : True
[simulator] auto_start=True -> start immediately

[simulator] ══ Processing: box_sequence_0.json ══
[simulator] plan=91  buffer_size=0  source_boxes=250
[simulator] initial buffer ids = []
[simulator] Final settle 100 steps …
[simulator] All steps done  (total 35.6s)
[evaluator] [SUCCESS]  ok=91/91  stacking=65.5% [65.5%]  collapse=0  oob=0  drop=0  buffer=0  score=85.5 (stacking=65.5 + buffer_bonus=20)
[simulator] Screenshot → /home/robotics/Documents/assignment2/palletizing_simulator/sim_results/box_sequence_0_result.png

[simulator] ══ Processing: box_sequence_1.json ══
[simulator] plan=78  buffer_size=0  source_boxes=250
[simulator] initial buffer ids = []
[simulator] Final settle 100 steps …
[simulator] All steps done  (total 48.9s)
[evaluator] [SUCCESS]  ok=78/78  stacking=66.2% [66.2%]  collapse=0  oob=0  drop=0  buffer=0  score=86.2 (stacking=66.2 + buffer_bonus=20)
[simulator] Screenshot → /home/robotics/Documents/assignment2/palletizing_simulator/sim_results/box_sequence_1_result.png

[evaluator] ══ Result ══
  ✓ box_sequence_0.json  stacking=65.5% [65.5%]  ok=91/91  time=0.0s  buffer=0  score=85.5 (stacking=65.5 + bonus=20)
  ✓ box_sequence_1.json  stacking=66.2% [66.2%]  ok=78/78  time=0.0s  buffer=0  score=86.2 (stacking=66.2 + bonus=20)
  ───────────────────────────────────────────────────────
  summary : episodes 2 success / 0 failure / 0 height_overflow
            avg stacking rate  65.8% [65.8%]
            avg success rate   100.0%
            avg score          85.85
            total processing time 101.0s
[evaluator] Saved → /home/robotics/Documents/assignment2/palletizing_simulator/sim_results/result.json

[simulator] All files processed.
[18.593s] Simulation App Startup Complete
2026-06-23T03:14:22Z [55,221ms] [Warning] [omni.syntheticdata.plugin] OgnSdPostRenderVarToHost : rendervar copy from texture directly to host buffer is counter-performant. Please use copy from texture to device buffer first.
2026-06-23T03:14:29Z [62,023ms] [Warning] [omni.physx.tensors.plugin] prim '/World/box_000' was deleted while being used by a shape in a tensor view class. The physics.tensors simulationView was invalidated.
2026-06-23T03:14:29Z [62,708ms] [Warning] [omni.syntheticdata.plugin] SdRenderVarPtr missing valid input renderVar LdrColorSDhost
2026-06-23T03:15:26Z [119,215ms] [Warning] [omni.physx.tensors.plugin] prim '/World/box_000' was deleted while being used by a shape in a tensor view class. The physics.tensors simulationView was invalidated.
[121.087s] Simulation App Shutting Down
