[Info] [carb] Logging to file: /home/robotics/isaac-sim-5.1/lib/python3.11/site-packages/isaacsim/kit/logs/Kit/Isaac-Sim Python/5.1/kit_20260623_123524.log
2026-06-23T03:35:24Z [1ms] [Warning] [carb.crashreporter-breakpad.plugin] [previous crash] preventing upload of minidump due to user opt-out: '/home/robotics/isaac-sim-5.1/lib/python3.11/site-packages/isaacsim/kit/data/Kit/Isaac-Sim Python/5.1/e1377903-bced-49ba-c7e998b8-4049ff06.dmp'
2026-06-23T03:35:24Z [2ms] [Warning] [carb.crashreporter-breakpad.plugin] [previous crash] preventing upload of minidump due to user opt-out: '/home/robotics/isaac-sim-5.1/lib/python3.11/site-packages/isaacsim/kit/data/Kit/Isaac-Sim Python/5.1/516477e4-65c6-4f10-0be26f85-a7479c20.dmp'
[0.076s] [ext: omni.kit.async_engine-0.0.3] startup
[0.243s] [ext: omni.metrics.core-0.0.3] startup
[0.243s] [ext: omni.client.lib-1.1.0] startup
[0.260s] [ext: omni.blobkey-1.1.2] startup
[0.260s] [ext: omni.stats-1.0.1] startup
[0.262s] [ext: omni.datastore-0.0.0] startup
[0.268s] [ext: omni.client-1.3.0] startup
[0.274s] [ext: omni.ujitso.default-1.0.0] startup
[0.277s] [ext: omni.hsscclient-1.1.2] startup
[0.282s] [ext: omni.gpu_foundation.shadercache.vulkan-1.0.0] startup
[0.284s] [ext: omni.assets.plugins-0.0.0] startup
[0.286s] [ext: omni.gpu_foundation-0.0.0] startup
[0.297s] [ext: carb.windowing.plugins-1.0.0] startup
[0.308s] [ext: omni.kit.renderer.init-0.0.0] startup

|---------------------------------------------------------------------------------------------|
| Driver Version: 580.159.03    | Graphics API: Vulkan
|=============================================================================================|
| GPU | Name                             | Active | LDA | GPU Memory | Vendor-ID | LUID       |
|     |                                  |        |     |            | Device-ID | UUID       |
|     |                                  |        |     |            | Bus-ID    |            |
|---------------------------------------------------------------------------------------------|
| 0   | NVIDIA GeForce RTX 2070          | Yes: 0 |     | 8438    MB | 10de      | 0          |
|     |                                  |        |     |            | 1f07      | cfe4294b.. |
|     |                                  |        |     |            | 7         |            |
|=============================================================================================|
| OS: 22.04.5 LTS (Jammy Jellyfish) ubuntu, Version: 22.04.5, Kernel: 6.8.0-106-generic
| XServer Vendor: The X.Org Foundation, XServer Version: 12101004 (1.21.1.4)
| Processor: AMD Ryzen 7 2700 Eight-Core Processor
| Cores: 8 | Logical Cores: 16
|---------------------------------------------------------------------------------------------|
| Total Memory (MB): 31990 | Free Memory: 24375
| Total Page/Swap (MB): 26688 | Free Page/Swap: 26687
|---------------------------------------------------------------------------------------------|
2026-06-23T03:35:26Z [1,286ms] [Warning] [gpu.foundation.plugin] IOMMU is enabled.
[1.567s] [ext: omni.materialx.libs-1.0.7] startup
[1.576s] [ext: omni.kit.telemetry-0.5.2] startup
[1.626s] [ext: omni.usd.config-1.0.6] startup
[1.632s] [ext: omni.gpucompute.plugins-0.0.0] startup
[1.634s] [ext: omni.usd.libs-1.0.1] startup
[1.734s] [ext: omni.kit.loop-isaac-1.3.7] startup
[1.736s] [ext: omni.kit.test-2.0.1] startup
[1.804s] [ext: omni.mdl-56.0.3] startup
[1.955s] [ext: omni.iray.libs-0.0.0] startup
[1.964s] [ext: omni.mdl.neuraylib-0.2.12] startup
[1.966s] [ext: omni.kit.usd.mdl-1.1.5] startup
[2.084s] [ext: omni.kit.pipapi-0.0.0] startup
[2.086s] [ext: omni.appwindow-1.1.10] startup
[2.089s] [ext: omni.kit.renderer.core-1.1.0] startup
[3.538s] [ext: omni.kit.renderer.capture-0.0.0] startup
[3.545s] [ext: omni.kit.renderer.imgui-2.0.5] startup
[4.143s] [ext: omni.ui-2.27.1] startup
[4.172s] [ext: omni.kit.mainwindow-1.0.3] startup
[4.176s] [ext: carb.audio-0.1.0] startup
[4.188s] [ext: omni.uiaudio-1.0.0] startup
[4.190s] [ext: omni.kit.uiapp-0.0.0] startup
[4.190s] [ext: omni.usd.schema.metrics.assembler-107.3.1] startup
[4.193s] [ext: omni.usd.schema.physx-107.3.26] startup
[4.230s] [ext: omni.usd.schema.geospatial-0.0.0] startup
[4.234s] [ext: omni.usd.schema.audio-0.0.0] startup
[4.239s] [ext: omni.usd.schema.anim-0.0.0] startup
[4.264s] [ext: omni.usd.schema.flow-107.1.1] startup
[4.265s] [ext: omni.usd_resolver-1.0.0] startup
[4.272s] [ext: omni.usd.core-1.5.3] startup
[4.276s] [ext: omni.usd.schema.omni_sensors-0.0.0] startup
[4.298s] [ext: omni.usd.schema.semantics-0.0.0] startup
[4.301s] [ext: omni.usd.schema.omniscripting-1.0.0] startup
[4.306s] [ext: omni.usd.schema.omni_lens_distortion-0.0.0] startup
[4.307s] [ext: omni.usd.schema.omnigraph-1.0.0] startup
[4.313s] [ext: omni.kit.window.popup_dialog-2.0.24] startup
[4.319s] [ext: omni.graph.exec-0.9.6] startup
[4.320s] [ext: omni.kit.widget.nucleus_connector-2.0.1] startup
[4.322s] [ext: omni.kit.usd_undo-0.1.8] startup
[4.323s] [ext: omni.kit.exec.core-0.13.4] startup
[4.325s] [ext: omni.kit.actions.core-1.0.0] startup
[4.328s] [ext: omni.resourcemonitor-107.0.1] startup
[4.331s] [ext: omni.activity.core-1.0.3] startup
[4.332s] [ext: omni.timeline-1.0.14] startup
[4.335s] [ext: omni.kit.commands-1.4.10] startup
[4.339s] [ext: usdrt.scenegraph-7.6.1] startup
[4.386s] [ext: omni.kit.audiodeviceenum-1.0.2] startup
[4.388s] [ext: omni.hydra.usdrt_delegate-7.5.1] startup
[4.397s] [ext: omni.hydra.scene_delegate-0.3.4] startup
[4.402s] [ext: omni.usd-1.13.10] startup
[4.433s] [ext: omni.inspect-1.0.2] startup
[4.435s] [ext: omni.kit.notification_manager-1.0.10] startup
[4.437s] [ext: omni.graph.core-2.184.5] startup
[4.440s] [ext: isaacsim.core.deprecation_manager-0.2.7] startup
[4.441s] [ext: omni.anim.graph.schema-107.3.3] startup
[4.450s] [ext: omni.usd.schema.isaac-3.0.5] startup
[4.450s] [ext: omni.anim.navigation.schema-107.3.3] startup
[4.454s] [ext: omni.kit.asset_converter-5.0.17] startup
[4.469s] [ext: isaacsim.robot.schema-3.6.0] startup
[4.479s] [ext: omni.usd.schema.render_settings.rtx-0.0.0] startup
[4.480s] [ext: omni.kit.menu.core-1.1.2] startup
[4.481s] [ext: omni.kit.widget.path_field-2.0.11] startup
[4.482s] [ext: omni.kit.widget.context_menu-1.2.5] startup
[4.483s] [ext: omni.kit.widget.browser_bar-2.0.10] startup
[4.484s] [ext: omni.kit.clipboard-1.0.5] startup
[4.485s] [ext: omni.kit.numpy.common-0.1.3] startup
[4.487s] [ext: omni.kit.widget.options_menu-1.1.6] startup
[4.490s] [ext: omni.kit.helper.file_utils-0.1.9] startup
[4.492s] [ext: omni.ui.scene-1.11.5] startup
[4.498s] [ext: omni.kit.widget.options_button-1.0.3] startup
[4.499s] [ext: omni.kit.widget.filebrowser-2.12.3] startup
[4.505s] [ext: omni.kit.usd.layers-2.2.11] startup
[4.514s] [ext: omni.kit.window.filepicker-2.13.4] startup
[4.531s] [ext: omni.kit.hotkeys.core-1.3.10] startup
[4.535s] [ext: omni.kit.context_menu-1.8.6] startup
[4.537s] [ext: omni.kit.property.adapter.core-1.0.2] startup
[4.540s] [ext: omni.kit.window.file_exporter-1.0.33] startup
[4.542s] [ext: omni.kit.widget.searchfield-1.1.8] startup
[4.544s] [ext: omni.kit.widget.filter-1.1.4] startup
[4.545s] [ext: omni.kit.widget.graph-2.0.0] startup
[4.551s] [ext: omni.kit.widget.stage-3.1.4] startup
[4.563s] [ext: omni.kit.property.adapter.usd-1.0.2] startup
[4.564s] [ext: omni.kit.property.adapter.fabric-1.0.3] startup
[4.565s] [ext: omni.kit.graph.delegate.default-1.2.3] startup
[4.566s] [ext: omni.kit.window.file_importer-1.1.18] startup
[4.567s] [ext: omni.kit.stage_template.core-1.1.22] startup
[4.567s] [ext: omni.kit.menu.utils-2.0.5] startup
[4.573s] [ext: omni.kit.window.file-2.0.5] startup
[4.577s] [ext: omni.kit.widget.highlight_label-1.0.3] startup
[4.577s] [ext: omni.kit.window.drop_support-1.0.5] startup
[4.578s] [ext: omni.kit.window.content_browser_registry-0.0.6] startup
[4.579s] [ext: omni.kit.window.property-1.12.1] startup
[4.582s] [ext: omni.kit.window.content_browser-3.1.3] startup
[4.598s] [ext: isaacsim.core.version-2.0.6] startup
[4.599s] [ext: omni.kit.property.usd-4.5.12] startup
[4.613s] [ext: omni.kit.graph.editor.core-1.5.3] startup
[4.616s] [ext: omni.kit.material.library-2.0.7] startup
[4.621s] [ext: omni.kit.graph.usd.commands-1.3.1] startup
[4.622s] [ext: omni.kvdb-107.3.26] startup
[4.624s] [ext: omni.usdphysics-107.3.26] startup
[4.626s] [ext: omni.physx.foundation-107.3.26] startup
[4.628s] [ext: omni.localcache-107.3.26] startup
[4.630s] [ext: omni.convexdecomposition-107.3.26] startup
[4.633s] [ext: omni.physics-107.3.26] startup
[4.636s] [ext: omni.physx.cooking-107.3.26] startup
[4.640s] [ext: omni.physics.stageupdate-107.3.26] startup
[4.642s] [ext: omni.physx-107.3.26] startup
[4.653s] [ext: omni.index.libs-380600.8087.0] startup
[4.653s] [ext: omni.physics.physx-107.3.26] startup
2026-06-23T03:35:29Z [4,634ms] [Warning] [carb] Acquiring non optional plugin interface which is not listed as dependency: [omni::physx::IPhysxBenchmarks v1.0] (plugin: <default plugin>), by client: omni.physics.physx.plugin. Add it to CARB_PLUGIN_IMPL_DEPS() macro of a client.
[4.655s] [ext: omni.index-1.0.1] startup
[4.656s] [ext: omni.volume-0.5.2] startup
[4.659s] [ext: omni.ujitso.client-0.0.0] startup
[4.660s] [ext: omni.hydra.rtx.shadercache.vulkan-1.0.0] startup
[4.661s] [ext: omni.kit.widget.searchable_combobox-1.0.6] startup
[4.663s] [ext: omni.hydra.rtx-1.0.0] startup
2026-06-23T03:35:29Z [4,664ms] [Warning] [omni.log] Source: omni.hydra was already registered.
[4.708s] [ext: omni.kit.widget.settings-1.2.6] startup
[4.711s] [ext: omni.kit.hydra_texture-1.4.6] startup
[4.716s] [ext: omni.graph.tools-1.79.2] startup
[4.746s] [ext: omni.kit.window.preferences-1.8.0] startup
[4.752s] [ext: omni.kit.widget.material_preview-1.0.16] startup
[4.753s] [ext: omni.graph-1.141.2] startup
[4.806s] [ext: omni.kit.window.material_graph-1.9.1] startup
[4.820s] [ext: omni.isaac.dynamic_control-2.0.7] startup
2026-06-23T03:35:29Z [4,807ms] [Warning] [omni.isaac.dynamic_control] omni.isaac.dynamic_control is deprecated as of Isaac Sim 4.5. No action is needed from end-users.
[4.828s] [ext: isaacsim.storage.native-1.5.1] startup
[4.834s] [ext: omni.graph.scriptnode-1.50.0] startup
[4.837s] [ext: omni.hydra.engine.stats-1.0.3] startup
[4.845s] [ext: omni.kit.viewport.legacy_gizmos-1.0.19] startup
[4.850s] [ext: omni.kit.raycast.query-1.1.0] startup
[4.856s] [ext: omni.graph.action_core-1.1.7] startup
[4.860s] [ext: omni.kit.viewport.scene_camera_model-1.0.6] startup
[4.867s] [ext: omni.graph.image.core-0.6.1] startup
[4.869s] [ext: omni.kit.widget.viewport-107.1.3] startup
[4.880s] [ext: omni.kit.viewport.registry-104.0.6] startup
[4.883s] [ext: omni.usd.metrics.assembler-107.3.1] startup
[4.894s] [ext: omni.kit.viewport.window-107.2.0] startup
[4.924s] [ext: omni.kit.viewport.menubar.core-107.2.1] startup
[4.944s] [ext: omni.graph.image.nodes-1.3.1] startup
[4.946s] [ext: omni.usd.metrics.assembler.physics-107.3.26] startup
[4.949s] [ext: omni.warp.core-1.8.2] startup
[5.238s] [ext: omni.kit.viewport.utility-1.1.2] startup
[5.241s] [ext: omni.physics.tensors-107.3.26] startup
[5.250s] [ext: omni.syntheticdata-0.6.13] startup
[5.289s] [ext: isaacsim.test.docstring-1.1.0] startup
[5.300s] [ext: isaacsim.core.utils-3.5.1] startup
[5.310s] [ext: omni.physx.tensors-107.3.26] startup
[5.413s] [ext: omni.graph.nodes-1.170.10] startup
[5.441s] [ext: omni.graph.action_nodes-1.50.4] startup
[5.448s] [ext: omni.kit.primitive.mesh-1.0.17] startup
[5.457s] [ext: isaacsim.core.simulation_manager-1.4.4] startup
[7.568s] [ext: omni.graph.ui_nodes-1.50.5] startup
[7.577s] [ext: omni.graph.action-1.130.0] startup
[7.580s] [ext: omni.kit.stage_templates-2.0.0] startup
[7.589s] [ext: isaacsim.core.prims-0.6.1] startup
[7.635s] [ext: omni.warp-1.8.2] startup
[7.649s] [ext: omni.videoencoding-0.1.2] startup
[7.653s] [ext: isaacsim.core.api-4.8.0] startup
[7.673s] [ext: isaacsim.core.experimental.utils-0.3.0] startup
[7.680s] [ext: omni.replicator.core-1.12.27] startup
2026-06-23T03:35:32Z [7,675ms] [Warning] [pxr.Semantics] pxr.Semantics is deprecated - please use Semantics instead
2026-06-23T03:35:33Z [8,377ms] [Warning] [omni.graph.core.plugin] Found duplicate of category 'Replicator' - was 'Annotators', adding 'Fabric Reader'
2026-06-23T03:35:33Z [8,378ms] [Warning] [omni.graph.core.plugin] Category 'Replicator' not accepted on node type 'omni.replicator.core.FabricReader' in extension 'omni.replicator.core'
2026-06-23T03:35:33Z [8,379ms] [Warning] [omni.replicator.core.scripts.extension] No material configuration file, adding configuration to material settings directly.
[8.411s] [ext: isaacsim.core.experimental.prims-0.8.1] startup
[8.517s] [ext: omni.kit.window.extensions-1.4.27] startup
[8.538s] [ext: isaacsim.core.experimental.objects-0.4.0] startup
[8.546s] [ext: omni.ui_query-1.1.8] startup
[8.555s] [ext: omni.kit.manipulator.viewport-107.0.1] startup
[8.559s] [ext: isaacsim.robot.surface_gripper-3.3.1] startup
[8.565s] [ext: omni.kit.ui_test-1.3.7] startup
[8.573s] [ext: omni.graph.visualization.nodes-2.1.3] startup
[8.610s] [ext: isaacsim.robot_motion.lula-4.0.8] startup
[8.637s] [ext: isaacsim.core.nodes-3.4.3] startup
[8.651s] [ext: isaacsim.gui.components-1.2.1] startup
[8.682s] [ext: isaacsim.robot_motion.motion_generation-8.0.26] startup
[8.744s] [ext: isaacsim.robot.manipulators-3.3.6] startup
[8.797s] [ext: isaacsim.core.experimental.materials-0.4.0] startup
[8.844s] [ext: isaacsim.robot.manipulators.examples-1.1.2] startup
[8.857s] [ext: isaacsim.cortex.framework-1.0.12] startup
[8.879s] [ext: isaacsim.cortex.behaviors-2.0.14] startup
[8.886s] [ext: omni.isaac.cortex.sample_behaviors-2.0.5] startup
2026-06-23T03:35:33Z [8,881ms] [Warning] [omni.isaac.cortex] omni.isaac.cortex has been deprecated in favor of isaacsim.cortex.framework. Please update your code accordingly.
2026-06-23T03:35:33Z [8,883ms] [Warning] [omni.isaac.cortex.sample_behaviors] omni.isaac.cortex.sample_behaviors has been deprecated in favor of isaacsim.cortex.behaviors. Please update your code accordingly.
[8.909s] [ext: omni.kit.widget.zoombar-1.0.6] startup
[8.945s] [ext: isaacsim.gui.content_browser-0.1.11] startup
[8.978s] [ext: omni.kit.browser.core-2.3.13] startup
[9.013s] [ext: omni.kit.widget.stage_icons-1.0.8] startup
[9.021s] [ext: omni.kit.widget.prompt-1.0.7] startup
[9.053s] [ext: omni.kit.usd.collect-2.4.5] startup
[9.066s] [ext: omni.kit.browser.folder.core-1.10.9] startup
[9.146s] [ext: omni.kit.window.stage-2.6.1] startup
[9.292s] [ext: omni.kit.usdz_export-1.0.9] startup
[9.303s] [ext: omni.kit.tool.collect-2.2.18] startup
[9.404s] [ext: omni.kit.menu.stage-1.2.7] startup
[9.465s] [ext: omni.kit.tool.asset_importer-4.3.2] startup
[9.632s] [ext: isaacsim.robot.wheeled_robots-4.0.24] startup
[9.799s] [ext: isaacsim.examples.browser-0.2.1] startup
[9.818s] [ext: isaacsim.asset.importer.urdf-2.4.30] startup
[9.991s] [ext: omni.isaac.wheeled_robots-3.0.7] startup
2026-06-23T03:35:34Z [9,975ms] [Warning] [omni.isaac.wheeled_robots] omni.isaac.wheeled_robots has been deprecated in favor of isaacsim.robot.wheeled_robots. Please update your code accordingly.
2026-06-23T03:35:34Z [9,975ms] [Warning] [omni.isaac.wheeled_robots.controllers] omni.isaac.wheeled_robots has been deprecated in favor of isaacsim.robot.wheeled_robots. Please update your code accordingly.
2026-06-23T03:35:34Z [9,975ms] [Warning] [omni.isaac.wheeled_robots.controllers.ackermann_controller] omni.isaac.wheeled_robots has been deprecated in favor of isaacsim.robot.wheeled_robots. Please update your code accordingly.
2026-06-23T03:35:34Z [9,976ms] [Warning] [omni.isaac.wheeled_robots.controllers.differential_controller] omni.isaac.wheeled_robots has been deprecated in favor of isaacsim.robot.wheeled_robots. Please update your code accordingly.
2026-06-23T03:35:34Z [9,976ms] [Warning] [omni.isaac.wheeled_robots.controllers.holonomic_controller] omni.isaac.wheeled_robots has been deprecated in favor of isaacsim.robot.wheeled_robots. Please update your code accordingly.
2026-06-23T03:35:34Z [9,976ms] [Warning] [omni.isaac.wheeled_robots.controllers.quintic_path_planner] omni.isaac.wheeled_robots has been deprecated in favor of isaacsim.robot.wheeled_robots. Please update your code accordingly.
2026-06-23T03:35:34Z [9,976ms] [Warning] [omni.isaac.wheeled_robots.controllers.stanley_control] omni.isaac.wheeled_robots has been deprecated in favor of isaacsim.robot.wheeled_robots. Please update your code accordingly.
2026-06-23T03:35:34Z [9,976ms] [Warning] [omni.isaac.wheeled_robots.controllers.wheel_base_pose_controller] omni.isaac.wheeled_robots has been deprecated in favor of isaacsim.robot.wheeled_robots. Please update your code accordingly.
2026-06-23T03:35:34Z [9,977ms] [Warning] [omni.isaac.wheeled_robots.impl] omni.isaac.wheeled_robots has been deprecated in favor of isaacsim.robot.wheeled_robots. Please update your code accordingly.
2026-06-23T03:35:34Z [9,977ms] [Warning] [omni.isaac.wheeled_robots.robots] omni.isaac.wheeled_robots has been deprecated in favor of isaacsim.robot.wheeled_robots. Please update your code accordingly.
2026-06-23T03:35:34Z [9,977ms] [Warning] [omni.isaac.wheeled_robots.robots.holonomic_robot_usd_setup] omni.isaac.wheeled_robots has been deprecated in favor of isaacsim.robot.wheeled_robots. Please update your code accordingly.
2026-06-23T03:35:34Z [9,977ms] [Warning] [omni.isaac.wheeled_robots.robots.wheeled_robot] omni.isaac.wheeled_robots has been deprecated in favor of isaacsim.robot.wheeled_robots. Please update your code accordingly.
[9.998s] [ext: isaacsim.simulation_app-2.12.2] startup
[10.004s] [ext: omni.isaac.franka-1.0.7] startup
2026-06-23T03:35:34Z [9,985ms] [Warning] [omni.isaac.franka] omni.isaac.franka has been deprecated in favor of isaacsim.robot.manipulators.examples.franka. Please update your code accordingly.
2026-06-23T03:35:34Z [9,985ms] [Warning] [omni.isaac.franka.franka] omni.isaac.franka has been deprecated in favor of isaacsim.robot.manipulators.examples.franka. Please update your code accordingly.
2026-06-23T03:35:34Z [10,013ms] [Warning] [omni.isaac.franka.kinematics_solver] omni.isaac.franka has been deprecated in favor of isaacsim.robot.manipulators.examples.franka. Please update your code accordingly.
[10.033s] [ext: omni.isaac.kit-2.0.6] startup
2026-06-23T03:35:34Z [10,013ms] [Warning] [omni.isaac.kit] omni.isaac.kit has been deprecated in favor of isaacsim.simulation_app. Please update your code accordingly.
[10.039s] [ext: omni.kit.selection-0.1.6] startup
[10.042s] [ext: omni.isaac.lula-4.0.6] startup
2026-06-23T03:35:34Z [10,022ms] [Warning] [omni.isaac.lula] omni.isaac.lula has been deprecated in favor of isaacsim.robot_motion.lula. Please update your code accordingly.
[10.043s] [ext: isaacsim.robot_motion.lula_test_widget-1.0.12] startup
[10.057s] [ext: isaacsim.asset.browser-1.3.23] startup
[10.145s] [ext: omni.kit.viewport.actions-107.0.2] startup
[10.156s] [ext: isaacsim.gui.menu-2.4.4] startup
[10.165s] [ext: omni.isaac.manipulators-3.0.7] startup
2026-06-23T03:35:35Z [10,149ms] [Warning] [omni.isaac.manipulators] omni.isaac.manipulators has been deprecated in favor of isaacsim.robot.manipulators. Please update your code accordingly.
2026-06-23T03:35:35Z [10,150ms] [Warning] [omni.isaac.manipulators.controllers] omni.isaac.manipulators has been deprecated in favor of isaacsim.robot.manipulators. Please update your code accordingly.
2026-06-23T03:35:35Z [10,150ms] [Warning] [omni.isaac.manipulators.controllers.pick_place_controller] omni.isaac.manipulators has been deprecated in favor of isaacsim.robot.manipulators. Please update your code accordingly.
2026-06-23T03:35:35Z [10,151ms] [Warning] [omni.isaac.manipulators.controllers.stacking_controller] omni.isaac.manipulators has been deprecated in favor of isaacsim.robot.manipulators. Please update your code accordingly.
2026-06-23T03:35:35Z [10,151ms] [Warning] [omni.isaac.manipulators.grippers] omni.isaac.manipulators has been deprecated in favor of isaacsim.robot.manipulators. Please update your code accordingly.
2026-06-23T03:35:35Z [10,151ms] [Warning] [omni.isaac.manipulators.grippers.gripper] omni.isaac.manipulators has been deprecated in favor of isaacsim.robot.manipulators. Please update your code accordingly.
2026-06-23T03:35:35Z [10,152ms] [Warning] [omni.isaac.manipulators.grippers.parallel_gripper] omni.isaac.manipulators has been deprecated in favor of isaacsim.robot.manipulators. Please update your code accordingly.
2026-06-23T03:35:35Z [10,152ms] [Warning] [omni.isaac.manipulators.grippers.surface_gripper] omni.isaac.manipulators has been deprecated in favor of isaacsim.robot.manipulators. Please update your code accordingly.
2026-06-23T03:35:35Z [10,152ms] [Warning] [omni.isaac.manipulators.manipulators] omni.isaac.manipulators has been deprecated in favor of isaacsim.robot.manipulators. Please update your code accordingly.
2026-06-23T03:35:35Z [10,152ms] [Warning] [omni.isaac.manipulators.manipulators.single_manipulator] omni.isaac.manipulators has been deprecated in favor of isaacsim.robot.manipulators. Please update your code accordingly.
[10.173s] [ext: omni.isaac.lula_test_widget-1.0.6] startup
2026-06-23T03:35:35Z [10,158ms] [Warning] [omni.isaac.lula_test_widget] omni.isaac.lula_test_widget has been deprecated in favor of isaacsim.robot_motion.lula_test_widget. Please update your code accordingly.
[10.179s] [ext: omni.isaac.asset_browser-1.0.6] startup
2026-06-23T03:35:35Z [10,164ms] [Warning] [omni.isaac.asset_browser] omni.isaac.asset_browser has been deprecated in favor of isaacsim.asset.browser. Please update your code accordingly.
[10.189s] [ext: omni.kit.viewport.menubar.display-107.0.3] startup
[10.198s] [ext: omni.isaac.menu-1.0.6] startup
2026-06-23T03:35:35Z [10,184ms] [Warning] [omni.isaac.menu] omni.isaac.menu has been deprecated in favor of isaacsim.gui.menu. Please update your code accordingly.
[10.205s] [ext: omni.isaac.motion_generation-8.0.7] startup
2026-06-23T03:35:35Z [10,191ms] [Warning] [omni.isaac.motion_generation] omni.isaac.motion_generation has been deprecated in favor of isaacsim.robot_motion.motion_generation. Please update your code accordingly.
2026-06-23T03:35:35Z [10,191ms] [Warning] [omni.isaac.motion_generation.articulation_kinematics_solver] omni.isaac.motion_generation has been deprecated in favor of isaacsim.robot_motion.motion_generation. Please update your code accordingly.
2026-06-23T03:35:35Z [10,192ms] [Warning] [omni.isaac.motion_generation.articulation_motion_policy] omni.isaac.motion_generation has been deprecated in favor of isaacsim.robot_motion.motion_generation. Please update your code accordingly.
2026-06-23T03:35:35Z [10,192ms] [Warning] [omni.isaac.motion_generation.articulation_trajectory] omni.isaac.motion_generation has been deprecated in favor of isaacsim.robot_motion.motion_generation. Please update your code accordingly.
2026-06-23T03:35:35Z [10,192ms] [Warning] [omni.isaac.motion_generation.kinematics_interface] omni.isaac.motion_generation has been deprecated in favor of isaacsim.robot_motion.motion_generation. Please update your code accordingly.
2026-06-23T03:35:35Z [10,192ms] [Warning] [omni.isaac.motion_generation.lula] omni.isaac.motion_generation has been deprecated in favor of isaacsim.robot_motion.motion_generation. Please update your code accordingly.
2026-06-23T03:35:35Z [10,193ms] [Warning] [omni.isaac.motion_generation.lula.kinematics] omni.isaac.motion_generation has been deprecated in favor of isaacsim.robot_motion.motion_generation. Please update your code accordingly.
2026-06-23T03:35:35Z [10,193ms] [Warning] [omni.isaac.motion_generation.lula.motion_policies] omni.isaac.motion_generation has been deprecated in favor of isaacsim.robot_motion.motion_generation. Please update your code accordingly.
2026-06-23T03:35:35Z [10,193ms] [Warning] [omni.isaac.motion_generation.lula.path_planners] omni.isaac.motion_generation has been deprecated in favor of isaacsim.robot_motion.motion_generation. Please update your code accordingly.
2026-06-23T03:35:35Z [10,193ms] [Warning] [omni.isaac.motion_generation.lula.trajectory_generator] omni.isaac.motion_generation has been deprecated in favor of isaacsim.robot_motion.motion_generation. Please update your code accordingly.
2026-06-23T03:35:35Z [10,194ms] [Warning] [omni.isaac.motion_generation.motion_policy_controller] omni.isaac.motion_generation has been deprecated in favor of isaacsim.robot_motion.motion_generation. Please update your code accordingly.
2026-06-23T03:35:35Z [10,194ms] [Warning] [omni.isaac.motion_generation.motion_policy_interface] omni.isaac.motion_generation has been deprecated in favor of isaacsim.robot_motion.motion_generation. Please update your code accordingly.
2026-06-23T03:35:35Z [10,200ms] [Warning] [omni.isaac.motion_generation.path_planner_visualizer] omni.isaac.motion_generation has been deprecated in favor of isaacsim.robot_motion.motion_generation. Please update your code accordingly.
2026-06-23T03:35:35Z [10,200ms] [Warning] [omni.isaac.motion_generation.path_planning_interface] omni.isaac.motion_generation has been deprecated in favor of isaacsim.robot_motion.motion_generation. Please update your code accordingly.
2026-06-23T03:35:35Z [10,201ms] [Warning] [omni.isaac.motion_generation.trajectory] omni.isaac.motion_generation has been deprecated in favor of isaacsim.robot_motion.motion_generation. Please update your code accordingly.
2026-06-23T03:35:35Z [10,201ms] [Warning] [omni.isaac.motion_generation.world_interface] omni.isaac.motion_generation has been deprecated in favor of isaacsim.robot_motion.motion_generation. Please update your code accordingly.
[10.222s] [ext: omni.isaac.assets_check-0.3.13] startup
2026-06-23T03:35:35Z [10,209ms] [Warning] [omni.isaac.assets_check] omni.isaac.assets_check has been deprecated in favor of isaacsim.asset.browser. Please update your code accordingly.
[10.230s] [ext: isaacsim.gui.sensors.icon-2.0.3] startup
[10.262s] [ext: isaacsim.asset.importer.mjcf-2.5.13] startup
[10.276s] [ext: omni.sensors.nv.common-3.0.0] startup
[10.294s] [ext: isaacsim.sensors.physics-0.4.3] startup
[10.300s] [ext: omni.sensors.net-1.0.0] startup
[10.309s] [ext: omni.isaac.nucleus-1.0.6] startup
2026-06-23T03:35:35Z [10,290ms] [Warning] [omni.isaac.nucleus] omni.isaac.nucleus has been deprecated in favor of isaacsim.storage.native. Please update your code accordingly.
2026-06-23T03:35:35Z [10,290ms] [Warning] [omni.isaac.nucleus.nucleus] omni.isaac.nucleus.nucleus has been deprecated in favor of isaacsim.storage.native. Please update your code accordingly.
[10.311s] [ext: omni.sensors.nv.materials-2.0.0] startup
[10.320s] [ext: isaacsim.robot.policy.examples-4.1.11] startup
[10.325s] [ext: omni.sensors.nv.wpm-3.0.0] startup
[10.330s] [ext: omni.sensors.nv.lidar-3.0.0] startup
[10.342s] [ext: isaacsim.util.debug_draw-3.1.0] startup
[10.347s] [ext: omni.sensors.nv.radar-3.0.0] startup
[10.359s] [ext: omni.sensors.nv.ids-2.0.0] startup
[10.362s] [ext: isaacsim.core.cloner-1.4.10] startup
[10.366s] [ext: isaacsim.sensors.physx-2.3.2] startup
[10.372s] [ext: isaacsim.sensors.rtx-15.8.4] startup
[10.385s] [ext: isaacsim.sensors.camera-1.3.6] startup
[10.401s] [ext: omni.isaac.quadruped-3.0.7] startup
2026-06-23T03:35:35Z [10,382ms] [Warning] [omni.isaac.quadruped] omni.isaac.quadruped has been deprecated in favor of isaacsim.robot.policy.examples. Please update your code accordingly.
[10.409s] [ext: omni.isaac.cloner-1.0.7] startup
2026-06-23T03:35:35Z [10,392ms] [Warning] [omni.isaac.cloner] omni.isaac.cloner has been deprecated in favor of isaacsim.core.cloner. Please update your code accordingly.
[10.415s] [ext: omni.isaac.range_sensor-4.0.6] startup
2026-06-23T03:35:35Z [10,410ms] [Warning] [omni.isaac.range_sensor] omni.isaac.range_sensor has been deprecated in favor of isaacsim.sensors.physx. Please update your code accordingly.
2026-06-23T03:35:35Z [10,411ms] [Warning] [omni.isaac.range_sensor.commands] omni.isaac.range_sensor.commands has been deprecated in favor of isaacsim.sensors.physx.commands. Please update your code accordingly.
[10.432s] [ext: omni.isaac.sensor-13.0.7] startup
2026-06-23T03:35:35Z [10,415ms] [Warning] [omni.isaac.sensor] omni.isaac.sensor has been deprecated in favor of isaacsim.sensors.camera, isaacsim.sensors.physics, isaacsim.sensors.physx, and isaacsim.sensors.rtx. Please update your code accordingly.
2026-06-23T03:35:35Z [10,420ms] [Warning] [omni.isaac.sensor.camera] omni.isaac.sensor.camera has been deprecated in favor of isaacsim.sensors.camera.camera. Please update your code accordingly.
2026-06-23T03:35:35Z [10,421ms] [Warning] [omni.isaac.sensor.camera_view] omni.isaac.sensor.camera_view has been deprecated in favor of isaacsim.sensors.camera.camera_view. Please update your code accordingly.
2026-06-23T03:35:35Z [10,428ms] [Warning] [omni.isaac.sensor.commands] omni.isaac.sensor.commands has been deprecated in favor of isaacsim.sensors.physics.commands, isaacsim.sensors.physx.commands, and isaacsim.sensors.rtx.commands. Please update your code accordingly.
2026-06-23T03:35:35Z [10,429ms] [Warning] [omni.isaac.sensor.contact_sensor] omni.isaac.sensor.contact_sensor has been deprecated in favor of isaacsim.sensors.physics.contact_sensor. Please update your code accordingly.
2026-06-23T03:35:35Z [10,429ms] [Warning] [omni.isaac.sensor.imu_sensor] omni.isaac.sensor.imu_sensor has been deprecated in favor of isaacsim.sensors.physics.imu_sensor. Please update your code accordingly.
2026-06-23T03:35:35Z [10,435ms] [Warning] [omni.isaac.sensor.lidar_rtx] omni.isaac.sensor.lidar_rtx has been deprecated in favor of isaacsim.sensors.rtx.lidar_rtx. Please update your code accordingly.
2026-06-23T03:35:35Z [10,436ms] [Warning] [omni.isaac.sensor.rotating_lidar_physX] omni.isaac.sensor.imu_sensor has been deprecated in favor of isaacsim.sensors.physix.rotating_lidar_physX. Please update your code accordingly.
2026-06-23T03:35:35Z [10,438ms] [Warning] [omni.isaac.sensor.scripts.samples.contact_sensor] omni.isaac.sensor.scripts.samples.contact_sensor has been deprecated in favor of isaacsim.sensors.physics.scripts.samples.contact_sensor. Please update your code accordingly.
2026-06-23T03:35:35Z [10,438ms] [Warning] [omni.isaac.sensor.scripts.samples.imu_sensor] omni.isaac.sensor.scripts.samples.imu_sensor has been deprecated in favor of isaacsim.sensors.physics.scripts.samples.imu_sensor. Please update your code accordingly.
2026-06-23T03:35:35Z [10,439ms] [Warning] [omni.isaac.sensor.scripts.samples.lightbeam_sensor] omni.isaac.sensor.scripts.samples.lightbeam_sensor has been deprecated in favor of isaacsim.sensors.physx.scripts.samples.lightbeam_sensor. Please update your code accordingly.
[10.461s] [ext: omni.kit.menu.create-2.0.1] startup
[10.473s] [ext: omni.kit.widget.toolbar-2.0.1] startup
[10.518s] [ext: omni.kit.manipulator.transform-107.0.0] startup
[10.532s] [ext: omni.isaac.core-4.0.7] startup
2026-06-23T03:35:35Z [10,514ms] [Warning] [omni.isaac.core.physics_context.physics_context] omni.isaac.core.physics_context.physics_context has been deprecated in favor of isaacsim.core.api.physics_context.physics_context. Please update your code accordingly.
2026-06-23T03:35:35Z [10,515ms] [Warning] [omni.isaac.core.simulation_context.simulation_context] omni.isaac.core.simulation_context.simulation_context has been deprecated in favor of isaacsim.core.api.simulation_context.simulation_context. Please update your code accordingly.
2026-06-23T03:35:35Z [10,516ms] [Warning] [omni.isaac.core.world.world] omni.isaac.core.world.world has been deprecated in favor of isaacsim.core.api.world.world. Please update your code accordingly.
2026-06-23T03:35:35Z [10,516ms] [Warning] [omni.isaac.core] omni.isaac.core has been deprecated in favor of isaacsim.core.api. Please update your code accordingly.
[10.537s] [ext: omni.kit.scripting-107.3.2] startup
[10.557s] [ext: omni.kit.manipulator.tool.snap-1.5.13] startup
[10.567s] [ext: omni.kit.manipulator.selector-1.1.3] startup
[10.571s] [ext: isaacsim.app.about-2.0.11] startup
[10.580s] [ext: isaacsim.replicator.behavior-1.1.16] startup
[10.582s] [ext: omni.kit.viewport.manipulator.transform-107.0.4] startup
[10.587s] [ext: omni.isaac.window.about-2.0.7] startup
2026-06-23T03:35:35Z [10,570ms] [Warning] [omni.isaac.window.about] omni.isaac.window.about has been deprecated in favor of isaacsim.app.about. Please update your code accordingly.
2026-06-23T03:35:35Z [10,570ms] [Warning] [omni.isaac.window.about.about] omni.isaac.window.about.about has been deprecated in favor of isaacsim.app.about.about. Please update your code accordingly.
[10.591s] [ext: omni.fabric.commands-1.1.6] startup
[10.596s] [ext: omni.kit.manipulator.prim.core-107.0.8] startup
[10.605s] [ext: omni.kit.property.audio-1.0.16] startup
[10.610s] [ext: omni.kit.property.camera-1.0.10] startup
[10.613s] [ext: omni.kit.property.geometry-2.0.4] startup
[10.617s] [ext: omni.hydra.scene_api-0.1.2] startup
[10.623s] [ext: omni.kit.property.light-1.0.12] startup
[10.652s] [ext: omni.kit.manipulator.prim.fabric-107.0.4] startup
[10.656s] [ext: omni.kit.manipulator.prim.usd-107.0.3] startup
[10.659s] [ext: omni.kit.property.material-1.11.9] startup
[10.668s] [ext: omni.kit.property.render-1.2.1] startup
[10.670s] [ext: omni.kit.property.transform-1.5.13] startup
[10.675s] [ext: isaacsim.gui.property-1.1.3] startup
[10.678s] [ext: omni.kit.manipulator.camera-106.0.4] startup
[10.685s] [ext: omni.kit.manipulator.prim-107.0.0] startup
[10.685s] [ext: omni.isaac.surface_gripper-2.0.6] startup
2026-06-23T03:35:35Z [10,665ms] [Warning] [omni.isaac.surface_gripper] omni.isaac.surface_gripper has been deprecated in favor of isaacsim.robot.surface_gripper. Please update your code accordingly.
[10.686s] [ext: omni.kit.manipulator.selection-106.0.1] startup
[10.692s] [ext: omni.kit.property.bundle-1.4.1] startup
[10.693s] [ext: omni.kit.property.isaac-1.0.6] startup
2026-06-23T03:35:35Z [10,674ms] [Warning] [omni.kit.property.isaac] omni.kit.property.isaac has been deprecated in favor of isaacsim.gui.property. Please update your code accordingly.
2026-06-23T03:35:35Z [10,674ms] [Warning] [omni.kit.property.isaac.widgets] omni.kit.property.isaac.widgets has been deprecated in favor of isaacsim.gui.property.widgets. Please update your code accordingly.
[10.695s] [ext: omni.isaac.universal_robots-1.0.6] startup
2026-06-23T03:35:35Z [10,677ms] [Warning] [omni.isaac.universal_robots] omni.isaac.universal_robots has been deprecated in favor of isaacsim.robot.manipulators.examples.universal_robots. Please update your code accordingly.
2026-06-23T03:35:35Z [10,677ms] [Warning] [omni.isaac.universal_robots.kinematics_solver] omni.isaac.franka has been deprecated in favor of isaacsim.robot.manipulators.examples.universal_robots. Please update your code accordingly.
2026-06-23T03:35:35Z [10,678ms] [Warning] [omni.isaac.universal_robots.ur10] omni.isaac.franka has been deprecated in favor of isaacsim.robot.manipulators.examples.universal_robots. Please update your code accordingly.
[10.698s] [ext: omni.isaac.core_nodes-2.0.6] startup
2026-06-23T03:35:35Z [10,682ms] [Warning] [omni.isaac.core_nodes] omni.isaac.core_nodes has been deprecated in favor of isaacsim.core.nodes. Please update your code accordingly.
[10.703s] [ext: omni.kit.viewport.menubar.camera-107.0.6] startup
[10.714s] [ext: omni.kit.viewport.menubar.lighting-107.3.1] startup
[10.718s] [ext: isaacsim.replicator.writers-1.0.17] startup
[10.738s] [ext: omni.kit.viewport.menubar.render-107.0.10] startup
[10.747s] [ext: omni.kit.viewport.menubar.settings-107.0.3] startup
[10.756s] [ext: omni.kit.window.console-1.1.4] startup
[10.769s] [ext: isaacsim.replicator.domain_randomization-1.0.16] startup
[10.774s] [ext: isaacsim.replicator.examples-1.3.6] startup
[10.787s] [ext: omni.ocio-0.1.1] startup
[10.799s] [ext: omni.rtx.window.settings-0.6.19] startup
[10.816s] [ext: omni.kit.window.status_bar-0.1.9] startup
[10.823s] [ext: omni.kit.window.toolbar-2.0.0] startup
[10.831s] [ext: omni.replicator.isaac-2.0.8] startup
2026-06-23T03:35:35Z [10,815ms] [Warning] [omni.replicator.isaac] omni.replicator.isaac has been deprecated in favor of isaacsim.replicator.domain_randomization, isaacsim.replicator.examples, isaacsim.replicator.writers. Please update your code accordingly.
[10.839s] [ext: omni.replicator.replicator_yaml-2.0.11] startup
[10.889s] [ext: omni.rtx.settings.core-0.6.5] startup
[10.912s] [ext: omni.usd.metrics.assembler.ui-107.3.1] startup
[10.951s] [ext: omni.isaac.utils-2.0.6] startup
[10.958s] [ext: semantics.schema.editor-2.0.2] startup
[10.975s] [ext: omni.kit.ui.actions-1.0.5] startup
[10.979s] [ext: semantics.schema.property-2.0.1] startup
[10.981s] [ext: omni.isaac.version-2.0.7] startup
2026-06-23T03:35:35Z [10,962ms] [Warning] [omni.isaac.version] omni.isaac.version has been deprecated in favor of isaacsim.core.version. Please update your code accordingly.
[10.983s] [ext: omni.isaac.cortex-1.0.5] startup
[10.986s] [ext: omni.anim.curve.core-1.3.1] startup
[11.005s] [ext: isaacsim.core.throttling-2.2.2] startup
[11.009s] [ext: omni.kit.menu.common-2.0.1] startup
[11.012s] [ext: isaacsim.exp.base-5.1.0] startup
[11.014s] [ext: isaacsim.exp.base.python-5.1.0] startup
[11.016s] Simulation App Starting
2026-06-23T03:35:36Z [11,405ms] [Warning] [omni.fabric.plugin] Warning: attribute viewportHandle not found for bucket id 9

2026-06-23T03:35:36Z [11,479ms] [Warning] [usdrt.population.plugin] [UsdNoticeHandler] Unhandled attribute type VtArray<std::string> (prim attribute: omni:rtx:material:db:flattener:reflection_roughness_constant)
2026-06-23T03:35:36Z [11,479ms] [Warning] [usdrt.population.plugin] [UsdNoticeHandler] Unhandled attribute type VtArray<std::string> (prim attribute: omni:rtx:material:db:flattener:ior_constant)
2026-06-23T03:35:36Z [11,479ms] [Warning] [usdrt.population.plugin] [UsdNoticeHandler] Unhandled attribute type VtArray<std::string> (prim attribute: omni:rtx:material:db:flattener:transmittance_color)
[11.604s] app ready
Starting kit application with the following args:  ['/home/robotics/isaac-sim-5.1/lib/python3.11/site-packages/isaacsim/exts/isaacsim.simulation_app/isaacsim/simulation_app/simulation_app.py', '/home/robotics/isaac-sim-5.1/lib/python3.11/site-packages/isaacsim/apps/isaacsim.exp.base.python.kit', '--/app/tokens/exe-path=/home/robotics/isaac-sim-5.1/lib/python3.11/site-packages/isaacsim/kit', '--/persistent/app/viewport/displayOptions=3286', '--/rtx/materialDb/syncLoads=True', '--/rtx/hydra/materialSyncLoads=True', '--/omni.kit.plugin/syncUsdLoads=True', '--/app/renderer/resolution/width=1920', '--/app/renderer/resolution/height=1080', '--/app/window/width=1920', '--/app/window/height=1080', '--/renderer/multiGpu/enabled=True', '--/app/fastShutdown=True', '--/app/installSignalHandlers=0', '--ext-folder', '/home/robotics/isaac-sim-5.1/lib/python3.11/site-packages/isaacsim/exts', '--ext-folder', '/home/robotics/isaac-sim-5.1/lib/python3.11/site-packages/isaacsim/apps', '--/physics/cudaDevice=0', '--/plugins/carb.tasking.plugin/threadCount=16', '--/plugins/omni.tbb.globalcontrol/maxThreadCount=16', '--portable', '--no-window', '--/app/window/hideUi=False']
Passing the following args to the base kit application:  []
Warp 1.8.2 initialized:
   CUDA Toolkit 12.8, Driver 13.0
   Devices:
     "cpu"      : "x86_64"
     "cuda:0"   : "NVIDIA GeForce RTX 2070" (8 GiB, sm_75, mempool enabled)
   Kernel cache:
     /home/robotics/.cache/warp/1.8.2
Warp DeprecationWarning: The `warp.sim` module is deprecated and will be removed in v1.10. Please transition to using the forthcoming Newton library instead.
[simulator] Config     : /home/robotics/Documents/assignment2/palletizing_simulator/config/sim_config.yaml
[simulator] Input dir  : /home/robotics/Documents/assignment2/palletizing_simulator/algorithm_results
[simulator] Output dir : /home/robotics/Documents/assignment2/palletizing_simulator/sim_results
[simulator] Found 2 input file(s)
  - box_sequence_0.json
  - box_sequence_1.json
[simulator] drop_offset=0.02m  settle_steps(max)=10  settle_vel=0.05m/s  final_steps=100
[simulator] auto_start : True
[simulator] auto_start=True -> start immediately

[simulator] ══ Processing: box_sequence_0.json ══
[simulator] plan=98  buffer_size=0  source_boxes=250
[simulator] initial buffer ids = []
[simulator] Final settle 100 steps …
[simulator] All steps done  (total 38.6s)
[evaluator] [SUCCESS]  ok=98/98  stacking=70.9% [70.9%]  collapse=0  oob=0  drop=0  buffer=0  score=90.9 (stacking=70.9 + buffer_bonus=20)
[simulator] Screenshot → /home/robotics/Documents/assignment2/palletizing_simulator/sim_results/box_sequence_0_result.png

[simulator] ══ Processing: box_sequence_1.json ══
[simulator] plan=77  buffer_size=0  source_boxes=250
[simulator] initial buffer ids = []
[simulator] Final settle 100 steps …
[simulator] All steps done  (total 47.8s)
[evaluator] [SUCCESS]  ok=77/77  stacking=64.7% [64.7%]  collapse=0  oob=0  drop=0  buffer=0  score=84.7 (stacking=64.7 + buffer_bonus=20)
[simulator] Screenshot → /home/robotics/Documents/assignment2/palletizing_simulator/sim_results/box_sequence_1_result.png

[evaluator] ══ Result ══
  ✓ box_sequence_0.json  stacking=70.9% [70.9%]  ok=98/98  time=0.0s  buffer=0  score=90.9 (stacking=70.9 + bonus=20)
  ✓ box_sequence_1.json  stacking=64.7% [64.7%]  ok=77/77  time=0.0s  buffer=0  score=84.7 (stacking=64.7 + bonus=20)
  ───────────────────────────────────────────────────────
  summary : episodes 2 success / 0 failure / 0 height_overflow
            avg stacking rate  67.8% [67.8%]
            avg success rate   100.0%
            avg score          87.80
            total processing time 103.5s
[evaluator] Saved → /home/robotics/Documents/assignment2/palletizing_simulator/sim_results/result.json

[simulator] All files processed.
[16.233s] Simulation App Startup Complete
2026-06-23T03:36:21Z [57,128ms] [Warning] [omni.syntheticdata.plugin] OgnSdPostRenderVarToHost : rendervar copy from texture directly to host buffer is counter-performant. Please use copy from texture to device buffer first.
2026-06-23T03:36:28Z [63,899ms] [Warning] [omni.physx.tensors.plugin] prim '/World/box_000' was deleted while being used by a shape in a tensor view class. The physics.tensors simulationView was invalidated.
2026-06-23T03:36:29Z [64,648ms] [Warning] [omni.syntheticdata.plugin] SdRenderVarPtr missing valid input renderVar LdrColorSDhost
2026-06-23T03:37:24Z [119,384ms] [Warning] [omni.physx.tensors.plugin] prim '/World/box_000' was deleted while being used by a shape in a tensor view class. The physics.tensors simulationView was invalidated.
[121.176s] Simulation App Shutting Down
