[Info] [carb] Logging to file: /home/robotics/isaac-sim-5.1/lib/python3.11/site-packages/isaacsim/kit/logs/Kit/Isaac-Sim Python/5.1/kit_20260625_085841.log
2026-06-24T23:58:41Z [2ms] [Warning] [carb.crashreporter-breakpad.plugin] [previous crash] preventing upload of minidump due to user opt-out: '/home/robotics/isaac-sim-5.1/lib/python3.11/site-packages/isaacsim/kit/data/Kit/Isaac-Sim Python/5.1/e1377903-bced-49ba-c7e998b8-4049ff06.dmp'
2026-06-24T23:58:41Z [4ms] [Warning] [carb.crashreporter-breakpad.plugin] [previous crash] preventing upload of minidump due to user opt-out: '/home/robotics/isaac-sim-5.1/lib/python3.11/site-packages/isaacsim/kit/data/Kit/Isaac-Sim Python/5.1/516477e4-65c6-4f10-0be26f85-a7479c20.dmp'
[0.348s] [ext: omni.kit.async_engine-0.0.3] startup
[0.529s] [ext: omni.metrics.core-0.0.3] startup
[0.534s] [ext: omni.client.lib-1.1.0] startup
[0.836s] [ext: omni.blobkey-1.1.2] startup
[0.851s] [ext: omni.stats-1.0.1] startup
[0.880s] [ext: omni.datastore-0.0.0] startup
[1.046s] [ext: omni.client-1.3.0] startup
[1.072s] [ext: omni.ujitso.default-1.0.0] startup
[1.158s] [ext: omni.hsscclient-1.1.2] startup
[1.218s] [ext: omni.gpu_foundation.shadercache.vulkan-1.0.0] startup
[1.241s] [ext: omni.assets.plugins-0.0.0] startup
[1.364s] [ext: omni.gpu_foundation-0.0.0] startup
[1.977s] [ext: carb.windowing.plugins-1.0.0] startup
[2.037s] [ext: omni.kit.renderer.init-0.0.0] startup

|---------------------------------------------------------------------------------------------|
| Driver Version: 580.159.03    | Graphics API: Vulkan
|=============================================================================================|
| GPU | Name                             | Active | LDA | GPU Memory | Vendor-ID | LUID       |
|     |                                  |        |     |            | Device-ID | UUID       |
|     |                                  |        |     |            | Bus-ID    |            |
|---------------------------------------------------------------------------------------------|
| 0   | NVIDIA GeForce RTX 2070          | Yes: 0 |     | 8438    MB | 10de      | 0          |
|     |                                  |        |     |            | 1f07      | cfe4294b.. |
|     |                                  |        |     |            | 7         |            |
|=============================================================================================|
| OS: 22.04.5 LTS (Jammy Jellyfish) ubuntu, Version: 22.04.5, Kernel: 6.8.0-106-generic
| XServer Vendor: The X.Org Foundation, XServer Version: 12101004 (1.21.1.4)
| Processor: AMD Ryzen 7 2700 Eight-Core Processor
| Cores: 8 | Logical Cores: 16
|---------------------------------------------------------------------------------------------|
| Total Memory (MB): 31990 | Free Memory: 25173
| Total Page/Swap (MB): 26688 | Free Page/Swap: 26688
|---------------------------------------------------------------------------------------------|
2026-06-24T23:58:44Z [3,219ms] [Warning] [gpu.foundation.plugin] IOMMU is enabled.
[3.600s] [ext: omni.materialx.libs-1.0.7] startup
[3.726s] [ext: omni.kit.telemetry-0.5.2] startup
[3.874s] [ext: omni.usd.config-1.0.6] startup
[3.887s] [ext: omni.gpucompute.plugins-0.0.0] startup
[3.928s] [ext: omni.usd.libs-1.0.1] startup
[5.285s] [ext: omni.kit.loop-isaac-1.3.7] startup
[5.297s] [ext: omni.kit.test-2.0.1] startup
[5.517s] [ext: omni.mdl-56.0.3] startup
[6.499s] [ext: omni.iray.libs-0.0.0] startup
[8.235s] [ext: omni.mdl.neuraylib-0.2.12] startup
[8.271s] [ext: omni.kit.usd.mdl-1.1.5] startup
[8.763s] [ext: omni.kit.pipapi-0.0.0] startup
[8.766s] [ext: omni.appwindow-1.1.10] startup
[8.791s] [ext: omni.kit.renderer.core-1.1.0] startup
[10.626s] [ext: omni.kit.renderer.capture-0.0.0] startup
[10.646s] [ext: omni.kit.renderer.imgui-2.0.5] startup
[11.269s] [ext: omni.ui-2.27.1] startup
[11.388s] [ext: omni.kit.mainwindow-1.0.3] startup
[11.391s] [ext: carb.audio-0.1.0] startup
[11.552s] [ext: omni.uiaudio-1.0.0] startup
[11.566s] [ext: omni.kit.uiapp-0.0.0] startup
[11.567s] [ext: omni.usd.schema.metrics.assembler-107.3.1] startup
[11.578s] [ext: omni.usd.schema.physx-107.3.26] startup
[11.801s] [ext: omni.usd.schema.geospatial-0.0.0] startup
[11.807s] [ext: omni.usd.schema.audio-0.0.0] startup
[11.813s] [ext: omni.usd.schema.anim-0.0.0] startup
[11.857s] [ext: omni.usd.schema.flow-107.1.1] startup
[11.858s] [ext: omni.usd_resolver-1.0.0] startup
[11.869s] [ext: omni.usd.core-1.5.3] startup
[11.879s] [ext: omni.usd.schema.omni_sensors-0.0.0] startup
[11.919s] [ext: omni.usd.schema.semantics-0.0.0] startup
[11.924s] [ext: omni.usd.schema.omniscripting-1.0.0] startup
[11.933s] [ext: omni.usd.schema.omni_lens_distortion-0.0.0] startup
[11.935s] [ext: omni.usd.schema.omnigraph-1.0.0] startup
[11.955s] [ext: omni.kit.window.popup_dialog-2.0.24] startup
[11.995s] [ext: omni.graph.exec-0.9.6] startup
[11.998s] [ext: omni.kit.widget.nucleus_connector-2.0.1] startup
[12.004s] [ext: omni.kit.usd_undo-0.1.8] startup
[12.005s] [ext: omni.kit.exec.core-0.13.4] startup
[12.029s] [ext: omni.kit.actions.core-1.0.0] startup
[12.064s] [ext: omni.resourcemonitor-107.0.1] startup
[12.088s] [ext: omni.activity.core-1.0.3] startup
[12.114s] [ext: omni.timeline-1.0.14] startup
[12.140s] [ext: omni.kit.commands-1.4.10] startup
[12.161s] [ext: usdrt.scenegraph-7.6.1] startup
[12.275s] [ext: omni.kit.audiodeviceenum-1.0.2] startup
[12.286s] [ext: omni.hydra.usdrt_delegate-7.5.1] startup
[12.451s] [ext: omni.hydra.scene_delegate-0.3.4] startup
[12.473s] [ext: omni.usd-1.13.10] startup
[12.628s] [ext: omni.inspect-1.0.2] startup
[12.644s] [ext: omni.kit.notification_manager-1.0.10] startup
[12.651s] [ext: omni.graph.core-2.184.5] startup
[12.739s] [ext: isaacsim.core.deprecation_manager-0.2.7] startup
[12.742s] [ext: omni.anim.graph.schema-107.3.3] startup
[12.821s] [ext: omni.usd.schema.isaac-3.0.5] startup
[12.821s] [ext: omni.anim.navigation.schema-107.3.3] startup
[12.850s] [ext: omni.kit.asset_converter-5.0.17] startup
[13.195s] [ext: isaacsim.robot.schema-3.6.0] startup
[13.259s] [ext: omni.usd.schema.render_settings.rtx-0.0.0] startup
[13.261s] [ext: omni.kit.menu.core-1.1.2] startup
[13.264s] [ext: omni.kit.widget.path_field-2.0.11] startup
[13.267s] [ext: omni.kit.widget.context_menu-1.2.5] startup
[13.270s] [ext: omni.kit.widget.browser_bar-2.0.10] startup
[13.273s] [ext: omni.kit.clipboard-1.0.5] startup
[13.275s] [ext: omni.kit.numpy.common-0.1.3] startup
[13.285s] [ext: omni.kit.widget.options_menu-1.1.6] startup
[13.294s] [ext: omni.kit.helper.file_utils-0.1.9] startup
[13.298s] [ext: omni.ui.scene-1.11.5] startup
[13.386s] [ext: omni.kit.widget.options_button-1.0.3] startup
[13.390s] [ext: omni.kit.widget.filebrowser-2.12.3] startup
[13.418s] [ext: omni.kit.usd.layers-2.2.11] startup
[13.523s] [ext: omni.kit.window.filepicker-2.13.4] startup
[13.600s] [ext: omni.kit.hotkeys.core-1.3.10] startup
[13.610s] [ext: omni.kit.context_menu-1.8.6] startup
[13.613s] [ext: omni.kit.property.adapter.core-1.0.2] startup
[13.619s] [ext: omni.kit.window.file_exporter-1.0.33] startup
[13.642s] [ext: omni.kit.widget.searchfield-1.1.8] startup
[13.646s] [ext: omni.kit.widget.filter-1.1.4] startup
[13.647s] [ext: omni.kit.widget.graph-2.0.0] startup
[13.658s] [ext: omni.kit.widget.stage-3.1.4] startup
[13.707s] [ext: omni.kit.property.adapter.usd-1.0.2] startup
[13.710s] [ext: omni.kit.property.adapter.fabric-1.0.3] startup
[13.712s] [ext: omni.kit.graph.delegate.default-1.2.3] startup
[13.713s] [ext: omni.kit.window.file_importer-1.1.18] startup
[13.715s] [ext: omni.kit.stage_template.core-1.1.22] startup
[13.717s] [ext: omni.kit.menu.utils-2.0.5] startup
[13.730s] [ext: omni.kit.window.file-2.0.5] startup
[13.738s] [ext: omni.kit.widget.highlight_label-1.0.3] startup
[13.741s] [ext: omni.kit.window.drop_support-1.0.5] startup
[13.742s] [ext: omni.kit.window.content_browser_registry-0.0.6] startup
[13.743s] [ext: omni.kit.window.property-1.12.1] startup
[13.751s] [ext: omni.kit.window.content_browser-3.1.3] startup
[13.775s] [ext: isaacsim.core.version-2.0.6] startup
[13.777s] [ext: omni.kit.property.usd-4.5.12] startup
[13.810s] [ext: omni.kit.graph.editor.core-1.5.3] startup
[13.815s] [ext: omni.kit.material.library-2.0.7] startup
[13.824s] [ext: omni.kit.graph.usd.commands-1.3.1] startup
[13.825s] [ext: omni.kvdb-107.3.26] startup
[13.850s] [ext: omni.usdphysics-107.3.26] startup
[13.880s] [ext: omni.physx.foundation-107.3.26] startup
[14.459s] [ext: omni.localcache-107.3.26] startup
[14.532s] [ext: omni.convexdecomposition-107.3.26] startup
[14.577s] [ext: omni.physics-107.3.26] startup
[14.593s] [ext: omni.physx.cooking-107.3.26] startup
[14.623s] [ext: omni.physics.stageupdate-107.3.26] startup
[14.633s] [ext: omni.physx-107.3.26] startup
[14.760s] [ext: omni.index.libs-380600.8087.0] startup
[14.760s] [ext: omni.physics.physx-107.3.26] startup
2026-06-24T23:58:56Z [14,648ms] [Warning] [carb] Acquiring non optional plugin interface which is not listed as dependency: [omni::physx::IPhysxBenchmarks v1.0] (plugin: <default plugin>), by client: omni.physics.physx.plugin. Add it to CARB_PLUGIN_IMPL_DEPS() macro of a client.
[14.769s] [ext: omni.index-1.0.1] startup
[14.812s] [ext: omni.volume-0.5.2] startup
[14.971s] [ext: omni.ujitso.client-0.0.0] startup
[14.976s] [ext: omni.hydra.rtx.shadercache.vulkan-1.0.0] startup
[14.982s] [ext: omni.kit.widget.searchable_combobox-1.0.6] startup
[14.990s] [ext: omni.hydra.rtx-1.0.0] startup
2026-06-24T23:58:57Z [15,941ms] [Warning] [omni.log] Source: omni.hydra was already registered.
[16.912s] [ext: omni.kit.widget.settings-1.2.6] startup
[16.922s] [ext: omni.kit.hydra_texture-1.4.6] startup
[16.959s] [ext: omni.graph.tools-1.79.2] startup
[17.054s] [ext: omni.kit.window.preferences-1.8.0] startup
[17.073s] [ext: omni.kit.widget.material_preview-1.0.16] startup
[17.079s] [ext: omni.graph-1.141.2] startup
[17.267s] [ext: omni.kit.window.material_graph-1.9.1] startup
[17.287s] [ext: omni.isaac.dynamic_control-2.0.7] startup
2026-06-24T23:58:59Z [17,288ms] [Warning] [omni.isaac.dynamic_control] omni.isaac.dynamic_control is deprecated as of Isaac Sim 4.5. No action is needed from end-users.
[17.411s] [ext: isaacsim.storage.native-1.5.1] startup
[17.424s] [ext: omni.graph.scriptnode-1.50.0] startup
[17.430s] [ext: omni.hydra.engine.stats-1.0.3] startup
[17.452s] [ext: omni.kit.viewport.legacy_gizmos-1.0.19] startup
[17.472s] [ext: omni.kit.raycast.query-1.1.0] startup
[17.522s] [ext: omni.graph.action_core-1.1.7] startup
[17.561s] [ext: omni.kit.viewport.scene_camera_model-1.0.6] startup
[17.582s] [ext: omni.graph.image.core-0.6.1] startup
[17.597s] [ext: omni.kit.widget.viewport-107.1.3] startup
[17.627s] [ext: omni.kit.viewport.registry-104.0.6] startup
[17.632s] [ext: omni.usd.metrics.assembler-107.3.1] startup
[17.673s] [ext: omni.kit.viewport.window-107.2.0] startup
[17.731s] [ext: omni.kit.viewport.menubar.core-107.2.1] startup
[17.764s] [ext: omni.graph.image.nodes-1.3.1] startup
[17.801s] [ext: omni.usd.metrics.assembler.physics-107.3.26] startup
[17.805s] [ext: omni.warp.core-1.8.2] startup
[18.194s] [ext: omni.kit.viewport.utility-1.1.2] startup
[18.196s] [ext: omni.physics.tensors-107.3.26] startup
[18.261s] [ext: omni.syntheticdata-0.6.13] startup
[18.634s] [ext: isaacsim.test.docstring-1.1.0] startup
[18.680s] [ext: isaacsim.core.utils-3.5.1] startup
[18.705s] [ext: omni.physx.tensors-107.3.26] startup
[18.832s] [ext: omni.graph.nodes-1.170.10] startup
[19.047s] [ext: omni.graph.action_nodes-1.50.4] startup
[19.091s] [ext: omni.kit.primitive.mesh-1.0.17] startup
[19.124s] [ext: isaacsim.core.simulation_manager-1.4.4] startup
[33.874s] [ext: omni.graph.ui_nodes-1.50.5] startup
[33.915s] [ext: omni.graph.action-1.130.0] startup
[33.919s] [ext: omni.kit.stage_templates-2.0.0] startup
[33.938s] [ext: isaacsim.core.prims-0.6.1] startup
[34.058s] [ext: omni.warp-1.8.2] startup
[34.089s] [ext: omni.videoencoding-0.1.2] startup
[34.138s] [ext: isaacsim.core.api-4.8.0] startup
[34.270s] [ext: isaacsim.core.experimental.utils-0.3.0] startup
[34.282s] [ext: omni.replicator.core-1.12.27] startup
2026-06-24T23:59:16Z [34,435ms] [Warning] [pxr.Semantics] pxr.Semantics is deprecated - please use Semantics instead
2026-06-24T23:59:17Z [35,694ms] [Warning] [omni.graph.core.plugin] Found duplicate of category 'Replicator' - was 'Annotators', adding 'Fabric Reader'
2026-06-24T23:59:17Z [35,694ms] [Warning] [omni.graph.core.plugin] Category 'Replicator' not accepted on node type 'omni.replicator.core.FabricReader' in extension 'omni.replicator.core'
2026-06-24T23:59:17Z [35,695ms] [Warning] [omni.replicator.core.scripts.extension] No material configuration file, adding configuration to material settings directly.
[35.821s] [ext: isaacsim.core.experimental.prims-0.8.1] startup
[35.944s] [ext: omni.kit.window.extensions-1.4.27] startup
[35.997s] [ext: isaacsim.core.experimental.objects-0.4.0] startup
[36.046s] [ext: omni.ui_query-1.1.8] startup
[36.060s] [ext: omni.kit.manipulator.viewport-107.0.1] startup
[36.074s] [ext: isaacsim.robot.surface_gripper-3.3.1] startup
[36.115s] [ext: omni.kit.ui_test-1.3.7] startup
[36.187s] [ext: omni.graph.visualization.nodes-2.1.3] startup
[36.230s] [ext: isaacsim.robot_motion.lula-4.0.8] startup
[36.503s] [ext: isaacsim.core.nodes-3.4.3] startup
[36.583s] [ext: isaacsim.gui.components-1.2.1] startup
[36.672s] [ext: isaacsim.robot_motion.motion_generation-8.0.26] startup
[36.872s] [ext: isaacsim.robot.manipulators-3.3.6] startup
[36.959s] [ext: isaacsim.core.experimental.materials-0.4.0] startup
[37.326s] [ext: isaacsim.robot.manipulators.examples-1.1.2] startup
[37.420s] [ext: isaacsim.cortex.framework-1.0.12] startup
[37.479s] [ext: isaacsim.cortex.behaviors-2.0.14] startup
[37.486s] [ext: omni.isaac.cortex.sample_behaviors-2.0.5] startup
2026-06-24T23:59:19Z [37,374ms] [Warning] [omni.isaac.cortex] omni.isaac.cortex has been deprecated in favor of isaacsim.cortex.framework. Please update your code accordingly.
2026-06-24T23:59:19Z [37,376ms] [Warning] [omni.isaac.cortex.sample_behaviors] omni.isaac.cortex.sample_behaviors has been deprecated in favor of isaacsim.cortex.behaviors. Please update your code accordingly.
[37.497s] [ext: omni.kit.widget.zoombar-1.0.6] startup
[37.510s] [ext: isaacsim.gui.content_browser-0.1.11] startup
[37.519s] [ext: omni.kit.browser.core-2.3.13] startup
[37.562s] [ext: omni.kit.widget.stage_icons-1.0.8] startup
[37.570s] [ext: omni.kit.widget.prompt-1.0.7] startup
[37.577s] [ext: omni.kit.usd.collect-2.4.5] startup
[37.596s] [ext: omni.kit.browser.folder.core-1.10.9] startup
[37.641s] [ext: omni.kit.window.stage-2.6.1] startup
[37.677s] [ext: omni.kit.usdz_export-1.0.9] startup
[37.696s] [ext: omni.kit.tool.collect-2.2.18] startup
[37.708s] [ext: omni.kit.menu.stage-1.2.7] startup
[37.713s] [ext: omni.kit.tool.asset_importer-4.3.2] startup
[37.732s] [ext: isaacsim.robot.wheeled_robots-4.0.24] startup
[37.890s] [ext: isaacsim.examples.browser-0.2.1] startup
[37.902s] [ext: isaacsim.asset.importer.urdf-2.4.30] startup
[38.318s] [ext: omni.isaac.wheeled_robots-3.0.7] startup
2026-06-24T23:59:19Z [38,204ms] [Warning] [omni.isaac.wheeled_robots] omni.isaac.wheeled_robots has been deprecated in favor of isaacsim.robot.wheeled_robots. Please update your code accordingly.
2026-06-24T23:59:19Z [38,204ms] [Warning] [omni.isaac.wheeled_robots.controllers] omni.isaac.wheeled_robots has been deprecated in favor of isaacsim.robot.wheeled_robots. Please update your code accordingly.
2026-06-24T23:59:19Z [38,209ms] [Warning] [omni.isaac.wheeled_robots.controllers.ackermann_controller] omni.isaac.wheeled_robots has been deprecated in favor of isaacsim.robot.wheeled_robots. Please update your code accordingly.
2026-06-24T23:59:19Z [38,209ms] [Warning] [omni.isaac.wheeled_robots.controllers.differential_controller] omni.isaac.wheeled_robots has been deprecated in favor of isaacsim.robot.wheeled_robots. Please update your code accordingly.
2026-06-24T23:59:19Z [38,217ms] [Warning] [omni.isaac.wheeled_robots.controllers.holonomic_controller] omni.isaac.wheeled_robots has been deprecated in favor of isaacsim.robot.wheeled_robots. Please update your code accordingly.
2026-06-24T23:59:19Z [38,222ms] [Warning] [omni.isaac.wheeled_robots.controllers.quintic_path_planner] omni.isaac.wheeled_robots has been deprecated in favor of isaacsim.robot.wheeled_robots. Please update your code accordingly.
2026-06-24T23:59:19Z [38,232ms] [Warning] [omni.isaac.wheeled_robots.controllers.stanley_control] omni.isaac.wheeled_robots has been deprecated in favor of isaacsim.robot.wheeled_robots. Please update your code accordingly.
2026-06-24T23:59:19Z [38,233ms] [Warning] [omni.isaac.wheeled_robots.controllers.wheel_base_pose_controller] omni.isaac.wheeled_robots has been deprecated in favor of isaacsim.robot.wheeled_robots. Please update your code accordingly.
2026-06-24T23:59:19Z [38,233ms] [Warning] [omni.isaac.wheeled_robots.impl] omni.isaac.wheeled_robots has been deprecated in favor of isaacsim.robot.wheeled_robots. Please update your code accordingly.
2026-06-24T23:59:19Z [38,234ms] [Warning] [omni.isaac.wheeled_robots.robots] omni.isaac.wheeled_robots has been deprecated in favor of isaacsim.robot.wheeled_robots. Please update your code accordingly.
2026-06-24T23:59:19Z [38,235ms] [Warning] [omni.isaac.wheeled_robots.robots.holonomic_robot_usd_setup] omni.isaac.wheeled_robots has been deprecated in favor of isaacsim.robot.wheeled_robots. Please update your code accordingly.
2026-06-24T23:59:19Z [38,236ms] [Warning] [omni.isaac.wheeled_robots.robots.wheeled_robot] omni.isaac.wheeled_robots has been deprecated in favor of isaacsim.robot.wheeled_robots. Please update your code accordingly.
[38.357s] [ext: isaacsim.simulation_app-2.12.2] startup
[38.365s] [ext: omni.isaac.franka-1.0.7] startup
2026-06-24T23:59:20Z [38,247ms] [Warning] [omni.isaac.franka] omni.isaac.franka has been deprecated in favor of isaacsim.robot.manipulators.examples.franka. Please update your code accordingly.
2026-06-24T23:59:20Z [38,248ms] [Warning] [omni.isaac.franka.franka] omni.isaac.franka has been deprecated in favor of isaacsim.robot.manipulators.examples.franka. Please update your code accordingly.
2026-06-24T23:59:20Z [38,312ms] [Warning] [omni.isaac.franka.kinematics_solver] omni.isaac.franka has been deprecated in favor of isaacsim.robot.manipulators.examples.franka. Please update your code accordingly.
[38.432s] [ext: omni.isaac.kit-2.0.6] startup
2026-06-24T23:59:20Z [38,316ms] [Warning] [omni.isaac.kit] omni.isaac.kit has been deprecated in favor of isaacsim.simulation_app. Please update your code accordingly.
[38.436s] [ext: omni.kit.selection-0.1.6] startup
[38.440s] [ext: omni.isaac.lula-4.0.6] startup
2026-06-24T23:59:20Z [38,321ms] [Warning] [omni.isaac.lula] omni.isaac.lula has been deprecated in favor of isaacsim.robot_motion.lula. Please update your code accordingly.
[38.442s] [ext: isaacsim.robot_motion.lula_test_widget-1.0.12] startup
[38.451s] [ext: isaacsim.asset.browser-1.3.23] startup
[38.577s] [ext: omni.kit.viewport.actions-107.0.2] startup
[38.589s] [ext: isaacsim.gui.menu-2.4.4] startup
[38.608s] [ext: omni.isaac.manipulators-3.0.7] startup
2026-06-24T23:59:20Z [38,488ms] [Warning] [omni.isaac.manipulators] omni.isaac.manipulators has been deprecated in favor of isaacsim.robot.manipulators. Please update your code accordingly.
2026-06-24T23:59:20Z [38,489ms] [Warning] [omni.isaac.manipulators.controllers] omni.isaac.manipulators has been deprecated in favor of isaacsim.robot.manipulators. Please update your code accordingly.
2026-06-24T23:59:20Z [38,489ms] [Warning] [omni.isaac.manipulators.controllers.pick_place_controller] omni.isaac.manipulators has been deprecated in favor of isaacsim.robot.manipulators. Please update your code accordingly.
2026-06-24T23:59:20Z [38,497ms] [Warning] [omni.isaac.manipulators.controllers.stacking_controller] omni.isaac.manipulators has been deprecated in favor of isaacsim.robot.manipulators. Please update your code accordingly.
2026-06-24T23:59:20Z [38,498ms] [Warning] [omni.isaac.manipulators.grippers] omni.isaac.manipulators has been deprecated in favor of isaacsim.robot.manipulators. Please update your code accordingly.
2026-06-24T23:59:20Z [38,498ms] [Warning] [omni.isaac.manipulators.grippers.gripper] omni.isaac.manipulators has been deprecated in favor of isaacsim.robot.manipulators. Please update your code accordingly.
2026-06-24T23:59:20Z [38,498ms] [Warning] [omni.isaac.manipulators.grippers.parallel_gripper] omni.isaac.manipulators has been deprecated in favor of isaacsim.robot.manipulators. Please update your code accordingly.
2026-06-24T23:59:20Z [38,499ms] [Warning] [omni.isaac.manipulators.grippers.surface_gripper] omni.isaac.manipulators has been deprecated in favor of isaacsim.robot.manipulators. Please update your code accordingly.
2026-06-24T23:59:20Z [38,499ms] [Warning] [omni.isaac.manipulators.manipulators] omni.isaac.manipulators has been deprecated in favor of isaacsim.robot.manipulators. Please update your code accordingly.
2026-06-24T23:59:20Z [38,499ms] [Warning] [omni.isaac.manipulators.manipulators.single_manipulator] omni.isaac.manipulators has been deprecated in favor of isaacsim.robot.manipulators. Please update your code accordingly.
[38.620s] [ext: omni.isaac.lula_test_widget-1.0.6] startup
2026-06-24T23:59:20Z [38,506ms] [Warning] [omni.isaac.lula_test_widget] omni.isaac.lula_test_widget has been deprecated in favor of isaacsim.robot_motion.lula_test_widget. Please update your code accordingly.
[38.627s] [ext: omni.isaac.asset_browser-1.0.6] startup
2026-06-24T23:59:20Z [38,513ms] [Warning] [omni.isaac.asset_browser] omni.isaac.asset_browser has been deprecated in favor of isaacsim.asset.browser. Please update your code accordingly.
[38.635s] [ext: omni.kit.viewport.menubar.display-107.0.3] startup
[38.656s] [ext: omni.isaac.menu-1.0.6] startup
2026-06-24T23:59:20Z [38,540ms] [Warning] [omni.isaac.menu] omni.isaac.menu has been deprecated in favor of isaacsim.gui.menu. Please update your code accordingly.
[38.662s] [ext: omni.isaac.motion_generation-8.0.7] startup
2026-06-24T23:59:20Z [38,553ms] [Warning] [omni.isaac.motion_generation] omni.isaac.motion_generation has been deprecated in favor of isaacsim.robot_motion.motion_generation. Please update your code accordingly.
2026-06-24T23:59:20Z [38,553ms] [Warning] [omni.isaac.motion_generation.articulation_kinematics_solver] omni.isaac.motion_generation has been deprecated in favor of isaacsim.robot_motion.motion_generation. Please update your code accordingly.
2026-06-24T23:59:20Z [38,554ms] [Warning] [omni.isaac.motion_generation.articulation_motion_policy] omni.isaac.motion_generation has been deprecated in favor of isaacsim.robot_motion.motion_generation. Please update your code accordingly.
2026-06-24T23:59:20Z [38,555ms] [Warning] [omni.isaac.motion_generation.articulation_trajectory] omni.isaac.motion_generation has been deprecated in favor of isaacsim.robot_motion.motion_generation. Please update your code accordingly.
2026-06-24T23:59:20Z [38,555ms] [Warning] [omni.isaac.motion_generation.kinematics_interface] omni.isaac.motion_generation has been deprecated in favor of isaacsim.robot_motion.motion_generation. Please update your code accordingly.
2026-06-24T23:59:20Z [38,556ms] [Warning] [omni.isaac.motion_generation.lula] omni.isaac.motion_generation has been deprecated in favor of isaacsim.robot_motion.motion_generation. Please update your code accordingly.
2026-06-24T23:59:20Z [38,557ms] [Warning] [omni.isaac.motion_generation.lula.kinematics] omni.isaac.motion_generation has been deprecated in favor of isaacsim.robot_motion.motion_generation. Please update your code accordingly.
2026-06-24T23:59:20Z [38,557ms] [Warning] [omni.isaac.motion_generation.lula.motion_policies] omni.isaac.motion_generation has been deprecated in favor of isaacsim.robot_motion.motion_generation. Please update your code accordingly.
2026-06-24T23:59:20Z [38,558ms] [Warning] [omni.isaac.motion_generation.lula.path_planners] omni.isaac.motion_generation has been deprecated in favor of isaacsim.robot_motion.motion_generation. Please update your code accordingly.
2026-06-24T23:59:20Z [38,559ms] [Warning] [omni.isaac.motion_generation.lula.trajectory_generator] omni.isaac.motion_generation has been deprecated in favor of isaacsim.robot_motion.motion_generation. Please update your code accordingly.
2026-06-24T23:59:20Z [38,559ms] [Warning] [omni.isaac.motion_generation.motion_policy_controller] omni.isaac.motion_generation has been deprecated in favor of isaacsim.robot_motion.motion_generation. Please update your code accordingly.
2026-06-24T23:59:20Z [38,560ms] [Warning] [omni.isaac.motion_generation.motion_policy_interface] omni.isaac.motion_generation has been deprecated in favor of isaacsim.robot_motion.motion_generation. Please update your code accordingly.
2026-06-24T23:59:20Z [38,561ms] [Warning] [omni.isaac.motion_generation.path_planner_visualizer] omni.isaac.motion_generation has been deprecated in favor of isaacsim.robot_motion.motion_generation. Please update your code accordingly.
2026-06-24T23:59:20Z [38,561ms] [Warning] [omni.isaac.motion_generation.path_planning_interface] omni.isaac.motion_generation has been deprecated in favor of isaacsim.robot_motion.motion_generation. Please update your code accordingly.
2026-06-24T23:59:20Z [38,562ms] [Warning] [omni.isaac.motion_generation.trajectory] omni.isaac.motion_generation has been deprecated in favor of isaacsim.robot_motion.motion_generation. Please update your code accordingly.
2026-06-24T23:59:20Z [38,562ms] [Warning] [omni.isaac.motion_generation.world_interface] omni.isaac.motion_generation has been deprecated in favor of isaacsim.robot_motion.motion_generation. Please update your code accordingly.
[38.683s] [ext: omni.isaac.assets_check-0.3.13] startup
2026-06-24T23:59:20Z [38,569ms] [Warning] [omni.isaac.assets_check] omni.isaac.assets_check has been deprecated in favor of isaacsim.asset.browser. Please update your code accordingly.
[38.689s] [ext: isaacsim.gui.sensors.icon-2.0.3] startup
[38.894s] [ext: isaacsim.asset.importer.mjcf-2.5.13] startup
[38.947s] [ext: omni.sensors.nv.common-3.0.0] startup
[40.192s] [ext: isaacsim.sensors.physics-0.4.3] startup
[40.251s] [ext: omni.sensors.net-1.0.0] startup
[40.340s] [ext: omni.isaac.nucleus-1.0.6] startup
2026-06-24T23:59:21Z [40,223ms] [Warning] [omni.isaac.nucleus] omni.isaac.nucleus has been deprecated in favor of isaacsim.storage.native. Please update your code accordingly.
2026-06-24T23:59:21Z [40,224ms] [Warning] [omni.isaac.nucleus.nucleus] omni.isaac.nucleus.nucleus has been deprecated in favor of isaacsim.storage.native. Please update your code accordingly.
[40.345s] [ext: omni.sensors.nv.materials-2.0.0] startup
[40.501s] [ext: isaacsim.robot.policy.examples-4.1.11] startup
[40.507s] [ext: omni.sensors.nv.wpm-3.0.0] startup
[40.568s] [ext: omni.sensors.nv.lidar-3.0.0] startup
[41.082s] [ext: isaacsim.util.debug_draw-3.1.0] startup
[41.148s] [ext: omni.sensors.nv.radar-3.0.0] startup
[41.273s] [ext: omni.sensors.nv.ids-2.0.0] startup
[41.340s] [ext: isaacsim.core.cloner-1.4.10] startup
[41.363s] [ext: isaacsim.sensors.physx-2.3.2] startup
[41.416s] [ext: isaacsim.sensors.rtx-15.8.4] startup
[41.486s] [ext: isaacsim.sensors.camera-1.3.6] startup
[41.526s] [ext: omni.isaac.quadruped-3.0.7] startup
2026-06-24T23:59:23Z [41,412ms] [Warning] [omni.isaac.quadruped] omni.isaac.quadruped has been deprecated in favor of isaacsim.robot.policy.examples. Please update your code accordingly.
[41.534s] [ext: omni.isaac.cloner-1.0.7] startup
2026-06-24T23:59:23Z [41,428ms] [Warning] [omni.isaac.cloner] omni.isaac.cloner has been deprecated in favor of isaacsim.core.cloner. Please update your code accordingly.
[41.556s] [ext: omni.isaac.range_sensor-4.0.6] startup
2026-06-24T23:59:23Z [41,445ms] [Warning] [omni.isaac.range_sensor] omni.isaac.range_sensor has been deprecated in favor of isaacsim.sensors.physx. Please update your code accordingly.
2026-06-24T23:59:23Z [41,446ms] [Warning] [omni.isaac.range_sensor.commands] omni.isaac.range_sensor.commands has been deprecated in favor of isaacsim.sensors.physx.commands. Please update your code accordingly.
[41.573s] [ext: omni.isaac.sensor-13.0.7] startup
2026-06-24T23:59:23Z [41,458ms] [Warning] [omni.isaac.sensor] omni.isaac.sensor has been deprecated in favor of isaacsim.sensors.camera, isaacsim.sensors.physics, isaacsim.sensors.physx, and isaacsim.sensors.rtx. Please update your code accordingly.
2026-06-24T23:59:23Z [41,459ms] [Warning] [omni.isaac.sensor.camera] omni.isaac.sensor.camera has been deprecated in favor of isaacsim.sensors.camera.camera. Please update your code accordingly.
2026-06-24T23:59:23Z [41,460ms] [Warning] [omni.isaac.sensor.camera_view] omni.isaac.sensor.camera_view has been deprecated in favor of isaacsim.sensors.camera.camera_view. Please update your code accordingly.
2026-06-24T23:59:23Z [41,460ms] [Warning] [omni.isaac.sensor.commands] omni.isaac.sensor.commands has been deprecated in favor of isaacsim.sensors.physics.commands, isaacsim.sensors.physx.commands, and isaacsim.sensors.rtx.commands. Please update your code accordingly.
2026-06-24T23:59:23Z [41,461ms] [Warning] [omni.isaac.sensor.contact_sensor] omni.isaac.sensor.contact_sensor has been deprecated in favor of isaacsim.sensors.physics.contact_sensor. Please update your code accordingly.
2026-06-24T23:59:23Z [41,462ms] [Warning] [omni.isaac.sensor.imu_sensor] omni.isaac.sensor.imu_sensor has been deprecated in favor of isaacsim.sensors.physics.imu_sensor. Please update your code accordingly.
2026-06-24T23:59:23Z [41,463ms] [Warning] [omni.isaac.sensor.lidar_rtx] omni.isaac.sensor.lidar_rtx has been deprecated in favor of isaacsim.sensors.rtx.lidar_rtx. Please update your code accordingly.
2026-06-24T23:59:23Z [41,463ms] [Warning] [omni.isaac.sensor.rotating_lidar_physX] omni.isaac.sensor.imu_sensor has been deprecated in favor of isaacsim.sensors.physix.rotating_lidar_physX. Please update your code accordingly.
2026-06-24T23:59:23Z [41,465ms] [Warning] [omni.isaac.sensor.scripts.samples.contact_sensor] omni.isaac.sensor.scripts.samples.contact_sensor has been deprecated in favor of isaacsim.sensors.physics.scripts.samples.contact_sensor. Please update your code accordingly.
2026-06-24T23:59:23Z [41,466ms] [Warning] [omni.isaac.sensor.scripts.samples.imu_sensor] omni.isaac.sensor.scripts.samples.imu_sensor has been deprecated in favor of isaacsim.sensors.physics.scripts.samples.imu_sensor. Please update your code accordingly.
2026-06-24T23:59:23Z [41,466ms] [Warning] [omni.isaac.sensor.scripts.samples.lightbeam_sensor] omni.isaac.sensor.scripts.samples.lightbeam_sensor has been deprecated in favor of isaacsim.sensors.physx.scripts.samples.lightbeam_sensor. Please update your code accordingly.
[41.588s] [ext: omni.kit.menu.create-2.0.1] startup
[41.617s] [ext: omni.kit.widget.toolbar-2.0.1] startup
[41.644s] [ext: omni.kit.manipulator.transform-107.0.0] startup
[41.666s] [ext: omni.isaac.core-4.0.7] startup
2026-06-24T23:59:23Z [41,550ms] [Warning] [omni.isaac.core.physics_context.physics_context] omni.isaac.core.physics_context.physics_context has been deprecated in favor of isaacsim.core.api.physics_context.physics_context. Please update your code accordingly.
2026-06-24T23:59:23Z [41,552ms] [Warning] [omni.isaac.core.simulation_context.simulation_context] omni.isaac.core.simulation_context.simulation_context has been deprecated in favor of isaacsim.core.api.simulation_context.simulation_context. Please update your code accordingly.
2026-06-24T23:59:23Z [41,553ms] [Warning] [omni.isaac.core.world.world] omni.isaac.core.world.world has been deprecated in favor of isaacsim.core.api.world.world. Please update your code accordingly.
2026-06-24T23:59:23Z [41,553ms] [Warning] [omni.isaac.core] omni.isaac.core has been deprecated in favor of isaacsim.core.api. Please update your code accordingly.
[41.675s] [ext: omni.kit.scripting-107.3.2] startup
[41.704s] [ext: omni.kit.manipulator.tool.snap-1.5.13] startup
[41.724s] [ext: omni.kit.manipulator.selector-1.1.3] startup
[41.731s] [ext: isaacsim.app.about-2.0.11] startup
[41.841s] [ext: isaacsim.replicator.behavior-1.1.16] startup
[41.845s] [ext: omni.kit.viewport.manipulator.transform-107.0.4] startup
[41.855s] [ext: omni.isaac.window.about-2.0.7] startup
2026-06-24T23:59:23Z [41,742ms] [Warning] [omni.isaac.window.about] omni.isaac.window.about has been deprecated in favor of isaacsim.app.about. Please update your code accordingly.
2026-06-24T23:59:23Z [41,743ms] [Warning] [omni.isaac.window.about.about] omni.isaac.window.about.about has been deprecated in favor of isaacsim.app.about.about. Please update your code accordingly.
[41.864s] [ext: omni.fabric.commands-1.1.6] startup
[41.881s] [ext: omni.kit.manipulator.prim.core-107.0.8] startup
[41.911s] [ext: omni.kit.property.audio-1.0.16] startup
[41.922s] [ext: omni.kit.property.camera-1.0.10] startup
[41.928s] [ext: omni.kit.property.geometry-2.0.4] startup
[41.940s] [ext: omni.hydra.scene_api-0.1.2] startup
[41.967s] [ext: omni.kit.property.light-1.0.12] startup
[42.019s] [ext: omni.kit.manipulator.prim.fabric-107.0.4] startup
[42.032s] [ext: omni.kit.manipulator.prim.usd-107.0.3] startup
[42.037s] [ext: omni.kit.property.material-1.11.9] startup
[42.066s] [ext: omni.kit.property.render-1.2.1] startup
[42.070s] [ext: omni.kit.property.transform-1.5.13] startup
[42.084s] [ext: isaacsim.gui.property-1.1.3] startup
[42.095s] [ext: omni.kit.manipulator.camera-106.0.4] startup
[42.112s] [ext: omni.kit.manipulator.prim-107.0.0] startup
[42.113s] [ext: omni.isaac.surface_gripper-2.0.6] startup
2026-06-24T23:59:23Z [41,993ms] [Warning] [omni.isaac.surface_gripper] omni.isaac.surface_gripper has been deprecated in favor of isaacsim.robot.surface_gripper. Please update your code accordingly.
[42.114s] [ext: omni.kit.manipulator.selection-106.0.1] startup
[42.122s] [ext: omni.kit.property.bundle-1.4.1] startup
[42.125s] [ext: omni.kit.property.isaac-1.0.6] startup
2026-06-24T23:59:23Z [42,008ms] [Warning] [omni.kit.property.isaac] omni.kit.property.isaac has been deprecated in favor of isaacsim.gui.property. Please update your code accordingly.
2026-06-24T23:59:23Z [42,009ms] [Warning] [omni.kit.property.isaac.widgets] omni.kit.property.isaac.widgets has been deprecated in favor of isaacsim.gui.property.widgets. Please update your code accordingly.
[42.129s] [ext: omni.isaac.universal_robots-1.0.6] startup
2026-06-24T23:59:23Z [42,013ms] [Warning] [omni.isaac.universal_robots] omni.isaac.universal_robots has been deprecated in favor of isaacsim.robot.manipulators.examples.universal_robots. Please update your code accordingly.
2026-06-24T23:59:23Z [42,013ms] [Warning] [omni.isaac.universal_robots.kinematics_solver] omni.isaac.franka has been deprecated in favor of isaacsim.robot.manipulators.examples.universal_robots. Please update your code accordingly.
2026-06-24T23:59:23Z [42,017ms] [Warning] [omni.isaac.universal_robots.ur10] omni.isaac.franka has been deprecated in favor of isaacsim.robot.manipulators.examples.universal_robots. Please update your code accordingly.
[42.137s] [ext: omni.isaac.core_nodes-2.0.6] startup
2026-06-24T23:59:23Z [42,021ms] [Warning] [omni.isaac.core_nodes] omni.isaac.core_nodes has been deprecated in favor of isaacsim.core.nodes. Please update your code accordingly.
[42.142s] [ext: omni.kit.viewport.menubar.camera-107.0.6] startup
[42.169s] [ext: omni.kit.viewport.menubar.lighting-107.3.1] startup
[42.181s] [ext: isaacsim.replicator.writers-1.0.17] startup
[42.248s] [ext: omni.kit.viewport.menubar.render-107.0.10] startup
[42.278s] [ext: omni.kit.viewport.menubar.settings-107.0.3] startup
[42.304s] [ext: omni.kit.window.console-1.1.4] startup
[42.353s] [ext: isaacsim.replicator.domain_randomization-1.0.16] startup
[42.364s] [ext: isaacsim.replicator.examples-1.3.6] startup
[42.373s] [ext: omni.ocio-0.1.1] startup
[42.393s] [ext: omni.rtx.window.settings-0.6.19] startup
[42.436s] [ext: omni.kit.window.status_bar-0.1.9] startup
[42.452s] [ext: omni.kit.window.toolbar-2.0.0] startup
[42.464s] [ext: omni.replicator.isaac-2.0.8] startup
2026-06-24T23:59:24Z [42,346ms] [Warning] [omni.replicator.isaac] omni.replicator.isaac has been deprecated in favor of isaacsim.replicator.domain_randomization, isaacsim.replicator.examples, isaacsim.replicator.writers. Please update your code accordingly.
[42.469s] [ext: omni.replicator.replicator_yaml-2.0.11] startup
[42.494s] [ext: omni.rtx.settings.core-0.6.5] startup
[42.511s] [ext: omni.usd.metrics.assembler.ui-107.3.1] startup
[42.551s] [ext: omni.isaac.utils-2.0.6] startup
[42.558s] [ext: semantics.schema.editor-2.0.2] startup
[42.577s] [ext: omni.kit.ui.actions-1.0.5] startup
[42.585s] [ext: semantics.schema.property-2.0.1] startup
[42.591s] [ext: omni.isaac.version-2.0.7] startup
2026-06-24T23:59:24Z [42,472ms] [Warning] [omni.isaac.version] omni.isaac.version has been deprecated in favor of isaacsim.core.version. Please update your code accordingly.
[42.593s] [ext: omni.isaac.cortex-1.0.5] startup
[42.594s] [ext: omni.anim.curve.core-1.3.1] startup
[42.660s] [ext: isaacsim.core.throttling-2.2.2] startup
[42.672s] [ext: omni.kit.menu.common-2.0.1] startup
[42.678s] [ext: isaacsim.exp.base-5.1.0] startup
[42.679s] [ext: isaacsim.exp.base.python-5.1.0] startup
[42.682s] Simulation App Starting
2026-06-24T23:59:25Z [43,738ms] [Warning] [omni.fabric.plugin] Warning: attribute viewPickingId not found for bucket id 9

2026-06-24T23:59:25Z [43,968ms] [Warning] [usdrt.population.plugin] [UsdNoticeHandler] Unhandled attribute type VtArray<std::string> (prim attribute: omni:rtx:material:db:flattener:reflection_roughness_constant)
2026-06-24T23:59:25Z [43,969ms] [Warning] [usdrt.population.plugin] [UsdNoticeHandler] Unhandled attribute type VtArray<std::string> (prim attribute: omni:rtx:material:db:flattener:ior_constant)
2026-06-24T23:59:25Z [43,969ms] [Warning] [usdrt.population.plugin] [UsdNoticeHandler] Unhandled attribute type VtArray<std::string> (prim attribute: omni:rtx:material:db:flattener:transmittance_color)
[44.724s] app ready
Starting kit application with the following args:  ['/home/robotics/isaac-sim-5.1/lib/python3.11/site-packages/isaacsim/exts/isaacsim.simulation_app/isaacsim/simulation_app/simulation_app.py', '/home/robotics/isaac-sim-5.1/lib/python3.11/site-packages/isaacsim/apps/isaacsim.exp.base.python.kit', '--/app/tokens/exe-path=/home/robotics/isaac-sim-5.1/lib/python3.11/site-packages/isaacsim/kit', '--/persistent/app/viewport/displayOptions=3286', '--/rtx/materialDb/syncLoads=True', '--/rtx/hydra/materialSyncLoads=True', '--/omni.kit.plugin/syncUsdLoads=True', '--/app/renderer/resolution/width=1920', '--/app/renderer/resolution/height=1080', '--/app/window/width=1920', '--/app/window/height=1080', '--/renderer/multiGpu/enabled=True', '--/app/fastShutdown=True', '--/app/installSignalHandlers=0', '--ext-folder', '/home/robotics/isaac-sim-5.1/lib/python3.11/site-packages/isaacsim/exts', '--ext-folder', '/home/robotics/isaac-sim-5.1/lib/python3.11/site-packages/isaacsim/apps', '--/physics/cudaDevice=0', '--/plugins/carb.tasking.plugin/threadCount=16', '--/plugins/omni.tbb.globalcontrol/maxThreadCount=16', '--portable', '--no-window', '--/app/window/hideUi=False']
Passing the following args to the base kit application:  ['--config', 'config/sim_config.yaml']
Warp 1.8.2 initialized:
   CUDA Toolkit 12.8, Driver 13.0
   Devices:
     "cpu"      : "x86_64"
     "cuda:0"   : "NVIDIA GeForce RTX 2070" (8 GiB, sm_75, mempool enabled)
   Kernel cache:
     /home/robotics/.cache/warp/1.8.2
Warp DeprecationWarning: The `warp.sim` module is deprecated and will be removed in v1.10. Please transition to using the forthcoming Newton library instead.
[simulator] Config     : config/sim_config.yaml
[simulator] Input dir  : /home/robotics/Documents/assignment2/palletizing_simulator/algorithm_results
[simulator] Output dir : /home/robotics/Documents/assignment2/palletizing_simulator/sim_results
[simulator] Found 2 input file(s)
  - box_sequence_0.json
  - box_sequence_1.json
[simulator] drop_offset=0.02m  settle_steps(max)=10  settle_vel=0.05m/s  final_steps=100
[simulator] auto_start : True
[simulator] auto_start=True -> start immediately

[simulator] ══ Processing: box_sequence_0.json ══
[simulator] plan=99  buffer_size=0  source_boxes=250
[simulator] initial buffer ids = []
[simulator] Final settle 100 steps …
[simulator] All steps done  (total 40.1s)
[evaluator] [SUCCESS]  ok=99/99  stacking=72.3% [72.3%]  collapse=0  oob=0  drop=0  buffer=0  score=92.3 (stacking=72.3 + buffer_bonus=20)
[simulator] Screenshot → /home/robotics/Documents/assignment2/palletizing_simulator/sim_results/box_sequence_0_result.png

[simulator] ══ Processing: box_sequence_1.json ══
[simulator] plan=84  buffer_size=0  source_boxes=250
[simulator] initial buffer ids = []
[simulator] Final settle 100 steps …
[simulator] All steps done  (total 53.1s)
[evaluator] [SUCCESS]  ok=84/84  stacking=72.3% [72.3%]  collapse=0  oob=0  drop=0  buffer=0  score=92.3 (stacking=72.3 + buffer_bonus=20)
[simulator] Screenshot → /home/robotics/Documents/assignment2/palletizing_simulator/sim_results/box_sequence_1_result.png

[evaluator] ══ Result ══
  ✓ box_sequence_0.json  stacking=72.3% [72.3%]  ok=99/99  time=0.0s  buffer=0  score=92.3 (stacking=72.3 + bonus=20)
  ✓ box_sequence_1.json  stacking=72.3% [72.3%]  ok=84/84  time=0.0s  buffer=0  score=92.3 (stacking=72.3 + bonus=20)
  ───────────────────────────────────────────────────────
  summary : episodes 2 success / 0 failure / 0 height_overflow
            avg stacking rate  72.3% [72.3%]
            avg success rate   100.0%
            avg score          92.30
            total processing time 110.2s
[evaluator] Saved → /home/robotics/Documents/assignment2/palletizing_simulator/sim_results/result.json

[simulator] All files processed.
[50.139s] Simulation App Startup Complete
2026-06-25T00:00:12Z [90,847ms] [Warning] [omni.syntheticdata.plugin] OgnSdPostRenderVarToHost : rendervar copy from texture directly to host buffer is counter-performant. Please use copy from texture to device buffer first.
2026-06-25T00:00:19Z [98,110ms] [Warning] [omni.physx.tensors.plugin] prim '/World/box_000' was deleted while being used by a shape in a tensor view class. The physics.tensors simulationView was invalidated.
2026-06-25T00:00:20Z [98,738ms] [Warning] [omni.syntheticdata.plugin] SdRenderVarPtr missing valid input renderVar LdrColorSDhost
2026-06-25T00:01:21Z [159,853ms] [Warning] [omni.physx.tensors.plugin] prim '/World/box_000' was deleted while being used by a shape in a tensor view class. The physics.tensors simulationView was invalidated.
[161.796s] Simulation App Shutting Down
