Please input the experiment name
/home/robotics/Documents/assignment2/Online-3D-BPP-PCT/.venv-pct/lib/python3.9/site-packages/torch/nn/modules/module.py:1025: UserWarning: Using a non-full backward hook when the forward contains multiple autograd Nodes is deprecated and will be removed in future versions. This hook will be missing some grad_input. Please use register_full_backward_hook to get the documented behavior.
  warnings.warn("Using a non-full backward hook when the forward contains multiple autograd Nodes "
[best] PCT-best.pt updated  mean_ratio=0.4908  @update 20
Time version: cjrand_v1-2026.06.23-20-21-03 is training
Updates 20, num timesteps 1680, FPS 115
Last 4 training episodes: mean/median reward 4.9/4.9, min/max reward 4.5/5.2
The dist entropy 4.02344, the value loss 3.03473, the action loss -0.91334
The mean space ratio is 0.4908435827813422, the ratio threshold is0.524669735091428

[best] PCT-best.pt updated  mean_ratio=0.5042  @update 40
Time version: cjrand_v1-2026.06.23-20-21-03 is training
Updates 40, num timesteps 3280, FPS 106
Last 9 training episodes: mean/median reward 5.0/5.1, min/max reward 4.5/5.3
The dist entropy 4.16034, the value loss 3.77942, the action loss -1.51402
The mean space ratio is 0.5042194216601826, the ratio threshold is0.534804131715248

[best] PCT-best.pt updated  mean_ratio=0.5180  @update 60
Time version: cjrand_v1-2026.06.23-20-21-03 is training
Updates 60, num timesteps 4880, FPS 103
Last 10 training episodes: mean/median reward 5.2/5.3, min/max reward 4.7/5.6
The dist entropy 3.82160, the value loss 0.78808, the action loss -0.75534
The mean space ratio is 0.5179946135640144, the ratio threshold is0.5555593232189616

Time version: cjrand_v1-2026.06.23-20-21-03 is training
Updates 80, num timesteps 6480, FPS 100
Last 10 training episodes: mean/median reward 4.9/5.0, min/max reward 4.1/5.5
The dist entropy 4.05145, the value loss 0.69677, the action loss -0.31413
The mean space ratio is 0.4913492537067583, the ratio threshold is0.5555593232189616

Time version: cjrand_v1-2026.06.23-20-21-03 is training
Updates 100, num timesteps 8080, FPS 98
Last 10 training episodes: mean/median reward 5.0/5.2, min/max reward 4.1/5.5
The dist entropy 3.74724, the value loss 9.32853, the action loss 5.32323
The mean space ratio is 0.5021324987221509, the ratio threshold is0.5555593232189616

Time version: cjrand_v1-2026.06.23-20-21-03 is training
Updates 120, num timesteps 9680, FPS 98
Last 10 training episodes: mean/median reward 5.0/5.1, min/max reward 4.5/5.5
The dist entropy 4.06522, the value loss 14.41429, the action loss -3.11110
The mean space ratio is 0.5040480148319155, the ratio threshold is0.5555593232189616

Time version: cjrand_v1-2026.06.23-20-21-03 is training
Updates 140, num timesteps 11280, FPS 97
Last 10 training episodes: mean/median reward 5.0/5.0, min/max reward 4.5/5.5
The dist entropy 4.07283, the value loss 47.51688, the action loss -0.46506
The mean space ratio is 0.5023755631679048, the ratio threshold is0.5555593232189616

Time version: cjrand_v1-2026.06.23-20-21-03 is training
Updates 160, num timesteps 12880, FPS 98
Last 10 training episodes: mean/median reward 5.1/5.0, min/max reward 4.6/5.5
The dist entropy 3.50074, the value loss 64.61475, the action loss 5.57427
The mean space ratio is 0.5064924555699031, the ratio threshold is0.5555593232189616

[best] PCT-best.pt updated  mean_ratio=0.5208  @update 180
Time version: cjrand_v1-2026.06.23-20-21-03 is training
Updates 180, num timesteps 14480, FPS 99
Last 10 training episodes: mean/median reward 5.2/5.3, min/max reward 4.8/5.8
The dist entropy 3.78264, the value loss 6.37672, the action loss 3.61731
The mean space ratio is 0.5207540931773682, the ratio threshold is0.5808996784550448

Time version: cjrand_v1-2026.06.23-20-21-03 is training
Updates 200, num timesteps 16080, FPS 99
Last 10 training episodes: mean/median reward 5.1/5.3, min/max reward 4.0/5.8
The dist entropy 3.65779, the value loss 68.32703, the action loss -4.21630
The mean space ratio is 0.5121268551527212, the ratio threshold is0.5808996784550448

Time version: cjrand_v1-2026.06.23-20-21-03 is training
Updates 220, num timesteps 17680, FPS 99
Last 10 training episodes: mean/median reward 5.0/5.2, min/max reward 4.0/5.5
The dist entropy 3.90242, the value loss 38.07568, the action loss -5.53832
The mean space ratio is 0.5045939055781811, the ratio threshold is0.5808996784550448

Time version: cjrand_v1-2026.06.23-20-21-03 is training
Updates 240, num timesteps 19280, FPS 98
Last 10 training episodes: mean/median reward 5.0/5.1, min/max reward 4.5/5.5
The dist entropy 3.84774, the value loss 32.42922, the action loss 0.04874
The mean space ratio is 0.5025635944409916, the ratio threshold is0.5808996784550448

Time version: cjrand_v1-2026.06.23-20-21-03 is training
Updates 260, num timesteps 20880, FPS 98
Last 10 training episodes: mean/median reward 5.0/5.1, min/max reward 4.3/5.5
The dist entropy 3.40664, the value loss 50.91883, the action loss 5.00733
The mean space ratio is 0.5026740225293984, the ratio threshold is0.5808996784550448

Time version: cjrand_v1-2026.06.23-20-21-03 is training
Updates 280, num timesteps 22480, FPS 99
Last 10 training episodes: mean/median reward 5.2/5.3, min/max reward 4.3/5.7
The dist entropy 3.55144, the value loss 22.28712, the action loss 6.32738
The mean space ratio is 0.5166622856834283, the ratio threshold is0.5808996784550448

Time version: cjrand_v1-2026.06.23-20-21-03 is training
Updates 300, num timesteps 24080, FPS 99
Last 10 training episodes: mean/median reward 5.1/5.3, min/max reward 4.1/5.7
The dist entropy 3.32066, the value loss 2.00347, the action loss 2.80949
The mean space ratio is 0.5119121980929127, the ratio threshold is0.5808996784550448

[best] PCT-best.pt updated  mean_ratio=0.5227  @update 320
Time version: cjrand_v1-2026.06.23-20-21-03 is training
Updates 320, num timesteps 25680, FPS 100
Last 10 training episodes: mean/median reward 5.2/5.3, min/max reward 4.1/5.7
The dist entropy 3.19527, the value loss 22.63100, the action loss -4.56782
The mean space ratio is 0.5226829420321931, the ratio threshold is0.5808996784550448

[best] PCT-best.pt updated  mean_ratio=0.5343  @update 340
Time version: cjrand_v1-2026.06.23-20-21-03 is training
Updates 340, num timesteps 27280, FPS 101
Last 10 training episodes: mean/median reward 5.3/5.3, min/max reward 4.7/5.8
The dist entropy 3.72014, the value loss 193.50230, the action loss -4.72037
The mean space ratio is 0.5342612445252637, the ratio threshold is0.5808996784550448

Time version: cjrand_v1-2026.06.23-20-21-03 is training
Updates 360, num timesteps 28880, FPS 101
Last 10 training episodes: mean/median reward 5.3/5.2, min/max reward 4.7/5.8
The dist entropy 4.10744, the value loss 358.99966, the action loss 14.59774
The mean space ratio is 0.5252104477965583, the ratio threshold is0.5808996784550448

Time version: cjrand_v1-2026.06.23-20-21-03 is training
Updates 380, num timesteps 30480, FPS 100
Last 10 training episodes: mean/median reward 5.1/5.1, min/max reward 4.1/5.7
The dist entropy 3.80006, the value loss 106.23482, the action loss 7.84613
The mean space ratio is 0.5068969276561093, the ratio threshold is0.5808996784550448

Time version: cjrand_v1-2026.06.23-20-21-03 is training
Updates 400, num timesteps 32080, FPS 100
Last 10 training episodes: mean/median reward 5.1/5.2, min/max reward 4.1/5.7
The dist entropy 3.99797, the value loss 82.14318, the action loss 10.74605
The mean space ratio is 0.5121794495468338, the ratio threshold is0.5808996784550448

Time version: cjrand_v1-2026.06.23-20-21-03 is training
Updates 420, num timesteps 33680, FPS 100
Last 10 training episodes: mean/median reward 5.3/5.4, min/max reward 4.7/5.7
The dist entropy 3.49843, the value loss 49.78873, the action loss 7.88446
The mean space ratio is 0.5303595971491187, the ratio threshold is0.5808996784550448

Time version: cjrand_v1-2026.06.23-20-21-03 is training
Updates 440, num timesteps 35280, FPS 99
Last 10 training episodes: mean/median reward 5.1/5.1, min/max reward 4.5/5.6
The dist entropy 4.01877, the value loss 6.58083, the action loss 4.32547
The mean space ratio is 0.5081128913412493, the ratio threshold is0.5808996784550448

Time version: cjrand_v1-2026.06.23-20-21-03 is training
Updates 460, num timesteps 36880, FPS 98
Last 10 training episodes: mean/median reward 5.1/5.1, min/max reward 4.5/5.6
The dist entropy 3.82946, the value loss 12.80079, the action loss 5.62207
The mean space ratio is 0.5107748213844995, the ratio threshold is0.5808996784550448

Time version: cjrand_v1-2026.06.23-20-21-03 is training
Updates 480, num timesteps 38480, FPS 98
Last 10 training episodes: mean/median reward 5.1/5.1, min/max reward 4.5/5.6
The dist entropy 3.75257, the value loss 10.42197, the action loss 6.95164
The mean space ratio is 0.509231316993634, the ratio threshold is0.5808996784550448

Time version: cjrand_v1-2026.06.23-20-21-03 is training
Updates 500, num timesteps 40080, FPS 98
Last 10 training episodes: mean/median reward 5.0/5.0, min/max reward 4.5/5.6
The dist entropy 4.12498, the value loss 5.95089, the action loss 3.89585
The mean space ratio is 0.5040129236221313, the ratio threshold is0.5808996784550448

Time version: cjrand_v1-2026.06.23-20-21-03 is training
Updates 520, num timesteps 41680, FPS 98
Last 10 training episodes: mean/median reward 5.1/5.3, min/max reward 4.5/5.6
The dist entropy 3.78925, the value loss 7.73774, the action loss 2.12101
The mean space ratio is 0.5128567170002808, the ratio threshold is0.5808996784550448

Time version: cjrand_v1-2026.06.23-20-21-03 is training
Updates 540, num timesteps 43280, FPS 97
Last 10 training episodes: mean/median reward 5.1/5.1, min/max reward 4.6/5.6
The dist entropy 3.80906, the value loss 6.67576, the action loss 4.73683
The mean space ratio is 0.5079002987376104, the ratio threshold is0.5808996784550448

Time version: cjrand_v1-2026.06.23-20-21-03 is training
Updates 560, num timesteps 44880, FPS 97
Last 10 training episodes: mean/median reward 5.1/5.1, min/max reward 4.6/5.6
The dist entropy 4.23051, the value loss 2.89152, the action loss 1.31568
The mean space ratio is 0.5067197174315652, the ratio threshold is0.5808996784550448

Time version: cjrand_v1-2026.06.23-20-21-03 is training
Updates 580, num timesteps 46480, FPS 97
Last 10 training episodes: mean/median reward 5.0/4.9, min/max reward 4.1/5.8
The dist entropy 3.73652, the value loss 3.35674, the action loss -0.28660
The mean space ratio is 0.49540587825638555, the ratio threshold is0.5808996784550448

Time version: cjrand_v1-2026.06.23-20-21-03 is training
Updates 600, num timesteps 48080, FPS 97
Last 10 training episodes: mean/median reward 5.0/5.0, min/max reward 4.1/5.8
The dist entropy 3.98870, the value loss 0.81176, the action loss -0.35728
The mean space ratio is 0.5017996973637492, the ratio threshold is0.5808996784550448

Time version: cjrand_v1-2026.06.23-20-21-03 is training
Updates 620, num timesteps 49680, FPS 96
Last 10 training episodes: mean/median reward 5.1/5.0, min/max reward 4.6/5.6
The dist entropy 3.84136, the value loss 1.17074, the action loss -2.29896
The mean space ratio is 0.5055827929515392, the ratio threshold is0.5808996784550448

Time version: cjrand_v1-2026.06.23-20-21-03 is training
Updates 640, num timesteps 51280, FPS 96
Last 10 training episodes: mean/median reward 5.0/4.9, min/max reward 4.8/5.2
The dist entropy 3.89813, the value loss 0.23033, the action loss 0.31876
The mean space ratio is 0.4988327174376696, the ratio threshold is0.5808996784550448

Time version: cjrand_v1-2026.06.23-20-21-03 is training
Updates 660, num timesteps 52880, FPS 96
Last 10 training episodes: mean/median reward 5.2/5.2, min/max reward 4.6/6.1
The dist entropy 3.72657, the value loss 0.09397, the action loss 0.16966
The mean space ratio is 0.5180958297571788, the ratio threshold is0.6052910542599858

Time version: cjrand_v1-2026.06.23-20-21-03 is training
Updates 680, num timesteps 54480, FPS 96
Last 10 training episodes: mean/median reward 5.1/5.2, min/max reward 4.1/6.1
The dist entropy 3.95853, the value loss 0.06688, the action loss 0.23568
The mean space ratio is 0.5135326039896657, the ratio threshold is0.6052910542599858

Time version: cjrand_v1-2026.06.23-20-21-03 is training
Updates 700, num timesteps 56080, FPS 96
Last 10 training episodes: mean/median reward 5.2/5.4, min/max reward 3.9/6.1
The dist entropy 3.99498, the value loss 0.05598, the action loss 0.02985
The mean space ratio is 0.5173658098066847, the ratio threshold is0.6052910542599858

Time version: cjrand_v1-2026.06.23-20-21-03 is training
Updates 720, num timesteps 57680, FPS 96
Last 10 training episodes: mean/median reward 5.0/5.3, min/max reward 3.9/5.6
The dist entropy 3.77196, the value loss 0.05220, the action loss 0.19560
The mean space ratio is 0.5035033884622158, the ratio threshold is0.6052910542599858

Time version: cjrand_v1-2026.06.23-20-21-03 is training
Updates 740, num timesteps 59280, FPS 96
Last 10 training episodes: mean/median reward 5.2/5.2, min/max reward 4.7/5.4
The dist entropy 4.06851, the value loss 0.03944, the action loss 0.10108
The mean space ratio is 0.519419135414809, the ratio threshold is0.6052910542599858

Time version: cjrand_v1-2026.06.23-20-21-03 is training
Updates 760, num timesteps 60880, FPS 96
Last 10 training episodes: mean/median reward 5.0/5.1, min/max reward 3.7/5.4
The dist entropy 3.92680, the value loss 0.09417, the action loss -0.22033
The mean space ratio is 0.4960666802523036, the ratio threshold is0.6052910542599858

Time version: cjrand_v1-2026.06.23-20-21-03 is training
Updates 780, num timesteps 62480, FPS 95
Last 10 training episodes: mean/median reward 4.9/5.0, min/max reward 3.7/5.4
The dist entropy 3.94243, the value loss 0.04440, the action loss -0.15515
The mean space ratio is 0.48700390739304317, the ratio threshold is0.6052910542599858

Time version: cjrand_v1-2026.06.23-20-21-03 is training
Updates 800, num timesteps 64080, FPS 95
Last 10 training episodes: mean/median reward 4.9/4.9, min/max reward 4.6/5.4
The dist entropy 4.04847, the value loss 0.03904, the action loss -0.29405
The mean space ratio is 0.49063462377823885, the ratio threshold is0.6052910542599858

Time version: cjrand_v1-2026.06.23-20-21-03 is training
Updates 820, num timesteps 65680, FPS 95
Last 10 training episodes: mean/median reward 4.9/4.9, min/max reward 4.1/5.5
The dist entropy 3.72512, the value loss 0.01826, the action loss -0.06350
The mean space ratio is 0.4893959977040689, the ratio threshold is0.6052910542599858

Time version: cjrand_v1-2026.06.23-20-21-03 is training
Updates 840, num timesteps 67280, FPS 95
Last 10 training episodes: mean/median reward 5.0/5.1, min/max reward 4.1/5.8
The dist entropy 3.76164, the value loss 0.02266, the action loss -0.12348
The mean space ratio is 0.499371317325905, the ratio threshold is0.6052910542599858

Time version: cjrand_v1-2026.06.23-20-21-03 is training
Updates 860, num timesteps 68880, FPS 95
Last 10 training episodes: mean/median reward 5.1/5.0, min/max reward 4.4/5.8
The dist entropy 3.87223, the value loss 0.08190, the action loss -0.10868
The mean space ratio is 0.5117029508709908, the ratio threshold is0.6052910542599858

Time version: cjrand_v1-2026.06.23-20-21-03 is training
Updates 880, num timesteps 70480, FPS 95
Last 10 training episodes: mean/median reward 5.2/5.1, min/max reward 4.6/6.0
The dist entropy 4.03387, the value loss 0.02679, the action loss 0.11170
The mean space ratio is 0.5183466850245992, the ratio threshold is0.6052910542599858

Time version: cjrand_v1-2026.06.23-20-21-03 is training
Updates 900, num timesteps 72080, FPS 95
Last 10 training episodes: mean/median reward 5.2/5.1, min/max reward 4.4/6.0
The dist entropy 3.97056, the value loss 0.02420, the action loss 0.10090
The mean space ratio is 0.515759895931805, the ratio threshold is0.6052910542599858

Time version: cjrand_v1-2026.06.23-20-21-03 is training
Updates 920, num timesteps 73680, FPS 95
Last 10 training episodes: mean/median reward 5.1/5.0, min/max reward 4.4/6.0
The dist entropy 3.66154, the value loss 0.02029, the action loss 0.09718
The mean space ratio is 0.5081144975577792, the ratio threshold is0.6052910542599858

Time version: cjrand_v1-2026.06.23-20-21-03 is training
Updates 940, num timesteps 75280, FPS 95
Last 10 training episodes: mean/median reward 4.9/5.0, min/max reward 4.4/5.4
The dist entropy 3.87808, the value loss 0.01577, the action loss 0.09472
The mean space ratio is 0.49466769965700796, the ratio threshold is0.6052910542599858

Time version: cjrand_v1-2026.06.23-20-21-03 is training
Updates 960, num timesteps 76880, FPS 95
Last 10 training episodes: mean/median reward 4.9/4.9, min/max reward 4.4/5.4
The dist entropy 3.96521, the value loss 0.02009, the action loss 0.06179
The mean space ratio is 0.48941777167258155, the ratio threshold is0.6052910542599858

Time version: cjrand_v1-2026.06.23-20-21-03 is training
Updates 980, num timesteps 78480, FPS 95
Last 10 training episodes: mean/median reward 4.9/4.9, min/max reward 4.6/5.4
The dist entropy 3.73014, the value loss 0.02036, the action loss -0.21769
The mean space ratio is 0.4942422037385402, the ratio threshold is0.6052910542599858

Time version: cjrand_v1-2026.06.23-20-21-03 is training
Updates 1000, num timesteps 80080, FPS 95
Last 10 training episodes: mean/median reward 4.8/4.9, min/max reward 3.9/5.3
The dist entropy 3.95746, the value loss 0.02106, the action loss -0.00690
The mean space ratio is 0.4785208788336564, the ratio threshold is0.6052910542599858

Time version: cjrand_v1-2026.06.23-20-21-03 is training
Updates 1020, num timesteps 81680, FPS 95
Last 10 training episodes: mean/median reward 4.8/4.8, min/max reward 3.9/5.3
The dist entropy 4.01150, the value loss 0.01416, the action loss 0.25613
The mean space ratio is 0.4758617257388929, the ratio threshold is0.6052910542599858

Time version: cjrand_v1-2026.06.23-20-21-03 is training
Updates 1040, num timesteps 83280, FPS 95
Last 10 training episodes: mean/median reward 4.9/4.9, min/max reward 3.9/5.6
The dist entropy 4.13916, the value loss 0.02238, the action loss 0.35608
The mean space ratio is 0.4868052285221715, the ratio threshold is0.6052910542599858

Time version: cjrand_v1-2026.06.23-20-21-03 is training
Updates 1060, num timesteps 84880, FPS 94
Last 10 training episodes: mean/median reward 5.2/5.3, min/max reward 4.4/5.8
The dist entropy 3.71681, the value loss 0.03746, the action loss 0.01582
The mean space ratio is 0.521312334552904, the ratio threshold is0.6052910542599858

Time version: cjrand_v1-2026.06.23-20-21-03 is training
Updates 1080, num timesteps 86480, FPS 94
Last 10 training episodes: mean/median reward 5.2/5.2, min/max reward 4.5/5.8
The dist entropy 3.89972, the value loss 0.02443, the action loss -0.04805
The mean space ratio is 0.5194198843402167, the ratio threshold is0.6052910542599858

Time version: cjrand_v1-2026.06.23-20-21-03 is training
Updates 1100, num timesteps 88080, FPS 94
Last 10 training episodes: mean/median reward 5.3/5.2, min/max reward 4.7/6.0
The dist entropy 3.72677, the value loss 0.02729, the action loss -0.12593
The mean space ratio is 0.5272385120324791, the ratio threshold is0.6052910542599858

Time version: cjrand_v1-2026.06.23-20-21-03 is training
Updates 1120, num timesteps 89680, FPS 94
Last 10 training episodes: mean/median reward 4.9/5.1, min/max reward 4.0/5.5
The dist entropy 3.98239, the value loss 0.01620, the action loss 0.10789
The mean space ratio is 0.4875112901645403, the ratio threshold is0.6052910542599858

Time version: cjrand_v1-2026.06.23-20-21-03 is training
Updates 1140, num timesteps 91280, FPS 94
Last 10 training episodes: mean/median reward 5.2/5.3, min/max reward 4.0/5.6
The dist entropy 3.93180, the value loss 0.01076, the action loss 0.04438
The mean space ratio is 0.5155022382024675, the ratio threshold is0.6052910542599858

[best] PCT-best.pt updated  mean_ratio=0.5349  @update 1160
Time version: cjrand_v1-2026.06.23-20-21-03 is training
Updates 1160, num timesteps 92880, FPS 94
Last 10 training episodes: mean/median reward 5.3/5.4, min/max reward 4.5/5.6
The dist entropy 3.86137, the value loss 0.03083, the action loss -0.08795
The mean space ratio is 0.534920576415211, the ratio threshold is0.6052910542599858

Time version: cjrand_v1-2026.06.23-20-21-03 is training
Updates 1180, num timesteps 94480, FPS 94
Last 10 training episodes: mean/median reward 5.3/5.4, min/max reward 4.5/5.6
The dist entropy 3.99729, the value loss 0.01424, the action loss 0.17318
The mean space ratio is 0.5334132880510141, the ratio threshold is0.6052910542599858

Time version: cjrand_v1-2026.06.23-20-21-03 is training
Updates 1200, num timesteps 96080, FPS 94
Last 10 training episodes: mean/median reward 5.1/5.1, min/max reward 4.4/5.5
The dist entropy 3.74170, the value loss 0.02380, the action loss -0.00083
The mean space ratio is 0.508838823882242, the ratio threshold is0.6052910542599858

Time version: cjrand_v1-2026.06.23-20-21-03 is training
Updates 1220, num timesteps 97680, FPS 94
Last 10 training episodes: mean/median reward 5.0/5.0, min/max reward 4.4/5.3
The dist entropy 3.58918, the value loss 0.01884, the action loss 0.01051
The mean space ratio is 0.496246396950384, the ratio threshold is0.6052910542599858

Time version: cjrand_v1-2026.06.23-20-21-03 is training
Updates 1240, num timesteps 99280, FPS 94
Last 10 training episodes: mean/median reward 5.2/5.2, min/max reward 4.5/6.1
The dist entropy 3.81141, the value loss 0.04738, the action loss -0.23056
The mean space ratio is 0.516857921694095, the ratio threshold is0.6052910542599858

Time version: cjrand_v1-2026.06.23-20-21-03 is training
Updates 1260, num timesteps 100880, FPS 94
Last 10 training episodes: mean/median reward 5.2/5.2, min/max reward 4.5/6.1
The dist entropy 3.88985, the value loss 0.03161, the action loss -0.16736
The mean space ratio is 0.5215957819377383, the ratio threshold is0.6052910542599858

Time version: cjrand_v1-2026.06.23-20-21-03 is training
Updates 1280, num timesteps 102480, FPS 94
Last 10 training episodes: mean/median reward 5.1/5.2, min/max reward 4.3/6.1
The dist entropy 4.21954, the value loss 0.01609, the action loss -0.12116
The mean space ratio is 0.5116806614918014, the ratio threshold is0.6052910542599858

Time version: cjrand_v1-2026.06.23-20-21-03 is training
Updates 1300, num timesteps 104080, FPS 94
Last 10 training episodes: mean/median reward 5.0/5.1, min/max reward 4.3/5.5
The dist entropy 3.47439, the value loss 0.05335, the action loss -0.08385
The mean space ratio is 0.5012672008025149, the ratio threshold is0.6052910542599858

Time version: cjrand_v1-2026.06.23-20-21-03 is training
Updates 1320, num timesteps 105680, FPS 94
Last 10 training episodes: mean/median reward 4.9/4.8, min/max reward 4.3/5.5
The dist entropy 3.89671, the value loss 0.01697, the action loss 0.04430
The mean space ratio is 0.4889971895046531, the ratio threshold is0.6052910542599858

Time version: cjrand_v1-2026.06.23-20-21-03 is training
Updates 1340, num timesteps 107280, FPS 94
Last 10 training episodes: mean/median reward 5.2/5.1, min/max reward 4.7/6.0
The dist entropy 3.93842, the value loss 0.02494, the action loss 0.22781
The mean space ratio is 0.5157256645136823, the ratio threshold is0.6052910542599858

Time version: cjrand_v1-2026.06.23-20-21-03 is training
Updates 1360, num timesteps 108880, FPS 94
Last 10 training episodes: mean/median reward 5.0/4.9, min/max reward 4.1/6.0
The dist entropy 4.10452, the value loss 0.06491, the action loss -0.38976
The mean space ratio is 0.5034424050896118, the ratio threshold is0.6052910542599858

Time version: cjrand_v1-2026.06.23-20-21-03 is training
Updates 1380, num timesteps 110480, FPS 94
Last 10 training episodes: mean/median reward 5.0/5.0, min/max reward 4.1/6.0
The dist entropy 3.65068, the value loss 0.09534, the action loss 0.27528
The mean space ratio is 0.4960174018607787, the ratio threshold is0.6052910542599858

Time version: cjrand_v1-2026.06.23-20-21-03 is training
Updates 1400, num timesteps 112080, FPS 94
Last 10 training episodes: mean/median reward 5.2/5.0, min/max reward 4.6/5.8
The dist entropy 4.06979, the value loss 0.05919, the action loss 0.37024
The mean space ratio is 0.5185524380393327, the ratio threshold is0.6052910542599858

Time version: cjrand_v1-2026.06.23-20-21-03 is training
Updates 1420, num timesteps 113680, FPS 94
Last 10 training episodes: mean/median reward 5.3/5.4, min/max reward 4.3/5.8
The dist entropy 3.81513, the value loss 0.97866, the action loss -1.26122
The mean space ratio is 0.5310211338495214, the ratio threshold is0.6052910542599858

Time version: cjrand_v1-2026.06.23-20-21-03 is training
Updates 1440, num timesteps 115280, FPS 94
Last 10 training episodes: mean/median reward 5.3/5.4, min/max reward 4.3/5.9
The dist entropy 4.07673, the value loss 0.15070, the action loss -0.48815
The mean space ratio is 0.5265740959131469, the ratio threshold is0.6052910542599858

Time version: cjrand_v1-2026.06.23-20-21-03 is training
Updates 1460, num timesteps 116880, FPS 94
Last 10 training episodes: mean/median reward 5.2/5.3, min/max reward 4.3/5.9
The dist entropy 3.82934, the value loss 0.02810, the action loss -0.07829
The mean space ratio is 0.5208233699686826, the ratio threshold is0.6052910542599858

Time version: cjrand_v1-2026.06.23-20-21-03 is training
Updates 1480, num timesteps 118480, FPS 94
Last 10 training episodes: mean/median reward 5.0/4.9, min/max reward 4.5/6.1
The dist entropy 3.63472, the value loss 0.73263, the action loss 1.11522
The mean space ratio is 0.5040105969175697, the ratio threshold is0.6091416584079462

Time version: cjrand_v1-2026.06.23-20-21-03 is training
Updates 1500, num timesteps 120080, FPS 94
Last 10 training episodes: mean/median reward 4.9/4.9, min/max reward 4.5/5.3
The dist entropy 4.02171, the value loss 0.37515, the action loss 0.48164
The mean space ratio is 0.48764032434299587, the ratio threshold is0.6091416584079462

Time version: cjrand_v1-2026.06.23-20-21-03 is training
Updates 1520, num timesteps 121680, FPS 94
Last 10 training episodes: mean/median reward 5.0/5.2, min/max reward 4.4/5.6
The dist entropy 3.83458, the value loss 1.35875, the action loss -1.59306
The mean space ratio is 0.5034679027906308, the ratio threshold is0.6091416584079462

Time version: cjrand_v1-2026.06.23-20-21-03 is training
Updates 1540, num timesteps 123280, FPS 94
Last 10 training episodes: mean/median reward 5.0/5.2, min/max reward 4.4/5.6
The dist entropy 4.03926, the value loss 1.35018, the action loss -0.45881
The mean space ratio is 0.49972510008066884, the ratio threshold is0.6091416584079462

Time version: cjrand_v1-2026.06.23-20-21-03 is training
Updates 1560, num timesteps 124880, FPS 94
Last 10 training episodes: mean/median reward 4.8/5.2, min/max reward 2.9/5.6
The dist entropy 4.06179, the value loss 1.33765, the action loss 1.54260
The mean space ratio is 0.4813420334650824, the ratio threshold is0.6091416584079462

Time version: cjrand_v1-2026.06.23-20-21-03 is training
Updates 1580, num timesteps 126480, FPS 94
Last 10 training episodes: mean/median reward 4.6/4.7, min/max reward 2.9/5.6
The dist entropy 4.09527, the value loss 1.24170, the action loss 2.20692
The mean space ratio is 0.46152071901261793, the ratio threshold is0.6091416584079462

Time version: cjrand_v1-2026.06.23-20-21-03 is training
Updates 1600, num timesteps 128080, FPS 94
Last 10 training episodes: mean/median reward 4.8/4.9, min/max reward 3.9/5.5
The dist entropy 3.97977, the value loss 1.67712, the action loss -0.89360
The mean space ratio is 0.48020975036757685, the ratio threshold is0.6091416584079462

Time version: cjrand_v1-2026.06.23-20-21-03 is training
Updates 1620, num timesteps 129680, FPS 94
Last 10 training episodes: mean/median reward 5.2/5.1, min/max reward 4.5/6.0
The dist entropy 4.02648, the value loss 1.05368, the action loss -1.50118
The mean space ratio is 0.5189858085397631, the ratio threshold is0.6091416584079462

Time version: cjrand_v1-2026.06.23-20-21-03 is training
Updates 1640, num timesteps 131280, FPS 94
Last 10 training episodes: mean/median reward 4.7/5.0, min/max reward 1.1/6.0
The dist entropy 3.92668, the value loss 1.07318, the action loss -0.88867
The mean space ratio is 0.47482886917243405, the ratio threshold is0.6091416584079462

Time version: cjrand_v1-2026.06.23-20-21-03 is training
Updates 1660, num timesteps 132880, FPS 94
Last 10 training episodes: mean/median reward 4.8/5.4, min/max reward 1.1/6.0
The dist entropy 3.98034, the value loss 0.77322, the action loss -0.45350
The mean space ratio is 0.48439775397715473, the ratio threshold is0.6091416584079462

Time version: cjrand_v1-2026.06.23-20-21-03 is training
Updates 1680, num timesteps 134480, FPS 94
Last 10 training episodes: mean/median reward 5.2/5.3, min/max reward 4.5/5.6
The dist entropy 4.16277, the value loss 1.51952, the action loss 1.17336
The mean space ratio is 0.5159091144150745, the ratio threshold is0.6091416584079462

Time version: cjrand_v1-2026.06.23-20-21-03 is training
Updates 1700, num timesteps 136080, FPS 94
Last 10 training episodes: mean/median reward 5.1/5.2, min/max reward 4.7/5.6
The dist entropy 3.82367, the value loss 1.81032, the action loss 1.79689
The mean space ratio is 0.513634299934407, the ratio threshold is0.6091416584079462

Time version: cjrand_v1-2026.06.23-20-21-03 is training
Updates 1720, num timesteps 137680, FPS 94
Last 10 training episodes: mean/median reward 5.2/5.1, min/max reward 4.7/6.0
The dist entropy 4.09272, the value loss 0.79391, the action loss -0.34278
The mean space ratio is 0.5241143002004672, the ratio threshold is0.6091416584079462

Time version: cjrand_v1-2026.06.23-20-21-03 is training
Updates 1740, num timesteps 139280, FPS 94
Last 10 training episodes: mean/median reward 5.0/5.1, min/max reward 3.7/6.0
The dist entropy 4.02901, the value loss 0.59627, the action loss -0.79581
The mean space ratio is 0.5022784759119153, the ratio threshold is0.6091416584079462

Time version: cjrand_v1-2026.06.23-20-21-03 is training
Updates 1760, num timesteps 140880, FPS 94
Last 10 training episodes: mean/median reward 4.9/5.1, min/max reward 3.7/5.6
The dist entropy 4.00164, the value loss 0.20694, the action loss 0.21972
The mean space ratio is 0.49206863390666744, the ratio threshold is0.6091416584079462

Time version: cjrand_v1-2026.06.23-20-21-03 is training
Updates 1780, num timesteps 142480, FPS 94
Last 10 training episodes: mean/median reward 4.9/4.9, min/max reward 4.3/5.6
The dist entropy 4.04934, the value loss 0.24357, the action loss 0.51757
The mean space ratio is 0.49214452467970543, the ratio threshold is0.6091416584079462

Time version: cjrand_v1-2026.06.23-20-21-03 is training
Updates 1800, num timesteps 144080, FPS 94
Last 10 training episodes: mean/median reward 5.1/5.0, min/max reward 4.4/5.6
The dist entropy 3.76201, the value loss 0.32255, the action loss 0.26168
The mean space ratio is 0.5064432107845942, the ratio threshold is0.6091416584079462

Time version: cjrand_v1-2026.06.23-20-21-03 is training
Updates 1820, num timesteps 145680, FPS 94
Last 10 training episodes: mean/median reward 5.0/5.0, min/max reward 4.6/5.6
The dist entropy 3.87793, the value loss 0.38226, the action loss -0.74919
The mean space ratio is 0.4977677119873464, the ratio threshold is0.6091416584079462

Time version: cjrand_v1-2026.06.23-20-21-03 is training
Updates 1840, num timesteps 147280, FPS 94
Last 10 training episodes: mean/median reward 5.0/5.0, min/max reward 4.5/5.5
The dist entropy 4.15884, the value loss 0.11412, the action loss -0.44733
The mean space ratio is 0.49592410901846995, the ratio threshold is0.6091416584079462

Time version: cjrand_v1-2026.06.23-20-21-03 is training
Updates 1860, num timesteps 148880, FPS 94
Last 10 training episodes: mean/median reward 5.0/5.1, min/max reward 4.5/5.4
The dist entropy 3.68965, the value loss 0.17410, the action loss -0.04757
The mean space ratio is 0.5011904253753523, the ratio threshold is0.6091416584079462

Time version: cjrand_v1-2026.06.23-20-21-03 is training
Updates 1880, num timesteps 150480, FPS 94
Last 10 training episodes: mean/median reward 5.1/5.1, min/max reward 4.6/5.6
The dist entropy 3.99885, the value loss 0.05195, the action loss 0.36615
The mean space ratio is 0.5121368816342204, the ratio threshold is0.6091416584079462

Time version: cjrand_v1-2026.06.23-20-21-03 is training
Updates 1900, num timesteps 152080, FPS 94
Last 10 training episodes: mean/median reward 5.0/5.1, min/max reward 4.5/5.4
The dist entropy 4.11602, the value loss 0.05015, the action loss 0.45392
The mean space ratio is 0.5026405163715284, the ratio threshold is0.6091416584079462

Time version: cjrand_v1-2026.06.23-20-21-03 is training
Updates 1920, num timesteps 153680, FPS 93
Last 10 training episodes: mean/median reward 5.0/5.1, min/max reward 4.5/5.4
The dist entropy 3.99692, the value loss 0.02763, the action loss 0.08495
The mean space ratio is 0.4997439003036668, the ratio threshold is0.6091416584079462

Time version: cjrand_v1-2026.06.23-20-21-03 is training
Updates 1940, num timesteps 155280, FPS 94
Last 10 training episodes: mean/median reward 5.1/5.0, min/max reward 4.7/5.6
The dist entropy 3.97122, the value loss 0.15388, the action loss -0.11011
The mean space ratio is 0.51146771672902, the ratio threshold is0.6091416584079462

Time version: cjrand_v1-2026.06.23-20-21-03 is training
Updates 1960, num timesteps 156880, FPS 93
Last 10 training episodes: mean/median reward 5.1/5.0, min/max reward 4.8/5.6
The dist entropy 3.99935, the value loss 0.02846, the action loss -0.24426
The mean space ratio is 0.5142709834522257, the ratio threshold is0.6091416584079462

Time version: cjrand_v1-2026.06.23-20-21-03 is training
Updates 1980, num timesteps 158480, FPS 93
Last 10 training episodes: mean/median reward 5.1/5.2, min/max reward 4.3/5.6
The dist entropy 3.99179, the value loss 0.11033, the action loss 0.39493
The mean space ratio is 0.5127867578169952, the ratio threshold is0.6091416584079462

Time version: cjrand_v1-2026.06.23-20-21-03 is training
Updates 2000, num timesteps 160080, FPS 93
Last 10 training episodes: mean/median reward 4.9/5.0, min/max reward 4.2/5.8
The dist entropy 3.94592, the value loss 0.05474, the action loss 0.21988
The mean space ratio is 0.49359733239573733, the ratio threshold is0.6091416584079462

Time version: cjrand_v1-2026.06.23-20-21-03 is training
Updates 2020, num timesteps 161680, FPS 93
Last 10 training episodes: mean/median reward 4.8/4.7, min/max reward 4.2/5.8
The dist entropy 3.88540, the value loss 0.09803, the action loss -0.16360
The mean space ratio is 0.48112764041796324, the ratio threshold is0.6091416584079462

Time version: cjrand_v1-2026.06.23-20-21-03 is training
Updates 2040, num timesteps 163280, FPS 93
Last 10 training episodes: mean/median reward 5.0/5.1, min/max reward 4.2/5.8
The dist entropy 4.15051, the value loss 0.14184, the action loss -0.55824
The mean space ratio is 0.49904086607558024, the ratio threshold is0.6091416584079462

Time version: cjrand_v1-2026.06.23-20-21-03 is training
Updates 2060, num timesteps 164880, FPS 93
Last 10 training episodes: mean/median reward 5.0/5.1, min/max reward 4.4/5.7
The dist entropy 4.04161, the value loss 0.09092, the action loss -0.39970
The mean space ratio is 0.500141079115495, the ratio threshold is0.6091416584079462

Time version: cjrand_v1-2026.06.23-20-21-03 is training
Updates 2080, num timesteps 166480, FPS 93
Last 10 training episodes: mean/median reward 4.8/4.7, min/max reward 4.4/5.5
The dist entropy 3.78228, the value loss 0.06987, the action loss 0.59207
The mean space ratio is 0.480681701535359, the ratio threshold is0.6091416584079462

Time version: cjrand_v1-2026.06.23-20-21-03 is training
Updates 2100, num timesteps 168080, FPS 93
Last 10 training episodes: mean/median reward 5.1/5.1, min/max reward 4.4/5.9
The dist entropy 3.58986, the value loss 0.16046, the action loss -0.00887
The mean space ratio is 0.5062789321246246, the ratio threshold is0.6091416584079462

Time version: cjrand_v1-2026.06.23-20-21-03 is training
Updates 2120, num timesteps 169680, FPS 93
Last 10 training episodes: mean/median reward 5.2/5.2, min/max reward 4.5/6.2
The dist entropy 3.62306, the value loss 0.55403, the action loss -1.15009
The mean space ratio is 0.5189769007577251, the ratio threshold is0.6193501264862719

Time version: cjrand_v1-2026.06.23-20-21-03 is training
Updates 2140, num timesteps 171280, FPS 93
Last 10 training episodes: mean/median reward 5.1/5.2, min/max reward 4.5/6.2
The dist entropy 3.94304, the value loss 0.02040, the action loss -0.20206
The mean space ratio is 0.5134085181038827, the ratio threshold is0.6193501264862719

Time version: cjrand_v1-2026.06.23-20-21-03 is training
Updates 2160, num timesteps 172880, FPS 93
Last 10 training episodes: mean/median reward 4.9/4.8, min/max reward 4.7/5.4
The dist entropy 3.93566, the value loss 0.17746, the action loss 0.10971
The mean space ratio is 0.4876524740351985, the ratio threshold is0.6193501264862719

Time version: cjrand_v1-2026.06.23-20-21-03 is training
Updates 2180, num timesteps 174480, FPS 93
Last 10 training episodes: mean/median reward 5.0/4.8, min/max reward 4.7/5.9
The dist entropy 3.97890, the value loss 0.20647, the action loss 0.28818
The mean space ratio is 0.5011279225858549, the ratio threshold is0.6193501264862719

Time version: cjrand_v1-2026.06.23-20-21-03 is training
Updates 2200, num timesteps 176080, FPS 93
Last 10 training episodes: mean/median reward 5.0/4.9, min/max reward 4.5/5.9
The dist entropy 4.13780, the value loss 0.37006, the action loss -0.45212
The mean space ratio is 0.5030238161262124, the ratio threshold is0.6193501264862719

Time version: cjrand_v1-2026.06.23-20-21-03 is training
Updates 2220, num timesteps 177680, FPS 93
Last 10 training episodes: mean/median reward 5.0/5.1, min/max reward 4.5/5.4
The dist entropy 3.91107, the value loss 0.36565, the action loss -1.01583
The mean space ratio is 0.5027845806894202, the ratio threshold is0.6193501264862719

Time version: cjrand_v1-2026.06.23-20-21-03 is training
Updates 2240, num timesteps 179280, FPS 93
Last 10 training episodes: mean/median reward 4.9/5.1, min/max reward 3.7/5.7
The dist entropy 4.02802, the value loss 0.05582, the action loss -0.12136
The mean space ratio is 0.4859927255820483, the ratio threshold is0.6193501264862719

Time version: cjrand_v1-2026.06.23-20-21-03 is training
Updates 2260, num timesteps 180880, FPS 93
Last 10 training episodes: mean/median reward 4.9/5.0, min/max reward 3.7/5.7
The dist entropy 3.94892, the value loss 0.43381, the action loss 1.09201
The mean space ratio is 0.48677502172278864, the ratio threshold is0.6193501264862719

Time version: cjrand_v1-2026.06.23-20-21-03 is training
Updates 2280, num timesteps 182480, FPS 93
Last 10 training episodes: mean/median reward 5.2/5.3, min/max reward 4.6/5.6
The dist entropy 4.05546, the value loss 0.13222, the action loss 0.07613
The mean space ratio is 0.5194835718553514, the ratio threshold is0.6193501264862719

Time version: cjrand_v1-2026.06.23-20-21-03 is training
Updates 2300, num timesteps 184080, FPS 93
Last 10 training episodes: mean/median reward 5.2/5.2, min/max reward 4.6/5.6
The dist entropy 3.77841, the value loss 0.27045, the action loss -0.75778
The mean space ratio is 0.5179853729213277, the ratio threshold is0.6193501264862719

Time version: cjrand_v1-2026.06.23-20-21-03 is training
Updates 2320, num timesteps 185680, FPS 93
Last 10 training episodes: mean/median reward 4.9/4.8, min/max reward 4.3/5.6
The dist entropy 3.95091, the value loss 0.09392, the action loss -0.02279
The mean space ratio is 0.49153588145064814, the ratio threshold is0.6193501264862719

Time version: cjrand_v1-2026.06.23-20-21-03 is training
Updates 2340, num timesteps 187280, FPS 93
Last 10 training episodes: mean/median reward 4.7/4.6, min/max reward 4.3/5.4
The dist entropy 3.95133, the value loss 0.24023, the action loss 0.59674
The mean space ratio is 0.47317424404683217, the ratio threshold is0.6193501264862719

Time version: cjrand_v1-2026.06.23-20-21-03 is training
Updates 2360, num timesteps 188880, FPS 93
Last 10 training episodes: mean/median reward 5.0/5.0, min/max reward 4.4/5.6
The dist entropy 4.05942, the value loss 0.08851, the action loss 0.32626
The mean space ratio is 0.49751228681566806, the ratio threshold is0.6193501264862719

Time version: cjrand_v1-2026.06.23-20-21-03 is training
Updates 2380, num timesteps 190480, FPS 93
Last 10 training episodes: mean/median reward 4.9/4.9, min/max reward 4.3/5.6
The dist entropy 3.87567, the value loss 0.16092, the action loss -0.20754
The mean space ratio is 0.4899530340023338, the ratio threshold is0.6193501264862719

Time version: cjrand_v1-2026.06.23-20-21-03 is training
Updates 2400, num timesteps 192080, FPS 93
Last 10 training episodes: mean/median reward 4.9/4.9, min/max reward 4.3/5.6
The dist entropy 3.53919, the value loss 0.34011, the action loss -0.40451
The mean space ratio is 0.4919522884187598, the ratio threshold is0.6193501264862719

Time version: cjrand_v1-2026.06.23-20-21-03 is training
Updates 2420, num timesteps 193680, FPS 93
Last 10 training episodes: mean/median reward 4.9/4.9, min/max reward 4.3/5.4
The dist entropy 4.12849, the value loss 0.26513, the action loss 0.26766
The mean space ratio is 0.4917990497176846, the ratio threshold is0.6193501264862719

Time version: cjrand_v1-2026.06.23-20-21-03 is training
Updates 2440, num timesteps 195280, FPS 93
Last 10 training episodes: mean/median reward 5.2/5.3, min/max reward 4.3/5.8
The dist entropy 3.58066, the value loss 0.41916, the action loss 1.47134
The mean space ratio is 0.5154516762970637, the ratio threshold is0.6193501264862719

Time version: cjrand_v1-2026.06.23-20-21-03 is training
Updates 2460, num timesteps 196880, FPS 93
Last 10 training episodes: mean/median reward 4.8/5.0, min/max reward 2.1/5.8
The dist entropy 3.96854, the value loss 0.43836, the action loss -0.03034
The mean space ratio is 0.47853300918713215, the ratio threshold is0.6193501264862719

Time version: cjrand_v1-2026.06.23-20-21-03 is training
Updates 2480, num timesteps 198480, FPS 93
Last 10 training episodes: mean/median reward 4.7/5.0, min/max reward 2.1/5.6
The dist entropy 3.73400, the value loss 1.83330, the action loss -2.57815
The mean space ratio is 0.46747565833417076, the ratio threshold is0.6193501264862719

Time version: cjrand_v1-2026.06.23-20-21-03 is training
Updates 2500, num timesteps 200080, FPS 93
Last 10 training episodes: mean/median reward 4.9/5.0, min/max reward 4.3/5.3
The dist entropy 3.92847, the value loss 0.41901, the action loss -0.33865
The mean space ratio is 0.4913230891192952, the ratio threshold is0.6193501264862719

Time version: cjrand_v1-2026.06.23-20-21-03 is training
Updates 2520, num timesteps 201680, FPS 93
Last 10 training episodes: mean/median reward 5.2/5.2, min/max reward 4.5/5.6
The dist entropy 3.62899, the value loss 1.73980, the action loss 1.34582
The mean space ratio is 0.5165428727841624, the ratio threshold is0.6193501264862719

Time version: cjrand_v1-2026.06.23-20-21-03 is training
Updates 2540, num timesteps 203280, FPS 93
Last 10 training episodes: mean/median reward 5.0/5.1, min/max reward 3.9/5.6
The dist entropy 3.73393, the value loss 0.06730, the action loss 0.40146
The mean space ratio is 0.504403932258735, the ratio threshold is0.6193501264862719

Time version: cjrand_v1-2026.06.23-20-21-03 is training
Updates 2560, num timesteps 204880, FPS 93
Last 10 training episodes: mean/median reward 4.8/4.9, min/max reward 3.9/5.4
The dist entropy 4.12501, the value loss 1.00436, the action loss -1.16615
The mean space ratio is 0.4779649063112835, the ratio threshold is0.6193501264862719

Time version: cjrand_v1-2026.06.23-20-21-03 is training
Updates 2580, num timesteps 206480, FPS 93
Last 10 training episodes: mean/median reward 4.9/4.9, min/max reward 4.1/5.4
The dist entropy 3.60457, the value loss 0.48240, the action loss -1.35422
The mean space ratio is 0.48574250391970075, the ratio threshold is0.6193501264862719

Time version: cjrand_v1-2026.06.23-20-21-03 is training
Updates 2600, num timesteps 208080, FPS 93
Last 10 training episodes: mean/median reward 5.1/5.0, min/max reward 4.8/5.5
The dist entropy 4.04799, the value loss 0.09426, the action loss -0.20814
The mean space ratio is 0.5066080769961079, the ratio threshold is0.6193501264862719

Time version: cjrand_v1-2026.06.23-20-21-03 is training
Updates 2620, num timesteps 209680, FPS 93
Last 10 training episodes: mean/median reward 5.1/4.9, min/max reward 4.5/5.8
The dist entropy 3.85680, the value loss 0.16383, the action loss 0.44591
The mean space ratio is 0.5074533912395438, the ratio threshold is0.6193501264862719

Time version: cjrand_v1-2026.06.23-20-21-03 is training
Updates 2640, num timesteps 211280, FPS 93
Last 10 training episodes: mean/median reward 5.2/5.3, min/max reward 4.5/5.8
The dist entropy 3.73153, the value loss 0.13482, the action loss 0.03677
The mean space ratio is 0.5220861793280889, the ratio threshold is0.6193501264862719

Time version: cjrand_v1-2026.06.23-20-21-03 is training
Updates 2660, num timesteps 212880, FPS 93
Last 10 training episodes: mean/median reward 5.0/5.0, min/max reward 4.3/5.8
The dist entropy 4.17952, the value loss 0.03581, the action loss -0.07732
The mean space ratio is 0.4979662902758767, the ratio threshold is0.6193501264862719

Time version: cjrand_v1-2026.06.23-20-21-03 is training
Updates 2680, num timesteps 214480, FPS 93
Last 10 training episodes: mean/median reward 5.0/5.1, min/max reward 4.2/5.4
The dist entropy 3.66220, the value loss 0.03935, the action loss 0.09478
The mean space ratio is 0.4973245880741626, the ratio threshold is0.6193501264862719

Time version: cjrand_v1-2026.06.23-20-21-03 is training
Updates 2700, num timesteps 216080, FPS 93
Last 10 training episodes: mean/median reward 5.0/5.1, min/max reward 4.2/5.6
The dist entropy 4.15193, the value loss 0.00792, the action loss -0.02466
The mean space ratio is 0.4994442472137511, the ratio threshold is0.6193501264862719

Time version: cjrand_v1-2026.06.23-20-21-03 is training
Updates 2720, num timesteps 217680, FPS 93
Last 10 training episodes: mean/median reward 5.0/5.0, min/max reward 4.2/5.6
The dist entropy 3.84665, the value loss 0.06518, the action loss -0.03109
The mean space ratio is 0.4972821910285701, the ratio threshold is0.6193501264862719

Time version: cjrand_v1-2026.06.23-20-21-03 is training
Updates 2740, num timesteps 219280, FPS 93
Last 10 training episodes: mean/median reward 4.7/4.9, min/max reward 2.2/5.4
The dist entropy 3.82527, the value loss 0.05016, the action loss -0.25876
The mean space ratio is 0.4711580132901669, the ratio threshold is0.6193501264862719

Time version: cjrand_v1-2026.06.23-20-21-03 is training
Updates 2760, num timesteps 220880, FPS 93
Last 10 training episodes: mean/median reward 4.9/5.1, min/max reward 4.1/5.2
The dist entropy 4.17968, the value loss 0.05630, the action loss -0.09282
The mean space ratio is 0.4898629636312523, the ratio threshold is0.6193501264862719

Time version: cjrand_v1-2026.06.23-20-21-03 is training
Updates 2780, num timesteps 222480, FPS 93
Last 10 training episodes: mean/median reward 5.1/5.0, min/max reward 4.7/5.7
The dist entropy 3.66032, the value loss 0.07881, the action loss 0.02913
The mean space ratio is 0.5073826244555414, the ratio threshold is0.6193501264862719

Time version: cjrand_v1-2026.06.23-20-21-03 is training
Updates 2800, num timesteps 224080, FPS 93
Last 10 training episodes: mean/median reward 5.0/4.8, min/max reward 4.5/5.7
The dist entropy 3.74254, the value loss 0.08693, the action loss -0.11132
The mean space ratio is 0.49659811466224485, the ratio threshold is0.6193501264862719

Time version: cjrand_v1-2026.06.23-20-21-03 is training
Updates 2820, num timesteps 225680, FPS 93
Last 10 training episodes: mean/median reward 5.0/5.0, min/max reward 4.5/5.7
The dist entropy 3.92285, the value loss 0.05285, the action loss -0.11154
The mean space ratio is 0.5038832996153583, the ratio threshold is0.6193501264862719

Time version: cjrand_v1-2026.06.23-20-21-03 is training
Updates 2840, num timesteps 227280, FPS 93
Last 10 training episodes: mean/median reward 4.8/4.9, min/max reward 4.0/5.3
The dist entropy 3.91595, the value loss 0.03610, the action loss 0.11666
The mean space ratio is 0.4839037143340955, the ratio threshold is0.6193501264862719

Time version: cjrand_v1-2026.06.23-20-21-03 is training
Updates 2860, num timesteps 228880, FPS 93
Last 10 training episodes: mean/median reward 4.7/4.9, min/max reward 4.0/5.1
The dist entropy 3.88279, the value loss 0.02094, the action loss 0.21707
The mean space ratio is 0.4737852009929716, the ratio threshold is0.6193501264862719

Time version: cjrand_v1-2026.06.23-20-21-03 is training
Updates 2880, num timesteps 230480, FPS 93
Last 10 training episodes: mean/median reward 4.8/4.9, min/max reward 4.3/5.3
The dist entropy 4.04353, the value loss 0.19978, the action loss -0.49608
The mean space ratio is 0.48410913959269725, the ratio threshold is0.6193501264862719

Time version: cjrand_v1-2026.06.23-20-21-03 is training
Updates 2900, num timesteps 232080, FPS 93
Last 10 training episodes: mean/median reward 4.9/4.9, min/max reward 4.3/5.5
The dist entropy 3.66486, the value loss 0.15218, the action loss -0.40107
The mean space ratio is 0.49100777542168894, the ratio threshold is0.6193501264862719

Time version: cjrand_v1-2026.06.23-20-21-03 is training
Updates 2920, num timesteps 233680, FPS 93
Last 10 training episodes: mean/median reward 5.1/5.0, min/max reward 4.5/5.5
The dist entropy 4.04614, the value loss 0.14698, the action loss 0.27458
The mean space ratio is 0.5101381423912943, the ratio threshold is0.6193501264862719

Time version: cjrand_v1-2026.06.23-20-21-03 is training
Updates 2940, num timesteps 235280, FPS 93
Last 10 training episodes: mean/median reward 5.2/5.2, min/max reward 4.4/6.1
The dist entropy 3.74075, the value loss 0.15490, the action loss 0.46716
The mean space ratio is 0.5205506554912775, the ratio threshold is0.6193501264862719

Time version: cjrand_v1-2026.06.23-20-21-03 is training
Updates 2960, num timesteps 236880, FPS 93
Last 10 training episodes: mean/median reward 5.3/5.2, min/max reward 4.4/6.1
The dist entropy 3.87854, the value loss 0.49688, the action loss -1.47047
The mean space ratio is 0.5271961163115999, the ratio threshold is0.6193501264862719

Time version: cjrand_v1-2026.06.23-20-21-03 is training
Updates 2980, num timesteps 238480, FPS 93
Last 10 training episodes: mean/median reward 5.2/5.2, min/max reward 4.6/5.7
The dist entropy 3.78669, the value loss 0.29569, the action loss -0.80508
The mean space ratio is 0.5150420371298988, the ratio threshold is0.6193501264862719

Time version: cjrand_v1-2026.06.23-20-21-03 is training
Updates 3000, num timesteps 240080, FPS 93
Last 10 training episodes: mean/median reward 5.3/5.3, min/max reward 4.6/5.7
The dist entropy 4.14573, the value loss 0.15755, the action loss 0.15558
The mean space ratio is 0.5258516753260045, the ratio threshold is0.6193501264862719

Time version: cjrand_v1-2026.06.23-20-21-03 is training
Updates 3020, num timesteps 241680, FPS 93
Last 10 training episodes: mean/median reward 5.0/5.2, min/max reward 3.8/5.6
The dist entropy 3.49287, the value loss 0.73984, the action loss 0.49416
The mean space ratio is 0.49904748117389774, the ratio threshold is0.6193501264862719

Time version: cjrand_v1-2026.06.23-20-21-03 is training
Updates 3040, num timesteps 243280, FPS 93
Last 10 training episodes: mean/median reward 5.0/5.1, min/max reward 3.8/5.6
The dist entropy 3.98056, the value loss 0.27913, the action loss -0.40629
The mean space ratio is 0.498238656884556, the ratio threshold is0.6193501264862719

Time version: cjrand_v1-2026.06.23-20-21-03 is training
Updates 3060, num timesteps 244880, FPS 93
Last 10 training episodes: mean/median reward 5.0/5.0, min/max reward 4.5/5.6
The dist entropy 3.78954, the value loss 0.14408, the action loss -0.51416
The mean space ratio is 0.4994711620926857, the ratio threshold is0.6193501264862719

Terminated
